#
# MD1: a minimal molecular dynamics program
#
# # comentario
#  Input sample: 1x1.coord
#                                (only positions read from file)
# Output sample: 1x1.calc
# Number of steps:    1000, time step: 0.0030, total time:      3.0000
# Number of atoms:     4
# Box size:    1.549600    1.549600    1.549600, Volume:          3.721
# Density:    1.074982 (unchanged)
# Free evolution run.
#
#  Step   Temperature     Kinetic      Potential   Total Energy    Pressure
# -----  ------------  ------------  ------------  ------------  ------------
      1      0.000013      0.000020     -1.435687     -1.435667      1.222189
      2      0.000118      0.000176     -1.435844     -1.435667      1.219566
      3      0.000326      0.000488     -1.436156     -1.435667      1.214332
      4      0.000594      0.000890     -1.436584     -1.435694      1.207106
      5      0.000901      0.001351     -1.437045     -1.435694      1.199316
      6      0.001230      0.001844     -1.437601     -1.435756      1.189799
      7      0.001470      0.002204     -1.437896     -1.435692      1.184846
      8      0.001558      0.002337     -1.437874     -1.435537      1.185396
      9      0.001475      0.002213     -1.437696     -1.435483      1.188511
     10      0.001319      0.001978     -1.437515     -1.435536      1.191565
     11      0.001101      0.001651     -1.437187     -1.435536      1.197140
     12      0.000855      0.001282     -1.436818     -1.435536      1.203404
     13      0.000708      0.001062     -1.436597     -1.435535      1.207121
     14      0.000662      0.000993     -1.436528     -1.435535      1.208271
     15      0.000717      0.001075     -1.436611     -1.435535      1.206847
     16      0.000715      0.001073     -1.436676     -1.435603      1.205667
     17      0.000601      0.000901     -1.436459     -1.435558      1.209370
     18      0.000523      0.000785     -1.436343     -1.435558      1.211300
     19      0.000485      0.000728     -1.436286     -1.435558      1.212231
     20      0.000486      0.000730     -1.436288     -1.435558      1.212161
     21      0.000563      0.000845     -1.436403     -1.435558      1.210161
     22      0.000619      0.000928     -1.436497     -1.435569      1.208535
     23      0.000654      0.000981     -1.436550     -1.435569      1.207689
     24      0.000737      0.001106     -1.436635     -1.435530      1.206342
     25      0.000812      0.001218     -1.436746     -1.435528      1.204511
     26      0.000838      0.001257     -1.436818     -1.435561      1.203334
     27      0.000887      0.001330     -1.436891     -1.435561      1.202125
     28      0.000991      0.001487     -1.437073     -1.435586      1.199039
     29      0.001150      0.001726     -1.437312     -1.435586      1.194987
     30      0.001336      0.002004     -1.437565     -1.435561      1.190679
     31      0.001438      0.002157     -1.437590     -1.435433      1.190323
     32      0.001336      0.002004     -1.437450     -1.435446      1.192648
     33      0.001121      0.001682     -1.437128     -1.435446      1.198090
     34      0.000933      0.001400     -1.436815     -1.435416      1.203373
     35      0.000744      0.001117     -1.436538     -1.435421      1.208023
     36      0.000610      0.000915     -1.436336     -1.435421      1.211417
     37      0.000541      0.000811     -1.436191     -1.435380      1.213920
     38      0.000536      0.000804     -1.436184     -1.435380      1.214047
     39      0.000632      0.000949     -1.436329     -1.435380      1.211594
     40      0.000676      0.001014     -1.436368     -1.435354      1.210913
     41      0.000648      0.000971     -1.436325     -1.435354      1.211595
     42      0.000635      0.000952     -1.436311     -1.435359      1.211822
     43      0.000596      0.000894     -1.436206     -1.435312      1.213686
     44      0.000591      0.000886     -1.436198     -1.435312      1.213868
     45      0.000661      0.000992     -1.436304     -1.435312      1.212117
     46      0.000807      0.001210     -1.436522     -1.435312      1.208440
     47      0.000921      0.001382     -1.436702     -1.435320      1.205388
     48      0.001006      0.001509     -1.436829     -1.435320      1.203249
     49      0.001164      0.001746     -1.437067     -1.435320      1.199194
     50      0.001308      0.001962     -1.437225     -1.435263      1.196566
     51      0.001304      0.001956     -1.437077     -1.435121      1.199207
     52      0.001198      0.001796     -1.436877     -1.435080      1.202666
     53      0.001127      0.001691     -1.436771     -1.435080      1.204494
     54      0.001156      0.001734     -1.436815     -1.435081      1.203768
     55      0.001183      0.001774     -1.436888     -1.435114      1.202511
     56      0.001120      0.001680     -1.436832     -1.435152      1.203420
     57      0.001069      0.001604     -1.436756     -1.435152      1.204638
     58      0.000989      0.001484     -1.436660     -1.435176      1.206160
     59      0.000833      0.001249     -1.436396     -1.435147      1.210567
     60      0.000685      0.001027     -1.436145     -1.435118      1.214762
     61      0.000576      0.000863     -1.435982     -1.435118      1.217441
     62      0.000482      0.000723     -1.435783     -1.435060      1.220806
     63      0.000365      0.000547     -1.435540     -1.434993      1.224949
     64      0.000297      0.000445     -1.435419     -1.434974      1.227006
     65      0.000345      0.000518     -1.435492     -1.434974      1.225812
     66      0.000457      0.000685     -1.435637     -1.434952      1.223462
     67      0.000611      0.000917     -1.435869     -1.434952      1.219644
     68      0.000867      0.001301     -1.436253     -1.434952      1.213230
     69      0.001194      0.001791     -1.436775     -1.434984      1.204443
     70      0.001502      0.002252     -1.437281     -1.435028      1.195883
     71      0.001799      0.002698     -1.437726     -1.435028      1.188306
     72      0.001895      0.002843     -1.437761     -1.434919      1.187788
     73      0.001810      0.002715     -1.437634     -1.434919      1.189956
     74      0.001597      0.002396     -1.437246     -1.434850      1.196602
     75      0.001276      0.001913     -1.436763     -1.434850      1.204775
     76      0.001025      0.001538     -1.436329     -1.434791      1.212133
     77      0.000830      0.001246     -1.436036     -1.434791      1.216997
     78      0.000702      0.001053     -1.435883     -1.434830      1.219465
     79      0.000642      0.000963     -1.435792     -1.434830      1.220939
     80      0.000636      0.000954     -1.435837     -1.434883      1.220096
     81      0.000656      0.000984     -1.435887     -1.434904      1.219256
     82      0.000675      0.001012     -1.435971     -1.434958      1.217854
     83      0.000611      0.000917     -1.435909     -1.434993      1.218907
     84      0.000530      0.000795     -1.435788     -1.434993      1.220986
     85      0.000524      0.000786     -1.435779     -1.434993      1.221135
     86      0.000594      0.000891     -1.435883     -1.434993      1.219348
     87      0.000739      0.001108     -1.436101     -1.434993      1.215627
     88      0.000893      0.001339     -1.436343     -1.435004      1.211507
     89      0.000993      0.001490     -1.436491     -1.435000      1.209047
     90      0.001108      0.001662     -1.436662     -1.435001      1.206187
     91      0.001147      0.001721     -1.436785     -1.435064      1.204105
     92      0.001132      0.001698     -1.436761     -1.435064      1.204579
     93      0.001215      0.001823     -1.436887     -1.435064      1.202497
     94      0.001350      0.002026     -1.437103     -1.435077      1.198840
     95      0.001458      0.002187     -1.437337     -1.435151      1.194811
     96      0.001409      0.002113     -1.437221     -1.435108      1.196860
     97      0.001276      0.001914     -1.437022     -1.435108      1.200257
     98      0.001216      0.001823     -1.436932     -1.435108      1.201765
     99      0.001110      0.001666     -1.436650     -1.434984      1.206566
    100      0.000927      0.001390     -1.436402     -1.435011      1.210641
    101      0.000784      0.001176     -1.436187     -1.435011      1.214137
    102      0.000667      0.001000     -1.436021     -1.435021      1.216820
    103      0.000553      0.000829     -1.435823     -1.434993      1.220155
    104      0.000501      0.000751     -1.435745     -1.434993      1.221449
    105      0.000534      0.000802     -1.435815     -1.435014      1.220230
    106      0.000579      0.000869     -1.435872     -1.435003      1.219301
    107      0.000609      0.000913     -1.435912     -1.434999      1.218648
    108      0.000678      0.001018     -1.436017     -1.434999      1.216922
    109      0.000746      0.001119     -1.436142     -1.435024      1.214853
    110      0.000810      0.001214     -1.436238     -1.435024      1.213315
    111      0.000949      0.001423     -1.436447     -1.435024      1.209845
    112      0.001071      0.001606     -1.436696     -1.435089      1.205640
    113      0.001110      0.001664     -1.436699     -1.435034      1.205678
    114      0.001144      0.001716     -1.436750     -1.435034      1.204801
    115      0.001251      0.001877     -1.436911     -1.435034      1.202007
    116      0.001302      0.001952     -1.436826     -1.434874      1.203630
    117      0.001331      0.001996     -1.436870     -1.434874      1.202904
    118      0.001313      0.001970     -1.436949     -1.434979      1.201504
    119      0.001229      0.001844     -1.436823     -1.434979      1.203662
    120      0.001244      0.001866     -1.436845     -1.434979      1.203281
    121      0.001229      0.001843     -1.436799     -1.434956      1.204037
    122      0.001166      0.001748     -1.436704     -1.434956      1.205626
    123      0.001041      0.001562     -1.436445     -1.434883      1.210034
    124      0.000856      0.001284     -1.436167     -1.434883      1.214718
    125      0.000704      0.001056     -1.436000     -1.434944      1.217452
    126      0.000587      0.000880     -1.435824     -1.434944      1.220408
    127      0.000545      0.000818     -1.435761     -1.434943      1.221421
    128      0.000513      0.000769     -1.435761     -1.434993      1.221339
    129      0.000489      0.000734     -1.435726     -1.434992      1.221877
    130      0.000507      0.000761     -1.435708     -1.434948      1.222207
    131      0.000531      0.000797     -1.435755     -1.434958      1.221422
    132      0.000572      0.000858     -1.435805     -1.434947      1.220645
    133      0.000641      0.000962     -1.435941     -1.434979      1.218419
    134      0.000784      0.001177     -1.436156     -1.434979      1.214885
    135      0.001028      0.001542     -1.436521     -1.434979      1.208777
    136      0.001370      0.002054     -1.437034     -1.434980      1.200127
    137      0.001636      0.002454     -1.437417     -1.434963      1.193622
    138      0.001714      0.002571     -1.437489     -1.434918      1.192426
    139      0.001795      0.002693     -1.437611     -1.434918      1.190353
    140      0.001728      0.002592     -1.437659     -1.435067      1.189438
    141      0.001472      0.002209     -1.437276     -1.435067      1.195951
    142      0.001196      0.001794     -1.436843     -1.435049      1.203262
    143      0.000919      0.001379     -1.436427     -1.435049      1.210227
    144      0.000743      0.001114     -1.436163     -1.435049      1.214628
    145      0.000618      0.000926     -1.435907     -1.434981      1.218950
    146      0.000545      0.000818     -1.435799     -1.434981      1.220750
    147      0.000488      0.000732     -1.435756     -1.435024      1.221415
    148      0.000426      0.000638     -1.435662     -1.435024      1.222972
    149      0.000440      0.000659     -1.435683     -1.435024      1.222577
    150      0.000469      0.000703     -1.435787     -1.435084      1.220749
    151      0.000512      0.000769     -1.435853     -1.435084      1.219661
    152      0.000632      0.000948     -1.436032     -1.435084      1.216635
    153      0.000730      0.001095     -1.436201     -1.435107      1.213770
    154      0.000808      0.001211     -1.436318     -1.435107      1.211868
    155      0.000962      0.001443     -1.436549     -1.435107      1.208018
    156      0.001104      0.001656     -1.436846     -1.435190      1.203010
    157      0.001185      0.001778     -1.437032     -1.435254      1.199869
    158      0.001248      0.001872     -1.437111     -1.435240      1.198564
    159      0.001356      0.002034     -1.437274     -1.435240      1.195794
    160      0.001381      0.002072     -1.437257     -1.435185      1.196105
    161      0.001324      0.001987     -1.437172     -1.435185      1.197538
    162      0.001292      0.001938     -1.437218     -1.435280      1.196669
    163      0.001233      0.001850     -1.437161     -1.435311      1.197630
    164      0.001105      0.001658     -1.436846     -1.435189      1.203113
    165      0.000914      0.001371     -1.436529     -1.435157      1.208550
    166      0.000773      0.001160     -1.436317     -1.435157      1.212124
    167      0.000707      0.001060     -1.436217     -1.435157      1.213782
    168      0.000714      0.001072     -1.436229     -1.435157      1.213520
    169      0.000686      0.001029     -1.436057     -1.435028      1.216498
    170      0.000591      0.000887     -1.435881     -1.434994      1.219464
    171      0.000509      0.000764     -1.435777     -1.435013      1.221189
    172      0.000478      0.000717     -1.435730     -1.435013      1.221981
    173      0.000522      0.000783     -1.435789     -1.435006      1.220991
    174      0.000642      0.000962     -1.435968     -1.435006      1.217959
    175      0.000809      0.001214     -1.436193     -1.434980      1.214192
    176      0.000957      0.001435     -1.436328     -1.434893      1.212000
    177      0.001048      0.001572     -1.436463     -1.434891      1.209763
    178      0.001161      0.001742     -1.436633     -1.434891      1.206954
    179      0.001270      0.001905     -1.436871     -1.434967      1.202902
    180      0.001353      0.002030     -1.436997     -1.434967      1.200810
    181      0.001427      0.002140     -1.437191     -1.435051      1.197420
    182      0.001408      0.002111     -1.437167     -1.435055      1.197781
    183      0.001295      0.001943     -1.436978     -1.435036      1.200942
    184      0.001091      0.001636     -1.436714     -1.435078      1.205417
    185      0.000882      0.001323     -1.436401     -1.435077      1.210734
    186      0.000774      0.001161     -1.436238     -1.435077      1.213487
    187      0.000766      0.001149     -1.436226     -1.435077      1.213665
    188      0.000811      0.001217     -1.436230     -1.435013      1.213630
    189      0.000840      0.001260     -1.436366     -1.435106      1.211221
    190      0.000830      0.001246     -1.436359     -1.435113      1.211276
    191      0.000814      0.001220     -1.436380     -1.435159      1.210838
    192      0.000840      0.001261     -1.436420     -1.435159      1.210118
    193      0.000878      0.001317     -1.436500     -1.435184      1.208707
    194      0.000815      0.001223     -1.436425     -1.435203      1.209958
    195      0.000703      0.001054     -1.436246     -1.435192      1.213042
    196      0.000611      0.000916     -1.436135     -1.435219      1.214938
    197      0.000572      0.000859     -1.436077     -1.435219      1.215958
    198      0.000570      0.000856     -1.436161     -1.435305      1.214516
    199      0.000606      0.000909     -1.436214     -1.435305      1.213643
    200      0.000705      0.001058     -1.436409     -1.435352      1.210332
    201      0.000849      0.001273     -1.436625     -1.435352      1.206736
    202      0.001067      0.001601     -1.436953     -1.435352      1.201223
    203      0.001358      0.002037     -1.437389     -1.435352      1.193815
    204      0.001511      0.002266     -1.437614     -1.435348      1.189946
    205      0.001502      0.002253     -1.437586     -1.435332      1.190431
    206      0.001357      0.002035     -1.437406     -1.435371      1.193476
    207      0.001104      0.001656     -1.437027     -1.435371      1.199974
    208      0.000948      0.001423     -1.436794     -1.435371      1.203948
    209      0.000855      0.001283     -1.436620     -1.435337      1.206889
    210      0.000824      0.001236     -1.436573     -1.435337      1.207589
    211      0.000737      0.001106     -1.436274     -1.435168      1.212728
    212      0.000575      0.000863     -1.436035     -1.435172      1.216748
    213      0.000494      0.000740     -1.435912     -1.435172      1.218814
    214      0.000514      0.000771     -1.435943     -1.435172      1.218284
    215      0.000637      0.000955     -1.436128     -1.435172      1.215163
    216      0.000763      0.001144     -1.436335     -1.435190      1.211649
    217      0.000796      0.001193     -1.436442     -1.435248      1.209771
    218      0.000782      0.001173     -1.436403     -1.435230      1.210477
    219      0.000778      0.001167     -1.436399     -1.435233      1.210594
    220      0.000804      0.001205     -1.436435     -1.435230      1.210045
    221      0.000899      0.001349     -1.436579     -1.435230      1.207658
    222      0.000969      0.001453     -1.436523     -1.435069      1.208724
    223      0.000993      0.001490     -1.436559     -1.435069      1.208068
    224      0.001091      0.001636     -1.436705     -1.435069      1.205509
    225      0.001151      0.001726     -1.436787     -1.435061      1.204086
    226      0.001105      0.001658     -1.436773     -1.435115      1.204276
    227      0.001091      0.001636     -1.436751     -1.435115      1.204668
    228      0.001202      0.001802     -1.436917     -1.435115      1.201859
    229      0.001263      0.001894     -1.437006     -1.435112      1.200332
    230      0.001187      0.001781     -1.436825     -1.435045      1.203462
    231      0.001058      0.001587     -1.436648     -1.435062      1.206457
    232      0.000924      0.001386     -1.436448     -1.435062      1.209883
    233      0.000864      0.001296     -1.436358     -1.435062      1.211396
    234      0.000789      0.001184     -1.436283     -1.435099      1.212598
    235      0.000701      0.001051     -1.436150     -1.435099      1.214836
    236      0.000689      0.001033     -1.436132     -1.435099      1.215140
    237      0.000693      0.001040     -1.436084     -1.435045      1.215999
    238      0.000714      0.001070     -1.436115     -1.435045      1.215475
    239      0.000750      0.001125     -1.436143     -1.435018      1.214960
    240      0.000718      0.001076     -1.436197     -1.435120      1.213904
    241      0.000664      0.000996     -1.436116     -1.435120      1.215313
    242      0.000664      0.000996     -1.436110     -1.435114      1.215480
    243      0.000737      0.001105     -1.436219     -1.435114      1.213700
    244      0.000895      0.001342     -1.436452     -1.435110      1.209804
    245      0.001014      0.001521     -1.436718     -1.435197      1.205271
    246      0.001088      0.001633     -1.436830     -1.435197      1.203427
    247      0.001214      0.001821     -1.436996     -1.435175      1.200662
    248      0.001336      0.002004     -1.437113     -1.435109      1.198725
    249      0.001382      0.002073     -1.437245     -1.435172      1.196392
    250      0.001352      0.002028     -1.437244     -1.435216      1.196328
    251      0.001175      0.001762     -1.436887     -1.435126      1.202485
    252      0.000921      0.001382     -1.436507     -1.435125      1.208938
    253      0.000767      0.001150     -1.436275     -1.435125      1.212843
    254      0.000713      0.001069     -1.436194     -1.435125      1.214178
    255      0.000732      0.001098     -1.436189     -1.435091      1.214253
    256      0.000826      0.001239     -1.436329     -1.435091      1.211838
    257      0.000904      0.001356     -1.436540     -1.435184      1.208152
    258      0.000881      0.001321     -1.436449     -1.435128      1.209791
    259      0.000866      0.001298     -1.436426     -1.435128      1.210208
    260      0.000924      0.001386     -1.436514     -1.435128      1.208713
    261      0.000921      0.001382     -1.436454     -1.435072      1.209797
    262      0.000810      0.001215     -1.436291     -1.435075      1.212560
    263      0.000727      0.001090     -1.436166     -1.435075      1.214656
    264      0.000718      0.001077     -1.436152     -1.435075      1.214830
    265      0.000728      0.001091     -1.436141     -1.435050      1.215004
    266      0.000732      0.001098     -1.436157     -1.435059      1.214732
    267      0.000779      0.001168     -1.436234     -1.435066      1.213426
    268      0.000815      0.001222     -1.436313     -1.435090      1.212086
    269      0.000850      0.001275     -1.436365     -1.435090      1.211233
    270      0.000962      0.001443     -1.436533     -1.435091      1.208428
    271      0.001079      0.001618     -1.436677     -1.435058      1.206092
    272      0.001217      0.001825     -1.436884     -1.435059      1.202610
    273      0.001384      0.002075     -1.437201     -1.435125      1.197152
    274      0.001401      0.002101     -1.437162     -1.435060      1.197841
    275      0.001264      0.001896     -1.437019     -1.435123      1.200233
    276      0.001130      0.001695     -1.436806     -1.435111      1.203856
    277      0.001055      0.001583     -1.436694     -1.435111      1.205753
    278      0.000996      0.001494     -1.436640     -1.435147      1.206643
    279      0.000891      0.001337     -1.436399     -1.435062      1.210749
    280      0.000802      0.001203     -1.436265     -1.435062      1.212941
    281      0.000724      0.001086     -1.436196     -1.435111      1.213984
    282      0.000658      0.000987     -1.436098     -1.435111      1.215635
    283      0.000636      0.000953     -1.436068     -1.435114      1.216124
    284      0.000657      0.000985     -1.436099     -1.435114      1.215581
    285      0.000660      0.000990     -1.436028     -1.435039      1.216843
    286      0.000637      0.000956     -1.436004     -1.435048      1.217272
    287      0.000684      0.001026     -1.436074     -1.435048      1.216110
    288      0.000767      0.001150     -1.436190     -1.435040      1.214172
    289      0.000816      0.001224     -1.436272     -1.435047      1.212841
    290      0.000864      0.001296     -1.436342     -1.435046      1.211708
    291      0.000978      0.001467     -1.436513     -1.435046      1.208824
    292      0.001109      0.001663     -1.436740     -1.435077      1.204948
    293      0.001256      0.001884     -1.436961     -1.435077      1.201194
    294      0.001348      0.002023     -1.437072     -1.435049      1.199342
    295      0.001406      0.002109     -1.437158     -1.435049      1.197893
    296      0.001382      0.002073     -1.437126     -1.435053      1.198421
    297      0.001191      0.001786     -1.436887     -1.435101      1.202430
    298      0.001005      0.001508     -1.436609     -1.435101      1.207184
    299      0.000895      0.001342     -1.436443     -1.435101      1.210015
    300      0.000803      0.001205     -1.436334     -1.435129      1.211851
    301      0.000731      0.001097     -1.436226     -1.435129      1.213694
    302      0.000735      0.001102     -1.436231     -1.435129      1.213609
    303      0.000814      0.001221     -1.436350     -1.435129      1.211594
    304      0.000893      0.001339     -1.436361     -1.435022      1.211429
    305      0.000969      0.001454     -1.436476     -1.435022      1.209378
    306      0.000970      0.001455     -1.436369     -1.434913      1.211211
    307      0.000850      0.001275     -1.436180     -1.434905      1.214374
    308      0.000759      0.001139     -1.436043     -1.434905      1.216636
    309      0.000725      0.001087     -1.435997     -1.434910      1.217360
    310      0.000728      0.001093     -1.436018     -1.434925      1.216957
    311      0.000719      0.001079     -1.436024     -1.434945      1.216858
    312      0.000728      0.001091     -1.436037     -1.434945      1.216720
    313      0.000813      0.001219     -1.436164     -1.434945      1.214636
    314      0.000912      0.001369     -1.436329     -1.434960      1.211928
    315      0.001025      0.001538     -1.436498     -1.434960      1.209140
    316      0.001211      0.001817     -1.436778     -1.434961      1.204447
    317      0.001323      0.001984     -1.437067     -1.435083      1.199424
    318      0.001295      0.001943     -1.437023     -1.435080      1.200156
    319      0.001263      0.001895     -1.436959     -1.435064      1.201241
    320      0.001237      0.001856     -1.436901     -1.435045      1.202235
    321      0.001160      0.001740     -1.436787     -1.435047      1.204173
    322      0.001038      0.001557     -1.436554     -1.434997      1.208177
    323      0.000942      0.001412     -1.436410     -1.434997      1.210604
    324      0.000895      0.001342     -1.436353     -1.435011      1.211504
    325      0.000784      0.001176     -1.436292     -1.435116      1.212415
    326      0.000654      0.000981     -1.436097     -1.435116      1.215696
    327      0.000598      0.000896     -1.436025     -1.435128      1.216874
    328      0.000596      0.000895     -1.436023     -1.435128      1.216871
    329      0.000648      0.000972     -1.436109     -1.435137      1.215394
    330      0.000683      0.001024     -1.436061     -1.435037      1.216376
    331      0.000712      0.001068     -1.436106     -1.435037      1.215712
    332      0.000817      0.001226     -1.436263     -1.435037      1.213118
    333      0.000997      0.001495     -1.436532     -1.435037      1.208607
    334      0.001176      0.001763     -1.436713     -1.434949      1.205622
    335      0.001224      0.001836     -1.436816     -1.434980      1.203818
    336      0.001204      0.001806     -1.436797     -1.434990      1.204119
    337      0.001190      0.001785     -1.436813     -1.435028      1.203794
    338      0.001186      0.001780     -1.436814     -1.435034      1.203745
    339      0.001149      0.001723     -1.436860     -1.435136      1.202847
    340      0.000980      0.001470     -1.436735     -1.435265      1.204860
    341      0.000780      0.001169     -1.436435     -1.435265      1.210013
    342      0.000653      0.000980     -1.436245     -1.435265      1.213257
    343      0.000602      0.000903     -1.436168     -1.435265      1.214581
    344      0.000610      0.000915     -1.436198     -1.435283      1.214062
    345      0.000677      0.001016     -1.436299     -1.435283      1.212328
    346      0.000737      0.001105     -1.436353     -1.435249      1.211440
    347      0.000806      0.001209     -1.436457     -1.435249      1.209678
    348      0.000975      0.001462     -1.436711     -1.435249      1.205358
    349      0.001227      0.001840     -1.437069     -1.435229      1.199255
    350      0.001345      0.002017     -1.437100     -1.435082      1.198879
    351      0.001263      0.001895     -1.437047     -1.435152      1.199739
    352      0.001138      0.001707     -1.436851     -1.435144      1.203109
    353      0.001013      0.001519     -1.436692     -1.435172      1.205767
    354      0.000899      0.001348     -1.436518     -1.435170      1.208683
    355      0.000769      0.001154     -1.436307     -1.435153      1.212280
    356      0.000669      0.001004     -1.436156     -1.435153      1.214820
    357      0.000623      0.000934     -1.436105     -1.435171      1.215661
    358      0.000631      0.000946     -1.436117     -1.435171      1.215448
    359      0.000714      0.001071     -1.436242     -1.435171      1.213304
    360      0.000800      0.001200     -1.436401     -1.435201      1.210605
    361      0.000832      0.001247     -1.436484     -1.435236      1.209206
    362      0.000882      0.001324     -1.436560     -1.435236      1.207902
    363      0.000931      0.001396     -1.436653     -1.435257      1.206262
    364      0.000878      0.001316     -1.436546     -1.435230      1.208105
    365      0.000818      0.001227     -1.436457     -1.435230      1.209635
    366      0.000859      0.001288     -1.436518     -1.435230      1.208606
    367      0.000979      0.001468     -1.436722     -1.435254      1.205115
    368      0.001061      0.001591     -1.436807     -1.435215      1.203718
    369      0.001120      0.001680     -1.436896     -1.435215      1.202231
    370      0.001123      0.001684     -1.437003     -1.435319      1.200350
    371      0.001068      0.001602     -1.436921     -1.435319      1.201802
    372      0.000991      0.001486     -1.436745     -1.435258      1.204832
    373      0.000871      0.001307     -1.436594     -1.435288      1.207310
    374      0.000823      0.001235     -1.436523     -1.435288      1.208467
    375      0.000843      0.001264     -1.436521     -1.435256      1.208453
    376      0.000830      0.001245     -1.436494     -1.435249      1.208859
    377      0.000760      0.001141     -1.436392     -1.435252      1.210577
    378      0.000727      0.001091     -1.436342     -1.435252      1.211421
    379      0.000720      0.001080     -1.436302     -1.435221      1.212177
    380      0.000747      0.001121     -1.436343     -1.435223      1.211530
    381      0.000865      0.001297     -1.436520     -1.435223      1.208594
    382      0.000987      0.001481     -1.436762     -1.435281      1.204448
    383      0.000973      0.001460     -1.436737     -1.435277      1.204829
    384      0.000912      0.001368     -1.436645     -1.435277      1.206357
    385      0.000926      0.001388     -1.436665     -1.435277      1.205977
    386      0.000924      0.001387     -1.436713     -1.435327      1.205085
    387      0.000885      0.001327     -1.436622     -1.435295      1.206651
    388      0.000896      0.001344     -1.436638     -1.435295      1.206350
    389      0.000922      0.001383     -1.436707     -1.435324      1.205155
    390      0.000898      0.001347     -1.436681     -1.435334      1.205644
    391      0.000882      0.001323     -1.436657     -1.435334      1.206115
    392      0.000847      0.001271     -1.436577     -1.435306      1.207475
    393      0.000796      0.001194     -1.436500     -1.435306      1.208724
    394      0.000820      0.001230     -1.436536     -1.435306      1.208041
    395      0.000861      0.001291     -1.436532     -1.435241      1.208151
    396      0.000868      0.001302     -1.436512     -1.435210      1.208547
    397      0.000863      0.001295     -1.436462     -1.435167      1.209513
    398      0.000903      0.001355     -1.436522     -1.435167      1.208585
    399      0.001042      0.001563     -1.436730     -1.435167      1.205113
    400      0.001162      0.001743     -1.437008     -1.435266      1.200330
    401      0.001147      0.001721     -1.437087     -1.435366      1.198810
    402      0.001096      0.001644     -1.437011     -1.435366      1.200015
    403      0.000960      0.001440     -1.436702     -1.435262      1.205313
    404      0.000758      0.001137     -1.436399     -1.435262      1.210437
    405      0.000656      0.000985     -1.436246     -1.435262      1.212993
    406      0.000656      0.000984     -1.436245     -1.435262      1.212971
    407      0.000655      0.000982     -1.436214     -1.435231      1.213543
    408      0.000601      0.000901     -1.436153     -1.435252      1.214611
    409      0.000588      0.000882     -1.436134     -1.435252      1.215000
    410      0.000650      0.000975     -1.436227     -1.435252      1.213465
    411      0.000742      0.001113     -1.436399     -1.435286      1.210563
    412      0.000798      0.001196     -1.436569     -1.435373      1.207660
    413      0.000880      0.001320     -1.436693     -1.435373      1.205579
    414      0.001021      0.001532     -1.436904     -1.435373      1.202012
    415      0.001126      0.001688     -1.437098     -1.435409      1.198720
    416      0.001222      0.001833     -1.437240     -1.435407      1.196276
    417      0.001303      0.001955     -1.437280     -1.435325      1.195685
    418      0.001242      0.001864     -1.437195     -1.435331      1.197160
    419      0.001089      0.001634     -1.436990     -1.435356      1.200626
    420      0.000970      0.001455     -1.436807     -1.435352      1.203730
    421      0.000917      0.001376     -1.436728     -1.435352      1.205026
    422      0.000807      0.001210     -1.436569     -1.435359      1.207702
    423      0.000649      0.000973     -1.436331     -1.435358      1.211735
    424      0.000537      0.000805     -1.436185     -1.435380      1.214187
    425      0.000475      0.000713     -1.436093     -1.435380      1.215740
    426      0.000490      0.000736     -1.436115     -1.435380      1.215357
    427      0.000581      0.000872     -1.436252     -1.435380      1.213042
    428      0.000747      0.001121     -1.436501     -1.435380      1.208807
    429      0.000886      0.001329     -1.436730     -1.435401      1.204902
    430      0.000950      0.001425     -1.436830     -1.435405      1.203214
    431      0.001039      0.001559     -1.436964     -1.435405      1.200938
    432      0.001093      0.001639     -1.436986     -1.435347      1.200649
    433      0.001108      0.001662     -1.437026     -1.435364      1.199964
    434      0.001087      0.001630     -1.437018     -1.435387      1.200083
    435      0.001030      0.001546     -1.436933     -1.435387      1.201510
    436      0.000949      0.001424     -1.436825     -1.435401      1.203336
    437      0.000844      0.001266     -1.436667     -1.435401      1.206023
    438      0.000813      0.001219     -1.436620     -1.435401      1.206807
    439      0.000839      0.001258     -1.436670     -1.435412      1.205911
    440      0.000733      0.001100     -1.436576     -1.435476      1.207457
    441      0.000551      0.000827     -1.436302     -1.435476      1.212127
    442      0.000476      0.000715     -1.436212     -1.435497      1.213667
    443      0.000482      0.000724     -1.436227     -1.435503      1.213412
    444      0.000550      0.000825     -1.436309     -1.435484      1.212039
    445      0.000667      0.001001     -1.436485     -1.435484      1.209028
    446      0.000850      0.001275     -1.436746     -1.435471      1.204595
    447      0.000997      0.001496     -1.437066     -1.435569      1.199068
    448      0.001120      0.001680     -1.437249     -1.435570      1.195983
    449      0.001188      0.001782     -1.437376     -1.435594      1.193865
    450      0.001127      0.001690     -1.437368     -1.435677      1.193974
    451      0.001023      0.001534     -1.437263     -1.435728      1.195719
    452      0.000936      0.001404     -1.437147     -1.435743      1.197656
    453      0.000907      0.001360     -1.437103     -1.435743      1.198338
    454      0.000839      0.001259     -1.436963     -1.435704      1.200726
    455      0.000707      0.001061     -1.436743     -1.435682      1.204495
    456      0.000576      0.000864     -1.436535     -1.435671      1.208045
    457      0.000491      0.000736     -1.436407     -1.435671      1.210217
    458      0.000506      0.000759     -1.436431     -1.435671      1.209823
    459      0.000615      0.000922     -1.436602     -1.435680      1.206896
    460      0.000743      0.001115     -1.436844     -1.435729      1.202733
    461      0.000851      0.001277     -1.436997     -1.435720      1.200075
    462      0.000961      0.001441     -1.437214     -1.435773      1.196260
    463      0.001002      0.001503     -1.437262     -1.435758      1.195451
    464      0.000955      0.001433     -1.437158     -1.435726      1.197279
    465      0.000905      0.001358     -1.437084     -1.435726      1.198593
    466      0.000847      0.001271     -1.436965     -1.435694      1.200714
    467      0.000723      0.001084     -1.436693     -1.435609      1.205415
    468      0.000634      0.000951     -1.436560     -1.435609      1.207673
    469      0.000637      0.000956     -1.436570     -1.435614      1.207474
    470      0.000733      0.001099     -1.436714     -1.435614      1.204997
    471      0.000788      0.001181     -1.436705     -1.435524      1.205190
    472      0.000756      0.001134     -1.436685     -1.435552      1.205520
    473      0.000772      0.001158     -1.436709     -1.435552      1.205110
    474      0.000815      0.001222     -1.436738     -1.435516      1.204657
    475      0.000831      0.001247     -1.436726     -1.435479      1.204909
    476      0.000853      0.001279     -1.436781     -1.435501      1.203967
    477      0.000823      0.001234     -1.436825     -1.435590      1.203142
    478      0.000777      0.001165     -1.436755     -1.435590      1.204332
    479      0.000786      0.001178     -1.436779     -1.435601      1.203904
    480      0.000755      0.001132     -1.436714     -1.435582      1.205037
    481      0.000721      0.001082     -1.436664     -1.435582      1.205917
    482      0.000763      0.001145     -1.436727     -1.435582      1.204877
    483      0.000865      0.001297     -1.436864     -1.435567      1.202564
    484      0.000979      0.001468     -1.437078     -1.435610      1.198890
    485      0.001024      0.001536     -1.437027     -1.435491      1.199896
    486      0.001059      0.001588     -1.437079     -1.435491      1.199011
    487      0.001074      0.001610     -1.437191     -1.435580      1.197011
    488      0.001069      0.001603     -1.437184     -1.435580      1.197099
    489      0.001123      0.001684     -1.437282     -1.435598      1.195356
    490      0.001050      0.001575     -1.437146     -1.435571      1.197686
    491      0.000826      0.001239     -1.436826     -1.435588      1.203134
    492      0.000601      0.000901     -1.436494     -1.435592      1.208797
    493      0.000440      0.000660     -1.436252     -1.435592      1.212888
    494      0.000355      0.000533     -1.436125     -1.435592      1.215046
    495      0.000338      0.000507     -1.436101     -1.435594      1.215462
    496      0.000388      0.000582     -1.436176     -1.435594      1.214195
    497      0.000515      0.000772     -1.436366     -1.435594      1.210991
    498      0.000705      0.001058     -1.436642     -1.435584      1.206308
    499      0.000813      0.001219     -1.436846     -1.435627      1.202825
    500      0.000848      0.001272     -1.436898     -1.435627      1.201948
    501      0.000921      0.001381     -1.437045     -1.435664      1.199414
    502      0.001016      0.001524     -1.437172     -1.435648      1.197188
    503      0.001018      0.001527     -1.437116     -1.435589      1.198169
    504      0.000923      0.001385     -1.436998     -1.435613      1.200173
    505      0.000892      0.001338     -1.436951     -1.435613      1.200999
    506      0.000886      0.001328     -1.436990     -1.435661      1.200323
    507      0.000904      0.001356     -1.437018     -1.435661      1.199897
    508      0.000947      0.001420     -1.436992     -1.435572      1.200392
    509      0.000972      0.001459     -1.437007     -1.435548      1.200117
    510      0.000988      0.001481     -1.437018     -1.435536      1.199896
    511      0.000936      0.001404     -1.437016     -1.435612      1.199836
    512      0.000823      0.001234     -1.436781     -1.435547      1.203908
    513      0.000726      0.001090     -1.436636     -1.435547      1.206395
    514      0.000705      0.001057     -1.436604     -1.435547      1.206963
    515      0.000759      0.001138     -1.436685     -1.435547      1.205611
    516      0.000825      0.001238     -1.436759     -1.435521      1.204388
    517      0.000802      0.001202     -1.436680     -1.435477      1.205722
    518      0.000739      0.001108     -1.436585     -1.435477      1.207282
    519      0.000718      0.001077     -1.436540     -1.435463      1.208016
    520      0.000739      0.001109     -1.436571     -1.435463      1.207425
    521      0.000723      0.001085     -1.436555     -1.435470      1.207707
    522      0.000670      0.001005     -1.436474     -1.435470      1.209121
    523      0.000691      0.001037     -1.436506     -1.435470      1.208619
    524      0.000788      0.001181     -1.436651     -1.435470      1.206200
    525      0.000873      0.001310     -1.436833     -1.435523      1.203078
    526      0.000891      0.001336     -1.436894     -1.435558      1.201958
    527      0.000926      0.001389     -1.436946     -1.435558      1.201030
    528      0.000969      0.001453     -1.437081     -1.435628      1.198620
    529      0.000930      0.001395     -1.437093     -1.435698      1.198365
    530      0.000848      0.001272     -1.436951     -1.435679      1.200801
    531      0.000751      0.001126     -1.436852     -1.435726      1.202476
    532      0.000662      0.000993     -1.436738     -1.435744      1.204481
    533      0.000625      0.000937     -1.436670     -1.435734      1.205690
    534      0.000653      0.000979     -1.436713     -1.435734      1.205021
    535      0.000755      0.001132     -1.436866     -1.435734      1.202444
    536      0.000786      0.001179     -1.437056     -1.435877      1.199103
    537      0.000747      0.001121     -1.436997     -1.435877      1.200081
    538      0.000783      0.001175     -1.437051     -1.435877      1.199147
    539      0.000885      0.001328     -1.437200     -1.435872      1.196607
    540      0.001039      0.001558     -1.437415     -1.435857      1.192958
    541      0.001082      0.001623     -1.437636     -1.436012      1.189083
    542      0.000948      0.001422     -1.437380     -1.435958      1.193442
    543      0.000817      0.001225     -1.437183     -1.435958      1.196734
    544      0.000721      0.001081     -1.437074     -1.435993      1.198507
    545      0.000622      0.000933     -1.436879     -1.435945      1.201855
    546      0.000550      0.000824     -1.436785     -1.435960      1.203434
    547      0.000541      0.000811     -1.436771     -1.435960      1.203658
    548      0.000541      0.000812     -1.436816     -1.436004      1.202861
    549      0.000551      0.000826     -1.436825     -1.435999      1.202700
    550      0.000547      0.000821     -1.436751     -1.435930      1.204029
    551      0.000518      0.000777     -1.436707     -1.435930      1.204801
    552      0.000564      0.000846     -1.436776     -1.435930      1.203661
    553      0.000627      0.000940     -1.436912     -1.435972      1.201321
    554      0.000663      0.000994     -1.436969     -1.435975      1.200354
    555      0.000727      0.001090     -1.437066     -1.435975      1.198690
    556      0.000766      0.001150     -1.437203     -1.436053      1.196279
    557      0.000775      0.001163     -1.437184     -1.436021      1.196666
    558      0.000795      0.001193     -1.437220     -1.436027      1.196111
    559      0.000841      0.001262     -1.437301     -1.436039      1.194768
    560      0.000975      0.001462     -1.437502     -1.436040      1.191356
    561      0.001049      0.001574     -1.437594     -1.436021      1.189835
    562      0.001027      0.001540     -1.437573     -1.436033      1.190220
    563      0.000959      0.001439     -1.437561     -1.436123      1.190302
    564      0.000863      0.001294     -1.437419     -1.436125      1.192665
    565      0.000763      0.001144     -1.437254     -1.436110      1.195418
    566      0.000629      0.000944     -1.437065     -1.436121      1.198572
    567      0.000522      0.000782     -1.436868     -1.436085      1.201899
    568      0.000421      0.000631     -1.436712     -1.436081      1.204508
    569      0.000338      0.000508     -1.436563     -1.436055      1.207060
    570      0.000334      0.000501     -1.436556     -1.436055      1.207186
    571      0.000367      0.000551     -1.436672     -1.436121      1.205183
    572      0.000438      0.000658     -1.436779     -1.436121      1.203409
    573      0.000577      0.000866     -1.436964     -1.436098      1.200331
    574      0.000676      0.001015     -1.437107     -1.436092      1.197974
    575      0.000756      0.001134     -1.437216     -1.436082      1.196218
    576      0.000913      0.001369     -1.437463     -1.436093      1.192035
    577      0.001075      0.001612     -1.437759     -1.436147      1.186918
    578      0.001138      0.001707     -1.437985     -1.436277      1.182926
    579      0.001054      0.001581     -1.437865     -1.436284      1.185009
    580      0.000873      0.001309     -1.437601     -1.436292      1.189528
    581      0.000707      0.001060     -1.437352     -1.436292      1.193734
    582      0.000588      0.000881     -1.437173     -1.436292      1.196718
    583      0.000478      0.000717     -1.437040     -1.436323      1.198913
    584      0.000383      0.000575     -1.436956     -1.436382      1.200256
    585      0.000329      0.000493     -1.436875     -1.436382      1.201643
    586      0.000333      0.000500     -1.436897     -1.436397      1.201269
    587      0.000377      0.000565     -1.436988     -1.436422      1.199712
    588      0.000476      0.000714     -1.437136     -1.436422      1.197205
    589      0.000649      0.000974     -1.437396     -1.436422      1.192792
    590      0.000825      0.001237     -1.437630     -1.436393      1.188853
    591      0.000892      0.001339     -1.437681     -1.436343      1.188043
    592      0.000923      0.001384     -1.437727     -1.436343      1.187292
    593      0.000882      0.001323     -1.437619     -1.436296      1.189173
    594      0.000733      0.001100     -1.437424     -1.436324      1.192463
    595      0.000596      0.000895     -1.437230     -1.436335      1.195770
    596      0.000523      0.000785     -1.437120     -1.436335      1.197635
    597      0.000467      0.000701     -1.436977     -1.436276      1.200131
    598      0.000438      0.000656     -1.436933     -1.436277      1.200885
    599      0.000452      0.000677     -1.436964     -1.436287      1.200369
    600      0.000517      0.000776     -1.437063     -1.436287      1.198699
    601      0.000602      0.000903     -1.437273     -1.436370      1.195047
    602      0.000649      0.000974     -1.437377     -1.436403      1.193255
    603      0.000652      0.000978     -1.437455     -1.436477      1.191871
    604      0.000650      0.000975     -1.437452     -1.436477      1.191960
    605      0.000698      0.001047     -1.437521     -1.436474      1.190796
    606      0.000781      0.001171     -1.437663     -1.436491      1.188346
    607      0.000813      0.001219     -1.437821     -1.436601      1.185543
    608      0.000780      0.001169     -1.437732     -1.436563      1.187075
    609      0.000738      0.001108     -1.437684     -1.436576      1.187870
    610      0.000659      0.000988     -1.437528     -1.436539      1.190551
    611      0.000594      0.000891     -1.437430     -1.436539      1.192213
    612      0.000502      0.000752     -1.437373     -1.436621      1.193122
    613      0.000392      0.000588     -1.437205     -1.436616      1.196013
    614      0.000372      0.000558     -1.437175     -1.436616      1.196530
    615      0.000392      0.000588     -1.437250     -1.436663      1.195207
    616      0.000405      0.000608     -1.437288     -1.436680      1.194581
    617      0.000464      0.000695     -1.437375     -1.436680      1.193094
    618      0.000579      0.000868     -1.437563     -1.436695      1.189869
    619      0.000671      0.001006     -1.437691     -1.436685      1.187686
    620      0.000682      0.001023     -1.437681     -1.436658      1.187900
    621      0.000639      0.000958     -1.437652     -1.436693      1.188391
    622      0.000588      0.000882     -1.437538     -1.436656      1.190350
    623      0.000567      0.000850     -1.437499     -1.436649      1.190999
    624      0.000603      0.000905     -1.437553     -1.436649      1.190024
    625      0.000659      0.000988     -1.437595     -1.436607      1.189312
    626      0.000623      0.000934     -1.437633     -1.436699      1.188579
    627      0.000548      0.000821     -1.437520     -1.436699      1.190531
    628      0.000530      0.000795     -1.437493     -1.436698      1.191016
    629      0.000525      0.000787     -1.437528     -1.436741      1.190407
    630      0.000549      0.000823     -1.437563     -1.436741      1.189823
    631      0.000553      0.000829     -1.437537     -1.436708      1.190277
    632      0.000485      0.000727     -1.437513     -1.436786      1.190620
    633      0.000422      0.000634     -1.437432     -1.436798      1.192030
    634      0.000419      0.000629     -1.437427     -1.436798      1.192137
    635      0.000489      0.000734     -1.437532     -1.436798      1.190361
    636      0.000554      0.000831     -1.437633     -1.436802      1.188645
    637      0.000538      0.000808     -1.437650     -1.436842      1.188333
    638      0.000505      0.000758     -1.437577     -1.436818      1.189601
    639      0.000529      0.000793     -1.437611     -1.436818      1.188982
    640      0.000624      0.000936     -1.437755     -1.436818      1.186491
    641      0.000762      0.001144     -1.437955     -1.436811      1.183015
    642      0.000812      0.001219     -1.438040     -1.436821      1.181541
    643      0.000710      0.001065     -1.437907     -1.436843      1.183821
    644      0.000543      0.000814     -1.437665     -1.436850      1.187992
    645      0.000384      0.000576     -1.437402     -1.436826      1.192503
    646      0.000295      0.000443     -1.437268     -1.436826      1.194791
    647      0.000290      0.000435     -1.437281     -1.436847      1.194550
    648      0.000340      0.000509     -1.437351     -1.436842      1.193360
    649      0.000407      0.000610     -1.437418     -1.436808      1.192248
    650      0.000458      0.000687     -1.437498     -1.436811      1.190903
    651      0.000497      0.000745     -1.437510     -1.436765      1.190772
    652      0.000564      0.000846     -1.437611     -1.436765      1.189049
    653      0.000630      0.000945     -1.437819     -1.436874      1.185409
    654      0.000673      0.001010     -1.437869     -1.436860      1.184541
    655      0.000721      0.001081     -1.437954     -1.436873      1.183062
    656      0.000787      0.001181     -1.438027     -1.436846      1.181825
    657      0.000819      0.001228     -1.438125     -1.436896      1.180086
    658      0.000696      0.001044     -1.437945     -1.436901      1.183149
    659      0.000495      0.000742     -1.437612     -1.436869      1.188882
    660      0.000349      0.000524     -1.437393     -1.436869      1.192599
    661      0.000264      0.000395     -1.437262     -1.436866      1.194833
    662      0.000220      0.000330     -1.437196     -1.436866      1.195946
    663      0.000251      0.000376     -1.437242     -1.436866      1.195153
    664      0.000330      0.000495     -1.437364     -1.436869      1.193086
    665      0.000426      0.000639     -1.437523     -1.436883      1.190366
    666      0.000477      0.000716     -1.437560     -1.436844      1.189794
    667      0.000485      0.000728     -1.437568     -1.436840      1.189694
    668      0.000538      0.000807     -1.437648     -1.436840      1.188357
    669      0.000663      0.000995     -1.437835     -1.436841      1.185149
    670      0.000786      0.001179     -1.438044     -1.436864      1.181550
    671      0.000843      0.001265     -1.438173     -1.436908      1.179290
    672      0.000906      0.001359     -1.438267     -1.436909      1.177643
    673      0.000911      0.001366     -1.438188     -1.436822      1.179048
    674      0.000788      0.001182     -1.437908     -1.436725      1.183903
    675      0.000600      0.000900     -1.437549     -1.436649      1.190104
    676      0.000416      0.000624     -1.437273     -1.436649      1.194817
    677      0.000286      0.000429     -1.437099     -1.436670      1.197757
    678      0.000212      0.000318     -1.436987     -1.436670      1.199667
    679      0.000207      0.000311     -1.436966     -1.436655      1.200036
    680      0.000242      0.000363     -1.437040     -1.436676      1.198779
    681      0.000306      0.000459     -1.437119     -1.436660      1.197446
    682      0.000406      0.000610     -1.437243     -1.436633      1.195383
    683      0.000558      0.000836     -1.437469     -1.436633      1.191525
    684      0.000658      0.000988     -1.437561     -1.436574      1.190010
    685      0.000661      0.000991     -1.437570     -1.436579      1.189848
    686      0.000693      0.001040     -1.437619     -1.436579      1.188984
    687      0.000684      0.001025     -1.437685     -1.436659      1.187788
    688      0.000618      0.000927     -1.437562     -1.436635      1.189949
    689      0.000642      0.000963     -1.437598     -1.436635      1.189359
    690      0.000786      0.001180     -1.437815     -1.436636      1.185643
    691      0.000981      0.001471     -1.438033     -1.436561      1.181948
    692      0.001083      0.001625     -1.438087     -1.436462      1.181093
    693      0.000932      0.001399     -1.437846     -1.436447      1.185236
    694      0.000665      0.000997     -1.437444     -1.436447      1.192110
    695      0.000493      0.000740     -1.437186     -1.436447      1.196480
    696      0.000419      0.000629     -1.437076     -1.436447      1.198321
    697      0.000348      0.000522     -1.437028     -1.436506      1.199059
    698      0.000237      0.000356     -1.436869     -1.436513      1.201760
    699      0.000146      0.000219     -1.436740     -1.436521      1.203939
    700      0.000135      0.000202     -1.436723     -1.436521      1.204242
    701      0.000249      0.000374     -1.436895     -1.436521      1.201351
    702      0.000441      0.000661     -1.437197     -1.436536      1.196224
    703      0.000650      0.000975     -1.437483     -1.436508      1.191379
    704      0.000869      0.001304     -1.437764     -1.436460      1.186600
    705      0.000992      0.001488     -1.438014     -1.436526      1.182265
    706      0.001005      0.001507     -1.438045     -1.436537      1.181749
    707      0.000965      0.001448     -1.437981     -1.436533      1.182858
    708      0.000943      0.001414     -1.437947     -1.436533      1.183432
    709      0.000846      0.001269     -1.437744     -1.436475      1.186952
    710      0.000642      0.000963     -1.437398     -1.436435      1.192902
    711      0.000500      0.000750     -1.437185     -1.436435      1.196512
    712      0.000457      0.000685     -1.437120     -1.436435      1.197596
    713      0.000457      0.000685     -1.437066     -1.436381      1.198556
    714      0.000482      0.000722     -1.437103     -1.436381      1.197921
    715      0.000553      0.000829     -1.437187     -1.436358      1.196515
    716      0.000608      0.000911     -1.437219     -1.436307      1.196015
    717      0.000610      0.000915     -1.437127     -1.436213      1.197639
    718      0.000626      0.000939     -1.437152     -1.436213      1.197180
    719      0.000645      0.000968     -1.437193     -1.436225      1.196426
    720      0.000580      0.000870     -1.437084     -1.436214      1.198296
    721      0.000480      0.000720     -1.436966     -1.436246      1.200300
    722      0.000440      0.000660     -1.436905     -1.436246      1.201342
    723      0.000523      0.000785     -1.437031     -1.436246      1.199212
    724      0.000613      0.000920     -1.437231     -1.436311      1.195760
    725      0.000630      0.000945     -1.437291     -1.436346      1.194756
    726      0.000631      0.000946     -1.437321     -1.436375      1.194209
    727      0.000627      0.000941     -1.437352     -1.436411      1.193669
    728      0.000682      0.001023     -1.437434     -1.436411      1.192282
    729      0.000795      0.001192     -1.437601     -1.436409      1.189431
    730      0.000913      0.001370     -1.437735     -1.436365      1.187164
    731      0.001050      0.001575     -1.437938     -1.436363      1.183690
    732      0.001014      0.001521     -1.437661     -1.436139      1.188608
    733      0.000795      0.001192     -1.437309     -1.436117      1.194630
    734      0.000635      0.000953     -1.437052     -1.436099      1.199025
    735      0.000583      0.000874     -1.436973     -1.436099      1.200347
    736      0.000654      0.000982     -1.437080     -1.436099      1.198495
    737      0.000740      0.001111     -1.437207     -1.436096      1.196299
    738      0.000803      0.001204     -1.437300     -1.436096      1.194608
    739      0.000782      0.001173     -1.437151     -1.435978      1.197205
    740      0.000640      0.000960     -1.436927     -1.435967      1.200998
    741      0.000502      0.000753     -1.436699     -1.435946      1.204906
    742      0.000425      0.000638     -1.436584     -1.435946      1.206886
    743      0.000408      0.000612     -1.436534     -1.435921      1.207804
    744      0.000432      0.000648     -1.436570     -1.435921      1.207249
    745      0.000483      0.000724     -1.436608     -1.435884      1.206681
    746      0.000560      0.000840     -1.436724     -1.435884      1.204760
    747      0.000683      0.001025     -1.436911     -1.435886      1.201593
    748      0.000791      0.001187     -1.437108     -1.435921      1.198202
    749      0.000896      0.001344     -1.437293     -1.435949      1.194998
    750      0.001003      0.001504     -1.437368     -1.435864      1.193785
    751      0.001063      0.001595     -1.437337     -1.435742      1.194438
    752      0.000985      0.001477     -1.437159     -1.435681      1.197524
    753      0.000856      0.001283     -1.436965     -1.435681      1.200804
    754      0.000850      0.001275     -1.436957     -1.435681      1.200908
    755      0.000935      0.001403     -1.437077     -1.435674      1.198831
    756      0.001024      0.001535     -1.437226     -1.435690      1.196297
    757      0.001090      0.001636     -1.437335     -1.435700      1.194442
    758      0.001044      0.001566     -1.437361     -1.435796      1.193957
    759      0.000891      0.001336     -1.437132     -1.435795      1.197889
    760      0.000758      0.001137     -1.436881     -1.435744      1.202149
    761      0.000647      0.000970     -1.436714     -1.435744      1.204929
    762      0.000610      0.000915     -1.436659     -1.435744      1.205797
    763      0.000648      0.000972     -1.436716     -1.435744      1.204751
    764      0.000614      0.000921     -1.436549     -1.435628      1.207617
    765      0.000511      0.000767     -1.436356     -1.435589      1.210907
    766      0.000430      0.000645     -1.436177     -1.435532      1.214030
    767      0.000381      0.000572     -1.436104     -1.435532      1.215310
    768      0.000409      0.000614     -1.436146     -1.435532      1.214644
    769      0.000467      0.000701     -1.436177     -1.435475      1.214154
    770      0.000521      0.000781     -1.436206     -1.435425      1.213693
    771      0.000634      0.000952     -1.436377     -1.435425      1.210813
    772      0.000849      0.001273     -1.436698     -1.435425      1.205362
    773      0.001093      0.001640     -1.436972     -1.435332      1.200840
    774      0.001328      0.001992     -1.437331     -1.435339      1.194773
    775      0.001604      0.002407     -1.437763     -1.435357      1.187404
    776      0.001802      0.002704     -1.438137     -1.435433      1.180950
    777      0.001671      0.002507     -1.438019     -1.435513      1.182895
    778      0.001316      0.001974     -1.437432     -1.435457      1.193026
    779      0.001005      0.001507     -1.436964     -1.435457      1.201006
    780      0.000745      0.001117     -1.436611     -1.435494      1.206960
    781      0.000538      0.000807     -1.436301     -1.435493      1.212164
    782      0.000431      0.000646     -1.436140     -1.435493      1.214811
    783      0.000396      0.000593     -1.436055     -1.435461      1.216190
    784      0.000357      0.000536     -1.436048     -1.435512      1.216207
    785      0.000326      0.000489     -1.436001     -1.435512      1.217012
    786      0.000360      0.000540     -1.436068     -1.435528      1.215889
    787      0.000478      0.000716     -1.436245     -1.435528      1.212925
    788      0.000683      0.001024     -1.436553     -1.435529      1.207715
    789      0.000879      0.001318     -1.436876     -1.435558      1.202222
    790      0.001042      0.001563     -1.437152     -1.435589      1.197524
    791      0.001157      0.001736     -1.437263     -1.435528      1.195742
    792      0.001108      0.001662     -1.437281     -1.435618      1.195441
    793      0.000958      0.001437     -1.437087     -1.435651      1.198681
    794      0.000862      0.001294     -1.436944     -1.435651      1.201071
    795      0.000774      0.001161     -1.436766     -1.435605      1.204121
    796      0.000694      0.001040     -1.436645     -1.435605      1.206175
    797      0.000688      0.001033     -1.436638     -1.435605      1.206299
    798      0.000668      0.001002     -1.436540     -1.435538      1.208022
    799      0.000650      0.000975     -1.436514     -1.435538      1.208495
    800      0.000733      0.001099     -1.436638     -1.435538      1.206402
    801      0.000915      0.001372     -1.436911     -1.435538      1.201754
    802      0.001155      0.001732     -1.437253     -1.435520      1.195897
    803      0.001291      0.001936     -1.437515     -1.435579      1.191359
    804      0.001265      0.001898     -1.437454     -1.435556      1.192486
    805      0.001220      0.001829     -1.437379     -1.435550      1.193806
    806      0.001141      0.001712     -1.437228     -1.435517      1.196408
    807      0.000998      0.001496     -1.436930     -1.435434      1.201518
    808      0.000818      0.001227     -1.436632     -1.435406      1.206552
    809      0.000663      0.000995     -1.436401     -1.435406      1.210433
    810      0.000585      0.000877     -1.436282     -1.435406      1.212388
    811      0.000484      0.000726     -1.436106     -1.435380      1.215362
    812      0.000362      0.000543     -1.435923     -1.435380      1.218440
    813      0.000317      0.000476     -1.435856     -1.435380      1.219565
    814      0.000314      0.000470     -1.435817     -1.435346      1.220265
    815      0.000371      0.000556     -1.435903     -1.435346      1.218849
    816      0.000531      0.000797     -1.436143     -1.435347      1.214829
    817      0.000746      0.001118     -1.436449     -1.435330      1.209693
    818      0.000974      0.001461     -1.436739     -1.435279      1.204835
    819      0.001180      0.001769     -1.437114     -1.435344      1.198439
    820      0.001401      0.002101     -1.437446     -1.435345      1.192776
    821      0.001577      0.002365     -1.437577     -1.435212      1.190669
    822      0.001564      0.002346     -1.437641     -1.435294      1.189556
    823      0.001499      0.002249     -1.437543     -1.435294      1.191264
    824      0.001283      0.001924     -1.437144     -1.435219      1.198131
    825      0.000935      0.001402     -1.436621     -1.435219      1.206993
    826      0.000685      0.001028     -1.436246     -1.435219      1.213309
    827      0.000536      0.000805     -1.436023     -1.435219      1.217048
    828      0.000490      0.000736     -1.435954     -1.435219      1.218193
    829      0.000547      0.000821     -1.436039     -1.435219      1.216737
    830      0.000706      0.001059     -1.436278     -1.435219      1.212688
    831      0.000927      0.001391     -1.436660     -1.435269      1.206178
    832      0.001047      0.001570     -1.436763     -1.435192      1.204469
    833      0.001023      0.001535     -1.436621     -1.435086      1.206939
    834      0.000946      0.001419     -1.436576     -1.435157      1.207627
    835      0.000889      0.001333     -1.436490     -1.435157      1.209079
    836      0.000836      0.001254     -1.436472     -1.435217      1.209319
    837      0.000764      0.001145     -1.436381     -1.435236      1.210854
    838      0.000739      0.001109     -1.436345     -1.435236      1.211489
    839      0.000790      0.001185     -1.436421     -1.435236      1.210199
    840      0.000843      0.001264     -1.436515     -1.435251      1.208634
    841      0.000843      0.001264     -1.436467     -1.435203      1.209492
    842      0.000833      0.001249     -1.436419     -1.435170      1.210312
    843      0.000865      0.001297     -1.436467     -1.435170      1.209441
    844      0.000872      0.001308     -1.436422     -1.435114      1.210209
    845      0.000824      0.001236     -1.436345     -1.435109      1.211503
    846      0.000846      0.001269     -1.436378     -1.435110      1.210967
    847      0.000897      0.001346     -1.436431     -1.435086      1.210150
    848      0.000957      0.001435     -1.436521     -1.435086      1.208665
    849      0.001085      0.001627     -1.436753     -1.435126      1.204698
    850      0.001201      0.001802     -1.436860     -1.435058      1.202951
    851      0.001317      0.001976     -1.437034     -1.435058      1.199973
    852      0.001339      0.002008     -1.437141     -1.435132      1.198088
    853      0.001202      0.001803     -1.436869     -1.435066      1.202804
    854      0.001075      0.001613     -1.436678     -1.435066      1.206072
    855      0.000982      0.001474     -1.436544     -1.435070      1.208357
    856      0.000925      0.001388     -1.436457     -1.435070      1.209802
    857      0.000835      0.001253     -1.436399     -1.435146      1.210727
    858      0.000711      0.001066     -1.436230     -1.435164      1.213519
    859      0.000643      0.000965     -1.436083     -1.435118      1.215974
    860      0.000580      0.000869     -1.436029     -1.435159      1.216795
    861      0.000554      0.000832     -1.435991     -1.435159      1.217393
    862      0.000631      0.000946     -1.436106     -1.435159      1.215402
    863      0.000655      0.000983     -1.436082     -1.435100      1.215888
    864      0.000627      0.000940     -1.436040     -1.435100      1.216686
    865      0.000685      0.001028     -1.436127     -1.435099      1.215282
    866      0.000811      0.001216     -1.436315     -1.435099      1.212142
    867      0.001009      0.001514     -1.436614     -1.435100      1.207087
    868      0.001167      0.001751     -1.436836     -1.435085      1.203318
    869      0.001284      0.001926     -1.437012     -1.435085      1.200314
    870      0.001387      0.002081     -1.437089     -1.435008      1.199049
    871      0.001367      0.002051     -1.437099     -1.435048      1.198816
    872      0.001311      0.001966     -1.437014     -1.435048      1.200238
    873      0.001154      0.001731     -1.436696     -1.434964      1.205745
    874      0.000936      0.001404     -1.436368     -1.434964      1.211368
    875      0.000842      0.001264     -1.436228     -1.434964      1.213784
    876      0.000832      0.001248     -1.436268     -1.435020      1.213100
    877      0.000829      0.001244     -1.436294     -1.435050      1.212615
    878      0.000873      0.001309     -1.436359     -1.435050      1.211490
    879      0.000950      0.001426     -1.436415     -1.434989      1.210568
    880      0.000986      0.001479     -1.436390     -1.434912      1.211003
    881      0.000911      0.001367     -1.436220     -1.434853      1.213929
    882      0.000786      0.001179     -1.436031     -1.434852      1.217117
    883      0.000737      0.001105     -1.435957     -1.434852      1.218363
    884      0.000726      0.001088     -1.435997     -1.434909      1.217634
    885      0.000771      0.001157     -1.436066     -1.434909      1.216477
    886      0.000892      0.001338     -1.436267     -1.434928      1.213044
    887      0.001105      0.001658     -1.436586     -1.434928      1.207548
    888      0.001317      0.001976     -1.436975     -1.434999      1.200794
    889      0.001313      0.001969     -1.437062     -1.435092      1.199262
    890      0.001128      0.001692     -1.436814     -1.435122      1.203529
    891      0.000847      0.001271     -1.436314     -1.435044      1.212079
    892      0.000577      0.000866     -1.435909     -1.435044      1.218915
    893      0.000441      0.000662     -1.435719     -1.435058      1.222090
    894      0.000422      0.000632     -1.435690     -1.435058      1.222569
    895      0.000532      0.000797     -1.435855     -1.435058      1.219784
    896      0.000732      0.001099     -1.436123     -1.435024      1.215336
    897      0.001003      0.001505     -1.436529     -1.435024      1.208499
    898      0.001319      0.001979     -1.436936     -1.434958      1.201708
    899      0.001558      0.002337     -1.437240     -1.434903      1.196664
    900      0.001640      0.002460     -1.437265     -1.434805      1.196366
    901      0.001558      0.002338     -1.437222     -1.434884      1.196974
    902      0.001337      0.002005     -1.436839     -1.434834      1.203494
    903      0.001120      0.001680     -1.436514     -1.434834      1.209001
    904      0.000979      0.001469     -1.436296     -1.434827      1.212686
    905      0.000802      0.001202     -1.436092     -1.434890      1.216067
    906      0.000636      0.000953     -1.435843     -1.434890      1.220224
    907      0.000565      0.000848     -1.435781     -1.434933      1.221175
    908      0.000592      0.000888     -1.435821     -1.434933      1.220447
    909      0.000747      0.001120     -1.436054     -1.434933      1.216474
    910      0.000990      0.001484     -1.436361     -1.434876      1.211277
    911      0.001104      0.001656     -1.436556     -1.434900      1.207987
    912      0.001090      0.001635     -1.436535     -1.434900      1.208448
    913      0.001038      0.001557     -1.436408     -1.434851      1.210727
    914      0.000946      0.001419     -1.436270     -1.434851      1.213105
    915      0.000908      0.001362     -1.436209     -1.434847      1.214152
    916      0.000907      0.001360     -1.436231     -1.434871      1.213723
    917      0.000918      0.001377     -1.436199     -1.434822      1.214229
    918      0.000932      0.001397     -1.436255     -1.434858      1.213126
    919      0.000900      0.001350     -1.436144     -1.434794      1.215046
    920      0.000882      0.001323     -1.436118     -1.434794      1.215464
    921      0.000900      0.001351     -1.436054     -1.434704      1.216589
    922      0.000914      0.001371     -1.435996     -1.434625      1.217654
    923      0.000970      0.001455     -1.436063     -1.434608      1.216585
    924      0.001055      0.001582     -1.436158     -1.434576      1.215056
    925      0.001172      0.001758     -1.436295     -1.434538      1.212801
    926      0.001361      0.002041     -1.436579     -1.434538      1.207982
    927      0.001383      0.002074     -1.436771     -1.434697      1.204626
    928      0.001237      0.001856     -1.436553     -1.434697      1.208427
    929      0.001189      0.001784     -1.436481     -1.434697      1.209687
    930      0.001149      0.001723     -1.436527     -1.434803      1.208826
    931      0.001020      0.001530     -1.436254     -1.434724      1.213492
    932      0.000913      0.001369     -1.436093     -1.434724      1.216182
    933      0.000932      0.001398     -1.436122     -1.434724      1.215655
    934      0.001011      0.001517     -1.436256     -1.434739      1.213348
    935      0.001084      0.001627     -1.436366     -1.434739      1.211487
    936      0.001147      0.001720     -1.436506     -1.434786      1.209075
    937      0.001025      0.001538     -1.436388     -1.434849      1.210998
    938      0.000797      0.001195     -1.436044     -1.434849      1.216732
    939      0.000614      0.000920     -1.435765     -1.434844      1.221382
    940      0.000480      0.000719     -1.435564     -1.434844      1.224741
    941      0.000412      0.000617     -1.435461     -1.434843      1.226494
    942      0.000429      0.000643     -1.435486     -1.434843      1.226122
    943      0.000552      0.000828     -1.435677     -1.434848      1.222995
    944      0.000799      0.001199     -1.436047     -1.434849      1.216832
    945      0.001090      0.001635     -1.436412     -1.434778      1.210780
    946      0.001383      0.002075     -1.436853     -1.434778      1.203328
    947      0.001664      0.002496     -1.437271     -1.434776      1.196175
    948      0.001757      0.002636     -1.437421     -1.434785      1.193611
    949      0.001712      0.002567     -1.437371     -1.434804      1.194490
    950      0.001516      0.002275     -1.437071     -1.434796      1.199625
    951      0.001246      0.001868     -1.436664     -1.434796      1.206499
    952      0.001013      0.001519     -1.436228     -1.434709      1.213860
    953      0.000788      0.001182     -1.435821     -1.434639      1.220700
    954      0.000640      0.000960     -1.435599     -1.434639      1.224389
    955      0.000622      0.000933     -1.435573     -1.434639      1.224795
    956      0.000736      0.001104     -1.435743     -1.434639      1.221913
    957      0.000819      0.001229     -1.435972     -1.434744      1.218008
    958      0.000832      0.001248     -1.435992     -1.434744      1.217777
    959      0.000920      0.001381     -1.436124     -1.434744      1.215605
    960      0.001083      0.001625     -1.436369     -1.434744      1.211506
    961      0.001173      0.001759     -1.436355     -1.434596      1.211902
    962      0.001137      0.001705     -1.436344     -1.434639      1.212092
    963      0.001122      0.001683     -1.436323     -1.434639      1.212460
    964      0.001137      0.001705     -1.436362     -1.434657      1.211777
    965      0.001144      0.001716     -1.436342     -1.434626      1.212089
    966      0.001071      0.001606     -1.436214     -1.434608      1.214221
    967      0.000863      0.001294     -1.435927     -1.434633      1.218994
    968      0.000665      0.000997     -1.435630     -1.434633      1.223973
    969      0.000551      0.000827     -1.435498     -1.434671      1.226155
    970      0.000523      0.000784     -1.435456     -1.434671      1.226904
    971      0.000624      0.000936     -1.435608     -1.434672      1.224380
    972      0.000854      0.001281     -1.435953     -1.434672      1.218599
    973      0.001150      0.001725     -1.436384     -1.434660      1.211320
    974      0.001402      0.002102     -1.436651     -1.434549      1.206917
    975      0.001662      0.002493     -1.437042     -1.434549      1.200261
    976      0.001832      0.002749     -1.437332     -1.434584      1.195288
    977      0.001750      0.002624     -1.437180     -1.434556      1.197937
    978      0.001592      0.002388     -1.436958     -1.434570      1.201716
    979      0.001380      0.002070     -1.436702     -1.434631      1.205984
    980      0.001075      0.001612     -1.436282     -1.434669      1.212985
    981      0.000792      0.001188     -1.435895     -1.434707      1.219397
    982      0.000589      0.000884     -1.435591     -1.434707      1.224470
    983      0.000501      0.000751     -1.435467     -1.434716      1.226482
    984      0.000481      0.000721     -1.435379     -1.434658      1.228003
    985      0.000525      0.000788     -1.435446     -1.434658      1.226895
    986      0.000608      0.000912     -1.435662     -1.434750      1.223210
    987      0.000715      0.001072     -1.435827     -1.434754      1.220425
    988      0.000860      0.001290     -1.436036     -1.434746      1.216906
    989      0.001035      0.001553     -1.436299     -1.434746      1.212454
    990      0.001183      0.001775     -1.436574     -1.434799      1.207750
    991      0.001168      0.001753     -1.436530     -1.434778      1.208614
    992      0.001109      0.001663     -1.436430     -1.434767      1.210446
    993      0.001090      0.001636     -1.436403     -1.434768      1.210957
    994      0.001049      0.001573     -1.436400     -1.434827      1.210981
    995      0.001048      0.001571     -1.436402     -1.434831      1.210943
    996      0.001140      0.001710     -1.436542     -1.434832      1.208560
    997      0.001167      0.001751     -1.436631     -1.434880      1.206992
    998      0.001151      0.001726     -1.436606     -1.434880      1.207413
    999      0.001161      0.001741     -1.436506     -1.434765      1.209200
   1000      0.001105      0.001658     -1.436412     -1.434755      1.210792
#
# Means      0.000843      0.001264     -1.436718     -1.435454      1.205026
