#
# MD1: a minimal molecular dynamics program
#
# # comentario
#  Input sample: 2x2.coord
#                                (only positions read from file)
# Output sample: 2x2.calc
# Number of steps:    1000, time step: 0.0030, total time:      3.0000
# Number of atoms:    32
# Box size:    3.099200    3.099200    3.099200, Volume:         29.768
# Density:    1.074982 (unchanged)
# Free evolution run.
#
#  Step   Temperature     Kinetic      Potential   Total Energy    Pressure
# -----  ------------  ------------  ------------  ------------  ------------
      1      0.000004      0.000005     -6.570056     -6.570051      2.667447
      2      0.000032      0.000048     -6.570099     -6.570051      2.667413
      3      0.000089      0.000133     -6.570184     -6.570051      2.667345
      4      0.000174      0.000260     -6.570312     -6.570051      2.667245
      5      0.000287      0.000430     -6.570482     -6.570052      2.667118
      6      0.000429      0.000643     -6.570694     -6.570051      2.666968
      7      0.000599      0.000899     -6.570951     -6.570051      2.666797
      8      0.000797      0.001195     -6.571247     -6.570052      2.666618
      9      0.001020      0.001530     -6.571582     -6.570052      2.666439
     10      0.001267      0.001900     -6.571954     -6.570054      2.666271
     11      0.001536      0.002304     -6.572359     -6.570055      2.666126
     12      0.001826      0.002739     -6.572794     -6.570055      2.666020
     13      0.002133      0.003200     -6.573255     -6.570055      2.665966
     14      0.002454      0.003681     -6.573737     -6.570055      2.665981
     15      0.002787      0.004180     -6.574237     -6.570056      2.666077
     16      0.003128      0.004692     -6.574749     -6.570057      2.666274
     17      0.003475      0.005212     -6.575269     -6.570057      2.666583
     18      0.003825      0.005737     -6.575794     -6.570057      2.667019
     19      0.004174      0.006261     -6.576319     -6.570057      2.667596
     20      0.004521      0.006781     -6.576839     -6.570058      2.668325
     21      0.004861      0.007292     -6.577350     -6.570058      2.669219
     22      0.005194      0.007790     -6.577849     -6.570058      2.670286
     23      0.005515      0.008273     -6.578331     -6.570058      2.671536
     24      0.005824      0.008735     -6.578794     -6.570059      2.672975
     25      0.006117      0.009175     -6.579234     -6.570059      2.674608
     26      0.006394      0.009590     -6.579649     -6.570059      2.676439
     27      0.006652      0.009978     -6.580037     -6.570059      2.678467
     28      0.006891      0.010336     -6.580395     -6.570059      2.680693
     29      0.007108      0.010662     -6.580722     -6.570059      2.683115
     30      0.007304      0.010956     -6.581016     -6.570059      2.685727
     31      0.007478      0.011217     -6.581276     -6.570059      2.688525
     32      0.007630      0.011445     -6.581503     -6.570059      2.691499
     33      0.007759      0.011639     -6.581698     -6.570059      2.694637
     34      0.007867      0.011800     -6.581859     -6.570059      2.697929
     35      0.007952      0.011928     -6.581987     -6.570058      2.701363
     36      0.008017      0.012025     -6.582083     -6.570059      2.704924
     37      0.008063      0.012094     -6.582151     -6.570057      2.708596
     38      0.008091      0.012137     -6.582194     -6.570057      2.712355
     39      0.008101      0.012152     -6.582210     -6.570057      2.716192
     40      0.008095      0.012142     -6.582199     -6.570057      2.720091
     41      0.008072      0.012108     -6.582165     -6.570057      2.724035
     42      0.008034      0.012051     -6.582108     -6.570057      2.728011
     43      0.007982      0.011973     -6.582030     -6.570057      2.732001
     44      0.007918      0.011876     -6.581934     -6.570057      2.735991
     45      0.007842      0.011762     -6.581819     -6.570057      2.739970
     46      0.007756      0.011634     -6.581692     -6.570057      2.743918
     47      0.007663      0.011495     -6.581552     -6.570057      2.747826
     48      0.007565      0.011348     -6.581405     -6.570057      2.751675
     49      0.007463      0.011194     -6.581251     -6.570057      2.755455
     50      0.007354      0.011030     -6.581088     -6.570057      2.759160
     51      0.007240      0.010859     -6.580918     -6.570058      2.762784
     52      0.007121      0.010682     -6.580741     -6.570059      2.766321
     53      0.007001      0.010501     -6.580561     -6.570060      2.769761
     54      0.006877      0.010316     -6.580375     -6.570060      2.773104
     55      0.006749      0.010123     -6.580184     -6.570060      2.776349
     56      0.006618      0.009927     -6.579987     -6.570061      2.779494
     57      0.006486      0.009729     -6.579789     -6.570060      2.782534
     58      0.006352      0.009527     -6.579587     -6.570060      2.785470
     59      0.006221      0.009332     -6.579396     -6.570064      2.788285
     60      0.006096      0.009144     -6.579208     -6.570064      2.790989
     61      0.005968      0.008952     -6.579016     -6.570064      2.793590
     62      0.005851      0.008776     -6.578840     -6.570063      2.796070
     63      0.005748      0.008621     -6.578685     -6.570064      2.798414
     64      0.005644      0.008466     -6.578530     -6.570064      2.800650
     65      0.005541      0.008311     -6.578374     -6.570063      2.802786
     66      0.005437      0.008155     -6.578218     -6.570063      2.804822
     67      0.005331      0.007997     -6.578061     -6.570064      2.806765
     68      0.005224      0.007836     -6.577900     -6.570064      2.808624
     69      0.005125      0.007687     -6.577765     -6.570078      2.810359
     70      0.005034      0.007552     -6.577630     -6.570078      2.812019
     71      0.004945      0.007417     -6.577494     -6.570077      2.813596
     72      0.004855      0.007283     -6.577360     -6.570077      2.815092
     73      0.004774      0.007161     -6.577229     -6.570068      2.816514
     74      0.004702      0.007053     -6.577121     -6.570068      2.817826
     75      0.004631      0.006946     -6.577015     -6.570069      2.819062
     76      0.004569      0.006854     -6.576933     -6.570080      2.820191
     77      0.004518      0.006777     -6.576857     -6.570080      2.821249
     78      0.004468      0.006702     -6.576783     -6.570080      2.822232
     79      0.004427      0.006640     -6.576718     -6.570078      2.823137
     80      0.004393      0.006590     -6.576667     -6.570077      2.823953
     81      0.004361      0.006542     -6.576621     -6.570079      2.824698
     82      0.004336      0.006504     -6.576579     -6.570076      2.825377
     83      0.004315      0.006473     -6.576548     -6.570075      2.825980
     84      0.004294      0.006442     -6.576519     -6.570077      2.826519
     85      0.004274      0.006410     -6.576488     -6.570077      2.826999
     86      0.004256      0.006383     -6.576463     -6.570079      2.827406
     87      0.004242      0.006363     -6.576442     -6.570079      2.827748
     88      0.004229      0.006344     -6.576424     -6.570080      2.828020
     89      0.004218      0.006328     -6.576407     -6.570080      2.828224
     90      0.004212      0.006318     -6.576400     -6.570081      2.828344
     91      0.004209      0.006314     -6.576394     -6.570081      2.828390
     92      0.004208      0.006312     -6.576393     -6.570080      2.828353
     93      0.004213      0.006320     -6.576396     -6.570076      2.828228
     94      0.004226      0.006339     -6.576417     -6.570078      2.827987
     95      0.004245      0.006367     -6.576445     -6.570078      2.827646
     96      0.004268      0.006402     -6.576478     -6.570076      2.827202
     97      0.004298      0.006447     -6.576524     -6.570077      2.826634
     98      0.004336      0.006505     -6.576582     -6.570077      2.825945
     99      0.004383      0.006575     -6.576653     -6.570078      2.825125
    100      0.004440      0.006660     -6.576739     -6.570078      2.824167
    101      0.004512      0.006768     -6.576844     -6.570076      2.823065
    102      0.004596      0.006894     -6.576972     -6.570077      2.821808
    103      0.004690      0.007034     -6.577112     -6.570078      2.820409
    104      0.004791      0.007186     -6.577264     -6.570078      2.818867
    105      0.004901      0.007352     -6.577430     -6.570078      2.817180
    106      0.005021      0.007531     -6.577610     -6.570079      2.815348
    107      0.005149      0.007724     -6.577802     -6.570078      2.813375
    108      0.005286      0.007929     -6.578007     -6.570078      2.811263
    109      0.005432      0.008148     -6.578231     -6.570083      2.809006
    110      0.005588      0.008382     -6.578466     -6.570083      2.806624
    111      0.005750      0.008625     -6.578710     -6.570085      2.804121
    112      0.005917      0.008875     -6.578960     -6.570085      2.801511
    113      0.006090      0.009135     -6.579218     -6.570083      2.798797
    114      0.006268      0.009402     -6.579485     -6.570083      2.795983
    115      0.006448      0.009672     -6.579755     -6.570083      2.793090
    116      0.006628      0.009942     -6.580025     -6.570083      2.790128
    117      0.006807      0.010210     -6.580293     -6.570083      2.787110
    118      0.006981      0.010472     -6.580552     -6.570080      2.784057
    119      0.007150      0.010725     -6.580805     -6.570080      2.780970
    120      0.007310      0.010966     -6.581046     -6.570081      2.777867
    121      0.007462      0.011193     -6.581273     -6.570081      2.774759
    122      0.007602      0.011403     -6.581485     -6.570082      2.771657
    123      0.007731      0.011596     -6.581678     -6.570082      2.768573
    124      0.007849      0.011773     -6.581855     -6.570082      2.765512
    125      0.007957      0.011936     -6.582017     -6.570081      2.762478
    126      0.008053      0.012080     -6.582161     -6.570081      2.759482
    127      0.008137      0.012205     -6.582286     -6.570081      2.756530
    128      0.008212      0.012317     -6.582401     -6.570084      2.753615
    129      0.008274      0.012412     -6.582496     -6.570084      2.750759
    130      0.008333      0.012499     -6.582593     -6.570094      2.747933
    131      0.008389      0.012583     -6.582676     -6.570093      2.745177
    132      0.008434      0.012651     -6.582741     -6.570090      2.742495
    133      0.008465      0.012697     -6.582787     -6.570090      2.739885
    134      0.008481      0.012722     -6.582810     -6.570089      2.737358
    135      0.008483      0.012725     -6.582813     -6.570089      2.734911
    136      0.008473      0.012709     -6.582801     -6.570092      2.732536
    137      0.008453      0.012679     -6.582771     -6.570092      2.730243
    138      0.008420      0.012629     -6.582722     -6.570092      2.728031
    139      0.008373      0.012559     -6.582651     -6.570092      2.725904
    140      0.008321      0.012481     -6.582577     -6.570096      2.723835
    141      0.008264      0.012395     -6.582490     -6.570094      2.721844
    142      0.008199      0.012299     -6.582392     -6.570094      2.719922
    143      0.008128      0.012192     -6.582285     -6.570093      2.718070
    144      0.008053      0.012079     -6.582179     -6.570100      2.716268
    145      0.007974      0.011961     -6.582060     -6.570099      2.714547
    146      0.007887      0.011830     -6.581931     -6.570101      2.712900
    147      0.007795      0.011692     -6.581789     -6.570097      2.711333
    148      0.007701      0.011551     -6.581649     -6.570098      2.709825
    149      0.007605      0.011408     -6.581500     -6.570092      2.708398
    150      0.007507      0.011261     -6.581349     -6.570089      2.707043
    151      0.007405      0.011107     -6.581196     -6.570089      2.705762
    152      0.007311      0.010966     -6.581061     -6.570094      2.704540
    153      0.007228      0.010843     -6.580935     -6.570092      2.703393
    154      0.007154      0.010731     -6.580816     -6.570085      2.702326
    155      0.007092      0.010638     -6.580724     -6.570086      2.701316
    156      0.007035      0.010553     -6.580637     -6.570084      2.700397
    157      0.006991      0.010487     -6.580555     -6.570068      2.699580
    158      0.006961      0.010441     -6.580506     -6.570065      2.698827
    159      0.006930      0.010395     -6.580461     -6.570065      2.698177
    160      0.006898      0.010347     -6.580411     -6.570064      2.697654
    161      0.006865      0.010297     -6.580360     -6.570063      2.697263
    162      0.006830      0.010245     -6.580308     -6.570063      2.697012
    163      0.006807      0.010210     -6.580276     -6.570066      2.696882
    164      0.006790      0.010185     -6.580250     -6.570065      2.696901
    165      0.006760      0.010140     -6.580206     -6.570065      2.697097
    166      0.006731      0.010096     -6.580167     -6.570070      2.697441
    167      0.006717      0.010075     -6.580168     -6.570093      2.697889
    168      0.006706      0.010060     -6.580159     -6.570099      2.698524
    169      0.006687      0.010031     -6.580131     -6.570100      2.699348
    170      0.006659      0.009989     -6.580093     -6.570105      2.700340
    171      0.006623      0.009934     -6.580042     -6.570108      2.701510
    172      0.006580      0.009870     -6.579970     -6.570099      2.702871
    173      0.006546      0.009819     -6.579896     -6.570077      2.704398
    174      0.006524      0.009786     -6.579857     -6.570071      2.706024
    175      0.006509      0.009763     -6.579832     -6.570068      2.707771
    176      0.006511      0.009766     -6.579837     -6.570071      2.709610
    177      0.006519      0.009779     -6.579847     -6.570068      2.711567
    178      0.006524      0.009786     -6.579854     -6.570067      2.713634
    179      0.006525      0.009787     -6.579855     -6.570068      2.715798
    180      0.006529      0.009794     -6.579862     -6.570068      2.718036
    181      0.006539      0.009809     -6.579878     -6.570069      2.720335
    182      0.006547      0.009821     -6.579887     -6.570066      2.722702
    183      0.006554      0.009831     -6.579897     -6.570066      2.725110
    184      0.006560      0.009840     -6.579910     -6.570070      2.727541
    185      0.006576      0.009864     -6.579923     -6.570059      2.730005
    186      0.006600      0.009900     -6.579960     -6.570059      2.732447
    187      0.006624      0.009936     -6.579996     -6.570059      2.734896
    188      0.006646      0.009970     -6.580029     -6.570060      2.737343
    189      0.006671      0.010006     -6.580067     -6.570061      2.739769
    190      0.006695      0.010043     -6.580104     -6.570061      2.742175
    191      0.006721      0.010081     -6.580144     -6.570062      2.744551
    192      0.006749      0.010124     -6.580185     -6.570062      2.746892
    193      0.006779      0.010169     -6.580229     -6.570060      2.749193
    194      0.006810      0.010214     -6.580274     -6.570060      2.751448
    195      0.006839      0.010259     -6.580320     -6.570061      2.753655
    196      0.006870      0.010304     -6.580367     -6.570063      2.755812
    197      0.006904      0.010356     -6.580420     -6.570064      2.757913
    198      0.006939      0.010408     -6.580472     -6.570064      2.759965
    199      0.006969      0.010453     -6.580517     -6.570064      2.761977
    200      0.006993      0.010490     -6.580554     -6.570064      2.763953
    201      0.007015      0.010522     -6.580588     -6.570066      2.765886
    202      0.007033      0.010550     -6.580617     -6.570067      2.767782
    203      0.007046      0.010570     -6.580638     -6.570068      2.769647
    204      0.007052      0.010578     -6.580647     -6.570068      2.771489
    205      0.007052      0.010578     -6.580644     -6.570066      2.773311
    206      0.007049      0.010573     -6.580643     -6.570070      2.775089
    207      0.007041      0.010561     -6.580631     -6.570070      2.776851
    208      0.007027      0.010540     -6.580612     -6.570072      2.778588
    209      0.007007      0.010511     -6.580587     -6.570076      2.780300
    210      0.006981      0.010472     -6.580549     -6.570077      2.781999
    211      0.006948      0.010421     -6.580501     -6.570079      2.783681
    212      0.006907      0.010361     -6.580443     -6.570083      2.785348
    213      0.006859      0.010289     -6.580373     -6.570084      2.787004
    214      0.006808      0.010212     -6.580301     -6.570089      2.788632
    215      0.006753      0.010130     -6.580220     -6.570091      2.790238
    216      0.006687      0.010031     -6.580121     -6.570091      2.791836
    217      0.006613      0.009920     -6.580011     -6.570091      2.793414
    218      0.006537      0.009805     -6.579891     -6.570086      2.794969
    219      0.006454      0.009681     -6.579767     -6.570086      2.796486
    220      0.006363      0.009545     -6.579631     -6.570086      2.797976
    221      0.006263      0.009394     -6.579480     -6.570086      2.799440
    222      0.006152      0.009228     -6.579315     -6.570087      2.800871
    223      0.006034      0.009051     -6.579139     -6.570088      2.802263
    224      0.005909      0.008863     -6.578951     -6.570087      2.803613
    225      0.005779      0.008669     -6.578757     -6.570088      2.804905
    226      0.005647      0.008470     -6.578557     -6.570087      2.806132
    227      0.005512      0.008268     -6.578355     -6.570087      2.807283
    228      0.005376      0.008064     -6.578152     -6.570088      2.808350
    229      0.005243      0.007865     -6.577950     -6.570085      2.809324
    230      0.005120      0.007679     -6.577765     -6.570086      2.810175
    231      0.005004      0.007507     -6.577591     -6.570085      2.810903
    232      0.004897      0.007345     -6.577429     -6.570085      2.811499
    233      0.004795      0.007192     -6.577277     -6.570084      2.811964
    234      0.004703      0.007054     -6.577136     -6.570082      2.812292
    235      0.004624      0.006936     -6.577018     -6.570082      2.812459
    236      0.004558      0.006837     -6.576919     -6.570082      2.812467
    237      0.004505      0.006758     -6.576841     -6.570083      2.812309
    238      0.004466      0.006700     -6.576781     -6.570081      2.811993
    239      0.004442      0.006663     -6.576743     -6.570079      2.811512
    240      0.004432      0.006648     -6.576727     -6.570079      2.810862
    241      0.004435      0.006652     -6.576731     -6.570079      2.810051
    242      0.004452      0.006678     -6.576759     -6.570081      2.809075
    243      0.004488      0.006732     -6.576808     -6.570076      2.807950
    244      0.004538      0.006808     -6.576884     -6.570076      2.806665
    245      0.004599      0.006898     -6.576974     -6.570076      2.805246
    246      0.004668      0.007002     -6.577078     -6.570077      2.803702
    247      0.004747      0.007120     -6.577196     -6.570076      2.802044
    248      0.004835      0.007252     -6.577328     -6.570075      2.800276
    249      0.004930      0.007395     -6.577470     -6.570076      2.798415
    250      0.005029      0.007544     -6.577620     -6.570076      2.796474
    251      0.005133      0.007699     -6.577775     -6.570075      2.794467
    252      0.005244      0.007866     -6.577936     -6.570070      2.792405
    253      0.005361      0.008041     -6.578111     -6.570071      2.790279
    254      0.005476      0.008214     -6.578284     -6.570070      2.788127
    255      0.005603      0.008404     -6.578485     -6.570081      2.785914
    256      0.005745      0.008617     -6.578697     -6.570080      2.783681
    257      0.005887      0.008830     -6.578910     -6.570080      2.781443
    258      0.006023      0.009034     -6.579114     -6.570080      2.779222
    259      0.006150      0.009224     -6.579304     -6.570080      2.777031
    260      0.006269      0.009403     -6.579485     -6.570082      2.774875
    261      0.006380      0.009569     -6.579652     -6.570083      2.772765
    262      0.006485      0.009727     -6.579807     -6.570080      2.770710
    263      0.006583      0.009874     -6.579956     -6.570082      2.768702
    264      0.006668      0.010002     -6.580084     -6.570082      2.766769
    265      0.006738      0.010107     -6.580189     -6.570082      2.764914
    266      0.006797      0.010196     -6.580279     -6.570084      2.763129
    267      0.006846      0.010269     -6.580353     -6.570084      2.761418
    268      0.006881      0.010322     -6.580405     -6.570083      2.759785
    269      0.006902      0.010354     -6.580437     -6.570083      2.758227
    270      0.006912      0.010369     -6.580450     -6.570081      2.756743
    271      0.006917      0.010375     -6.580452     -6.570077      2.755315
    272      0.006914      0.010370     -6.580447     -6.570077      2.753932
    273      0.006900      0.010350     -6.580427     -6.570076      2.752603
    274      0.006882      0.010322     -6.580400     -6.570078      2.751308
    275      0.006859      0.010289     -6.580367     -6.570078      2.750044
    276      0.006854      0.010281     -6.580347     -6.570065      2.748797
    277      0.006868      0.010302     -6.580367     -6.570065      2.747523
    278      0.006877      0.010315     -6.580380     -6.570065      2.746278
    279      0.006887      0.010330     -6.580391     -6.570061      2.745054
    280      0.006902      0.010352     -6.580414     -6.570062      2.743829
    281      0.006917      0.010376     -6.580431     -6.570056      2.742627
    282      0.006933      0.010400     -6.580450     -6.570050      2.741437
    283      0.006945      0.010418     -6.580467     -6.570049      2.740259
    284      0.006962      0.010443     -6.580502     -6.570059      2.739066
    285      0.006983      0.010475     -6.580535     -6.570060      2.737894
    286      0.007001      0.010501     -6.580565     -6.570063      2.736734
    287      0.007015      0.010522     -6.580585     -6.570063      2.735600
    288      0.007025      0.010538     -6.580602     -6.570064      2.734480
    289      0.007034      0.010551     -6.580615     -6.570064      2.733378
    290      0.007037      0.010556     -6.580620     -6.570064      2.732298
    291      0.007042      0.010564     -6.580631     -6.570067      2.731226
    292      0.007047      0.010571     -6.580638     -6.570067      2.730178
    293      0.007050      0.010575     -6.580638     -6.570062      2.729166
    294      0.007058      0.010586     -6.580647     -6.570061      2.728161
    295      0.007070      0.010605     -6.580667     -6.570062      2.727161
    296      0.007080      0.010621     -6.580682     -6.570062      2.726194
    297      0.007095      0.010642     -6.580709     -6.570067      2.725236
    298      0.007112      0.010668     -6.580735     -6.570067      2.724314
    299      0.007127      0.010691     -6.580759     -6.570068      2.723430
    300      0.007146      0.010719     -6.580786     -6.570067      2.722583
    301      0.007159      0.010739     -6.580806     -6.570067      2.721793
    302      0.007169      0.010753     -6.580820     -6.570067      2.721062
    303      0.007182      0.010773     -6.580829     -6.570057      2.720405
    304      0.007191      0.010786     -6.580842     -6.570056      2.719801
    305      0.007190      0.010785     -6.580838     -6.570053      2.719292
    306      0.007184      0.010776     -6.580834     -6.570058      2.718851
    307      0.007175      0.010763     -6.580818     -6.570056      2.718512
    308      0.007156      0.010735     -6.580788     -6.570054      2.718275
    309      0.007135      0.010703     -6.580743     -6.570041      2.718155
    310      0.007137      0.010705     -6.580763     -6.570057      2.718034
    311      0.007159      0.010739     -6.580800     -6.570061      2.717993
    312      0.007178      0.010766     -6.580828     -6.570061      2.718065
    313      0.007185      0.010778     -6.580843     -6.570065      2.718248
    314      0.007184      0.010776     -6.580841     -6.570065      2.718557
    315      0.007171      0.010756     -6.580820     -6.570064      2.718993
    316      0.007150      0.010724     -6.580789     -6.570065      2.719546
    317      0.007119      0.010679     -6.580745     -6.570066      2.720213
    318      0.007096      0.010643     -6.580725     -6.570082      2.720942
    319      0.007087      0.010630     -6.580707     -6.570077      2.721787
    320      0.007075      0.010612     -6.580689     -6.570077      2.722730
    321      0.007055      0.010583     -6.580662     -6.570079      2.723779
    322      0.007029      0.010544     -6.580623     -6.570080      2.724939
    323      0.006997      0.010495     -6.580576     -6.570081      2.726202
    324      0.006955      0.010432     -6.580512     -6.570079      2.727572
    325      0.006905      0.010357     -6.580433     -6.570077      2.729040
    326      0.006848      0.010272     -6.580348     -6.570076      2.730585
    327      0.006790      0.010185     -6.580260     -6.570074      2.732198
    328      0.006729      0.010093     -6.580167     -6.570074      2.733869
    329      0.006657      0.009985     -6.580059     -6.570074      2.735608
    330      0.006576      0.009864     -6.579938     -6.570074      2.737402
    331      0.006487      0.009731     -6.579804     -6.570074      2.739240
    332      0.006393      0.009590     -6.579663     -6.570073      2.741107
    333      0.006305      0.009457     -6.579519     -6.570062      2.742991
    334      0.006222      0.009333     -6.579397     -6.570064      2.744843
    335      0.006145      0.009218     -6.579289     -6.570071      2.746665
    336      0.006073      0.009109     -6.579180     -6.570071      2.748479
    337      0.006001      0.009001     -6.579073     -6.570072      2.750267
    338      0.005932      0.008898     -6.578973     -6.570074      2.752016
    339      0.005878      0.008817     -6.578888     -6.570071      2.753714
    340      0.005845      0.008767     -6.578847     -6.570080      2.755298
    341      0.005829      0.008743     -6.578820     -6.570077      2.756810
    342      0.005824      0.008736     -6.578813     -6.570077      2.758233
    343      0.005826      0.008739     -6.578817     -6.570077      2.759580
    344      0.005847      0.008771     -6.578852     -6.570081      2.760826
    345      0.005890      0.008835     -6.578914     -6.570080      2.761984
    346      0.005939      0.008909     -6.578989     -6.570081      2.763066
    347      0.005992      0.008987     -6.579069     -6.570081      2.764090
    348      0.006049      0.009073     -6.579151     -6.570077      2.765069
    349      0.006109      0.009163     -6.579240     -6.570077      2.765993
    350      0.006170      0.009255     -6.579331     -6.570076      2.766881
    351      0.006231      0.009347     -6.579423     -6.570076      2.767739
    352      0.006289      0.009433     -6.579511     -6.570078      2.768579
    353      0.006342      0.009512     -6.579590     -6.570077      2.769419
    354      0.006387      0.009580     -6.579658     -6.570077      2.770267
    355      0.006426      0.009639     -6.579713     -6.570074      2.771135
    356      0.006463      0.009695     -6.579770     -6.570075      2.772004
    357      0.006500      0.009750     -6.579830     -6.570080      2.772876
    358      0.006531      0.009797     -6.579878     -6.570081      2.773784
    359      0.006553      0.009830     -6.579908     -6.570078      2.774739
    360      0.006567      0.009850     -6.579928     -6.570077      2.775728
    361      0.006567      0.009850     -6.579928     -6.570077      2.776764
    362      0.006552      0.009828     -6.579906     -6.570078      2.777854
    363      0.006522      0.009783     -6.579861     -6.570077      2.779001
    364      0.006481      0.009721     -6.579801     -6.570079      2.780190
    365      0.006428      0.009643     -6.579722     -6.570079      2.781428
    366      0.006363      0.009545     -6.579621     -6.570076      2.782719
    367      0.006289      0.009434     -6.579507     -6.570074      2.784041
    368      0.006206      0.009308     -6.579382     -6.570074      2.785388
    369      0.006117      0.009175     -6.579246     -6.570071      2.786757
    370      0.006026      0.009038     -6.579107     -6.570068      2.788126
    371      0.005934      0.008900     -6.578972     -6.570072      2.789476
    372      0.005841      0.008762     -6.578835     -6.570073      2.790814
    373      0.005755      0.008633     -6.578699     -6.570066      2.792132
    374      0.005677      0.008516     -6.578584     -6.570069      2.793381
    375      0.005601      0.008402     -6.578468     -6.570067      2.794587
    376      0.005526      0.008289     -6.578355     -6.570066      2.795730
    377      0.005450      0.008175     -6.578240     -6.570065      2.796813
    378      0.005380      0.008069     -6.578139     -6.570069      2.797797
    379      0.005316      0.007974     -6.578042     -6.570068      2.798697
    380      0.005258      0.007888     -6.577957     -6.570069      2.799485
    381      0.005208      0.007811     -6.577880     -6.570068      2.800165
    382      0.005165      0.007748     -6.577819     -6.570071      2.800712
    383      0.005133      0.007700     -6.577771     -6.570071      2.801130
    384      0.005122      0.007683     -6.577755     -6.570072      2.801391
    385      0.005134      0.007701     -6.577770     -6.570069      2.801495
    386      0.005161      0.007742     -6.577810     -6.570068      2.801437
    387      0.005200      0.007799     -6.577868     -6.570068      2.801231
    388      0.005248      0.007873     -6.577941     -6.570069      2.800879
    389      0.005309      0.007963     -6.578032     -6.570069      2.800380
    390      0.005377      0.008065     -6.578134     -6.570069      2.799745
    391      0.005452      0.008177     -6.578247     -6.570069      2.798981
    392      0.005534      0.008301     -6.578371     -6.570070      2.798089
    393      0.005633      0.008449     -6.578511     -6.570062      2.797075
    394      0.005745      0.008617     -6.578679     -6.570062      2.795921
    395      0.005860      0.008790     -6.578853     -6.570063      2.794671
    396      0.005984      0.008976     -6.579039     -6.570063      2.793323
    397      0.006116      0.009175     -6.579240     -6.570065      2.791887
    398      0.006265      0.009398     -6.579473     -6.570074      2.790349
    399      0.006435      0.009653     -6.579725     -6.570072      2.788755
    400      0.006606      0.009908     -6.579981     -6.570073      2.787123
    401      0.006769      0.010153     -6.580224     -6.570071      2.785494
    402      0.006923      0.010385     -6.580456     -6.570071      2.783875
    403      0.007069      0.010603     -6.580674     -6.570071      2.782282
    404      0.007205      0.010808     -6.580881     -6.570073      2.780719
    405      0.007334      0.011001     -6.581078     -6.570077      2.779193
    406      0.007451      0.011177     -6.581253     -6.570076      2.777738
    407      0.007551      0.011327     -6.581403     -6.570076      2.776357
    408      0.007634      0.011452     -6.581529     -6.570077      2.775056
    409      0.007712      0.011568     -6.581642     -6.570074      2.773830
    410      0.007783      0.011675     -6.581754     -6.570079      2.772670
    411      0.007838      0.011757     -6.581836     -6.570079      2.771618
    412      0.007869      0.011804     -6.581883     -6.570079      2.770679
    413      0.007877      0.011816     -6.581895     -6.570079      2.769856
    414      0.007864      0.011796     -6.581873     -6.570077      2.769144
    415      0.007835      0.011752     -6.581828     -6.570076      2.768521
    416      0.007793      0.011689     -6.581761     -6.570071      2.767985
    417      0.007734      0.011601     -6.581672     -6.570071      2.767523
    418      0.007678      0.011516     -6.581607     -6.570091      2.767068
    419      0.007629      0.011443     -6.581531     -6.570088      2.766676
    420      0.007571      0.011356     -6.581444     -6.570088      2.766319
    421      0.007502      0.011252     -6.581341     -6.570088      2.765998
    422      0.007422      0.011133     -6.581222     -6.570089      2.765702
    423      0.007338      0.011008     -6.581097     -6.570089      2.765410
    424      0.007254      0.010881     -6.580969     -6.570088      2.765110
    425      0.007164      0.010746     -6.580834     -6.570088      2.764794
    426      0.007069      0.010603     -6.580690     -6.570087      2.764459
    427      0.006977      0.010466     -6.580554     -6.570088      2.764072
    428      0.006889      0.010333     -6.580421     -6.570088      2.763637
    429      0.006808      0.010211     -6.580286     -6.570075      2.763162
    430      0.006736      0.010104     -6.580180     -6.570075      2.762590
    431      0.006682      0.010023     -6.580110     -6.570087      2.761908
    432      0.006644      0.009967     -6.580052     -6.570085      2.761160
    433      0.006609      0.009914     -6.579999     -6.570085      2.760344
    434      0.006575      0.009863     -6.579948     -6.570085      2.759462
    435      0.006548      0.009822     -6.579905     -6.570083      2.758510
    436      0.006533      0.009800     -6.579873     -6.570073      2.757491
    437      0.006532      0.009797     -6.579868     -6.570071      2.756376
    438      0.006551      0.009827     -6.579903     -6.570076      2.755154
    439      0.006590      0.009885     -6.579963     -6.570078      2.753862
    440      0.006630      0.009945     -6.580025     -6.570079      2.752534
    441      0.006670      0.010005     -6.580084     -6.570080      2.751180
    442      0.006707      0.010061     -6.580141     -6.570080      2.749809
    443      0.006740      0.010110     -6.580189     -6.570080      2.748439
    444      0.006767      0.010151     -6.580229     -6.570078      2.747079
    445      0.006789      0.010184     -6.580262     -6.570078      2.745732
    446      0.006806      0.010208     -6.580283     -6.570075      2.744414
    447      0.006821      0.010232     -6.580306     -6.570074      2.743115
    448      0.006834      0.010250     -6.580324     -6.570074      2.741851
    449      0.006837      0.010256     -6.580331     -6.570075      2.740633
    450      0.006852      0.010278     -6.580373     -6.570095      2.739412
    451      0.006883      0.010325     -6.580420     -6.570095      2.738242
    452      0.006910      0.010365     -6.580460     -6.570095      2.737134
    453      0.006927      0.010391     -6.580486     -6.570095      2.736105
    454      0.006939      0.010408     -6.580500     -6.570092      2.735161
    455      0.006946      0.010419     -6.580515     -6.570096      2.734283
    456      0.006946      0.010420     -6.580514     -6.570094      2.733511
    457      0.006937      0.010405     -6.580502     -6.570097      2.732830
    458      0.006928      0.010393     -6.580485     -6.570092      2.732248
    459      0.006923      0.010385     -6.580481     -6.570096      2.731736
    460      0.006915      0.010372     -6.580467     -6.570095      2.731329
    461      0.006901      0.010352     -6.580445     -6.570093      2.731026
    462      0.006877      0.010316     -6.580408     -6.570092      2.730835
    463      0.006860      0.010291     -6.580380     -6.570090      2.730730
    464      0.006858      0.010287     -6.580379     -6.570091      2.730684
    465      0.006849      0.010274     -6.580365     -6.570092      2.730753
    466      0.006831      0.010247     -6.580338     -6.570091      2.730939
    467      0.006812      0.010218     -6.580306     -6.570087      2.731231
    468      0.006786      0.010179     -6.580266     -6.570087      2.731628
    469      0.006745      0.010117     -6.580205     -6.570088      2.732149
    470      0.006702      0.010052     -6.580137     -6.570085      2.732782
    471      0.006659      0.009989     -6.580079     -6.570090      2.733494
    472      0.006623      0.009934     -6.580046     -6.570112      2.734255
    473      0.006604      0.009906     -6.580010     -6.570104      2.735122
    474      0.006590      0.009885     -6.579988     -6.570102      2.736048
    475      0.006566      0.009850     -6.579952     -6.570102      2.737062
    476      0.006548      0.009821     -6.579920     -6.570098      2.738147
    477      0.006535      0.009802     -6.579900     -6.570098      2.739281
    478      0.006511      0.009766     -6.579864     -6.570098      2.740493
    479      0.006477      0.009716     -6.579815     -6.570099      2.741774
    480      0.006437      0.009656     -6.579756     -6.570100      2.743111
    481      0.006394      0.009590     -6.579694     -6.570104      2.744487
    482      0.006343      0.009515     -6.579619     -6.570104      2.745911
    483      0.006285      0.009427     -6.579531     -6.570104      2.747372
    484      0.006235      0.009352     -6.579472     -6.570120      2.748800
    485      0.006200      0.009300     -6.579414     -6.570115      2.750243
    486      0.006167      0.009250     -6.579365     -6.570114      2.751660
    487      0.006132      0.009199     -6.579313     -6.570114      2.753062
    488      0.006100      0.009150     -6.579266     -6.570116      2.754428
    489      0.006071      0.009107     -6.579222     -6.570115      2.755760
    490      0.006045      0.009067     -6.579183     -6.570116      2.757044
    491      0.006022      0.009033     -6.579151     -6.570118      2.758276
    492      0.006002      0.009004     -6.579121     -6.570117      2.759457
    493      0.005985      0.008978     -6.579096     -6.570118      2.760578
    494      0.005973      0.008959     -6.579077     -6.570117      2.761637
    495      0.005969      0.008953     -6.579073     -6.570120      2.762618
    496      0.005975      0.008963     -6.579087     -6.570124      2.763517
    497      0.005991      0.008986     -6.579111     -6.570125      2.764349
    498      0.006011      0.009017     -6.579142     -6.570125      2.765118
    499      0.006040      0.009060     -6.579182     -6.570122      2.765826
    500      0.006078      0.009117     -6.579240     -6.570122      2.766459
    501      0.006117      0.009175     -6.579297     -6.570123      2.767049
    502      0.006154      0.009231     -6.579357     -6.570126      2.767596
    503      0.006195      0.009293     -6.579417     -6.570124      2.768111
    504      0.006236      0.009354     -6.579477     -6.570123      2.768598
    505      0.006268      0.009402     -6.579525     -6.570123      2.769079
    506      0.006293      0.009439     -6.579563     -6.570124      2.769557
    507      0.006312      0.009469     -6.579596     -6.570128      2.770029
    508      0.006323      0.009485     -6.579612     -6.570128      2.770520
    509      0.006323      0.009484     -6.579609     -6.570125      2.771035
    510      0.006311      0.009467     -6.579592     -6.570125      2.771568
    511      0.006290      0.009435     -6.579561     -6.570127      2.772118
    512      0.006261      0.009392     -6.579516     -6.570125      2.772690
    513      0.006221      0.009332     -6.579457     -6.570125      2.773280
    514      0.006168      0.009252     -6.579377     -6.570125      2.773893
    515      0.006103      0.009155     -6.579280     -6.570125      2.774524
    516      0.006028      0.009042     -6.579166     -6.570124      2.775168
    517      0.005962      0.008942     -6.579078     -6.570135      2.775762
    518      0.005905      0.008858     -6.578996     -6.570138      2.776343
    519      0.005848      0.008772     -6.578914     -6.570143      2.776904
    520      0.005787      0.008680     -6.578823     -6.570142      2.777458
    521      0.005718      0.008577     -6.578719     -6.570142      2.777998
    522      0.005648      0.008472     -6.578614     -6.570142      2.778500
    523      0.005580      0.008370     -6.578512     -6.570143      2.778952
    524      0.005516      0.008274     -6.578421     -6.570147      2.779335
    525      0.005455      0.008183     -6.578329     -6.570146      2.779661
    526      0.005397      0.008096     -6.578244     -6.570148      2.779906
    527      0.005346      0.008019     -6.578173     -6.570154      2.780056
    528      0.005300      0.007950     -6.578103     -6.570153      2.780129
    529      0.005256      0.007884     -6.578037     -6.570153      2.780113
    530      0.005221      0.007831     -6.577982     -6.570151      2.779991
    531      0.005200      0.007800     -6.577951     -6.570151      2.779744
    532      0.005191      0.007787     -6.577938     -6.570151      2.779373
    533      0.005193      0.007789     -6.577938     -6.570148      2.778880
    534      0.005206      0.007810     -6.577957     -6.570147      2.778252
    535      0.005248      0.007872     -6.578017     -6.570146      2.777469
    536      0.005316      0.007974     -6.578119     -6.570145      2.776526
    537      0.005393      0.008090     -6.578235     -6.570145      2.775458
    538      0.005477      0.008216     -6.578360     -6.570144      2.774275
    539      0.005581      0.008371     -6.578501     -6.570130      2.772989
    540      0.005712      0.008569     -6.578692     -6.570123      2.771551
    541      0.005859      0.008789     -6.578912     -6.570123      2.769990
    542      0.006017      0.009025     -6.579152     -6.570127      2.768330
    543      0.006183      0.009274     -6.579402     -6.570128      2.766601
    544      0.006347      0.009520     -6.579648     -6.570128      2.764834
    545      0.006508      0.009762     -6.579890     -6.570128      2.763045
    546      0.006667      0.010001     -6.580130     -6.570129      2.761247
    547      0.006822      0.010233     -6.580362     -6.570129      2.759463
    548      0.006965      0.010447     -6.580577     -6.570129      2.757721
    549      0.007099      0.010648     -6.580777     -6.570130      2.756032
    550      0.007224      0.010836     -6.580966     -6.570130      2.754409
    551      0.007349      0.011024     -6.581167     -6.570142      2.752823
    552      0.007480      0.011220     -6.581365     -6.570145      2.751323
    553      0.007600      0.011400     -6.581546     -6.570146      2.749934
    554      0.007701      0.011551     -6.581696     -6.570145      2.748691
    555      0.007780      0.011670     -6.581816     -6.570145      2.747599
    556      0.007843      0.011765     -6.581910     -6.570145      2.746664
    557      0.007887      0.011830     -6.581975     -6.570145      2.745897
    558      0.007902      0.011853     -6.581998     -6.570145      2.745322
    559      0.007899      0.011848     -6.581999     -6.570151      2.744912
    560      0.007883      0.011825     -6.581976     -6.570151      2.744679
    561      0.007848      0.011772     -6.581922     -6.570150      2.744631
    562      0.007799      0.011698     -6.581858     -6.570160      2.744734
    563      0.007744      0.011615     -6.581780     -6.570164      2.744999
    564      0.007673      0.011509     -6.581673     -6.570165      2.745436
    565      0.007586      0.011379     -6.581540     -6.570161      2.746037
    566      0.007485      0.011228     -6.581389     -6.570161      2.746776
    567      0.007366      0.011049     -6.581207     -6.570158      2.747669
    568      0.007242      0.010864     -6.581033     -6.570169      2.748646
    569      0.007119      0.010678     -6.580853     -6.570175      2.749719
    570      0.006987      0.010480     -6.580654     -6.570174      2.750891
    571      0.006844      0.010266     -6.580441     -6.570174      2.752130
    572      0.006697      0.010045     -6.580217     -6.570172      2.753419
    573      0.006549      0.009824     -6.579996     -6.570172      2.754721
    574      0.006400      0.009600     -6.579772     -6.570172      2.756028
    575      0.006251      0.009376     -6.579549     -6.570172      2.757318
    576      0.006114      0.009172     -6.579335     -6.570164      2.758568
    577      0.006012      0.009019     -6.579177     -6.570159      2.759705
    578      0.005943      0.008914     -6.579075     -6.570161      2.760727
    579      0.005898      0.008847     -6.579022     -6.570176      2.761632
    580      0.005871      0.008807     -6.578983     -6.570176      2.762472
    581      0.005851      0.008776     -6.578952     -6.570176      2.763237
    582      0.005835      0.008752     -6.578928     -6.570176      2.763920
    583      0.005822      0.008733     -6.578911     -6.570177      2.764517
    584      0.005826      0.008740     -6.578922     -6.570182      2.764997
    585      0.005847      0.008770     -6.578953     -6.570183      2.765382
    586      0.005874      0.008811     -6.579002     -6.570191      2.765663
    587      0.005909      0.008863     -6.579052     -6.570189      2.765877
    588      0.005944      0.008915     -6.579105     -6.570189      2.766015
    589      0.005983      0.008975     -6.579157     -6.570183      2.766090
    590      0.006033      0.009050     -6.579232     -6.570182      2.766070
    591      0.006087      0.009130     -6.579312     -6.570182      2.765988
    592      0.006152      0.009228     -6.579392     -6.570165      2.765864
    593      0.006227      0.009341     -6.579505     -6.570164      2.765649
    594      0.006302      0.009453     -6.579617     -6.570163      2.765397
    595      0.006391      0.009587     -6.579760     -6.570173      2.765074
    596      0.006494      0.009741     -6.579910     -6.570169      2.764729
    597      0.006593      0.009890     -6.580056     -6.570166      2.764369
    598      0.006686      0.010029     -6.580195     -6.570166      2.764009
    599      0.006768      0.010152     -6.580318     -6.570166      2.763669
    600      0.006837      0.010255     -6.580421     -6.570166      2.763363
    601      0.006892      0.010338     -6.580504     -6.570165      2.763102
    602      0.006935      0.010403     -6.580569     -6.570165      2.762884
    603      0.006968      0.010451     -6.580614     -6.570163      2.762719
    604      0.006986      0.010479     -6.580643     -6.570163      2.762605
    605      0.006989      0.010484     -6.580647     -6.570163      2.762556
    606      0.006978      0.010467     -6.580631     -6.570164      2.762568
    607      0.006956      0.010433     -6.580598     -6.570165      2.762637
    608      0.006923      0.010384     -6.580550     -6.570165      2.762759
    609      0.006882      0.010322     -6.580491     -6.570168      2.762919
    610      0.006847      0.010271     -6.580435     -6.570164      2.763109
    611      0.006816      0.010225     -6.580390     -6.570166      2.763306
    612      0.006773      0.010159     -6.580325     -6.570166      2.763547
    613      0.006724      0.010085     -6.580246     -6.570160      2.763823
    614      0.006671      0.010006     -6.580166     -6.570160      2.764100
    615      0.006608      0.009912     -6.580074     -6.570161      2.764390
    616      0.006553      0.009830     -6.579985     -6.570155      2.764676
    617      0.006511      0.009767     -6.579922     -6.570155      2.764901
    618      0.006471      0.009706     -6.579861     -6.570155      2.765093
    619      0.006429      0.009643     -6.579798     -6.570155      2.765251
    620      0.006385      0.009578     -6.579733     -6.570155      2.765369
    621      0.006342      0.009513     -6.579668     -6.570155      2.765441
    622      0.006300      0.009449     -6.579604     -6.570155      2.765462
    623      0.006272      0.009407     -6.579551     -6.570144      2.765426
    624      0.006261      0.009391     -6.579535     -6.570144      2.765284
    625      0.006255      0.009382     -6.579526     -6.570144      2.765075
    626      0.006255      0.009382     -6.579531     -6.570149      2.764793
    627      0.006261      0.009391     -6.579541     -6.570150      2.764453
    628      0.006272      0.009408     -6.579561     -6.570153      2.764054
    629      0.006293      0.009439     -6.579589     -6.570151      2.763604
    630      0.006318      0.009477     -6.579627     -6.570149      2.763107
    631      0.006360      0.009539     -6.579686     -6.570147      2.762558
    632      0.006419      0.009628     -6.579777     -6.570149      2.761945
    633      0.006479      0.009719     -6.579868     -6.570149      2.761316
    634      0.006551      0.009827     -6.579979     -6.570152      2.760658
    635      0.006633      0.009950     -6.580103     -6.570153      2.759989
    636      0.006711      0.010067     -6.580217     -6.570151      2.759346
    637      0.006795      0.010192     -6.580339     -6.570146      2.758715
    638      0.006892      0.010339     -6.580494     -6.570155      2.758056
    639      0.006990      0.010485     -6.580640     -6.570155      2.757450
    640      0.007078      0.010618     -6.580767     -6.570149      2.756920
    641      0.007159      0.010738     -6.580886     -6.570148      2.756451
    642      0.007233      0.010850     -6.580998     -6.570149      2.756051
    643      0.007299      0.010948     -6.581098     -6.570150      2.755735
    644      0.007353      0.011029     -6.581178     -6.570148      2.755519
    645      0.007400      0.011100     -6.581247     -6.570147      2.755399
    646      0.007432      0.011148     -6.581295     -6.570147      2.755390
    647      0.007444      0.011165     -6.581312     -6.570146      2.755509
    648      0.007436      0.011153     -6.581300     -6.570146      2.755751
    649      0.007408      0.011111     -6.581258     -6.570146      2.756120
    650      0.007359      0.011038     -6.581184     -6.570146      2.756613
    651      0.007289      0.010934     -6.581080     -6.570146      2.757225
    652      0.007202      0.010803     -6.580949     -6.570146      2.757947
    653      0.007101      0.010652     -6.580797     -6.570144      2.758763
    654      0.006993      0.010489     -6.580638     -6.570149      2.759639
    655      0.006876      0.010314     -6.580463     -6.570149      2.760590
    656      0.006755      0.010132     -6.580276     -6.570143      2.761597
    657      0.006632      0.009947     -6.580090     -6.570143      2.762626
    658      0.006502      0.009754     -6.579896     -6.570142      2.763683
    659      0.006373      0.009559     -6.579699     -6.570140      2.764753
    660      0.006247      0.009371     -6.579514     -6.570143      2.765800
    661      0.006121      0.009181     -6.579323     -6.570143      2.766845
    662      0.005991      0.008986     -6.579129     -6.570143      2.767872
    663      0.005860      0.008790     -6.578932     -6.570142      2.768867
    664      0.005730      0.008594     -6.578736     -6.570142      2.769816
    665      0.005607      0.008410     -6.578548     -6.570138      2.770699
    666      0.005495      0.008243     -6.578382     -6.570139      2.771484
    667      0.005396      0.008094     -6.578230     -6.570136      2.772176
    668      0.005307      0.007960     -6.578096     -6.570136      2.772759
    669      0.005226      0.007839     -6.577976     -6.570138      2.773235
    670      0.005154      0.007731     -6.577868     -6.570136      2.773601
    671      0.005099      0.007648     -6.577787     -6.570139      2.773826
    672      0.005066      0.007600     -6.577740     -6.570141      2.773903
    673      0.005056      0.007583     -6.577728     -6.570144      2.773829
    674      0.005060      0.007590     -6.577736     -6.570146      2.773624
    675      0.005078      0.007617     -6.577763     -6.570146      2.773294
    676      0.005108      0.007661     -6.577807     -6.570146      2.772837
    677      0.005149      0.007723     -6.577868     -6.570144      2.772262
    678      0.005203      0.007804     -6.577950     -6.570146      2.771564
    679      0.005265      0.007898     -6.578044     -6.570146      2.770765
    680      0.005347      0.008021     -6.578177     -6.570157      2.769834
    681      0.005448      0.008172     -6.578329     -6.570156      2.768817
    682      0.005556      0.008334     -6.578492     -6.570158      2.767723
    683      0.005668      0.008502     -6.578660     -6.570158      2.766575
    684      0.005781      0.008671     -6.578828     -6.570157      2.765390
    685      0.005892      0.008839     -6.578996     -6.570157      2.764178
    686      0.006000      0.008999     -6.579157     -6.570157      2.762962
    687      0.006116      0.009174     -6.579310     -6.570135      2.761769
    688      0.006249      0.009374     -6.579510     -6.570136      2.760525
    689      0.006382      0.009573     -6.579710     -6.570137      2.759305
    690      0.006520      0.009780     -6.579921     -6.570142      2.758114
    691      0.006662      0.009993     -6.580133     -6.570139      2.756973
    692      0.006797      0.010195     -6.580332     -6.570136      2.755903
    693      0.006920      0.010380     -6.580516     -6.570136      2.754916
    694      0.007028      0.010543     -6.580679     -6.570136      2.754031
    695      0.007119      0.010678     -6.580814     -6.570136      2.753261
    696      0.007190      0.010785     -6.580922     -6.570137      2.752609
    697      0.007243      0.010865     -6.581002     -6.570137      2.752082
    698      0.007286      0.010929     -6.581066     -6.570137      2.751667
    699      0.007326      0.010990     -6.581131     -6.570141      2.751338
    700      0.007357      0.011035     -6.581176     -6.570140      2.751126
    701      0.007373      0.011059     -6.581201     -6.570143      2.751025
    702      0.007380      0.011070     -6.581211     -6.570140      2.751034
    703      0.007376      0.011065     -6.581205     -6.570140      2.751142
    704      0.007365      0.011047     -6.581199     -6.570152      2.751327
    705      0.007347      0.011020     -6.581172     -6.570152      2.751628
    706      0.007315      0.010973     -6.581125     -6.570152      2.752027
    707      0.007275      0.010912     -6.581061     -6.570149      2.752521
    708      0.007223      0.010835     -6.580984     -6.570149      2.753092
    709      0.007160      0.010739     -6.580890     -6.570151      2.753738
    710      0.007092      0.010639     -6.580780     -6.570141      2.754459
    711      0.007022      0.010533     -6.580673     -6.570140      2.755208
    712      0.006946      0.010419     -6.580560     -6.570141      2.755992
    713      0.006863      0.010294     -6.580439     -6.570145      2.756805
    714      0.006773      0.010159     -6.580304     -6.570145      2.757653
    715      0.006676      0.010014     -6.580159     -6.570145      2.758517
    716      0.006571      0.009856     -6.580001     -6.570145      2.759393
    717      0.006462      0.009693     -6.579840     -6.570147      2.760256
    718      0.006351      0.009526     -6.579673     -6.570147      2.761102
    719      0.006264      0.009396     -6.579510     -6.570114      2.761935
    720      0.006205      0.009308     -6.579420     -6.570112      2.762635
    721      0.006146      0.009219     -6.579330     -6.570111      2.763295
    722      0.006084      0.009125     -6.579239     -6.570113      2.763908
    723      0.006025      0.009037     -6.579158     -6.570121      2.764449
    724      0.005971      0.008957     -6.579076     -6.570120      2.764942
    725      0.005919      0.008878     -6.578996     -6.570118      2.765369
    726      0.005865      0.008797     -6.578916     -6.570118      2.765728
    727      0.005816      0.008724     -6.578844     -6.570121      2.766001
    728      0.005773      0.008660     -6.578779     -6.570119      2.766195
    729      0.005734      0.008601     -6.578719     -6.570119      2.766302
    730      0.005700      0.008551     -6.578669     -6.570118      2.766319
    731      0.005671      0.008506     -6.578624     -6.570118      2.766248
    732      0.005651      0.008477     -6.578589     -6.570112      2.766089
    733      0.005650      0.008475     -6.578585     -6.570110      2.765800
    734      0.005671      0.008506     -6.578624     -6.570118      2.765360
    735      0.005715      0.008573     -6.578688     -6.570115      2.764813
    736      0.005772      0.008658     -6.578773     -6.570115      2.764149
    737      0.005834      0.008750     -6.578866     -6.570115      2.763396
    738      0.005897      0.008846     -6.578961     -6.570115      2.762565
    739      0.005967      0.008951     -6.579068     -6.570118      2.761650
    740      0.006044      0.009067     -6.579186     -6.570120      2.760663
    741      0.006162      0.009243     -6.579377     -6.570134      2.759537
    742      0.006326      0.009489     -6.579621     -6.570132      2.758313
    743      0.006498      0.009748     -6.579880     -6.570132      2.757027
    744      0.006673      0.010010     -6.580144     -6.570134      2.755711
    745      0.006846      0.010269     -6.580404     -6.570134      2.754394
    746      0.007015      0.010522     -6.580660     -6.570137      2.753090
    747      0.007181      0.010772     -6.580914     -6.570142      2.751811
    748      0.007340      0.011010     -6.581150     -6.570140      2.750599
    749      0.007496      0.011243     -6.581374     -6.570131      2.749461
    750      0.007645      0.011468     -6.581599     -6.570131      2.748386
    751      0.007783      0.011674     -6.581809     -6.570135      2.747407
    752      0.007904      0.011856     -6.581992     -6.570136      2.746558
    753      0.008022      0.012032     -6.582163     -6.570131      2.745834
    754      0.008135      0.012203     -6.582334     -6.570131      2.745220
    755      0.008232      0.012348     -6.582477     -6.570128      2.744762
    756      0.008309      0.012464     -6.582592     -6.570128      2.744461
    757      0.008360      0.012540     -6.582669     -6.570129      2.744340
    758      0.008392      0.012589     -6.582714     -6.570126      2.744397
    759      0.008413      0.012620     -6.582740     -6.570120      2.744615
    760      0.008431      0.012646     -6.582759     -6.570113      2.744977
    761      0.008436      0.012654     -6.582767     -6.570114      2.745486
    762      0.008414      0.012621     -6.582736     -6.570114      2.746175
    763      0.008368      0.012552     -6.582667     -6.570115      2.747034
    764      0.008297      0.012445     -6.582560     -6.570115      2.748058
    765      0.008201      0.012302     -6.582418     -6.570116      2.749228
    766      0.008090      0.012135     -6.582248     -6.570113      2.750529
    767      0.007965      0.011947     -6.582060     -6.570113      2.751927
    768      0.007821      0.011731     -6.581844     -6.570113      2.753421
    769      0.007661      0.011492     -6.581605     -6.570113      2.754991
    770      0.007490      0.011235     -6.581348     -6.570113      2.756612
    771      0.007320      0.010981     -6.581090     -6.570110      2.758245
    772      0.007162      0.010744     -6.580856     -6.570112      2.759839
    773      0.007011      0.010517     -6.580628     -6.570111      2.761406
    774      0.006861      0.010292     -6.580403     -6.570112      2.762933
    775      0.006713      0.010069     -6.580181     -6.570112      2.764410
    776      0.006572      0.009858     -6.579967     -6.570109      2.765817
    777      0.006443      0.009664     -6.579773     -6.570109      2.767130
    778      0.006321      0.009482     -6.579590     -6.570109      2.768351
    779      0.006209      0.009313     -6.579419     -6.570106      2.769478
    780      0.006108      0.009163     -6.579267     -6.570104      2.770494
    781      0.006026      0.009039     -6.579140     -6.570101      2.771394
    782      0.005968      0.008952     -6.579059     -6.570108      2.772146
    783      0.005926      0.008890     -6.578997     -6.570107      2.772795
    784      0.005896      0.008844     -6.578951     -6.570107      2.773343
    785      0.005873      0.008810     -6.578919     -6.570109      2.773799
    786      0.005860      0.008790     -6.578897     -6.570107      2.774179
    787      0.005856      0.008784     -6.578893     -6.570109      2.774475
    788      0.005860      0.008790     -6.578899     -6.570108      2.774713
    789      0.005870      0.008805     -6.578914     -6.570109      2.774898
    790      0.005880      0.008819     -6.578930     -6.570110      2.775057
    791      0.005893      0.008840     -6.578953     -6.570113      2.775188
    792      0.005908      0.008862     -6.578975     -6.570113      2.775317
    793      0.005935      0.008903     -6.579016     -6.570113      2.775434
    794      0.005974      0.008960     -6.579074     -6.570113      2.775552
    795      0.006001      0.009002     -6.579116     -6.570114      2.775714
    796      0.006017      0.009025     -6.579139     -6.570114      2.775934
    797      0.006023      0.009035     -6.579153     -6.570118      2.776206
    798      0.006023      0.009035     -6.579153     -6.570118      2.776538
    799      0.006012      0.009018     -6.579136     -6.570118      2.776932
    800      0.005990      0.008986     -6.579103     -6.570118      2.777388
    801      0.005961      0.008942     -6.579061     -6.570119      2.777895
    802      0.005927      0.008891     -6.579011     -6.570120      2.778446
    803      0.005887      0.008831     -6.578950     -6.570119      2.779047
    804      0.005837      0.008755     -6.578874     -6.570119      2.779693
    805      0.005775      0.008662     -6.578780     -6.570118      2.780380
    806      0.005706      0.008558     -6.578677     -6.570119      2.781088
    807      0.005629      0.008443     -6.578561     -6.570118      2.781812
    808      0.005552      0.008327     -6.578443     -6.570115      2.782529
    809      0.005477      0.008216     -6.578330     -6.570114      2.783211
    810      0.005402      0.008103     -6.578218     -6.570115      2.783853
    811      0.005335      0.008003     -6.578114     -6.570112      2.784437
    812      0.005285      0.007928     -6.578046     -6.570118      2.784911
    813      0.005248      0.007873     -6.577991     -6.570119      2.785301
    814      0.005218      0.007827     -6.577947     -6.570120      2.785595
    815      0.005196      0.007793     -6.577913     -6.570120      2.785788
    816      0.005181      0.007771     -6.577892     -6.570121      2.785865
    817      0.005173      0.007760     -6.577881     -6.570120      2.785826
    818      0.005172      0.007758     -6.577879     -6.570121      2.785663
    819      0.005180      0.007770     -6.577889     -6.570120      2.785371
    820      0.005202      0.007802     -6.577923     -6.570120      2.784929
    821      0.005237      0.007855     -6.577975     -6.570120      2.784345
    822      0.005280      0.007919     -6.578039     -6.570120      2.783629
    823      0.005330      0.007995     -6.578115     -6.570120      2.782781
    824      0.005396      0.008094     -6.578210     -6.570117      2.781795
    825      0.005480      0.008220     -6.578338     -6.570117      2.780655
    826      0.005575      0.008363     -6.578480     -6.570117      2.779391
    827      0.005676      0.008514     -6.578631     -6.570117      2.778017
    828      0.005780      0.008669     -6.578786     -6.570117      2.776549
    829      0.005891      0.008837     -6.578957     -6.570120      2.774978
    830      0.006012      0.009017     -6.579135     -6.570117      2.773330
    831      0.006138      0.009206     -6.579319     -6.570113      2.771614
    832      0.006268      0.009402     -6.579515     -6.570113      2.769832
    833      0.006398      0.009597     -6.579706     -6.570109      2.768025
    834      0.006523      0.009785     -6.579894     -6.570109      2.766195
    835      0.006639      0.009959     -6.580068     -6.570109      2.764374
    836      0.006745      0.010117     -6.580226     -6.570109      2.762572
    837      0.006842      0.010262     -6.580370     -6.570108      2.760800
    838      0.006934      0.010401     -6.580508     -6.570107      2.759054
    839      0.007020      0.010530     -6.580636     -6.570106      2.757350
    840      0.007099      0.010649     -6.580757     -6.570108      2.755688
    841      0.007169      0.010753     -6.580860     -6.570107      2.754095
    842      0.007221      0.010831     -6.580938     -6.570107      2.752584
    843      0.007256      0.010884     -6.580991     -6.570107      2.751163
    844      0.007279      0.010918     -6.581020     -6.570102      2.749838
    845      0.007288      0.010933     -6.581036     -6.570103      2.748590
    846      0.007279      0.010919     -6.581021     -6.570103      2.747447
    847      0.007253      0.010880     -6.580986     -6.570107      2.746397
    848      0.007218      0.010826     -6.580930     -6.570104      2.745446
    849      0.007173      0.010760     -6.580865     -6.570105      2.744573
    850      0.007119      0.010678     -6.580784     -6.570106      2.743783
    851      0.007055      0.010583     -6.580689     -6.570106      2.743079
    852      0.006982      0.010473     -6.580580     -6.570107      2.742451
    853      0.006909      0.010364     -6.580483     -6.570119      2.741866
    854      0.006843      0.010264     -6.580390     -6.570126      2.741335
    855      0.006780      0.010169     -6.580306     -6.570137      2.740850
    856      0.006721      0.010081     -6.580220     -6.570139      2.740427
    857      0.006670      0.010005     -6.580138     -6.570133      2.740053
    858      0.006630      0.009944     -6.580082     -6.570138      2.739686
    859      0.006616      0.009924     -6.580026     -6.570102      2.739386
    860      0.006625      0.009938     -6.580040     -6.570101      2.739022
    861      0.006630      0.009945     -6.580046     -6.570101      2.738705
    862      0.006641      0.009961     -6.580055     -6.570094      2.738426
    863      0.006658      0.009987     -6.580083     -6.570095      2.738159
    864      0.006674      0.010011     -6.580106     -6.570095      2.737936
    865      0.006691      0.010037     -6.580130     -6.570094      2.737750
    866      0.006714      0.010071     -6.580160     -6.570089      2.737600
    867      0.006746      0.010120     -6.580207     -6.570087      2.737469
    868      0.006784      0.010175     -6.580266     -6.570091      2.737356
    869      0.006821      0.010232     -6.580326     -6.570094      2.737285
    870      0.006853      0.010280     -6.580374     -6.570094      2.737272
    871      0.006877      0.010315     -6.580409     -6.570094      2.737318
    872      0.006894      0.010340     -6.580436     -6.570095      2.737414
    873      0.006907      0.010360     -6.580454     -6.570094      2.737558
    874      0.006918      0.010377     -6.580472     -6.570096      2.737731
    875      0.006929      0.010394     -6.580490     -6.570097      2.737934
    876      0.006940      0.010410     -6.580506     -6.570096      2.738166
    877      0.006945      0.010418     -6.580513     -6.570096      2.738437
    878      0.006947      0.010420     -6.580511     -6.570091      2.738745
    879      0.006954      0.010432     -6.580528     -6.570096      2.739044
    880      0.006966      0.010449     -6.580543     -6.570094      2.739362
    881      0.006977      0.010466     -6.580565     -6.570099      2.739677
    882      0.006989      0.010484     -6.580588     -6.570104      2.740000
    883      0.007002      0.010503     -6.580605     -6.570102      2.740339
    884      0.007016      0.010524     -6.580630     -6.570106      2.740668
    885      0.007035      0.010553     -6.580661     -6.570108      2.740994
    886      0.007056      0.010584     -6.580691     -6.570107      2.741322
    887      0.007082      0.010623     -6.580731     -6.570108      2.741640
    888      0.007119      0.010678     -6.580785     -6.570106      2.741944
    889      0.007159      0.010738     -6.580847     -6.570108      2.742237
    890      0.007198      0.010797     -6.580905     -6.570108      2.742541
    891      0.007234      0.010851     -6.580962     -6.570111      2.742852
    892      0.007270      0.010905     -6.581018     -6.570112      2.743179
    893      0.007307      0.010961     -6.581079     -6.570119      2.743512
    894      0.007371      0.011057     -6.581142     -6.570085      2.743898
    895      0.007465      0.011197     -6.581276     -6.570079      2.744214
    896      0.007557      0.011335     -6.581414     -6.570079      2.744553
    897      0.007639      0.011459     -6.581538     -6.570079      2.744956
    898      0.007710      0.011565     -6.581646     -6.570081      2.745433
    899      0.007770      0.011655     -6.581735     -6.570080      2.746006
    900      0.007817      0.011725     -6.581806     -6.570081      2.746676
    901      0.007851      0.011777     -6.581863     -6.570086      2.747450
    902      0.007870      0.011805     -6.581891     -6.570086      2.748361
    903      0.007867      0.011800     -6.581886     -6.570086      2.749419
    904      0.007841      0.011762     -6.581846     -6.570084      2.750632
    905      0.007793      0.011689     -6.581773     -6.570084      2.752001
    906      0.007728      0.011591     -6.581664     -6.570073      2.753542
    907      0.007649      0.011473     -6.581546     -6.570073      2.755207
    908      0.007553      0.011330     -6.581396     -6.570066      2.757032
    909      0.007440      0.011159     -6.581223     -6.570064      2.758993
    910      0.007302      0.010953     -6.581017     -6.570063      2.761097
    911      0.007141      0.010712     -6.580774     -6.570063      2.763338
    912      0.006980      0.010469     -6.580530     -6.570061      2.765667
    913      0.006820      0.010230     -6.580291     -6.570060      2.768055
    914      0.006646      0.009969     -6.580027     -6.570058      2.770523
    915      0.006459      0.009688     -6.579746     -6.570057      2.773040
    916      0.006259      0.009388     -6.579445     -6.570057      2.775596
    917      0.006048      0.009073     -6.579129     -6.570057      2.778163
    918      0.005835      0.008753     -6.578809     -6.570056      2.780707
    919      0.005627      0.008440     -6.578499     -6.570059      2.783184
    920      0.005423      0.008134     -6.578193     -6.570059      2.785589
    921      0.005223      0.007834     -6.577893     -6.570059      2.787896
    922      0.005031      0.007547     -6.577601     -6.570054      2.790083
    923      0.004851      0.007276     -6.577330     -6.570053      2.792109
    924      0.004682      0.007023     -6.577076     -6.570053      2.793962
    925      0.004528      0.006792     -6.576846     -6.570054      2.795618
    926      0.004393      0.006589     -6.576642     -6.570052      2.797058
    927      0.004278      0.006416     -6.576469     -6.570052      2.798260
    928      0.004188      0.006283     -6.576334     -6.570052      2.799205
    929      0.004128      0.006191     -6.576243     -6.570051      2.799881
    930      0.004090      0.006135     -6.576186     -6.570051      2.800293
    931      0.004078      0.006116     -6.576168     -6.570052      2.800436
    932      0.004092      0.006137     -6.576191     -6.570053      2.800310
    933      0.004129      0.006193     -6.576245     -6.570053      2.799935
    934      0.004188      0.006282     -6.576333     -6.570052      2.799318
    935      0.004269      0.006404     -6.576458     -6.570054      2.798461
    936      0.004391      0.006586     -6.576653     -6.570067      2.797339
    937      0.004552      0.006828     -6.576901     -6.570073      2.795988
    938      0.004729      0.007094     -6.577167     -6.570073      2.794472
    939      0.004915      0.007372     -6.577445     -6.570073      2.792815
    940      0.005109      0.007663     -6.577734     -6.570072      2.791045
    941      0.005308      0.007962     -6.578037     -6.570075      2.789176
    942      0.005507      0.008261     -6.578337     -6.570075      2.787260
    943      0.005700      0.008550     -6.578626     -6.570076      2.785327
    944      0.005884      0.008827     -6.578901     -6.570074      2.783406
    945      0.006057      0.009086     -6.579161     -6.570075      2.781518
    946      0.006227      0.009341     -6.579397     -6.570057      2.779708
    947      0.006395      0.009592     -6.579647     -6.570055      2.777928
    948      0.006550      0.009825     -6.579879     -6.570054      2.776243
    949      0.006694      0.010040     -6.580091     -6.570050      2.774666
    950      0.006819      0.010228     -6.580278     -6.570050      2.773213
    951      0.006920      0.010379     -6.580430     -6.570051      2.771907
    952      0.007002      0.010503     -6.580548     -6.570045      2.770761
    953      0.007079      0.010619     -6.580676     -6.570057      2.769706
    954      0.007145      0.010717     -6.580772     -6.570055      2.768815
    955      0.007183      0.010775     -6.580830     -6.570055      2.768087
    956      0.007206      0.010810     -6.580875     -6.570065      2.767485
    957      0.007215      0.010822     -6.580887     -6.570065      2.767037
    958      0.007198      0.010798     -6.580862     -6.570065      2.766733
    959      0.007161      0.010741     -6.580809     -6.570067      2.766547
    960      0.007106      0.010658     -6.580726     -6.570068      2.766469
    961      0.007035      0.010553     -6.580618     -6.570065      2.766479
    962      0.006955      0.010432     -6.580496     -6.570064      2.766542
    963      0.006865      0.010297     -6.580360     -6.570063      2.766637
    964      0.006771      0.010156     -6.580217     -6.570060      2.766741
    965      0.006675      0.010012     -6.580072     -6.570060      2.766822
    966      0.006575      0.009863     -6.579922     -6.570060      2.766871
    967      0.006480      0.009720     -6.579774     -6.570054      2.766864
    968      0.006395      0.009593     -6.579651     -6.570058      2.766746
    969      0.006320      0.009480     -6.579538     -6.570058      2.766532
    970      0.006259      0.009388     -6.579443     -6.570055      2.766198
    971      0.006212      0.009318     -6.579373     -6.570055      2.765723
    972      0.006187      0.009280     -6.579347     -6.570066      2.765076
    973      0.006187      0.009281     -6.579346     -6.570065      2.764286
    974      0.006201      0.009302     -6.579367     -6.570065      2.763346
    975      0.006231      0.009347     -6.579410     -6.570063      2.762263
    976      0.006282      0.009423     -6.579481     -6.570058      2.761035
    977      0.006357      0.009535     -6.579585     -6.570049      2.759668
    978      0.006447      0.009671     -6.579718     -6.570047      2.758182
    979      0.006542      0.009814     -6.579862     -6.570048      2.756614
    980      0.006640      0.009960     -6.580005     -6.570045      2.755000
    981      0.006736      0.010104     -6.580149     -6.570046      2.753348
    982      0.006830      0.010246     -6.580293     -6.570047      2.751680
    983      0.006922      0.010382     -6.580429     -6.570047      2.750019
    984      0.007006      0.010510     -6.580553     -6.570043      2.748392
    985      0.007091      0.010636     -6.580683     -6.570047      2.746783
    986      0.007167      0.010750     -6.580798     -6.570047      2.745244
    987      0.007234      0.010850     -6.580899     -6.570049      2.743783
    988      0.007291      0.010936     -6.580987     -6.570051      2.742414
    989      0.007329      0.010994     -6.581044     -6.570050      2.741173
    990      0.007348      0.011022     -6.581073     -6.570051      2.740063
    991      0.007347      0.011021     -6.581068     -6.570047      2.739101
    992      0.007338      0.011007     -6.581049     -6.570042      2.738267
    993      0.007318      0.010977     -6.581019     -6.570042      2.737556
    994      0.007277      0.010915     -6.580955     -6.570040      2.736997
    995      0.007219      0.010828     -6.580869     -6.570042      2.736567
    996      0.007144      0.010716     -6.580759     -6.570043      2.736268
    997      0.007056      0.010583     -6.580627     -6.570043      2.736092
    998      0.006959      0.010438     -6.580475     -6.570036      2.736031
    999      0.006858      0.010287     -6.580327     -6.570041      2.736032
   1000      0.006751      0.010126     -6.580168     -6.570041      2.736113
#
# Means      0.006374      0.009561     -6.579658     -6.570097      2.759407
