#
# MD1: a minimal molecular dynamics program
#
# # comentario
#  Input sample: 3x3.coord
#                                (only positions read from file)
# Output sample: 3x3.calc
# Number of steps:    1000, time step: 0.0030, total time:      3.0000
# Number of atoms:   108
# Box size:    4.648800    4.648800    4.648800, Volume:        100.467
# Density:    1.074982 (unchanged)
# Free evolution run.
#
#  Step   Temperature     Kinetic      Potential   Total Energy    Pressure
# -----  ------------  ------------  ------------  ------------  ------------
      1      0.000000      0.000000     -7.450736     -7.450736      0.237408
      2      0.000001      0.000001     -7.450737     -7.450736      0.237404
      3      0.000001      0.000002     -7.450739     -7.450736      0.237395
      4      0.000003      0.000004     -7.450741     -7.450736      0.237383
      5      0.000004      0.000007     -7.450743     -7.450736      0.237367
      6      0.000007      0.000010     -7.450746     -7.450736      0.237348
      7      0.000009      0.000014     -7.450750     -7.450736      0.237325
      8      0.000012      0.000018     -7.450754     -7.450736      0.237300
      9      0.000015      0.000022     -7.450759     -7.450736      0.237272
     10      0.000018      0.000027     -7.450763     -7.450736      0.237242
     11      0.000021      0.000032     -7.450768     -7.450736      0.237211
     12      0.000025      0.000037     -7.450774     -7.450736      0.237179
     13      0.000028      0.000043     -7.450779     -7.450736      0.237146
     14      0.000032      0.000048     -7.450784     -7.450736      0.237113
     15      0.000035      0.000053     -7.450790     -7.450736      0.237081
     16      0.000039      0.000058     -7.450795     -7.450736      0.237049
     17      0.000042      0.000063     -7.450800     -7.450736      0.237019
     18      0.000045      0.000068     -7.450804     -7.450736      0.236991
     19      0.000048      0.000072     -7.450809     -7.450736      0.236965
     20      0.000051      0.000076     -7.450813     -7.450736      0.236941
     21      0.000053      0.000080     -7.450816     -7.450736      0.236920
     22      0.000055      0.000083     -7.450819     -7.450736      0.236902
     23      0.000057      0.000086     -7.450822     -7.450736      0.236886
     24      0.000059      0.000089     -7.450825     -7.450736      0.236874
     25      0.000061      0.000091     -7.450828     -7.450736      0.236865
     26      0.000062      0.000093     -7.450830     -7.450736      0.236859
     27      0.000063      0.000095     -7.450831     -7.450736      0.236857
     28      0.000064      0.000096     -7.450833     -7.450736      0.236857
     29      0.000065      0.000098     -7.450834     -7.450736      0.236861
     30      0.000066      0.000099     -7.450835     -7.450736      0.236867
     31      0.000066      0.000099     -7.450836     -7.450736      0.236876
     32      0.000067      0.000100     -7.450837     -7.450736      0.236887
     33      0.000067      0.000101     -7.450837     -7.450736      0.236900
     34      0.000068      0.000102     -7.450838     -7.450736      0.236915
     35      0.000068      0.000102     -7.450839     -7.450736      0.236932
     36      0.000069      0.000103     -7.450839     -7.450736      0.236950
     37      0.000069      0.000104     -7.450840     -7.450736      0.236969
     38      0.000070      0.000105     -7.450841     -7.450736      0.236989
     39      0.000070      0.000106     -7.450842     -7.450736      0.237009
     40      0.000071      0.000107     -7.450843     -7.450736      0.237030
     41      0.000072      0.000108     -7.450844     -7.450736      0.237051
     42      0.000073      0.000109     -7.450846     -7.450736      0.237071
     43      0.000074      0.000111     -7.450847     -7.450736      0.237091
     44      0.000075      0.000113     -7.450849     -7.450736      0.237110
     45      0.000077      0.000115     -7.450852     -7.450736      0.237128
     46      0.000079      0.000118     -7.450854     -7.450736      0.237146
     47      0.000081      0.000121     -7.450857     -7.450736      0.237162
     48      0.000083      0.000124     -7.450860     -7.450736      0.237177
     49      0.000085      0.000127     -7.450864     -7.450736      0.237191
     50      0.000088      0.000131     -7.450868     -7.450736      0.237204
     51      0.000090      0.000135     -7.450872     -7.450736      0.237215
     52      0.000093      0.000140     -7.450876     -7.450736      0.237226
     53      0.000096      0.000144     -7.450881     -7.450736      0.237236
     54      0.000099      0.000149     -7.450885     -7.450736      0.237246
     55      0.000103      0.000154     -7.450890     -7.450736      0.237255
     56      0.000106      0.000159     -7.450895     -7.450736      0.237264
     57      0.000109      0.000164     -7.450900     -7.450736      0.237273
     58      0.000113      0.000169     -7.450905     -7.450736      0.237282
     59      0.000116      0.000174     -7.450910     -7.450736      0.237293
     60      0.000119      0.000179     -7.450915     -7.450736      0.237304
     61      0.000122      0.000183     -7.450919     -7.450736      0.237317
     62      0.000125      0.000187     -7.450924     -7.450736      0.237331
     63      0.000128      0.000191     -7.450928     -7.450736      0.237347
     64      0.000130      0.000195     -7.450931     -7.450736      0.237364
     65      0.000132      0.000198     -7.450935     -7.450736      0.237384
     66      0.000134      0.000201     -7.450938     -7.450736      0.237407
     67      0.000136      0.000204     -7.450940     -7.450736      0.237432
     68      0.000137      0.000206     -7.450942     -7.450736      0.237459
     69      0.000138      0.000207     -7.450943     -7.450736      0.237489
     70      0.000139      0.000208     -7.450944     -7.450736      0.237521
     71      0.000139      0.000208     -7.450945     -7.450736      0.237556
     72      0.000139      0.000208     -7.450945     -7.450736      0.237593
     73      0.000139      0.000208     -7.450944     -7.450736      0.237633
     74      0.000138      0.000207     -7.450943     -7.450736      0.237674
     75      0.000137      0.000206     -7.450942     -7.450736      0.237717
     76      0.000136      0.000205     -7.450941     -7.450736      0.237761
     77      0.000135      0.000203     -7.450939     -7.450736      0.237807
     78      0.000134      0.000201     -7.450937     -7.450736      0.237853
     79      0.000133      0.000199     -7.450935     -7.450736      0.237900
     80      0.000131      0.000197     -7.450933     -7.450736      0.237947
     81      0.000130      0.000195     -7.450931     -7.450736      0.237994
     82      0.000128      0.000193     -7.450929     -7.450736      0.238041
     83      0.000127      0.000190     -7.450927     -7.450736      0.238087
     84      0.000126      0.000189     -7.450925     -7.450736      0.238132
     85      0.000125      0.000187     -7.450923     -7.450736      0.238175
     86      0.000123      0.000185     -7.450922     -7.450736      0.238217
     87      0.000122      0.000184     -7.450920     -7.450736      0.238257
     88      0.000122      0.000183     -7.450919     -7.450736      0.238296
     89      0.000121      0.000182     -7.450918     -7.450736      0.238332
     90      0.000121      0.000181     -7.450917     -7.450736      0.238367
     91      0.000120      0.000181     -7.450917     -7.450736      0.238399
     92      0.000120      0.000180     -7.450917     -7.450736      0.238429
     93      0.000120      0.000181     -7.450917     -7.450736      0.238457
     94      0.000121      0.000181     -7.450918     -7.450736      0.238483
     95      0.000121      0.000182     -7.450918     -7.450736      0.238507
     96      0.000122      0.000183     -7.450919     -7.450736      0.238530
     97      0.000123      0.000184     -7.450920     -7.450736      0.238550
     98      0.000124      0.000185     -7.450922     -7.450736      0.238569
     99      0.000125      0.000187     -7.450924     -7.450736      0.238587
    100      0.000126      0.000189     -7.450925     -7.450737      0.238603
    101      0.000127      0.000191     -7.450927     -7.450737      0.238619
    102      0.000128      0.000192     -7.450929     -7.450737      0.238635
    103      0.000129      0.000194     -7.450931     -7.450737      0.238650
    104      0.000130      0.000196     -7.450932     -7.450737      0.238665
    105      0.000131      0.000197     -7.450934     -7.450737      0.238680
    106      0.000132      0.000198     -7.450935     -7.450737      0.238696
    107      0.000133      0.000199     -7.450936     -7.450737      0.238713
    108      0.000133      0.000200     -7.450937     -7.450737      0.238730
    109      0.000134      0.000200     -7.450937     -7.450737      0.238748
    110      0.000134      0.000201     -7.450937     -7.450737      0.238768
    111      0.000134      0.000200     -7.450937     -7.450737      0.238788
    112      0.000133      0.000200     -7.450936     -7.450737      0.238810
    113      0.000132      0.000199     -7.450935     -7.450737      0.238833
    114      0.000132      0.000197     -7.450934     -7.450737      0.238857
    115      0.000130      0.000196     -7.450932     -7.450737      0.238882
    116      0.000129      0.000194     -7.450930     -7.450737      0.238908
    117      0.000128      0.000192     -7.450928     -7.450737      0.238935
    118      0.000126      0.000189     -7.450926     -7.450737      0.238962
    119      0.000125      0.000187     -7.450924     -7.450737      0.238989
    120      0.000123      0.000184     -7.450921     -7.450737      0.239016
    121      0.000121      0.000182     -7.450918     -7.450737      0.239043
    122      0.000120      0.000179     -7.450916     -7.450737      0.239069
    123      0.000118      0.000177     -7.450913     -7.450737      0.239094
    124      0.000116      0.000174     -7.450911     -7.450737      0.239118
    125      0.000115      0.000172     -7.450909     -7.450737      0.239141
    126      0.000114      0.000170     -7.450907     -7.450737      0.239163
    127      0.000112      0.000169     -7.450905     -7.450737      0.239182
    128      0.000112      0.000167     -7.450904     -7.450737      0.239199
    129      0.000111      0.000166     -7.450903     -7.450737      0.239214
    130      0.000111      0.000166     -7.450902     -7.450737      0.239227
    131      0.000110      0.000166     -7.450902     -7.450737      0.239237
    132      0.000110      0.000166     -7.450902     -7.450737      0.239245
    133      0.000111      0.000166     -7.450903     -7.450737      0.239251
    134      0.000111      0.000167     -7.450904     -7.450737      0.239254
    135      0.000112      0.000169     -7.450905     -7.450736      0.239255
    136      0.000113      0.000170     -7.450907     -7.450737      0.239253
    137      0.000115      0.000172     -7.450909     -7.450737      0.239249
    138      0.000116      0.000174     -7.450911     -7.450737      0.239243
    139      0.000118      0.000177     -7.450913     -7.450737      0.239236
    140      0.000120      0.000179     -7.450916     -7.450737      0.239227
    141      0.000121      0.000182     -7.450919     -7.450737      0.239217
    142      0.000123      0.000185     -7.450921     -7.450737      0.239206
    143      0.000125      0.000188     -7.450924     -7.450737      0.239195
    144      0.000127      0.000191     -7.450927     -7.450737      0.239182
    145      0.000129      0.000194     -7.450930     -7.450737      0.239170
    146      0.000131      0.000196     -7.450933     -7.450737      0.239157
    147      0.000133      0.000199     -7.450936     -7.450737      0.239145
    148      0.000135      0.000202     -7.450938     -7.450737      0.239132
    149      0.000136      0.000205     -7.450941     -7.450737      0.239121
    150      0.000138      0.000207     -7.450944     -7.450737      0.239110
    151      0.000139      0.000209     -7.450946     -7.450737      0.239100
    152      0.000141      0.000211     -7.450948     -7.450737      0.239092
    153      0.000142      0.000213     -7.450949     -7.450737      0.239084
    154      0.000143      0.000214     -7.450951     -7.450737      0.239078
    155      0.000143      0.000215     -7.450952     -7.450737      0.239074
    156      0.000144      0.000216     -7.450952     -7.450737      0.239071
    157      0.000144      0.000216     -7.450953     -7.450737      0.239069
    158      0.000144      0.000216     -7.450953     -7.450737      0.239069
    159      0.000144      0.000216     -7.450953     -7.450737      0.239070
    160      0.000144      0.000216     -7.450953     -7.450737      0.239072
    161      0.000144      0.000215     -7.450952     -7.450737      0.239076
    162      0.000143      0.000215     -7.450952     -7.450737      0.239080
    163      0.000143      0.000214     -7.450951     -7.450737      0.239085
    164      0.000142      0.000213     -7.450950     -7.450737      0.239091
    165      0.000141      0.000212     -7.450949     -7.450737      0.239098
    166      0.000140      0.000211     -7.450947     -7.450737      0.239105
    167      0.000139      0.000209     -7.450946     -7.450737      0.239112
    168      0.000139      0.000208     -7.450945     -7.450737      0.239119
    169      0.000138      0.000206     -7.450943     -7.450737      0.239126
    170      0.000137      0.000205     -7.450942     -7.450737      0.239133
    171      0.000136      0.000204     -7.450940     -7.450737      0.239139
    172      0.000135      0.000202     -7.450939     -7.450737      0.239145
    173      0.000134      0.000201     -7.450938     -7.450737      0.239150
    174      0.000133      0.000200     -7.450937     -7.450737      0.239155
    175      0.000133      0.000199     -7.450935     -7.450737      0.239158
    176      0.000132      0.000198     -7.450934     -7.450737      0.239161
    177      0.000131      0.000197     -7.450934     -7.450737      0.239162
    178      0.000131      0.000196     -7.450933     -7.450737      0.239163
    179      0.000131      0.000196     -7.450933     -7.450737      0.239162
    180      0.000130      0.000196     -7.450932     -7.450737      0.239160
    181      0.000130      0.000196     -7.450932     -7.450737      0.239157
    182      0.000131      0.000196     -7.450932     -7.450737      0.239153
    183      0.000131      0.000196     -7.450933     -7.450737      0.239147
    184      0.000131      0.000196     -7.450933     -7.450737      0.239141
    185      0.000131      0.000197     -7.450934     -7.450737      0.239134
    186      0.000132      0.000198     -7.450934     -7.450737      0.239126
    187      0.000132      0.000198     -7.450935     -7.450737      0.239117
    188      0.000133      0.000199     -7.450935     -7.450737      0.239107
    189      0.000133      0.000199     -7.450936     -7.450737      0.239097
    190      0.000134      0.000200     -7.450937     -7.450737      0.239086
    191      0.000134      0.000201     -7.450938     -7.450737      0.239075
    192      0.000135      0.000202     -7.450939     -7.450737      0.239063
    193      0.000135      0.000203     -7.450940     -7.450737      0.239050
    194      0.000136      0.000204     -7.450941     -7.450737      0.239037
    195      0.000137      0.000205     -7.450942     -7.450737      0.239024
    196      0.000137      0.000206     -7.450943     -7.450737      0.239011
    197      0.000138      0.000207     -7.450944     -7.450737      0.238997
    198      0.000139      0.000208     -7.450945     -7.450737      0.238983
    199      0.000139      0.000209     -7.450946     -7.450737      0.238968
    200      0.000140      0.000210     -7.450947     -7.450737      0.238953
    201      0.000141      0.000212     -7.450948     -7.450737      0.238938
    202      0.000142      0.000213     -7.450950     -7.450737      0.238922
    203      0.000143      0.000214     -7.450951     -7.450737      0.238907
    204      0.000144      0.000215     -7.450952     -7.450737      0.238891
    205      0.000144      0.000217     -7.450953     -7.450737      0.238874
    206      0.000145      0.000218     -7.450954     -7.450737      0.238858
    207      0.000146      0.000219     -7.450956     -7.450737      0.238841
    208      0.000147      0.000220     -7.450957     -7.450737      0.238824
    209      0.000148      0.000222     -7.450958     -7.450737      0.238806
    210      0.000148      0.000223     -7.450959     -7.450737      0.238789
    211      0.000149      0.000224     -7.450960     -7.450737      0.238771
    212      0.000150      0.000225     -7.450962     -7.450736      0.238753
    213      0.000151      0.000226     -7.450963     -7.450737      0.238734
    214      0.000152      0.000227     -7.450964     -7.450737      0.238716
    215      0.000152      0.000229     -7.450965     -7.450737      0.238697
    216      0.000153      0.000229     -7.450966     -7.450737      0.238678
    217      0.000154      0.000230     -7.450967     -7.450737      0.238660
    218      0.000154      0.000231     -7.450968     -7.450737      0.238641
    219      0.000155      0.000232     -7.450969     -7.450737      0.238623
    220      0.000155      0.000233     -7.450969     -7.450737      0.238604
    221      0.000155      0.000233     -7.450970     -7.450737      0.238586
    222      0.000156      0.000234     -7.450970     -7.450737      0.238568
    223      0.000156      0.000234     -7.450971     -7.450737      0.238550
    224      0.000156      0.000235     -7.450971     -7.450737      0.238532
    225      0.000157      0.000235     -7.450972     -7.450737      0.238515
    226      0.000157      0.000235     -7.450972     -7.450737      0.238498
    227      0.000157      0.000235     -7.450972     -7.450737      0.238482
    228      0.000157      0.000235     -7.450972     -7.450737      0.238466
    229      0.000156      0.000234     -7.450971     -7.450737      0.238451
    230      0.000156      0.000234     -7.450971     -7.450737      0.238436
    231      0.000155      0.000233     -7.450970     -7.450737      0.238422
    232      0.000155      0.000232     -7.450969     -7.450737      0.238409
    233      0.000154      0.000231     -7.450968     -7.450737      0.238395
    234      0.000153      0.000230     -7.450967     -7.450737      0.238383
    235      0.000153      0.000229     -7.450966     -7.450737      0.238371
    236      0.000152      0.000228     -7.450964     -7.450737      0.238359
    237      0.000151      0.000226     -7.450963     -7.450737      0.238347
    238      0.000150      0.000225     -7.450962     -7.450737      0.238335
    239      0.000149      0.000224     -7.450961     -7.450737      0.238324
    240      0.000148      0.000223     -7.450959     -7.450737      0.238313
    241      0.000148      0.000221     -7.450958     -7.450737      0.238302
    242      0.000147      0.000220     -7.450957     -7.450737      0.238291
    243      0.000146      0.000219     -7.450956     -7.450737      0.238280
    244      0.000145      0.000217     -7.450954     -7.450737      0.238268
    245      0.000144      0.000216     -7.450953     -7.450737      0.238257
    246      0.000143      0.000215     -7.450952     -7.450737      0.238246
    247      0.000142      0.000214     -7.450950     -7.450737      0.238234
    248      0.000142      0.000213     -7.450949     -7.450737      0.238223
    249      0.000141      0.000212     -7.450948     -7.450737      0.238211
    250      0.000140      0.000211     -7.450947     -7.450737      0.238199
    251      0.000140      0.000210     -7.450946     -7.450737      0.238186
    252      0.000139      0.000209     -7.450946     -7.450737      0.238174
    253      0.000139      0.000208     -7.450945     -7.450737      0.238161
    254      0.000138      0.000207     -7.450944     -7.450737      0.238148
    255      0.000138      0.000207     -7.450944     -7.450737      0.238134
    256      0.000138      0.000207     -7.450944     -7.450737      0.238121
    257      0.000138      0.000206     -7.450943     -7.450737      0.238108
    258      0.000137      0.000206     -7.450943     -7.450737      0.238094
    259      0.000137      0.000206     -7.450943     -7.450737      0.238081
    260      0.000137      0.000206     -7.450942     -7.450737      0.238068
    261      0.000137      0.000205     -7.450942     -7.450737      0.238055
    262      0.000137      0.000205     -7.450942     -7.450737      0.238043
    263      0.000136      0.000205     -7.450941     -7.450737      0.238030
    264      0.000136      0.000204     -7.450941     -7.450737      0.238018
    265      0.000136      0.000204     -7.450940     -7.450737      0.238007
    266      0.000135      0.000203     -7.450940     -7.450737      0.237995
    267      0.000135      0.000202     -7.450939     -7.450737      0.237984
    268      0.000134      0.000202     -7.450938     -7.450737      0.237974
    269      0.000134      0.000201     -7.450938     -7.450737      0.237964
    270      0.000133      0.000200     -7.450937     -7.450737      0.237955
    271      0.000133      0.000199     -7.450936     -7.450737      0.237945
    272      0.000132      0.000199     -7.450935     -7.450737      0.237936
    273      0.000132      0.000198     -7.450935     -7.450737      0.237926
    274      0.000132      0.000198     -7.450935     -7.450737      0.237917
    275      0.000132      0.000198     -7.450935     -7.450737      0.237908
    276      0.000132      0.000198     -7.450935     -7.450737      0.237899
    277      0.000132      0.000198     -7.450935     -7.450737      0.237890
    278      0.000132      0.000199     -7.450935     -7.450737      0.237881
    279      0.000133      0.000199     -7.450936     -7.450737      0.237873
    280      0.000133      0.000199     -7.450936     -7.450737      0.237865
    281      0.000133      0.000200     -7.450937     -7.450737      0.237857
    282      0.000134      0.000201     -7.450938     -7.450737      0.237849
    283      0.000134      0.000202     -7.450939     -7.450737      0.237841
    284      0.000135      0.000202     -7.450940     -7.450737      0.237834
    285      0.000136      0.000203     -7.450940     -7.450737      0.237827
    286      0.000136      0.000204     -7.450941     -7.450737      0.237821
    287      0.000137      0.000205     -7.450942     -7.450737      0.237815
    288      0.000138      0.000206     -7.450943     -7.450737      0.237809
    289      0.000138      0.000208     -7.450945     -7.450737      0.237804
    290      0.000139      0.000209     -7.450946     -7.450737      0.237799
    291      0.000140      0.000210     -7.450947     -7.450737      0.237795
    292      0.000141      0.000211     -7.450948     -7.450737      0.237791
    293      0.000142      0.000212     -7.450949     -7.450737      0.237788
    294      0.000142      0.000213     -7.450951     -7.450737      0.237786
    295      0.000143      0.000214     -7.450951     -7.450737      0.237785
    296      0.000143      0.000215     -7.450952     -7.450737      0.237785
    297      0.000144      0.000216     -7.450953     -7.450737      0.237785
    298      0.000144      0.000216     -7.450953     -7.450737      0.237787
    299      0.000145      0.000217     -7.450954     -7.450737      0.237789
    300      0.000145      0.000217     -7.450954     -7.450737      0.237793
    301      0.000145      0.000218     -7.450954     -7.450737      0.237797
    302      0.000145      0.000217     -7.450954     -7.450737      0.237803
    303      0.000145      0.000217     -7.450954     -7.450737      0.237809
    304      0.000145      0.000217     -7.450954     -7.450737      0.237817
    305      0.000144      0.000217     -7.450954     -7.450737      0.237825
    306      0.000144      0.000216     -7.450953     -7.450737      0.237835
    307      0.000144      0.000216     -7.450953     -7.450737      0.237844
    308      0.000144      0.000215     -7.450952     -7.450737      0.237855
    309      0.000143      0.000215     -7.450952     -7.450737      0.237866
    310      0.000143      0.000214     -7.450951     -7.450737      0.237878
    311      0.000142      0.000214     -7.450951     -7.450737      0.237891
    312      0.000142      0.000213     -7.450950     -7.450737      0.237904
    313      0.000141      0.000212     -7.450949     -7.450737      0.237917
    314      0.000141      0.000211     -7.450948     -7.450737      0.237931
    315      0.000140      0.000210     -7.450948     -7.450737      0.237944
    316      0.000140      0.000210     -7.450947     -7.450737      0.237958
    317      0.000140      0.000209     -7.450946     -7.450737      0.237972
    318      0.000139      0.000209     -7.450946     -7.450737      0.237985
    319      0.000139      0.000209     -7.450946     -7.450737      0.237998
    320      0.000139      0.000208     -7.450946     -7.450737      0.238010
    321      0.000139      0.000209     -7.450946     -7.450737      0.238023
    322      0.000139      0.000209     -7.450946     -7.450737      0.238034
    323      0.000139      0.000209     -7.450946     -7.450737      0.238045
    324      0.000140      0.000210     -7.450947     -7.450737      0.238056
    325      0.000140      0.000210     -7.450947     -7.450737      0.238066
    326      0.000141      0.000211     -7.450948     -7.450737      0.238076
    327      0.000141      0.000212     -7.450949     -7.450737      0.238085
    328      0.000142      0.000213     -7.450950     -7.450737      0.238094
    329      0.000142      0.000214     -7.450951     -7.450737      0.238102
    330      0.000143      0.000215     -7.450952     -7.450737      0.238110
    331      0.000144      0.000216     -7.450953     -7.450737      0.238118
    332      0.000145      0.000217     -7.450954     -7.450737      0.238126
    333      0.000145      0.000218     -7.450955     -7.450737      0.238134
    334      0.000146      0.000219     -7.450956     -7.450737      0.238142
    335      0.000147      0.000220     -7.450957     -7.450737      0.238150
    336      0.000147      0.000221     -7.450958     -7.450737      0.238159
    337      0.000148      0.000222     -7.450959     -7.450737      0.238168
    338      0.000149      0.000223     -7.450960     -7.450737      0.238177
    339      0.000149      0.000224     -7.450961     -7.450737      0.238188
    340      0.000150      0.000225     -7.450962     -7.450737      0.238198
    341      0.000150      0.000225     -7.450962     -7.450737      0.238210
    342      0.000150      0.000225     -7.450962     -7.450737      0.238224
    343      0.000150      0.000225     -7.450962     -7.450737      0.238238
    344      0.000150      0.000225     -7.450962     -7.450737      0.238253
    345      0.000150      0.000225     -7.450962     -7.450737      0.238270
    346      0.000149      0.000224     -7.450961     -7.450737      0.238289
    347      0.000148      0.000223     -7.450960     -7.450737      0.238308
    348      0.000148      0.000221     -7.450958     -7.450737      0.238329
    349      0.000147      0.000220     -7.450957     -7.450737      0.238351
    350      0.000146      0.000218     -7.450955     -7.450737      0.238374
    351      0.000144      0.000217     -7.450953     -7.450737      0.238397
    352      0.000143      0.000215     -7.450952     -7.450737      0.238422
    353      0.000142      0.000213     -7.450950     -7.450737      0.238447
    354      0.000141      0.000211     -7.450948     -7.450737      0.238473
    355      0.000139      0.000209     -7.450946     -7.450737      0.238499
    356      0.000138      0.000207     -7.450944     -7.450737      0.238526
    357      0.000136      0.000204     -7.450941     -7.450737      0.238552
    358      0.000135      0.000202     -7.450939     -7.450737      0.238579
    359      0.000133      0.000200     -7.450937     -7.450737      0.238606
    360      0.000132      0.000198     -7.450935     -7.450737      0.238632
    361      0.000130      0.000195     -7.450932     -7.450737      0.238657
    362      0.000129      0.000193     -7.450930     -7.450737      0.238682
    363      0.000127      0.000191     -7.450928     -7.450737      0.238706
    364      0.000126      0.000189     -7.450926     -7.450737      0.238729
    365      0.000125      0.000188     -7.450924     -7.450737      0.238751
    366      0.000124      0.000186     -7.450923     -7.450737      0.238770
    367      0.000123      0.000185     -7.450922     -7.450737      0.238789
    368      0.000123      0.000185     -7.450921     -7.450737      0.238805
    369      0.000123      0.000184     -7.450921     -7.450737      0.238819
    370      0.000123      0.000184     -7.450921     -7.450737      0.238832
    371      0.000123      0.000184     -7.450921     -7.450737      0.238842
    372      0.000123      0.000185     -7.450922     -7.450737      0.238851
    373      0.000124      0.000186     -7.450923     -7.450737      0.238857
    374      0.000125      0.000187     -7.450924     -7.450737      0.238862
    375      0.000126      0.000189     -7.450926     -7.450737      0.238866
    376      0.000127      0.000191     -7.450928     -7.450737      0.238868
    377      0.000128      0.000193     -7.450930     -7.450737      0.238868
    378      0.000130      0.000195     -7.450932     -7.450737      0.238868
    379      0.000131      0.000197     -7.450934     -7.450737      0.238867
    380      0.000133      0.000199     -7.450936     -7.450737      0.238865
    381      0.000134      0.000201     -7.450938     -7.450737      0.238863
    382      0.000136      0.000203     -7.450940     -7.450737      0.238861
    383      0.000137      0.000205     -7.450942     -7.450737      0.238859
    384      0.000138      0.000208     -7.450945     -7.450737      0.238857
    385      0.000140      0.000209     -7.450946     -7.450737      0.238855
    386      0.000141      0.000211     -7.450948     -7.450737      0.238854
    387      0.000142      0.000213     -7.450950     -7.450737      0.238855
    388      0.000143      0.000214     -7.450951     -7.450737      0.238856
    389      0.000143      0.000215     -7.450952     -7.450737      0.238859
    390      0.000144      0.000215     -7.450952     -7.450737      0.238863
    391      0.000144      0.000215     -7.450952     -7.450737      0.238869
    392      0.000144      0.000215     -7.450952     -7.450737      0.238876
    393      0.000143      0.000215     -7.450952     -7.450737      0.238884
    394      0.000143      0.000214     -7.450951     -7.450737      0.238894
    395      0.000142      0.000213     -7.450950     -7.450737      0.238905
    396      0.000142      0.000212     -7.450949     -7.450737      0.238918
    397      0.000141      0.000211     -7.450948     -7.450737      0.238932
    398      0.000140      0.000209     -7.450946     -7.450737      0.238947
    399      0.000138      0.000208     -7.450945     -7.450737      0.238963
    400      0.000137      0.000206     -7.450943     -7.450737      0.238980
    401      0.000136      0.000204     -7.450941     -7.450737      0.238997
    402      0.000135      0.000202     -7.450939     -7.450737      0.239015
    403      0.000133      0.000200     -7.450937     -7.450737      0.239032
    404      0.000132      0.000198     -7.450935     -7.450737      0.239050
    405      0.000131      0.000196     -7.450933     -7.450737      0.239068
    406      0.000129      0.000194     -7.450930     -7.450737      0.239085
    407      0.000128      0.000192     -7.450928     -7.450737      0.239101
    408      0.000127      0.000190     -7.450926     -7.450737      0.239117
    409      0.000125      0.000188     -7.450925     -7.450737      0.239131
    410      0.000124      0.000187     -7.450923     -7.450737      0.239144
    411      0.000124      0.000185     -7.450922     -7.450737      0.239156
    412      0.000123      0.000184     -7.450921     -7.450737      0.239166
    413      0.000123      0.000184     -7.450920     -7.450737      0.239174
    414      0.000122      0.000183     -7.450920     -7.450737      0.239180
    415      0.000122      0.000184     -7.450920     -7.450737      0.239184
    416      0.000123      0.000184     -7.450921     -7.450737      0.239185
    417      0.000123      0.000185     -7.450922     -7.450737      0.239185
    418      0.000124      0.000186     -7.450923     -7.450737      0.239182
    419      0.000125      0.000188     -7.450925     -7.450737      0.239178
    420      0.000126      0.000190     -7.450926     -7.450737      0.239171
    421      0.000128      0.000192     -7.450928     -7.450737      0.239163
    422      0.000129      0.000194     -7.450931     -7.450737      0.239154
    423      0.000131      0.000196     -7.450933     -7.450737      0.239142
    424      0.000133      0.000199     -7.450936     -7.450737      0.239130
    425      0.000134      0.000202     -7.450938     -7.450737      0.239116
    426      0.000136      0.000204     -7.450941     -7.450737      0.239101
    427      0.000138      0.000207     -7.450944     -7.450737      0.239085
    428      0.000140      0.000210     -7.450947     -7.450737      0.239069
    429      0.000142      0.000213     -7.450950     -7.450737      0.239052
    430      0.000144      0.000216     -7.450953     -7.450737      0.239035
    431      0.000146      0.000219     -7.450956     -7.450737      0.239018
    432      0.000148      0.000222     -7.450959     -7.450737      0.239001
    433      0.000150      0.000225     -7.450961     -7.450737      0.238985
    434      0.000151      0.000227     -7.450964     -7.450737      0.238969
    435      0.000153      0.000229     -7.450966     -7.450737      0.238953
    436      0.000154      0.000231     -7.450968     -7.450737      0.238938
    437      0.000155      0.000233     -7.450970     -7.450737      0.238924
    438      0.000156      0.000234     -7.450971     -7.450737      0.238911
    439      0.000157      0.000236     -7.450972     -7.450737      0.238899
    440      0.000158      0.000236     -7.450973     -7.450737      0.238888
    441      0.000158      0.000237     -7.450974     -7.450737      0.238878
    442      0.000158      0.000237     -7.450974     -7.450737      0.238869
    443      0.000158      0.000238     -7.450974     -7.450737      0.238860
    444      0.000158      0.000237     -7.450974     -7.450737      0.238852
    445      0.000158      0.000237     -7.450974     -7.450737      0.238845
    446      0.000158      0.000237     -7.450973     -7.450737      0.238838
    447      0.000157      0.000236     -7.450973     -7.450737      0.238832
    448      0.000157      0.000235     -7.450972     -7.450737      0.238826
    449      0.000156      0.000234     -7.450971     -7.450737      0.238820
    450      0.000156      0.000233     -7.450970     -7.450737      0.238814
    451      0.000155      0.000233     -7.450969     -7.450737      0.238808
    452      0.000154      0.000232     -7.450968     -7.450737      0.238801
    453      0.000154      0.000231     -7.450968     -7.450737      0.238794
    454      0.000154      0.000230     -7.450967     -7.450737      0.238786
    455      0.000153      0.000230     -7.450966     -7.450737      0.238777
    456      0.000153      0.000230     -7.450966     -7.450737      0.238768
    457      0.000153      0.000229     -7.450966     -7.450737      0.238758
    458      0.000153      0.000229     -7.450966     -7.450737      0.238748
    459      0.000153      0.000229     -7.450966     -7.450737      0.238737
    460      0.000153      0.000229     -7.450966     -7.450737      0.238725
    461      0.000153      0.000229     -7.450966     -7.450737      0.238712
    462      0.000153      0.000229     -7.450966     -7.450737      0.238699
    463      0.000153      0.000230     -7.450966     -7.450737      0.238686
    464      0.000153      0.000230     -7.450966     -7.450737      0.238672
    465      0.000153      0.000230     -7.450967     -7.450737      0.238658
    466      0.000154      0.000231     -7.450967     -7.450737      0.238644
    467      0.000154      0.000231     -7.450968     -7.450737      0.238629
    468      0.000155      0.000232     -7.450969     -7.450737      0.238614
    469      0.000155      0.000233     -7.450969     -7.450736      0.238600
    470      0.000155      0.000233     -7.450970     -7.450737      0.238586
    471      0.000156      0.000233     -7.450970     -7.450736      0.238573
    472      0.000156      0.000234     -7.450970     -7.450737      0.238560
    473      0.000156      0.000234     -7.450971     -7.450737      0.238548
    474      0.000156      0.000234     -7.450971     -7.450737      0.238536
    475      0.000156      0.000234     -7.450971     -7.450737      0.238526
    476      0.000156      0.000234     -7.450970     -7.450737      0.238517
    477      0.000156      0.000233     -7.450970     -7.450737      0.238508
    478      0.000155      0.000233     -7.450969     -7.450737      0.238501
    479      0.000154      0.000232     -7.450968     -7.450737      0.238495
    480      0.000154      0.000231     -7.450967     -7.450736      0.238489
    481      0.000153      0.000229     -7.450966     -7.450736      0.238485
    482      0.000152      0.000228     -7.450964     -7.450736      0.238482
    483      0.000151      0.000226     -7.450963     -7.450736      0.238479
    484      0.000150      0.000225     -7.450961     -7.450736      0.238477
    485      0.000148      0.000223     -7.450959     -7.450736      0.238475
    486      0.000147      0.000221     -7.450957     -7.450736      0.238474
    487      0.000146      0.000219     -7.450955     -7.450736      0.238472
    488      0.000145      0.000217     -7.450953     -7.450736      0.238471
    489      0.000143      0.000215     -7.450951     -7.450736      0.238469
    490      0.000142      0.000213     -7.450949     -7.450736      0.238467
    491      0.000141      0.000211     -7.450948     -7.450736      0.238465
    492      0.000140      0.000210     -7.450946     -7.450736      0.238461
    493      0.000139      0.000208     -7.450945     -7.450736      0.238457
    494      0.000138      0.000207     -7.450944     -7.450737      0.238451
    495      0.000137      0.000206     -7.450943     -7.450737      0.238444
    496      0.000137      0.000205     -7.450942     -7.450737      0.238436
    497      0.000137      0.000205     -7.450941     -7.450736      0.238427
    498      0.000137      0.000205     -7.450941     -7.450736      0.238416
    499      0.000137      0.000205     -7.450942     -7.450736      0.238404
    500      0.000137      0.000206     -7.450942     -7.450736      0.238390
    501      0.000138      0.000207     -7.450943     -7.450736      0.238375
    502      0.000139      0.000208     -7.450945     -7.450736      0.238359
    503      0.000140      0.000210     -7.450946     -7.450736      0.238341
    504      0.000141      0.000212     -7.450948     -7.450736      0.238323
    505      0.000143      0.000214     -7.450950     -7.450736      0.238303
    506      0.000144      0.000216     -7.450952     -7.450736      0.238284
    507      0.000145      0.000218     -7.450954     -7.450736      0.238264
    508      0.000147      0.000220     -7.450957     -7.450736      0.238243
    509      0.000148      0.000223     -7.450959     -7.450736      0.238223
    510      0.000150      0.000225     -7.450961     -7.450736      0.238203
    511      0.000151      0.000227     -7.450963     -7.450736      0.238184
    512      0.000153      0.000229     -7.450965     -7.450736      0.238165
    513      0.000154      0.000231     -7.450967     -7.450736      0.238147
    514      0.000155      0.000233     -7.450969     -7.450736      0.238131
    515      0.000156      0.000234     -7.450970     -7.450736      0.238115
    516      0.000157      0.000235     -7.450972     -7.450736      0.238102
    517      0.000158      0.000237     -7.450973     -7.450736      0.238089
    518      0.000159      0.000238     -7.450974     -7.450736      0.238078
    519      0.000159      0.000238     -7.450975     -7.450736      0.238069
    520      0.000159      0.000239     -7.450975     -7.450736      0.238062
    521      0.000159      0.000238     -7.450975     -7.450736      0.238058
    522      0.000159      0.000238     -7.450974     -7.450736      0.238055
    523      0.000158      0.000237     -7.450973     -7.450736      0.238054
    524      0.000157      0.000236     -7.450972     -7.450736      0.238056
    525      0.000156      0.000235     -7.450971     -7.450736      0.238059
    526      0.000155      0.000233     -7.450969     -7.450736      0.238064
    527      0.000154      0.000231     -7.450967     -7.450736      0.238070
    528      0.000153      0.000229     -7.450965     -7.450736      0.238078
    529      0.000151      0.000226     -7.450963     -7.450736      0.238087
    530      0.000149      0.000224     -7.450960     -7.450736      0.238097
    531      0.000147      0.000221     -7.450957     -7.450736      0.238109
    532      0.000146      0.000218     -7.450955     -7.450736      0.238121
    533      0.000144      0.000215     -7.450952     -7.450736      0.238133
    534      0.000142      0.000213     -7.450949     -7.450736      0.238145
    535      0.000140      0.000210     -7.450946     -7.450736      0.238157
    536      0.000138      0.000207     -7.450944     -7.450736      0.238169
    537      0.000136      0.000205     -7.450941     -7.450736      0.238180
    538      0.000135      0.000202     -7.450939     -7.450736      0.238191
    539      0.000133      0.000200     -7.450936     -7.450736      0.238200
    540      0.000132      0.000198     -7.450935     -7.450736      0.238208
    541      0.000131      0.000197     -7.450933     -7.450736      0.238215
    542      0.000130      0.000196     -7.450932     -7.450736      0.238220
    543      0.000130      0.000195     -7.450931     -7.450736      0.238224
    544      0.000129      0.000194     -7.450930     -7.450736      0.238227
    545      0.000129      0.000193     -7.450930     -7.450736      0.238228
    546      0.000129      0.000193     -7.450930     -7.450736      0.238228
    547      0.000129      0.000193     -7.450930     -7.450736      0.238226
    548      0.000129      0.000194     -7.450930     -7.450736      0.238223
    549      0.000129      0.000194     -7.450931     -7.450736      0.238219
    550      0.000130      0.000195     -7.450931     -7.450736      0.238213
    551      0.000130      0.000196     -7.450932     -7.450736      0.238207
    552      0.000131      0.000197     -7.450933     -7.450736      0.238200
    553      0.000132      0.000198     -7.450934     -7.450736      0.238192
    554      0.000133      0.000199     -7.450936     -7.450737      0.238183
    555      0.000134      0.000200     -7.450937     -7.450737      0.238174
    556      0.000135      0.000202     -7.450938     -7.450737      0.238166
    557      0.000135      0.000203     -7.450940     -7.450737      0.238157
    558      0.000136      0.000205     -7.450941     -7.450737      0.238149
    559      0.000137      0.000206     -7.450942     -7.450737      0.238141
    560      0.000138      0.000207     -7.450944     -7.450737      0.238134
    561      0.000139      0.000208     -7.450945     -7.450737      0.238128
    562      0.000139      0.000209     -7.450946     -7.450736      0.238122
    563      0.000140      0.000210     -7.450946     -7.450736      0.238119
    564      0.000140      0.000210     -7.450947     -7.450736      0.238116
    565      0.000140      0.000210     -7.450947     -7.450736      0.238115
    566      0.000140      0.000210     -7.450947     -7.450736      0.238116
    567      0.000140      0.000210     -7.450947     -7.450736      0.238117
    568      0.000140      0.000210     -7.450946     -7.450736      0.238121
    569      0.000139      0.000209     -7.450945     -7.450737      0.238125
    570      0.000139      0.000208     -7.450945     -7.450737      0.238131
    571      0.000138      0.000207     -7.450944     -7.450737      0.238138
    572      0.000138      0.000206     -7.450943     -7.450737      0.238146
    573      0.000137      0.000205     -7.450942     -7.450737      0.238155
    574      0.000136      0.000204     -7.450941     -7.450737      0.238164
    575      0.000135      0.000203     -7.450939     -7.450737      0.238175
    576      0.000135      0.000202     -7.450938     -7.450737      0.238185
    577      0.000134      0.000201     -7.450937     -7.450737      0.238196
    578      0.000133      0.000200     -7.450937     -7.450737      0.238206
    579      0.000133      0.000199     -7.450936     -7.450737      0.238216
    580      0.000133      0.000199     -7.450936     -7.450737      0.238226
    581      0.000132      0.000199     -7.450935     -7.450737      0.238236
    582      0.000132      0.000199     -7.450935     -7.450737      0.238245
    583      0.000133      0.000199     -7.450936     -7.450737      0.238254
    584      0.000133      0.000199     -7.450936     -7.450737      0.238262
    585      0.000133      0.000200     -7.450937     -7.450737      0.238269
    586      0.000134      0.000201     -7.450937     -7.450737      0.238275
    587      0.000134      0.000202     -7.450938     -7.450737      0.238281
    588      0.000135      0.000203     -7.450940     -7.450737      0.238286
    589      0.000136      0.000204     -7.450941     -7.450737      0.238291
    590      0.000137      0.000206     -7.450942     -7.450737      0.238295
    591      0.000138      0.000207     -7.450944     -7.450737      0.238298
    592      0.000139      0.000208     -7.450945     -7.450737      0.238302
    593      0.000140      0.000210     -7.450947     -7.450737      0.238305
    594      0.000141      0.000211     -7.450948     -7.450737      0.238308
    595      0.000142      0.000213     -7.450950     -7.450737      0.238312
    596      0.000143      0.000214     -7.450951     -7.450737      0.238315
    597      0.000144      0.000216     -7.450953     -7.450737      0.238318
    598      0.000145      0.000217     -7.450954     -7.450737      0.238323
    599      0.000145      0.000218     -7.450955     -7.450737      0.238328
    600      0.000146      0.000219     -7.450956     -7.450737      0.238333
    601      0.000147      0.000220     -7.450957     -7.450737      0.238339
    602      0.000147      0.000221     -7.450958     -7.450737      0.238346
    603      0.000148      0.000222     -7.450959     -7.450737      0.238354
    604      0.000148      0.000222     -7.450959     -7.450737      0.238364
    605      0.000148      0.000222     -7.450959     -7.450737      0.238375
    606      0.000148      0.000222     -7.450959     -7.450737      0.238387
    607      0.000148      0.000222     -7.450959     -7.450737      0.238401
    608      0.000147      0.000221     -7.450958     -7.450737      0.238416
    609      0.000147      0.000220     -7.450957     -7.450737      0.238432
    610      0.000146      0.000219     -7.450956     -7.450737      0.238450
    611      0.000145      0.000218     -7.450954     -7.450737      0.238469
    612      0.000144      0.000216     -7.450953     -7.450737      0.238489
    613      0.000142      0.000214     -7.450951     -7.450737      0.238510
    614      0.000141      0.000211     -7.450948     -7.450737      0.238533
    615      0.000139      0.000209     -7.450946     -7.450737      0.238556
    616      0.000138      0.000206     -7.450943     -7.450737      0.238579
    617      0.000136      0.000204     -7.450941     -7.450737      0.238603
    618      0.000134      0.000201     -7.450938     -7.450737      0.238626
    619      0.000132      0.000198     -7.450935     -7.450737      0.238649
    620      0.000131      0.000196     -7.450933     -7.450737      0.238672
    621      0.000129      0.000193     -7.450930     -7.450737      0.238694
    622      0.000127      0.000191     -7.450928     -7.450737      0.238716
    623      0.000126      0.000189     -7.450925     -7.450737      0.238736
    624      0.000124      0.000187     -7.450923     -7.450737      0.238755
    625      0.000123      0.000185     -7.450921     -7.450737      0.238773
    626      0.000122      0.000183     -7.450919     -7.450737      0.238789
    627      0.000121      0.000181     -7.450918     -7.450737      0.238803
    628      0.000120      0.000180     -7.450917     -7.450737      0.238816
    629      0.000119      0.000179     -7.450916     -7.450737      0.238827
    630      0.000119      0.000178     -7.450915     -7.450737      0.238836
    631      0.000118      0.000178     -7.450914     -7.450737      0.238842
    632      0.000118      0.000177     -7.450914     -7.450737      0.238847
    633      0.000118      0.000177     -7.450914     -7.450737      0.238850
    634      0.000119      0.000178     -7.450915     -7.450737      0.238851
    635      0.000119      0.000179     -7.450915     -7.450737      0.238849
    636      0.000120      0.000180     -7.450916     -7.450737      0.238847
    637      0.000120      0.000181     -7.450917     -7.450737      0.238843
    638      0.000121      0.000182     -7.450919     -7.450737      0.238837
    639      0.000122      0.000183     -7.450920     -7.450737      0.238830
    640      0.000123      0.000185     -7.450922     -7.450737      0.238822
    641      0.000124      0.000187     -7.450923     -7.450737      0.238814
    642      0.000125      0.000188     -7.450925     -7.450737      0.238804
    643      0.000127      0.000190     -7.450927     -7.450737      0.238794
    644      0.000128      0.000192     -7.450928     -7.450737      0.238784
    645      0.000129      0.000193     -7.450930     -7.450737      0.238774
    646      0.000130      0.000195     -7.450932     -7.450737      0.238764
    647      0.000131      0.000196     -7.450933     -7.450737      0.238755
    648      0.000132      0.000198     -7.450934     -7.450737      0.238745
    649      0.000133      0.000199     -7.450936     -7.450737      0.238737
    650      0.000133      0.000200     -7.450937     -7.450737      0.238729
    651      0.000134      0.000201     -7.450937     -7.450737      0.238722
    652      0.000134      0.000201     -7.450938     -7.450737      0.238715
    653      0.000135      0.000202     -7.450939     -7.450737      0.238710
    654      0.000135      0.000202     -7.450939     -7.450737      0.238705
    655      0.000135      0.000202     -7.450939     -7.450737      0.238702
    656      0.000135      0.000203     -7.450939     -7.450737      0.238699
    657      0.000135      0.000203     -7.450939     -7.450737      0.238697
    658      0.000135      0.000203     -7.450939     -7.450737      0.238695
    659      0.000135      0.000203     -7.450939     -7.450737      0.238693
    660      0.000135      0.000203     -7.450939     -7.450737      0.238693
    661      0.000135      0.000202     -7.450939     -7.450737      0.238692
    662      0.000135      0.000202     -7.450939     -7.450737      0.238692
    663      0.000135      0.000202     -7.450939     -7.450737      0.238692
    664      0.000135      0.000202     -7.450939     -7.450737      0.238692
    665      0.000135      0.000202     -7.450939     -7.450737      0.238693
    666      0.000135      0.000202     -7.450938     -7.450737      0.238693
    667      0.000134      0.000202     -7.450938     -7.450737      0.238693
    668      0.000134      0.000201     -7.450938     -7.450737      0.238692
    669      0.000134      0.000201     -7.450938     -7.450737      0.238692
    670      0.000134      0.000201     -7.450938     -7.450737      0.238690
    671      0.000134      0.000201     -7.450938     -7.450737      0.238688
    672      0.000134      0.000201     -7.450938     -7.450737      0.238685
    673      0.000134      0.000201     -7.450938     -7.450737      0.238681
    674      0.000134      0.000202     -7.450938     -7.450737      0.238677
    675      0.000135      0.000202     -7.450939     -7.450737      0.238672
    676      0.000135      0.000202     -7.450939     -7.450737      0.238665
    677      0.000135      0.000203     -7.450940     -7.450737      0.238658
    678      0.000136      0.000204     -7.450940     -7.450737      0.238651
    679      0.000137      0.000205     -7.450941     -7.450737      0.238642
    680      0.000137      0.000206     -7.450942     -7.450737      0.238633
    681      0.000138      0.000207     -7.450944     -7.450737      0.238623
    682      0.000139      0.000208     -7.450945     -7.450737      0.238612
    683      0.000140      0.000209     -7.450946     -7.450737      0.238601
    684      0.000140      0.000211     -7.450947     -7.450737      0.238590
    685      0.000141      0.000212     -7.450948     -7.450737      0.238579
    686      0.000142      0.000213     -7.450950     -7.450737      0.238567
    687      0.000143      0.000214     -7.450951     -7.450737      0.238556
    688      0.000144      0.000216     -7.450952     -7.450737      0.238544
    689      0.000145      0.000217     -7.450954     -7.450737      0.238533
    690      0.000146      0.000218     -7.450955     -7.450737      0.238522
    691      0.000146      0.000220     -7.450956     -7.450737      0.238511
    692      0.000147      0.000221     -7.450957     -7.450736      0.238501
    693      0.000148      0.000222     -7.450958     -7.450737      0.238492
    694      0.000149      0.000223     -7.450959     -7.450737      0.238483
    695      0.000149      0.000224     -7.450960     -7.450737      0.238476
    696      0.000150      0.000224     -7.450961     -7.450737      0.238469
    697      0.000150      0.000225     -7.450961     -7.450737      0.238463
    698      0.000150      0.000225     -7.450961     -7.450736      0.238458
    699      0.000150      0.000225     -7.450961     -7.450736      0.238454
    700      0.000150      0.000225     -7.450961     -7.450737      0.238451
    701      0.000150      0.000225     -7.450961     -7.450737      0.238449
    702      0.000150      0.000224     -7.450961     -7.450737      0.238447
    703      0.000149      0.000224     -7.450961     -7.450737      0.238446
    704      0.000149      0.000224     -7.450960     -7.450737      0.238446
    705      0.000149      0.000223     -7.450959     -7.450737      0.238446
    706      0.000148      0.000222     -7.450959     -7.450737      0.238447
    707      0.000147      0.000221     -7.450958     -7.450737      0.238449
    708      0.000147      0.000220     -7.450957     -7.450736      0.238450
    709      0.000146      0.000219     -7.450956     -7.450736      0.238452
    710      0.000146      0.000218     -7.450955     -7.450737      0.238454
    711      0.000145      0.000217     -7.450954     -7.450737      0.238456
    712      0.000144      0.000217     -7.450953     -7.450737      0.238458
    713      0.000144      0.000216     -7.450952     -7.450737      0.238460
    714      0.000143      0.000215     -7.450952     -7.450737      0.238462
    715      0.000143      0.000214     -7.450951     -7.450737      0.238463
    716      0.000142      0.000214     -7.450950     -7.450737      0.238464
    717      0.000142      0.000213     -7.450950     -7.450737      0.238465
    718      0.000142      0.000213     -7.450949     -7.450737      0.238465
    719      0.000142      0.000212     -7.450949     -7.450737      0.238464
    720      0.000141      0.000212     -7.450949     -7.450737      0.238463
    721      0.000141      0.000212     -7.450948     -7.450737      0.238462
    722      0.000141      0.000212     -7.450948     -7.450737      0.238461
    723      0.000141      0.000212     -7.450948     -7.450737      0.238459
    724      0.000141      0.000212     -7.450948     -7.450737      0.238456
    725      0.000141      0.000212     -7.450949     -7.450737      0.238453
    726      0.000142      0.000212     -7.450949     -7.450737      0.238449
    727      0.000142      0.000213     -7.450949     -7.450737      0.238445
    728      0.000142      0.000213     -7.450950     -7.450737      0.238441
    729      0.000142      0.000213     -7.450950     -7.450737      0.238437
    730      0.000142      0.000214     -7.450950     -7.450737      0.238434
    731      0.000143      0.000214     -7.450950     -7.450737      0.238430
    732      0.000143      0.000214     -7.450951     -7.450737      0.238426
    733      0.000143      0.000214     -7.450951     -7.450737      0.238423
    734      0.000143      0.000214     -7.450951     -7.450737      0.238419
    735      0.000143      0.000214     -7.450951     -7.450737      0.238416
    736      0.000143      0.000214     -7.450951     -7.450737      0.238413
    737      0.000143      0.000214     -7.450951     -7.450737      0.238410
    738      0.000143      0.000214     -7.450951     -7.450737      0.238406
    739      0.000143      0.000214     -7.450951     -7.450737      0.238403
    740      0.000143      0.000214     -7.450951     -7.450737      0.238400
    741      0.000143      0.000214     -7.450951     -7.450737      0.238397
    742      0.000143      0.000214     -7.450951     -7.450737      0.238395
    743      0.000143      0.000214     -7.450951     -7.450737      0.238392
    744      0.000143      0.000214     -7.450951     -7.450737      0.238389
    745      0.000143      0.000214     -7.450951     -7.450737      0.238386
    746      0.000143      0.000214     -7.450951     -7.450737      0.238383
    747      0.000143      0.000214     -7.450951     -7.450737      0.238380
    748      0.000143      0.000215     -7.450951     -7.450737      0.238377
    749      0.000143      0.000215     -7.450951     -7.450737      0.238373
    750      0.000143      0.000215     -7.450952     -7.450737      0.238369
    751      0.000144      0.000215     -7.450952     -7.450737      0.238365
    752      0.000144      0.000216     -7.450953     -7.450737      0.238361
    753      0.000144      0.000216     -7.450953     -7.450737      0.238356
    754      0.000145      0.000217     -7.450954     -7.450737      0.238351
    755      0.000145      0.000218     -7.450954     -7.450737      0.238346
    756      0.000145      0.000218     -7.450955     -7.450737      0.238340
    757      0.000146      0.000219     -7.450955     -7.450737      0.238335
    758      0.000146      0.000219     -7.450956     -7.450737      0.238329
    759      0.000147      0.000220     -7.450957     -7.450737      0.238324
    760      0.000147      0.000221     -7.450957     -7.450737      0.238318
    761      0.000148      0.000221     -7.450958     -7.450737      0.238313
    762      0.000148      0.000222     -7.450959     -7.450737      0.238307
    763      0.000148      0.000223     -7.450959     -7.450737      0.238302
    764      0.000149      0.000223     -7.450960     -7.450737      0.238297
    765      0.000149      0.000224     -7.450961     -7.450737      0.238292
    766      0.000150      0.000225     -7.450961     -7.450737      0.238288
    767      0.000150      0.000225     -7.450962     -7.450737      0.238284
    768      0.000151      0.000226     -7.450963     -7.450737      0.238281
    769      0.000151      0.000226     -7.450963     -7.450737      0.238279
    770      0.000151      0.000226     -7.450963     -7.450737      0.238278
    771      0.000151      0.000226     -7.450963     -7.450737      0.238277
    772      0.000151      0.000226     -7.450963     -7.450737      0.238278
    773      0.000151      0.000226     -7.450963     -7.450737      0.238279
    774      0.000150      0.000225     -7.450962     -7.450737      0.238282
    775      0.000150      0.000225     -7.450961     -7.450737      0.238286
    776      0.000149      0.000224     -7.450960     -7.450737      0.238290
    777      0.000148      0.000223     -7.450959     -7.450737      0.238296
    778      0.000148      0.000222     -7.450958     -7.450737      0.238302
    779      0.000147      0.000220     -7.450957     -7.450737      0.238310
    780      0.000146      0.000219     -7.450956     -7.450737      0.238319
    781      0.000145      0.000218     -7.450954     -7.450737      0.238328
    782      0.000144      0.000216     -7.450953     -7.450737      0.238338
    783      0.000143      0.000214     -7.450951     -7.450737      0.238349
    784      0.000142      0.000213     -7.450949     -7.450737      0.238360
    785      0.000141      0.000211     -7.450948     -7.450737      0.238371
    786      0.000140      0.000209     -7.450946     -7.450737      0.238383
    787      0.000138      0.000208     -7.450944     -7.450737      0.238395
    788      0.000137      0.000206     -7.450942     -7.450736      0.238407
    789      0.000136      0.000204     -7.450941     -7.450737      0.238419
    790      0.000135      0.000202     -7.450939     -7.450736      0.238431
    791      0.000134      0.000201     -7.450937     -7.450736      0.238442
    792      0.000133      0.000200     -7.450936     -7.450736      0.238452
    793      0.000132      0.000198     -7.450935     -7.450736      0.238462
    794      0.000131      0.000197     -7.450934     -7.450737      0.238472
    795      0.000131      0.000196     -7.450933     -7.450736      0.238480
    796      0.000130      0.000195     -7.450932     -7.450736      0.238488
    797      0.000130      0.000194     -7.450931     -7.450736      0.238495
    798      0.000129      0.000194     -7.450930     -7.450736      0.238501
    799      0.000129      0.000193     -7.450930     -7.450736      0.238505
    800      0.000129      0.000193     -7.450930     -7.450736      0.238509
    801      0.000129      0.000193     -7.450930     -7.450736      0.238511
    802      0.000129      0.000194     -7.450930     -7.450736      0.238512
    803      0.000130      0.000194     -7.450931     -7.450736      0.238511
    804      0.000130      0.000195     -7.450932     -7.450736      0.238510
    805      0.000131      0.000197     -7.450933     -7.450736      0.238507
    806      0.000132      0.000198     -7.450935     -7.450736      0.238503
    807      0.000133      0.000200     -7.450937     -7.450737      0.238497
    808      0.000135      0.000202     -7.450939     -7.450737      0.238491
    809      0.000136      0.000204     -7.450941     -7.450737      0.238484
    810      0.000138      0.000207     -7.450943     -7.450737      0.238477
    811      0.000139      0.000209     -7.450946     -7.450737      0.238469
    812      0.000141      0.000211     -7.450948     -7.450737      0.238461
    813      0.000143      0.000214     -7.450950     -7.450737      0.238453
    814      0.000144      0.000216     -7.450953     -7.450737      0.238445
    815      0.000146      0.000219     -7.450955     -7.450737      0.238437
    816      0.000147      0.000221     -7.450958     -7.450737      0.238429
    817      0.000149      0.000223     -7.450960     -7.450737      0.238422
    818      0.000151      0.000226     -7.450962     -7.450737      0.238415
    819      0.000152      0.000228     -7.450965     -7.450737      0.238409
    820      0.000154      0.000230     -7.450967     -7.450737      0.238405
    821      0.000155      0.000232     -7.450969     -7.450737      0.238401
    822      0.000156      0.000234     -7.450970     -7.450737      0.238399
    823      0.000157      0.000235     -7.450972     -7.450737      0.238398
    824      0.000157      0.000236     -7.450973     -7.450737      0.238399
    825      0.000158      0.000237     -7.450973     -7.450737      0.238401
    826      0.000158      0.000237     -7.450974     -7.450737      0.238405
    827      0.000158      0.000237     -7.450974     -7.450737      0.238410
    828      0.000158      0.000237     -7.450973     -7.450737      0.238418
    829      0.000157      0.000236     -7.450972     -7.450737      0.238427
    830      0.000156      0.000235     -7.450971     -7.450737      0.238438
    831      0.000155      0.000233     -7.450970     -7.450736      0.238450
    832      0.000154      0.000231     -7.450968     -7.450736      0.238463
    833      0.000153      0.000229     -7.450966     -7.450736      0.238478
    834      0.000151      0.000227     -7.450963     -7.450737      0.238494
    835      0.000149      0.000224     -7.450961     -7.450736      0.238511
    836      0.000148      0.000222     -7.450958     -7.450737      0.238528
    837      0.000146      0.000219     -7.450955     -7.450737      0.238545
    838      0.000144      0.000216     -7.450953     -7.450736      0.238563
    839      0.000142      0.000213     -7.450950     -7.450736      0.238581
    840      0.000140      0.000210     -7.450947     -7.450736      0.238600
    841      0.000138      0.000208     -7.450944     -7.450737      0.238617
    842      0.000136      0.000205     -7.450941     -7.450736      0.238635
    843      0.000135      0.000202     -7.450938     -7.450736      0.238652
    844      0.000133      0.000199     -7.450936     -7.450736      0.238668
    845      0.000131      0.000197     -7.450933     -7.450736      0.238683
    846      0.000130      0.000194     -7.450931     -7.450736      0.238697
    847      0.000128      0.000192     -7.450929     -7.450736      0.238710
    848      0.000127      0.000190     -7.450927     -7.450736      0.238721
    849      0.000126      0.000188     -7.450925     -7.450736      0.238732
    850      0.000125      0.000187     -7.450923     -7.450737      0.238740
    851      0.000124      0.000186     -7.450922     -7.450737      0.238747
    852      0.000123      0.000185     -7.450921     -7.450737      0.238753
    853      0.000123      0.000184     -7.450920     -7.450737      0.238757
    854      0.000122      0.000183     -7.450920     -7.450737      0.238760
    855      0.000122      0.000183     -7.450920     -7.450737      0.238761
    856      0.000122      0.000183     -7.450919     -7.450737      0.238762
    857      0.000122      0.000183     -7.450919     -7.450737      0.238760
    858      0.000122      0.000183     -7.450920     -7.450737      0.238758
    859      0.000122      0.000183     -7.450920     -7.450737      0.238754
    860      0.000122      0.000184     -7.450920     -7.450737      0.238750
    861      0.000123      0.000184     -7.450921     -7.450737      0.238744
    862      0.000124      0.000185     -7.450922     -7.450737      0.238738
    863      0.000124      0.000186     -7.450923     -7.450737      0.238730
    864      0.000125      0.000187     -7.450924     -7.450737      0.238723
    865      0.000125      0.000188     -7.450925     -7.450737      0.238714
    866      0.000126      0.000189     -7.450926     -7.450737      0.238705
    867      0.000127      0.000191     -7.450927     -7.450737      0.238696
    868      0.000128      0.000192     -7.450929     -7.450737      0.238686
    869      0.000129      0.000193     -7.450930     -7.450737      0.238677
    870      0.000130      0.000194     -7.450931     -7.450737      0.238667
    871      0.000130      0.000195     -7.450932     -7.450737      0.238658
    872      0.000131      0.000197     -7.450933     -7.450737      0.238649
    873      0.000132      0.000198     -7.450934     -7.450737      0.238640
    874      0.000133      0.000199     -7.450935     -7.450737      0.238631
    875      0.000133      0.000200     -7.450936     -7.450737      0.238623
    876      0.000134      0.000200     -7.450937     -7.450737      0.238615
    877      0.000134      0.000201     -7.450938     -7.450737      0.238607
    878      0.000134      0.000202     -7.450938     -7.450736      0.238601
    879      0.000135      0.000202     -7.450939     -7.450736      0.238594
    880      0.000135      0.000203     -7.450939     -7.450736      0.238588
    881      0.000135      0.000203     -7.450939     -7.450736      0.238583
    882      0.000135      0.000203     -7.450940     -7.450736      0.238577
    883      0.000136      0.000204     -7.450940     -7.450736      0.238572
    884      0.000136      0.000204     -7.450940     -7.450736      0.238568
    885      0.000136      0.000204     -7.450941     -7.450736      0.238564
    886      0.000136      0.000205     -7.450941     -7.450736      0.238559
    887      0.000136      0.000205     -7.450941     -7.450736      0.238556
    888      0.000137      0.000205     -7.450941     -7.450736      0.238552
    889      0.000137      0.000205     -7.450941     -7.450736      0.238549
    890      0.000137      0.000205     -7.450941     -7.450736      0.238546
    891      0.000137      0.000205     -7.450941     -7.450736      0.238543
    892      0.000137      0.000205     -7.450941     -7.450736      0.238540
    893      0.000137      0.000205     -7.450941     -7.450736      0.238537
    894      0.000137      0.000205     -7.450941     -7.450736      0.238534
    895      0.000137      0.000205     -7.450941     -7.450736      0.238531
    896      0.000137      0.000205     -7.450941     -7.450736      0.238528
    897      0.000137      0.000205     -7.450941     -7.450736      0.238525
    898      0.000137      0.000205     -7.450942     -7.450736      0.238521
    899      0.000137      0.000205     -7.450942     -7.450736      0.238518
    900      0.000137      0.000206     -7.450942     -7.450736      0.238514
    901      0.000137      0.000206     -7.450942     -7.450736      0.238510
    902      0.000138      0.000206     -7.450943     -7.450736      0.238506
    903      0.000138      0.000207     -7.450943     -7.450736      0.238501
    904      0.000138      0.000207     -7.450944     -7.450736      0.238496
    905      0.000139      0.000208     -7.450944     -7.450736      0.238491
    906      0.000139      0.000209     -7.450945     -7.450736      0.238486
    907      0.000139      0.000209     -7.450945     -7.450736      0.238481
    908      0.000140      0.000210     -7.450946     -7.450736      0.238476
    909      0.000140      0.000210     -7.450947     -7.450736      0.238471
    910      0.000141      0.000211     -7.450947     -7.450736      0.238466
    911      0.000141      0.000211     -7.450948     -7.450736      0.238461
    912      0.000141      0.000212     -7.450948     -7.450736      0.238456
    913      0.000142      0.000213     -7.450949     -7.450736      0.238451
    914      0.000142      0.000213     -7.450949     -7.450736      0.238447
    915      0.000143      0.000214     -7.450950     -7.450736      0.238442
    916      0.000143      0.000214     -7.450951     -7.450736      0.238438
    917      0.000143      0.000215     -7.450951     -7.450736      0.238435
    918      0.000143      0.000215     -7.450951     -7.450736      0.238432
    919      0.000143      0.000215     -7.450951     -7.450736      0.238430
    920      0.000143      0.000214     -7.450950     -7.450736      0.238429
    921      0.000142      0.000214     -7.450950     -7.450736      0.238429
    922      0.000142      0.000213     -7.450949     -7.450736      0.238429
    923      0.000141      0.000212     -7.450948     -7.450736      0.238430
    924      0.000141      0.000211     -7.450947     -7.450736      0.238432
    925      0.000140      0.000210     -7.450946     -7.450736      0.238435
    926      0.000139      0.000208     -7.450944     -7.450736      0.238438
    927      0.000138      0.000206     -7.450943     -7.450736      0.238442
    928      0.000136      0.000205     -7.450941     -7.450736      0.238446
    929      0.000135      0.000203     -7.450939     -7.450736      0.238451
    930      0.000134      0.000201     -7.450937     -7.450736      0.238456
    931      0.000132      0.000198     -7.450935     -7.450736      0.238462
    932      0.000131      0.000196     -7.450932     -7.450736      0.238467
    933      0.000129      0.000194     -7.450930     -7.450736      0.238473
    934      0.000128      0.000191     -7.450928     -7.450736      0.238478
    935      0.000126      0.000189     -7.450925     -7.450736      0.238483
    936      0.000125      0.000187     -7.450923     -7.450736      0.238488
    937      0.000123      0.000185     -7.450921     -7.450736      0.238492
    938      0.000122      0.000183     -7.450919     -7.450736      0.238495
    939      0.000121      0.000181     -7.450917     -7.450736      0.238498
    940      0.000120      0.000179     -7.450915     -7.450736      0.238500
    941      0.000118      0.000178     -7.450914     -7.450736      0.238500
    942      0.000117      0.000176     -7.450912     -7.450736      0.238500
    943      0.000117      0.000175     -7.450911     -7.450736      0.238498
    944      0.000116      0.000174     -7.450910     -7.450736      0.238495
    945      0.000115      0.000173     -7.450909     -7.450736      0.238491
    946      0.000115      0.000173     -7.450909     -7.450736      0.238485
    947      0.000115      0.000173     -7.450909     -7.450736      0.238477
    948      0.000115      0.000173     -7.450909     -7.450736      0.238468
    949      0.000116      0.000174     -7.450910     -7.450736      0.238457
    950      0.000116      0.000174     -7.450911     -7.450736      0.238445
    951      0.000117      0.000176     -7.450912     -7.450736      0.238432
    952      0.000118      0.000177     -7.450913     -7.450736      0.238417
    953      0.000119      0.000178     -7.450915     -7.450736      0.238402
    954      0.000120      0.000180     -7.450916     -7.450736      0.238385
    955      0.000121      0.000182     -7.450918     -7.450736      0.238368
    956      0.000123      0.000184     -7.450921     -7.450736      0.238349
    957      0.000124      0.000187     -7.450923     -7.450736      0.238331
    958      0.000126      0.000189     -7.450926     -7.450736      0.238311
    959      0.000128      0.000192     -7.450928     -7.450736      0.238292
    960      0.000130      0.000195     -7.450931     -7.450736      0.238272
    961      0.000132      0.000198     -7.450934     -7.450736      0.238253
    962      0.000134      0.000201     -7.450937     -7.450736      0.238234
    963      0.000135      0.000203     -7.450939     -7.450736      0.238216
    964      0.000137      0.000206     -7.450942     -7.450736      0.238198
    965      0.000139      0.000208     -7.450944     -7.450736      0.238181
    966      0.000140      0.000211     -7.450947     -7.450736      0.238166
    967      0.000142      0.000213     -7.450949     -7.450736      0.238151
    968      0.000143      0.000215     -7.450951     -7.450736      0.238138
    969      0.000144      0.000217     -7.450953     -7.450736      0.238125
    970      0.000146      0.000218     -7.450955     -7.450736      0.238114
    971      0.000147      0.000220     -7.450956     -7.450736      0.238105
    972      0.000147      0.000221     -7.450957     -7.450736      0.238097
    973      0.000148      0.000222     -7.450958     -7.450736      0.238091
    974      0.000148      0.000223     -7.450959     -7.450736      0.238086
    975      0.000149      0.000223     -7.450959     -7.450736      0.238083
    976      0.000149      0.000223     -7.450959     -7.450736      0.238081
    977      0.000149      0.000223     -7.450959     -7.450736      0.238080
    978      0.000148      0.000223     -7.450959     -7.450736      0.238081
    979      0.000148      0.000222     -7.450958     -7.450736      0.238083
    980      0.000148      0.000221     -7.450957     -7.450736      0.238086
    981      0.000147      0.000220     -7.450956     -7.450736      0.238090
    982      0.000146      0.000219     -7.450955     -7.450736      0.238094
    983      0.000145      0.000218     -7.450954     -7.450736      0.238100
    984      0.000144      0.000217     -7.450953     -7.450736      0.238106
    985      0.000143      0.000215     -7.450951     -7.450736      0.238112
    986      0.000142      0.000214     -7.450950     -7.450736      0.238119
    987      0.000141      0.000212     -7.450948     -7.450736      0.238126
    988      0.000140      0.000211     -7.450947     -7.450736      0.238132
    989      0.000139      0.000209     -7.450945     -7.450736      0.238139
    990      0.000138      0.000208     -7.450944     -7.450736      0.238145
    991      0.000138      0.000206     -7.450942     -7.450736      0.238151
    992      0.000137      0.000205     -7.450941     -7.450736      0.238156
    993      0.000136      0.000204     -7.450940     -7.450736      0.238160
    994      0.000136      0.000203     -7.450939     -7.450736      0.238164
    995      0.000135      0.000203     -7.450939     -7.450736      0.238168
    996      0.000135      0.000202     -7.450939     -7.450736      0.238170
    997      0.000135      0.000202     -7.450938     -7.450736      0.238172
    998      0.000135      0.000202     -7.450938     -7.450736      0.238174
    999      0.000135      0.000202     -7.450938     -7.450736      0.238175
   1000      0.000134      0.000202     -7.450938     -7.450736      0.238176
#
# Means      0.000134      0.000200     -7.450937     -7.450737      0.238409
