#
# MD1: a minimal molecular dynamics program
#
# # comentario
#  Input sample: 4x4.coord
#                                (only positions read from file)
# Output sample: 4x4.calc
# Number of steps:    1000, time step: 0.0030, total time:      3.0000
# Number of atoms:   256
# Box size:    6.198400    6.198400    6.198400, Volume:        238.144
# Density:    1.074982 (unchanged)
# Free evolution run.
#
#  Step   Temperature     Kinetic      Potential   Total Energy    Pressure
# -----  ------------  ------------  ------------  ------------  ------------
      1      0.000000      0.000000     -7.463090     -7.463090      0.001465
      2      0.000001      0.000002     -7.463091     -7.463090      0.001458
      3      0.000003      0.000004     -7.463094     -7.463090      0.001443
      4      0.000006      0.000008     -7.463098     -7.463090      0.001423
      5      0.000009      0.000013     -7.463103     -7.463090      0.001396
      6      0.000013      0.000020     -7.463109     -7.463090      0.001363
      7      0.000018      0.000027     -7.463117     -7.463090      0.001325
      8      0.000024      0.000035     -7.463125     -7.463090      0.001282
      9      0.000030      0.000044     -7.463134     -7.463090      0.001236
     10      0.000036      0.000054     -7.463144     -7.463090      0.001186
     11      0.000043      0.000064     -7.463153     -7.463090      0.001135
     12      0.000049      0.000074     -7.463164     -7.463090      0.001083
     13      0.000056      0.000084     -7.463174     -7.463090      0.001030
     14      0.000063      0.000094     -7.463184     -7.463090      0.000979
     15      0.000069      0.000104     -7.463194     -7.463090      0.000928
     16      0.000075      0.000113     -7.463203     -7.463090      0.000881
     17      0.000081      0.000122     -7.463211     -7.463090      0.000837
     18      0.000086      0.000130     -7.463219     -7.463090      0.000797
     19      0.000091      0.000137     -7.463226     -7.463090      0.000761
     20      0.000095      0.000143     -7.463232     -7.463090      0.000731
     21      0.000098      0.000147     -7.463237     -7.463090      0.000707
     22      0.000101      0.000151     -7.463241     -7.463090      0.000688
     23      0.000102      0.000154     -7.463243     -7.463090      0.000676
     24      0.000103      0.000155     -7.463245     -7.463090      0.000670
     25      0.000103      0.000155     -7.463245     -7.463090      0.000671
     26      0.000103      0.000154     -7.463244     -7.463090      0.000677
     27      0.000101      0.000152     -7.463242     -7.463090      0.000689
     28      0.000099      0.000149     -7.463238     -7.463090      0.000707
     29      0.000096      0.000145     -7.463234     -7.463090      0.000729
     30      0.000093      0.000140     -7.463229     -7.463090      0.000756
     31      0.000089      0.000134     -7.463223     -7.463090      0.000787
     32      0.000085      0.000127     -7.463217     -7.463090      0.000821
     33      0.000080      0.000121     -7.463210     -7.463090      0.000857
     34      0.000076      0.000114     -7.463203     -7.463090      0.000894
     35      0.000071      0.000106     -7.463196     -7.463090      0.000932
     36      0.000066      0.000099     -7.463189     -7.463090      0.000970
     37      0.000061      0.000092     -7.463182     -7.463090      0.001008
     38      0.000057      0.000085     -7.463175     -7.463090      0.001044
     39      0.000052      0.000078     -7.463168     -7.463090      0.001077
     40      0.000048      0.000072     -7.463162     -7.463090      0.001108
     41      0.000045      0.000067     -7.463157     -7.463090      0.001136
     42      0.000042      0.000062     -7.463152     -7.463090      0.001160
     43      0.000039      0.000058     -7.463148     -7.463090      0.001180
     44      0.000037      0.000055     -7.463145     -7.463090      0.001195
     45      0.000035      0.000053     -7.463143     -7.463090      0.001206
     46      0.000034      0.000051     -7.463141     -7.463090      0.001213
     47      0.000034      0.000051     -7.463140     -7.463090      0.001215
     48      0.000034      0.000051     -7.463141     -7.463090      0.001213
     49      0.000035      0.000052     -7.463142     -7.463090      0.001207
     50      0.000036      0.000054     -7.463143     -7.463090      0.001196
     51      0.000037      0.000056     -7.463146     -7.463090      0.001183
     52      0.000039      0.000059     -7.463149     -7.463090      0.001167
     53      0.000042      0.000062     -7.463152     -7.463090      0.001148
     54      0.000044      0.000066     -7.463156     -7.463090      0.001127
     55      0.000047      0.000070     -7.463160     -7.463090      0.001106
     56      0.000049      0.000074     -7.463164     -7.463090      0.001083
     57      0.000052      0.000078     -7.463168     -7.463090      0.001060
     58      0.000055      0.000082     -7.463172     -7.463090      0.001038
     59      0.000057      0.000086     -7.463176     -7.463090      0.001017
     60      0.000060      0.000090     -7.463180     -7.463090      0.000997
     61      0.000062      0.000093     -7.463183     -7.463090      0.000980
     62      0.000064      0.000096     -7.463186     -7.463090      0.000964
     63      0.000066      0.000098     -7.463188     -7.463090      0.000952
     64      0.000067      0.000100     -7.463190     -7.463090      0.000942
     65      0.000068      0.000102     -7.463191     -7.463090      0.000935
     66      0.000068      0.000102     -7.463192     -7.463090      0.000932
     67      0.000068      0.000102     -7.463192     -7.463090      0.000931
     68      0.000068      0.000102     -7.463192     -7.463090      0.000934
     69      0.000067      0.000101     -7.463191     -7.463090      0.000939
     70      0.000066      0.000100     -7.463189     -7.463090      0.000948
     71      0.000065      0.000098     -7.463187     -7.463090      0.000958
     72      0.000064      0.000095     -7.463185     -7.463090      0.000971
     73      0.000062      0.000093     -7.463182     -7.463090      0.000986
     74      0.000060      0.000090     -7.463180     -7.463090      0.001001
     75      0.000058      0.000087     -7.463177     -7.463090      0.001018
     76      0.000056      0.000084     -7.463174     -7.463090      0.001035
     77      0.000054      0.000081     -7.463171     -7.463090      0.001052
     78      0.000052      0.000078     -7.463168     -7.463090      0.001068
     79      0.000050      0.000075     -7.463165     -7.463090      0.001083
     80      0.000049      0.000073     -7.463162     -7.463090      0.001097
     81      0.000047      0.000071     -7.463160     -7.463090      0.001108
     82      0.000046      0.000069     -7.463159     -7.463090      0.001118
     83      0.000045      0.000068     -7.463157     -7.463090      0.001125
     84      0.000045      0.000067     -7.463156     -7.463090      0.001130
     85      0.000044      0.000067     -7.463156     -7.463090      0.001132
     86      0.000045      0.000067     -7.463156     -7.463090      0.001131
     87      0.000045      0.000068     -7.463157     -7.463090      0.001128
     88      0.000046      0.000069     -7.463158     -7.463090      0.001121
     89      0.000047      0.000070     -7.463160     -7.463090      0.001113
     90      0.000048      0.000073     -7.463162     -7.463090      0.001101
     91      0.000050      0.000075     -7.463165     -7.463090      0.001088
     92      0.000052      0.000078     -7.463168     -7.463090      0.001073
     93      0.000054      0.000081     -7.463171     -7.463090      0.001057
     94      0.000056      0.000084     -7.463174     -7.463090      0.001039
     95      0.000059      0.000088     -7.463177     -7.463090      0.001021
     96      0.000061      0.000091     -7.463181     -7.463090      0.001003
     97      0.000063      0.000095     -7.463184     -7.463090      0.000985
     98      0.000065      0.000098     -7.463187     -7.463090      0.000968
     99      0.000067      0.000101     -7.463190     -7.463090      0.000952
    100      0.000069      0.000103     -7.463193     -7.463090      0.000937
    101      0.000071      0.000106     -7.463196     -7.463090      0.000924
    102      0.000072      0.000108     -7.463197     -7.463090      0.000914
    103      0.000073      0.000109     -7.463199     -7.463090      0.000905
    104      0.000073      0.000110     -7.463200     -7.463090      0.000900
    105      0.000074      0.000111     -7.463200     -7.463090      0.000897
    106      0.000074      0.000111     -7.463200     -7.463090      0.000897
    107      0.000073      0.000110     -7.463200     -7.463090      0.000900
    108      0.000073      0.000109     -7.463199     -7.463090      0.000906
    109      0.000071      0.000107     -7.463197     -7.463090      0.000914
    110      0.000070      0.000105     -7.463195     -7.463090      0.000925
    111      0.000068      0.000103     -7.463192     -7.463090      0.000938
    112      0.000066      0.000100     -7.463189     -7.463090      0.000953
    113      0.000064      0.000097     -7.463186     -7.463090      0.000970
    114      0.000062      0.000093     -7.463183     -7.463090      0.000988
    115      0.000060      0.000090     -7.463179     -7.463090      0.001007
    116      0.000057      0.000086     -7.463176     -7.463090      0.001026
    117      0.000055      0.000082     -7.463172     -7.463090      0.001045
    118      0.000052      0.000079     -7.463168     -7.463090      0.001064
    119      0.000050      0.000075     -7.463165     -7.463090      0.001082
    120      0.000048      0.000072     -7.463162     -7.463090      0.001098
    121      0.000046      0.000069     -7.463159     -7.463090      0.001113
    122      0.000045      0.000067     -7.463157     -7.463090      0.001126
    123      0.000043      0.000065     -7.463155     -7.463090      0.001137
    124      0.000042      0.000063     -7.463153     -7.463090      0.001146
    125      0.000041      0.000062     -7.463152     -7.463090      0.001151
    126      0.000041      0.000062     -7.463151     -7.463090      0.001154
    127      0.000041      0.000062     -7.463151     -7.463090      0.001155
    128      0.000041      0.000062     -7.463152     -7.463090      0.001152
    129      0.000042      0.000063     -7.463153     -7.463090      0.001146
    130      0.000043      0.000065     -7.463154     -7.463090      0.001139
    131      0.000045      0.000067     -7.463156     -7.463090      0.001128
    132      0.000046      0.000069     -7.463159     -7.463090      0.001116
    133      0.000048      0.000072     -7.463162     -7.463090      0.001101
    134      0.000050      0.000075     -7.463165     -7.463090      0.001085
    135      0.000052      0.000078     -7.463168     -7.463090      0.001068
    136      0.000054      0.000082     -7.463171     -7.463090      0.001050
    137      0.000057      0.000085     -7.463175     -7.463090      0.001031
    138      0.000059      0.000089     -7.463178     -7.463090      0.001013
    139      0.000061      0.000092     -7.463182     -7.463090      0.000995
    140      0.000064      0.000095     -7.463185     -7.463090      0.000977
    141      0.000066      0.000099     -7.463188     -7.463090      0.000961
    142      0.000068      0.000101     -7.463191     -7.463090      0.000946
    143      0.000069      0.000104     -7.463194     -7.463090      0.000933
    144      0.000071      0.000106     -7.463196     -7.463090      0.000922
    145      0.000072      0.000108     -7.463197     -7.463090      0.000914
    146      0.000072      0.000109     -7.463198     -7.463090      0.000907
    147      0.000073      0.000109     -7.463199     -7.463090      0.000904
    148      0.000073      0.000110     -7.463199     -7.463090      0.000903
    149      0.000073      0.000109     -7.463199     -7.463090      0.000904
    150      0.000072      0.000109     -7.463198     -7.463090      0.000908
    151      0.000072      0.000107     -7.463197     -7.463090      0.000915
    152      0.000070      0.000106     -7.463195     -7.463090      0.000924
    153      0.000069      0.000104     -7.463193     -7.463090      0.000934
    154      0.000067      0.000101     -7.463191     -7.463090      0.000947
    155      0.000066      0.000098     -7.463188     -7.463090      0.000961
    156      0.000064      0.000096     -7.463185     -7.463090      0.000976
    157      0.000062      0.000092     -7.463182     -7.463090      0.000993
    158      0.000060      0.000089     -7.463179     -7.463090      0.001009
    159      0.000057      0.000086     -7.463176     -7.463090      0.001026
    160      0.000055      0.000083     -7.463173     -7.463090      0.001043
    161      0.000053      0.000080     -7.463170     -7.463090      0.001059
    162      0.000051      0.000077     -7.463167     -7.463090      0.001074
    163      0.000050      0.000074     -7.463164     -7.463090      0.001087
    164      0.000048      0.000072     -7.463162     -7.463090      0.001100
    165      0.000047      0.000070     -7.463160     -7.463090      0.001111
    166      0.000045      0.000068     -7.463158     -7.463090      0.001119
    167      0.000045      0.000067     -7.463156     -7.463090      0.001126
    168      0.000044      0.000066     -7.463156     -7.463090      0.001131
    169      0.000044      0.000065     -7.463155     -7.463090      0.001133
    170      0.000044      0.000065     -7.463155     -7.463090      0.001134
    171      0.000044      0.000066     -7.463155     -7.463090      0.001132
    172      0.000044      0.000066     -7.463156     -7.463090      0.001128
    173      0.000045      0.000068     -7.463157     -7.463090      0.001122
    174      0.000046      0.000069     -7.463159     -7.463090      0.001114
    175      0.000047      0.000071     -7.463160     -7.463090      0.001105
    176      0.000048      0.000073     -7.463162     -7.463090      0.001094
    177      0.000050      0.000075     -7.463165     -7.463090      0.001082
    178      0.000052      0.000077     -7.463167     -7.463090      0.001070
    179      0.000053      0.000080     -7.463169     -7.463090      0.001057
    180      0.000055      0.000082     -7.463172     -7.463090      0.001043
    181      0.000056      0.000085     -7.463174     -7.463090      0.001030
    182      0.000058      0.000087     -7.463177     -7.463090      0.001017
    183      0.000060      0.000090     -7.463179     -7.463090      0.001005
    184      0.000061      0.000092     -7.463181     -7.463090      0.000994
    185      0.000062      0.000094     -7.463183     -7.463090      0.000983
    186      0.000064      0.000095     -7.463185     -7.463090      0.000974
    187      0.000065      0.000097     -7.463187     -7.463090      0.000966
    188      0.000065      0.000098     -7.463188     -7.463090      0.000960
    189      0.000066      0.000099     -7.463189     -7.463090      0.000955
    190      0.000066      0.000100     -7.463189     -7.463090      0.000952
    191      0.000067      0.000100     -7.463190     -7.463090      0.000951
    192      0.000067      0.000100     -7.463190     -7.463090      0.000951
    193      0.000067      0.000100     -7.463189     -7.463090      0.000953
    194      0.000066      0.000099     -7.463189     -7.463090      0.000956
    195      0.000066      0.000098     -7.463188     -7.463090      0.000960
    196      0.000065      0.000097     -7.463187     -7.463090      0.000966
    197      0.000064      0.000096     -7.463186     -7.463090      0.000973
    198      0.000063      0.000095     -7.463185     -7.463090      0.000980
    199      0.000062      0.000093     -7.463183     -7.463090      0.000988
    200      0.000061      0.000092     -7.463182     -7.463090      0.000997
    201      0.000060      0.000090     -7.463180     -7.463090      0.001005
    202      0.000059      0.000089     -7.463178     -7.463090      0.001014
    203      0.000058      0.000087     -7.463177     -7.463090      0.001022
    204      0.000057      0.000086     -7.463175     -7.463090      0.001030
    205      0.000056      0.000084     -7.463174     -7.463090      0.001037
    206      0.000055      0.000083     -7.463173     -7.463090      0.001044
    207      0.000055      0.000082     -7.463172     -7.463090      0.001050
    208      0.000054      0.000081     -7.463171     -7.463090      0.001054
    209      0.000054      0.000080     -7.463170     -7.463090      0.001058
    210      0.000053      0.000080     -7.463169     -7.463090      0.001061
    211      0.000053      0.000079     -7.463169     -7.463090      0.001063
    212      0.000053      0.000079     -7.463169     -7.463090      0.001064
    213      0.000053      0.000079     -7.463169     -7.463090      0.001063
    214      0.000053      0.000080     -7.463169     -7.463090      0.001062
    215      0.000053      0.000080     -7.463170     -7.463090      0.001060
    216      0.000054      0.000080     -7.463170     -7.463090      0.001058
    217      0.000054      0.000081     -7.463171     -7.463090      0.001054
    218      0.000054      0.000082     -7.463171     -7.463090      0.001050
    219      0.000055      0.000082     -7.463172     -7.463090      0.001046
    220      0.000056      0.000083     -7.463173     -7.463090      0.001042
    221      0.000056      0.000084     -7.463174     -7.463090      0.001038
    222      0.000057      0.000085     -7.463175     -7.463090      0.001033
    223      0.000057      0.000086     -7.463175     -7.463090      0.001029
    224      0.000058      0.000086     -7.463176     -7.463090      0.001025
    225      0.000058      0.000087     -7.463177     -7.463090      0.001022
    226      0.000058      0.000088     -7.463177     -7.463090      0.001019
    227      0.000059      0.000088     -7.463178     -7.463090      0.001016
    228      0.000059      0.000088     -7.463178     -7.463090      0.001014
    229      0.000059      0.000089     -7.463178     -7.463090      0.001013
    230      0.000059      0.000089     -7.463178     -7.463090      0.001012
    231      0.000059      0.000089     -7.463179     -7.463090      0.001012
    232      0.000059      0.000089     -7.463178     -7.463090      0.001012
    233      0.000059      0.000089     -7.463178     -7.463090      0.001013
    234      0.000059      0.000088     -7.463178     -7.463090      0.001014
    235      0.000059      0.000088     -7.463178     -7.463090      0.001016
    236      0.000059      0.000088     -7.463177     -7.463090      0.001017
    237      0.000058      0.000087     -7.463177     -7.463090      0.001019
    238      0.000058      0.000087     -7.463177     -7.463090      0.001021
    239      0.000058      0.000087     -7.463176     -7.463090      0.001023
    240      0.000058      0.000087     -7.463176     -7.463090      0.001024
    241      0.000058      0.000086     -7.463176     -7.463090      0.001026
    242      0.000057      0.000086     -7.463176     -7.463090      0.001027
    243      0.000057      0.000086     -7.463176     -7.463090      0.001027
    244      0.000057      0.000086     -7.463176     -7.463090      0.001027
    245      0.000057      0.000086     -7.463176     -7.463090      0.001027
    246      0.000058      0.000086     -7.463176     -7.463090      0.001025
    247      0.000058      0.000087     -7.463176     -7.463090      0.001024
    248      0.000058      0.000087     -7.463177     -7.463090      0.001022
    249      0.000058      0.000087     -7.463177     -7.463090      0.001019
    250      0.000059      0.000088     -7.463178     -7.463090      0.001017
    251      0.000059      0.000088     -7.463178     -7.463090      0.001013
    252      0.000059      0.000089     -7.463179     -7.463090      0.001010
    253      0.000060      0.000090     -7.463179     -7.463090      0.001007
    254      0.000060      0.000090     -7.463180     -7.463090      0.001003
    255      0.000061      0.000091     -7.463181     -7.463090      0.001000
    256      0.000061      0.000091     -7.463181     -7.463090      0.000997
    257      0.000061      0.000092     -7.463182     -7.463090      0.000994
    258      0.000061      0.000092     -7.463182     -7.463090      0.000992
    259      0.000062      0.000092     -7.463182     -7.463090      0.000991
    260      0.000062      0.000092     -7.463182     -7.463090      0.000990
    261      0.000062      0.000092     -7.463182     -7.463090      0.000991
    262      0.000061      0.000092     -7.463182     -7.463090      0.000992
    263      0.000061      0.000092     -7.463181     -7.463090      0.000994
    264      0.000061      0.000091     -7.463181     -7.463090      0.000997
    265      0.000060      0.000090     -7.463180     -7.463090      0.001002
    266      0.000059      0.000089     -7.463179     -7.463090      0.001007
    267      0.000058      0.000088     -7.463177     -7.463090      0.001013
    268      0.000058      0.000086     -7.463176     -7.463090      0.001020
    269      0.000057      0.000085     -7.463175     -7.463090      0.001028
    270      0.000055      0.000083     -7.463173     -7.463090      0.001037
    271      0.000054      0.000081     -7.463171     -7.463090      0.001046
    272      0.000053      0.000080     -7.463169     -7.463090      0.001055
    273      0.000052      0.000078     -7.463168     -7.463090      0.001065
    274      0.000051      0.000076     -7.463166     -7.463090      0.001074
    275      0.000050      0.000074     -7.463164     -7.463090      0.001083
    276      0.000049      0.000073     -7.463162     -7.463090      0.001092
    277      0.000048      0.000071     -7.463161     -7.463090      0.001100
    278      0.000047      0.000070     -7.463160     -7.463090      0.001107
    279      0.000046      0.000069     -7.463159     -7.463090      0.001113
    280      0.000045      0.000068     -7.463158     -7.463090      0.001118
    281      0.000045      0.000067     -7.463157     -7.463090      0.001122
    282      0.000045      0.000067     -7.463157     -7.463090      0.001124
    283      0.000045      0.000067     -7.463157     -7.463090      0.001124
    284      0.000045      0.000067     -7.463157     -7.463090      0.001123
    285      0.000045      0.000068     -7.463158     -7.463090      0.001120
    286      0.000046      0.000069     -7.463159     -7.463090      0.001115
    287      0.000047      0.000071     -7.463160     -7.463090      0.001108
    288      0.000048      0.000072     -7.463162     -7.463090      0.001099
    289      0.000050      0.000074     -7.463164     -7.463090      0.001089
    290      0.000051      0.000077     -7.463166     -7.463090      0.001078
    291      0.000053      0.000079     -7.463169     -7.463090      0.001065
    292      0.000055      0.000082     -7.463172     -7.463090      0.001051
    293      0.000057      0.000085     -7.463174     -7.463090      0.001036
    294      0.000059      0.000088     -7.463177     -7.463090      0.001021
    295      0.000061      0.000091     -7.463181     -7.463090      0.001005
    296      0.000063      0.000094     -7.463184     -7.463090      0.000989
    297      0.000065      0.000097     -7.463187     -7.463090      0.000973
    298      0.000067      0.000100     -7.463190     -7.463090      0.000958
    299      0.000069      0.000103     -7.463193     -7.463090      0.000943
    300      0.000070      0.000106     -7.463195     -7.463090      0.000929
    301      0.000072      0.000108     -7.463198     -7.463090      0.000917
    302      0.000073      0.000110     -7.463200     -7.463090      0.000906
    303      0.000075      0.000112     -7.463202     -7.463090      0.000896
    304      0.000076      0.000113     -7.463203     -7.463090      0.000889
    305      0.000076      0.000114     -7.463204     -7.463090      0.000883
    306      0.000077      0.000115     -7.463205     -7.463090      0.000880
    307      0.000077      0.000115     -7.463205     -7.463090      0.000879
    308      0.000077      0.000115     -7.463205     -7.463090      0.000880
    309      0.000076      0.000114     -7.463204     -7.463090      0.000883
    310      0.000076      0.000113     -7.463203     -7.463090      0.000889
    311      0.000075      0.000112     -7.463202     -7.463090      0.000896
    312      0.000073      0.000110     -7.463200     -7.463090      0.000906
    313      0.000072      0.000108     -7.463197     -7.463090      0.000917
    314      0.000070      0.000105     -7.463195     -7.463090      0.000930
    315      0.000068      0.000102     -7.463192     -7.463090      0.000945
    316      0.000066      0.000099     -7.463189     -7.463090      0.000960
    317      0.000064      0.000096     -7.463186     -7.463090      0.000977
    318      0.000062      0.000093     -7.463182     -7.463090      0.000994
    319      0.000059      0.000089     -7.463179     -7.463090      0.001012
    320      0.000057      0.000086     -7.463175     -7.463090      0.001029
    321      0.000055      0.000082     -7.463172     -7.463090      0.001047
    322      0.000053      0.000079     -7.463169     -7.463090      0.001064
    323      0.000050      0.000076     -7.463165     -7.463090      0.001080
    324      0.000048      0.000073     -7.463162     -7.463090      0.001095
    325      0.000047      0.000070     -7.463160     -7.463090      0.001109
    326      0.000045      0.000067     -7.463157     -7.463090      0.001121
    327      0.000044      0.000065     -7.463155     -7.463090      0.001132
    328      0.000042      0.000063     -7.463153     -7.463090      0.001140
    329      0.000041      0.000062     -7.463152     -7.463090      0.001148
    330      0.000041      0.000061     -7.463151     -7.463090      0.001153
    331      0.000040      0.000060     -7.463150     -7.463090      0.001156
    332      0.000040      0.000060     -7.463150     -7.463090      0.001157
    333      0.000040      0.000060     -7.463150     -7.463090      0.001156
    334      0.000040      0.000060     -7.463150     -7.463090      0.001153
    335      0.000041      0.000061     -7.463151     -7.463090      0.001149
    336      0.000042      0.000062     -7.463152     -7.463090      0.001143
    337      0.000042      0.000064     -7.463153     -7.463090      0.001136
    338      0.000044      0.000065     -7.463155     -7.463090      0.001127
    339      0.000045      0.000067     -7.463157     -7.463090      0.001117
    340      0.000046      0.000069     -7.463159     -7.463090      0.001106
    341      0.000048      0.000071     -7.463161     -7.463090      0.001095
    342      0.000049      0.000074     -7.463163     -7.463090      0.001084
    343      0.000051      0.000076     -7.463166     -7.463090      0.001072
    344      0.000052      0.000078     -7.463168     -7.463090      0.001060
    345      0.000054      0.000081     -7.463170     -7.463090      0.001049
    346      0.000055      0.000083     -7.463172     -7.463090      0.001038
    347      0.000056      0.000085     -7.463174     -7.463090      0.001028
    348      0.000058      0.000087     -7.463176     -7.463090      0.001018
    349      0.000059      0.000088     -7.463178     -7.463090      0.001010
    350      0.000060      0.000090     -7.463180     -7.463090      0.001002
    351      0.000061      0.000091     -7.463181     -7.463090      0.000996
    352      0.000062      0.000093     -7.463182     -7.463090      0.000990
    353      0.000062      0.000094     -7.463183     -7.463090      0.000986
    354      0.000063      0.000094     -7.463184     -7.463090      0.000983
    355      0.000063      0.000095     -7.463184     -7.463090      0.000981
    356      0.000063      0.000095     -7.463185     -7.463090      0.000980
    357      0.000064      0.000095     -7.463185     -7.463090      0.000980
    358      0.000064      0.000095     -7.463185     -7.463090      0.000981
    359      0.000063      0.000095     -7.463185     -7.463090      0.000982
    360      0.000063      0.000095     -7.463185     -7.463090      0.000984
    361      0.000063      0.000095     -7.463184     -7.463090      0.000987
    362      0.000063      0.000094     -7.463184     -7.463090      0.000990
    363      0.000062      0.000094     -7.463183     -7.463090      0.000992
    364      0.000062      0.000093     -7.463183     -7.463090      0.000995
    365      0.000062      0.000093     -7.463182     -7.463090      0.000998
    366      0.000062      0.000092     -7.463182     -7.463090      0.001000
    367      0.000061      0.000092     -7.463182     -7.463090      0.001002
    368      0.000061      0.000092     -7.463181     -7.463090      0.001004
    369      0.000061      0.000092     -7.463181     -7.463090      0.001005
    370      0.000061      0.000091     -7.463181     -7.463090      0.001005
    371      0.000061      0.000091     -7.463181     -7.463090      0.001005
    372      0.000061      0.000092     -7.463181     -7.463090      0.001004
    373      0.000061      0.000092     -7.463181     -7.463090      0.001002
    374      0.000061      0.000092     -7.463182     -7.463090      0.001000
    375      0.000062      0.000092     -7.463182     -7.463090      0.000998
    376      0.000062      0.000093     -7.463183     -7.463090      0.000995
    377      0.000062      0.000093     -7.463183     -7.463090      0.000991
    378      0.000063      0.000094     -7.463184     -7.463090      0.000988
    379      0.000063      0.000094     -7.463184     -7.463090      0.000985
    380      0.000063      0.000095     -7.463185     -7.463090      0.000981
    381      0.000064      0.000095     -7.463185     -7.463090      0.000978
    382      0.000064      0.000096     -7.463185     -7.463090      0.000975
    383      0.000064      0.000096     -7.463186     -7.463090      0.000973
    384      0.000064      0.000096     -7.463186     -7.463090      0.000972
    385      0.000064      0.000096     -7.463186     -7.463090      0.000971
    386      0.000064      0.000096     -7.463186     -7.463090      0.000971
    387      0.000064      0.000096     -7.463185     -7.463090      0.000973
    388      0.000063      0.000095     -7.463185     -7.463090      0.000975
    389      0.000063      0.000095     -7.463184     -7.463090      0.000978
    390      0.000062      0.000094     -7.463183     -7.463090      0.000983
    391      0.000062      0.000092     -7.463182     -7.463090      0.000988
    392      0.000061      0.000091     -7.463181     -7.463090      0.000995
    393      0.000060      0.000090     -7.463179     -7.463090      0.001002
    394      0.000059      0.000088     -7.463178     -7.463090      0.001011
    395      0.000058      0.000086     -7.463176     -7.463090      0.001020
    396      0.000056      0.000084     -7.463174     -7.463090      0.001030
    397      0.000055      0.000082     -7.463172     -7.463090      0.001040
    398      0.000054      0.000080     -7.463170     -7.463090      0.001051
    399      0.000052      0.000079     -7.463168     -7.463090      0.001062
    400      0.000051      0.000077     -7.463166     -7.463090      0.001072
    401      0.000050      0.000075     -7.463164     -7.463090      0.001082
    402      0.000049      0.000073     -7.463163     -7.463090      0.001092
    403      0.000048      0.000071     -7.463161     -7.463090      0.001101
    404      0.000047      0.000070     -7.463159     -7.463090      0.001109
    405      0.000046      0.000069     -7.463158     -7.463090      0.001116
    406      0.000045      0.000068     -7.463157     -7.463090      0.001121
    407      0.000045      0.000067     -7.463157     -7.463090      0.001125
    408      0.000044      0.000067     -7.463156     -7.463090      0.001127
    409      0.000044      0.000067     -7.463156     -7.463090      0.001128
    410      0.000045      0.000067     -7.463157     -7.463090      0.001127
    411      0.000045      0.000067     -7.463157     -7.463090      0.001124
    412      0.000046      0.000068     -7.463158     -7.463090      0.001119
    413      0.000046      0.000070     -7.463159     -7.463090      0.001113
    414      0.000047      0.000071     -7.463161     -7.463090      0.001105
    415      0.000049      0.000073     -7.463163     -7.463090      0.001095
    416      0.000050      0.000075     -7.463165     -7.463090      0.001085
    417      0.000052      0.000077     -7.463167     -7.463090      0.001073
    418      0.000053      0.000080     -7.463170     -7.463090      0.001059
    419      0.000055      0.000083     -7.463172     -7.463090      0.001046
    420      0.000057      0.000085     -7.463175     -7.463090      0.001031
    421      0.000059      0.000088     -7.463178     -7.463090      0.001017
    422      0.000060      0.000091     -7.463180     -7.463090      0.001002
    423      0.000062      0.000093     -7.463183     -7.463090      0.000988
    424      0.000064      0.000096     -7.463186     -7.463090      0.000975
    425      0.000066      0.000098     -7.463188     -7.463090      0.000962
    426      0.000067      0.000100     -7.463190     -7.463090      0.000951
    427      0.000068      0.000102     -7.463192     -7.463090      0.000940
    428      0.000069      0.000104     -7.463194     -7.463090      0.000932
    429      0.000070      0.000105     -7.463195     -7.463090      0.000925
    430      0.000071      0.000106     -7.463196     -7.463090      0.000920
    431      0.000071      0.000107     -7.463196     -7.463090      0.000917
    432      0.000071      0.000107     -7.463197     -7.463090      0.000916
    433      0.000071      0.000107     -7.463196     -7.463090      0.000917
    434      0.000071      0.000106     -7.463196     -7.463090      0.000921
    435      0.000070      0.000105     -7.463195     -7.463090      0.000926
    436      0.000069      0.000103     -7.463193     -7.463090      0.000933
    437      0.000068      0.000102     -7.463191     -7.463090      0.000942
    438      0.000066      0.000100     -7.463189     -7.463090      0.000953
    439      0.000065      0.000097     -7.463187     -7.463090      0.000966
    440      0.000063      0.000095     -7.463184     -7.463090      0.000979
    441      0.000061      0.000092     -7.463182     -7.463090      0.000994
    442      0.000059      0.000089     -7.463179     -7.463090      0.001009
    443      0.000057      0.000086     -7.463176     -7.463090      0.001025
    444      0.000055      0.000083     -7.463173     -7.463090      0.001041
    445      0.000054      0.000080     -7.463170     -7.463090      0.001056
    446      0.000052      0.000077     -7.463167     -7.463090      0.001071
    447      0.000050      0.000075     -7.463164     -7.463090      0.001085
    448      0.000048      0.000072     -7.463162     -7.463090      0.001099
    449      0.000047      0.000070     -7.463160     -7.463090      0.001110
    450      0.000045      0.000068     -7.463158     -7.463090      0.001120
    451      0.000044      0.000067     -7.463156     -7.463090      0.001129
    452      0.000044      0.000066     -7.463155     -7.463090      0.001135
    453      0.000043      0.000065     -7.463154     -7.463090      0.001139
    454      0.000043      0.000064     -7.463154     -7.463090      0.001142
    455      0.000043      0.000064     -7.463154     -7.463090      0.001141
    456      0.000043      0.000065     -7.463155     -7.463090      0.001139
    457      0.000044      0.000066     -7.463155     -7.463090      0.001134
    458      0.000045      0.000067     -7.463157     -7.463090      0.001127
    459      0.000046      0.000069     -7.463158     -7.463090      0.001119
    460      0.000047      0.000071     -7.463160     -7.463090      0.001108
    461      0.000049      0.000073     -7.463163     -7.463090      0.001096
    462      0.000050      0.000076     -7.463165     -7.463090      0.001082
    463      0.000052      0.000079     -7.463168     -7.463090      0.001067
    464      0.000054      0.000081     -7.463171     -7.463090      0.001051
    465      0.000056      0.000085     -7.463174     -7.463090      0.001035
    466      0.000058      0.000088     -7.463177     -7.463090      0.001019
    467      0.000061      0.000091     -7.463180     -7.463090      0.001002
    468      0.000063      0.000094     -7.463183     -7.463090      0.000986
    469      0.000064      0.000097     -7.463186     -7.463090      0.000970
    470      0.000066      0.000099     -7.463189     -7.463090      0.000956
    471      0.000068      0.000102     -7.463192     -7.463090      0.000943
    472      0.000069      0.000104     -7.463194     -7.463090      0.000931
    473      0.000071      0.000106     -7.463196     -7.463090      0.000921
    474      0.000072      0.000108     -7.463197     -7.463090      0.000912
    475      0.000073      0.000109     -7.463199     -7.463090      0.000906
    476      0.000073      0.000110     -7.463199     -7.463090      0.000902
    477      0.000073      0.000110     -7.463200     -7.463090      0.000900
    478      0.000073      0.000110     -7.463200     -7.463090      0.000900
    479      0.000073      0.000110     -7.463199     -7.463090      0.000902
    480      0.000072      0.000109     -7.463198     -7.463090      0.000907
    481      0.000072      0.000107     -7.463197     -7.463090      0.000914
    482      0.000071      0.000106     -7.463196     -7.463090      0.000922
    483      0.000069      0.000104     -7.463194     -7.463090      0.000932
    484      0.000068      0.000102     -7.463191     -7.463090      0.000944
    485      0.000066      0.000099     -7.463189     -7.463090      0.000957
    486      0.000064      0.000097     -7.463186     -7.463090      0.000971
    487      0.000063      0.000094     -7.463184     -7.463090      0.000985
    488      0.000061      0.000091     -7.463181     -7.463090      0.001001
    489      0.000059      0.000088     -7.463178     -7.463090      0.001016
    490      0.000057      0.000085     -7.463175     -7.463090      0.001032
    491      0.000055      0.000082     -7.463172     -7.463090      0.001047
    492      0.000053      0.000080     -7.463169     -7.463090      0.001061
    493      0.000051      0.000077     -7.463167     -7.463090      0.001075
    494      0.000050      0.000075     -7.463164     -7.463090      0.001088
    495      0.000048      0.000072     -7.463162     -7.463090      0.001099
    496      0.000047      0.000070     -7.463160     -7.463090      0.001109
    497      0.000046      0.000069     -7.463158     -7.463090      0.001117
    498      0.000045      0.000068     -7.463157     -7.463090      0.001124
    499      0.000044      0.000067     -7.463156     -7.463090      0.001129
    500      0.000044      0.000066     -7.463156     -7.463090      0.001132
    501      0.000044      0.000066     -7.463155     -7.463090      0.001133
    502      0.000044      0.000066     -7.463155     -7.463090      0.001133
    503      0.000044      0.000066     -7.463156     -7.463090      0.001131
    504      0.000044      0.000067     -7.463156     -7.463090      0.001127
    505      0.000045      0.000067     -7.463157     -7.463090      0.001122
    506      0.000046      0.000069     -7.463158     -7.463090      0.001116
    507      0.000047      0.000070     -7.463160     -7.463090      0.001109
    508      0.000048      0.000071     -7.463161     -7.463090      0.001100
    509      0.000049      0.000073     -7.463163     -7.463090      0.001091
    510      0.000050      0.000075     -7.463165     -7.463090      0.001081
    511      0.000051      0.000077     -7.463166     -7.463090      0.001071
    512      0.000052      0.000079     -7.463168     -7.463090      0.001061
    513      0.000054      0.000081     -7.463170     -7.463090      0.001051
    514      0.000055      0.000082     -7.463172     -7.463090      0.001041
    515      0.000056      0.000084     -7.463174     -7.463090      0.001031
    516      0.000057      0.000086     -7.463176     -7.463090      0.001022
    517      0.000058      0.000088     -7.463177     -7.463090      0.001014
    518      0.000059      0.000089     -7.463179     -7.463090      0.001007
    519      0.000060      0.000090     -7.463180     -7.463090      0.001000
    520      0.000061      0.000091     -7.463181     -7.463090      0.000994
    521      0.000062      0.000092     -7.463182     -7.463090      0.000990
    522      0.000062      0.000093     -7.463183     -7.463090      0.000986
    523      0.000062      0.000094     -7.463183     -7.463090      0.000983
    524      0.000063      0.000094     -7.463184     -7.463090      0.000982
    525      0.000063      0.000094     -7.463184     -7.463090      0.000981
    526      0.000063      0.000094     -7.463184     -7.463090      0.000981
    527      0.000063      0.000094     -7.463184     -7.463090      0.000981
    528      0.000063      0.000094     -7.463184     -7.463090      0.000982
    529      0.000063      0.000094     -7.463184     -7.463090      0.000984
    530      0.000063      0.000094     -7.463184     -7.463090      0.000986
    531      0.000062      0.000094     -7.463183     -7.463090      0.000988
    532      0.000062      0.000093     -7.463183     -7.463090      0.000990
    533      0.000062      0.000093     -7.463183     -7.463090      0.000992
    534      0.000062      0.000093     -7.463182     -7.463090      0.000994
    535      0.000062      0.000092     -7.463182     -7.463090      0.000996
    536      0.000062      0.000092     -7.463182     -7.463090      0.000998
    537      0.000061      0.000092     -7.463182     -7.463090      0.000999
    538      0.000061      0.000092     -7.463182     -7.463090      0.001000
    539      0.000061      0.000092     -7.463182     -7.463090      0.001000
    540      0.000061      0.000092     -7.463182     -7.463090      0.001000
    541      0.000061      0.000092     -7.463182     -7.463090      0.001000
    542      0.000062      0.000092     -7.463182     -7.463090      0.000999
    543      0.000062      0.000093     -7.463182     -7.463090      0.000998
    544      0.000062      0.000093     -7.463183     -7.463090      0.000996
    545      0.000062      0.000093     -7.463183     -7.463090      0.000995
    546      0.000062      0.000093     -7.463183     -7.463090      0.000993
    547      0.000062      0.000094     -7.463183     -7.463090      0.000992
    548      0.000063      0.000094     -7.463184     -7.463090      0.000990
    549      0.000063      0.000094     -7.463184     -7.463090      0.000989
    550      0.000063      0.000094     -7.463184     -7.463090      0.000989
    551      0.000063      0.000094     -7.463184     -7.463090      0.000988
    552      0.000063      0.000094     -7.463183     -7.463090      0.000989
    553      0.000062      0.000093     -7.463183     -7.463090      0.000990
    554      0.000062      0.000093     -7.463183     -7.463090      0.000992
    555      0.000062      0.000092     -7.463182     -7.463090      0.000995
    556      0.000061      0.000092     -7.463181     -7.463090      0.000998
    557      0.000060      0.000091     -7.463180     -7.463090      0.001003
    558      0.000060      0.000089     -7.463179     -7.463090      0.001008
    559      0.000059      0.000088     -7.463178     -7.463090      0.001014
    560      0.000058      0.000087     -7.463176     -7.463090      0.001021
    561      0.000057      0.000085     -7.463175     -7.463090      0.001029
    562      0.000056      0.000083     -7.463173     -7.463090      0.001037
    563      0.000054      0.000082     -7.463171     -7.463090      0.001046
    564      0.000053      0.000080     -7.463170     -7.463090      0.001055
    565      0.000052      0.000078     -7.463168     -7.463090      0.001064
    566      0.000051      0.000076     -7.463166     -7.463090      0.001073
    567      0.000050      0.000075     -7.463164     -7.463090      0.001082
    568      0.000049      0.000073     -7.463163     -7.463090      0.001090
    569      0.000048      0.000071     -7.463161     -7.463090      0.001098
    570      0.000047      0.000070     -7.463160     -7.463090      0.001106
    571      0.000046      0.000069     -7.463158     -7.463090      0.001112
    572      0.000045      0.000068     -7.463157     -7.463090      0.001117
    573      0.000045      0.000067     -7.463157     -7.463090      0.001121
    574      0.000044      0.000067     -7.463156     -7.463090      0.001124
    575      0.000044      0.000066     -7.463156     -7.463090      0.001125
    576      0.000044      0.000067     -7.463156     -7.463090      0.001124
    577      0.000045      0.000067     -7.463157     -7.463090      0.001122
    578      0.000045      0.000068     -7.463157     -7.463090      0.001119
    579      0.000046      0.000069     -7.463158     -7.463090      0.001113
    580      0.000047      0.000070     -7.463160     -7.463090      0.001107
    581      0.000048      0.000072     -7.463162     -7.463090      0.001098
    582      0.000049      0.000074     -7.463163     -7.463090      0.001088
    583      0.000051      0.000076     -7.463166     -7.463090      0.001077
    584      0.000052      0.000078     -7.463168     -7.463090      0.001065
    585      0.000054      0.000081     -7.463171     -7.463090      0.001052
    586      0.000056      0.000084     -7.463173     -7.463090      0.001039
    587      0.000058      0.000086     -7.463176     -7.463090      0.001024
    588      0.000060      0.000089     -7.463179     -7.463090      0.001010
    589      0.000061      0.000092     -7.463182     -7.463090      0.000995
    590      0.000063      0.000095     -7.463185     -7.463090      0.000981
    591      0.000065      0.000098     -7.463187     -7.463090      0.000967
    592      0.000067      0.000100     -7.463190     -7.463090      0.000954
    593      0.000068      0.000102     -7.463192     -7.463090      0.000942
    594      0.000070      0.000105     -7.463194     -7.463090      0.000931
    595      0.000071      0.000106     -7.463196     -7.463090      0.000922
    596      0.000072      0.000108     -7.463198     -7.463090      0.000914
    597      0.000073      0.000109     -7.463199     -7.463090      0.000908
    598      0.000073      0.000110     -7.463200     -7.463090      0.000904
    599      0.000074      0.000110     -7.463200     -7.463090      0.000901
    600      0.000074      0.000110     -7.463200     -7.463090      0.000901
    601      0.000073      0.000110     -7.463200     -7.463090      0.000903
    602      0.000073      0.000109     -7.463199     -7.463090      0.000906
    603      0.000072      0.000108     -7.463198     -7.463090      0.000912
    604      0.000071      0.000107     -7.463197     -7.463090      0.000919
    605      0.000070      0.000105     -7.463195     -7.463090      0.000928
    606      0.000069      0.000103     -7.463193     -7.463090      0.000938
    607      0.000067      0.000101     -7.463190     -7.463090      0.000950
    608      0.000065      0.000098     -7.463188     -7.463090      0.000963
    609      0.000064      0.000095     -7.463185     -7.463090      0.000977
    610      0.000062      0.000093     -7.463182     -7.463090      0.000992
    611      0.000060      0.000090     -7.463179     -7.463090      0.001008
    612      0.000058      0.000087     -7.463176     -7.463090      0.001023
    613      0.000056      0.000084     -7.463173     -7.463090      0.001038
    614      0.000054      0.000081     -7.463170     -7.463090      0.001053
    615      0.000052      0.000078     -7.463167     -7.463090      0.001068
    616      0.000050      0.000075     -7.463165     -7.463090      0.001082
    617      0.000048      0.000073     -7.463162     -7.463090      0.001095
    618      0.000047      0.000070     -7.463160     -7.463090      0.001106
    619      0.000045      0.000068     -7.463158     -7.463090      0.001117
    620      0.000044      0.000067     -7.463156     -7.463090      0.001125
    621      0.000043      0.000065     -7.463155     -7.463090      0.001132
    622      0.000043      0.000064     -7.463154     -7.463090      0.001138
    623      0.000042      0.000063     -7.463153     -7.463090      0.001141
    624      0.000042      0.000063     -7.463153     -7.463090      0.001143
    625      0.000042      0.000063     -7.463153     -7.463090      0.001143
    626      0.000042      0.000063     -7.463153     -7.463090      0.001141
    627      0.000043      0.000064     -7.463154     -7.463090      0.001138
    628      0.000043      0.000065     -7.463155     -7.463090      0.001132
    629      0.000044      0.000066     -7.463156     -7.463090      0.001126
    630      0.000045      0.000068     -7.463158     -7.463090      0.001118
    631      0.000047      0.000070     -7.463159     -7.463090      0.001108
    632      0.000048      0.000072     -7.463161     -7.463090      0.001098
    633      0.000049      0.000074     -7.463164     -7.463090      0.001086
    634      0.000051      0.000076     -7.463166     -7.463090      0.001074
    635      0.000053      0.000079     -7.463169     -7.463090      0.001062
    636      0.000054      0.000081     -7.463171     -7.463090      0.001049
    637      0.000056      0.000084     -7.463174     -7.463090      0.001036
    638      0.000058      0.000086     -7.463176     -7.463090      0.001024
    639      0.000059      0.000089     -7.463179     -7.463090      0.001011
    640      0.000061      0.000091     -7.463181     -7.463090      0.000999
    641      0.000062      0.000094     -7.463183     -7.463090      0.000988
    642      0.000064      0.000096     -7.463185     -7.463090      0.000977
    643      0.000065      0.000098     -7.463187     -7.463090      0.000967
    644      0.000066      0.000099     -7.463189     -7.463090      0.000959
    645      0.000067      0.000101     -7.463191     -7.463090      0.000951
    646      0.000068      0.000102     -7.463192     -7.463090      0.000945
    647      0.000069      0.000103     -7.463193     -7.463090      0.000939
    648      0.000069      0.000104     -7.463194     -7.463090      0.000935
    649      0.000070      0.000105     -7.463194     -7.463090      0.000933
    650      0.000070      0.000105     -7.463195     -7.463090      0.000931
    651      0.000070      0.000105     -7.463195     -7.463090      0.000931
    652      0.000070      0.000105     -7.463195     -7.463090      0.000932
    653      0.000070      0.000104     -7.463194     -7.463090      0.000935
    654      0.000069      0.000104     -7.463194     -7.463090      0.000938
    655      0.000069      0.000103     -7.463193     -7.463090      0.000942
    656      0.000068      0.000102     -7.463192     -7.463090      0.000948
    657      0.000067      0.000101     -7.463190     -7.463090      0.000954
    658      0.000066      0.000099     -7.463189     -7.463090      0.000961
    659      0.000065      0.000098     -7.463187     -7.463090      0.000968
    660      0.000064      0.000096     -7.463186     -7.463090      0.000976
    661      0.000063      0.000094     -7.463184     -7.463090      0.000985
    662      0.000062      0.000093     -7.463182     -7.463090      0.000994
    663      0.000060      0.000091     -7.463180     -7.463090      0.001003
    664      0.000059      0.000089     -7.463179     -7.463090      0.001013
    665      0.000058      0.000087     -7.463177     -7.463090      0.001022
    666      0.000057      0.000085     -7.463175     -7.463090      0.001031
    667      0.000055      0.000083     -7.463173     -7.463090      0.001041
    668      0.000054      0.000081     -7.463171     -7.463090      0.001050
    669      0.000053      0.000080     -7.463169     -7.463090      0.001058
    670      0.000052      0.000078     -7.463168     -7.463090      0.001067
    671      0.000051      0.000076     -7.463166     -7.463090      0.001074
    672      0.000050      0.000075     -7.463164     -7.463090      0.001082
    673      0.000049      0.000073     -7.463163     -7.463090      0.001088
    674      0.000048      0.000072     -7.463162     -7.463090      0.001094
    675      0.000047      0.000071     -7.463161     -7.463090      0.001099
    676      0.000047      0.000070     -7.463160     -7.463090      0.001104
    677      0.000046      0.000070     -7.463159     -7.463090      0.001107
    678      0.000046      0.000069     -7.463159     -7.463090      0.001110
    679      0.000046      0.000069     -7.463158     -7.463090      0.001112
    680      0.000046      0.000069     -7.463158     -7.463090      0.001112
    681      0.000046      0.000069     -7.463158     -7.463090      0.001112
    682      0.000046      0.000069     -7.463159     -7.463090      0.001111
    683      0.000046      0.000069     -7.463159     -7.463090      0.001109
    684      0.000047      0.000070     -7.463160     -7.463090      0.001105
    685      0.000047      0.000071     -7.463161     -7.463090      0.001101
    686      0.000048      0.000072     -7.463162     -7.463090      0.001095
    687      0.000049      0.000073     -7.463163     -7.463090      0.001089
    688      0.000050      0.000075     -7.463165     -7.463090      0.001082
    689      0.000051      0.000077     -7.463166     -7.463090      0.001074
    690      0.000052      0.000078     -7.463168     -7.463090      0.001065
    691      0.000054      0.000080     -7.463170     -7.463090      0.001055
    692      0.000055      0.000082     -7.463172     -7.463090      0.001045
    693      0.000056      0.000085     -7.463174     -7.463090      0.001035
    694      0.000058      0.000087     -7.463176     -7.463090      0.001024
    695      0.000059      0.000089     -7.463179     -7.463090      0.001012
    696      0.000061      0.000091     -7.463181     -7.463090      0.001001
    697      0.000062      0.000093     -7.463183     -7.463090      0.000990
    698      0.000064      0.000096     -7.463185     -7.463090      0.000979
    699      0.000065      0.000098     -7.463187     -7.463090      0.000969
    700      0.000066      0.000100     -7.463189     -7.463090      0.000959
    701      0.000068      0.000101     -7.463191     -7.463090      0.000950
    702      0.000069      0.000103     -7.463193     -7.463090      0.000941
    703      0.000070      0.000104     -7.463194     -7.463090      0.000934
    704      0.000070      0.000106     -7.463195     -7.463090      0.000928
    705      0.000071      0.000106     -7.463196     -7.463090      0.000924
    706      0.000071      0.000107     -7.463197     -7.463090      0.000920
    707      0.000072      0.000107     -7.463197     -7.463090      0.000918
    708      0.000072      0.000107     -7.463197     -7.463090      0.000918
    709      0.000071      0.000107     -7.463197     -7.463090      0.000920
    710      0.000071      0.000106     -7.463196     -7.463090      0.000923
    711      0.000070      0.000106     -7.463195     -7.463090      0.000927
    712      0.000070      0.000104     -7.463194     -7.463090      0.000933
    713      0.000069      0.000103     -7.463192     -7.463090      0.000941
    714      0.000067      0.000101     -7.463191     -7.463090      0.000950
    715      0.000066      0.000099     -7.463189     -7.463090      0.000961
    716      0.000064      0.000097     -7.463186     -7.463090      0.000972
    717      0.000063      0.000094     -7.463184     -7.463090      0.000985
    718      0.000061      0.000092     -7.463181     -7.463090      0.000998
    719      0.000059      0.000089     -7.463179     -7.463090      0.001012
    720      0.000057      0.000086     -7.463176     -7.463090      0.001026
    721      0.000056      0.000083     -7.463173     -7.463090      0.001041
    722      0.000054      0.000081     -7.463170     -7.463090      0.001055
    723      0.000052      0.000078     -7.463168     -7.463090      0.001069
    724      0.000050      0.000075     -7.463165     -7.463090      0.001082
    725      0.000049      0.000073     -7.463163     -7.463090      0.001094
    726      0.000047      0.000071     -7.463160     -7.463090      0.001105
    727      0.000046      0.000069     -7.463159     -7.463090      0.001115
    728      0.000045      0.000067     -7.463157     -7.463090      0.001124
    729      0.000044      0.000066     -7.463156     -7.463090      0.001130
    730      0.000043      0.000065     -7.463155     -7.463090      0.001135
    731      0.000043      0.000064     -7.463154     -7.463090      0.001139
    732      0.000043      0.000064     -7.463154     -7.463090      0.001140
    733      0.000043      0.000064     -7.463154     -7.463090      0.001139
    734      0.000043      0.000065     -7.463154     -7.463090      0.001136
    735      0.000044      0.000066     -7.463155     -7.463090      0.001131
    736      0.000045      0.000067     -7.463157     -7.463090      0.001125
    737      0.000046      0.000068     -7.463158     -7.463090      0.001116
    738      0.000047      0.000070     -7.463160     -7.463090      0.001106
    739      0.000048      0.000073     -7.463162     -7.463090      0.001095
    740      0.000050      0.000075     -7.463165     -7.463090      0.001083
    741      0.000052      0.000077     -7.463167     -7.463090      0.001069
    742      0.000053      0.000080     -7.463170     -7.463090      0.001055
    743      0.000055      0.000083     -7.463173     -7.463090      0.001041
    744      0.000057      0.000086     -7.463175     -7.463090      0.001026
    745      0.000059      0.000088     -7.463178     -7.463090      0.001012
    746      0.000061      0.000091     -7.463181     -7.463090      0.000998
    747      0.000062      0.000094     -7.463183     -7.463090      0.000984
    748      0.000064      0.000096     -7.463186     -7.463090      0.000972
    749      0.000065      0.000098     -7.463188     -7.463090      0.000961
    750      0.000067      0.000100     -7.463190     -7.463090      0.000951
    751      0.000068      0.000101     -7.463191     -7.463090      0.000943
    752      0.000068      0.000103     -7.463192     -7.463090      0.000937
    753      0.000069      0.000104     -7.463193     -7.463090      0.000932
    754      0.000069      0.000104     -7.463194     -7.463090      0.000930
    755      0.000069      0.000104     -7.463194     -7.463090      0.000930
    756      0.000069      0.000104     -7.463194     -7.463090      0.000931
    757      0.000069      0.000103     -7.463193     -7.463090      0.000935
    758      0.000068      0.000102     -7.463192     -7.463090      0.000940
    759      0.000067      0.000101     -7.463191     -7.463090      0.000947
    760      0.000066      0.000099     -7.463189     -7.463090      0.000956
    761      0.000065      0.000097     -7.463187     -7.463090      0.000966
    762      0.000064      0.000095     -7.463185     -7.463090      0.000978
    763      0.000062      0.000093     -7.463183     -7.463090      0.000990
    764      0.000060      0.000091     -7.463180     -7.463090      0.001003
    765      0.000059      0.000088     -7.463178     -7.463090      0.001016
    766      0.000057      0.000086     -7.463175     -7.463090      0.001029
    767      0.000056      0.000083     -7.463173     -7.463090      0.001042
    768      0.000054      0.000081     -7.463171     -7.463090      0.001055
    769      0.000053      0.000079     -7.463168     -7.463090      0.001067
    770      0.000051      0.000077     -7.463166     -7.463090      0.001078
    771      0.000050      0.000075     -7.463165     -7.463090      0.001087
    772      0.000049      0.000074     -7.463163     -7.463090      0.001095
    773      0.000048      0.000072     -7.463162     -7.463090      0.001101
    774      0.000048      0.000072     -7.463161     -7.463090      0.001106
    775      0.000047      0.000071     -7.463161     -7.463090      0.001109
    776      0.000047      0.000071     -7.463160     -7.463090      0.001109
    777      0.000047      0.000071     -7.463161     -7.463090      0.001108
    778      0.000048      0.000072     -7.463161     -7.463090      0.001105
    779      0.000048      0.000073     -7.463162     -7.463090      0.001100
    780      0.000049      0.000074     -7.463163     -7.463090      0.001094
    781      0.000050      0.000075     -7.463165     -7.463090      0.001086
    782      0.000051      0.000077     -7.463167     -7.463090      0.001076
    783      0.000053      0.000079     -7.463169     -7.463090      0.001066
    784      0.000054      0.000081     -7.463171     -7.463090      0.001054
    785      0.000055      0.000083     -7.463173     -7.463090      0.001042
    786      0.000057      0.000085     -7.463175     -7.463090      0.001030
    787      0.000058      0.000088     -7.463177     -7.463090      0.001018
    788      0.000060      0.000090     -7.463180     -7.463090      0.001006
    789      0.000061      0.000092     -7.463182     -7.463090      0.000994
    790      0.000063      0.000094     -7.463184     -7.463090      0.000983
    791      0.000064      0.000096     -7.463186     -7.463090      0.000973
    792      0.000065      0.000097     -7.463187     -7.463090      0.000965
    793      0.000066      0.000099     -7.463188     -7.463090      0.000958
    794      0.000066      0.000100     -7.463189     -7.463090      0.000952
    795      0.000067      0.000100     -7.463190     -7.463090      0.000948
    796      0.000067      0.000101     -7.463190     -7.463090      0.000946
    797      0.000067      0.000101     -7.463190     -7.463090      0.000946
    798      0.000067      0.000100     -7.463190     -7.463090      0.000948
    799      0.000066      0.000100     -7.463189     -7.463090      0.000952
    800      0.000066      0.000099     -7.463188     -7.463090      0.000957
    801      0.000065      0.000097     -7.463187     -7.463090      0.000964
    802      0.000064      0.000096     -7.463185     -7.463090      0.000972
    803      0.000063      0.000094     -7.463184     -7.463090      0.000982
    804      0.000061      0.000092     -7.463182     -7.463090      0.000992
    805      0.000060      0.000090     -7.463180     -7.463090      0.001003
    806      0.000059      0.000088     -7.463178     -7.463090      0.001015
    807      0.000057      0.000086     -7.463175     -7.463090      0.001026
    808      0.000056      0.000084     -7.463173     -7.463090      0.001038
    809      0.000054      0.000082     -7.463171     -7.463090      0.001049
    810      0.000053      0.000080     -7.463169     -7.463090      0.001060
    811      0.000052      0.000078     -7.463168     -7.463090      0.001069
    812      0.000051      0.000077     -7.463166     -7.463090      0.001077
    813      0.000050      0.000075     -7.463165     -7.463090      0.001084
    814      0.000050      0.000074     -7.463164     -7.463090      0.001089
    815      0.000049      0.000074     -7.463163     -7.463090      0.001093
    816      0.000049      0.000074     -7.463163     -7.463090      0.001094
    817      0.000049      0.000074     -7.463163     -7.463090      0.001094
    818      0.000049      0.000074     -7.463164     -7.463090      0.001092
    819      0.000050      0.000075     -7.463165     -7.463090      0.001088
    820      0.000051      0.000076     -7.463166     -7.463090      0.001082
    821      0.000052      0.000078     -7.463167     -7.463090      0.001075
    822      0.000053      0.000079     -7.463169     -7.463090      0.001066
    823      0.000054      0.000081     -7.463171     -7.463090      0.001056
    824      0.000056      0.000083     -7.463173     -7.463090      0.001044
    825      0.000057      0.000086     -7.463175     -7.463090      0.001032
    826      0.000059      0.000088     -7.463178     -7.463090      0.001020
    827      0.000060      0.000090     -7.463180     -7.463090      0.001007
    828      0.000062      0.000093     -7.463182     -7.463090      0.000994
    829      0.000063      0.000095     -7.463184     -7.463090      0.000982
    830      0.000065      0.000097     -7.463186     -7.463090      0.000971
    831      0.000066      0.000099     -7.463188     -7.463090      0.000960
    832      0.000067      0.000100     -7.463190     -7.463090      0.000951
    833      0.000068      0.000102     -7.463191     -7.463090      0.000944
    834      0.000068      0.000103     -7.463192     -7.463090      0.000938
    835      0.000069      0.000103     -7.463193     -7.463090      0.000935
    836      0.000069      0.000103     -7.463193     -7.463090      0.000933
    837      0.000069      0.000103     -7.463193     -7.463090      0.000934
    838      0.000068      0.000102     -7.463192     -7.463090      0.000937
    839      0.000068      0.000101     -7.463191     -7.463090      0.000942
    840      0.000067      0.000100     -7.463189     -7.463090      0.000949
    841      0.000065      0.000098     -7.463188     -7.463090      0.000959
    842      0.000064      0.000096     -7.463185     -7.463090      0.000970
    843      0.000062      0.000093     -7.463183     -7.463090      0.000983
    844      0.000060      0.000090     -7.463180     -7.463090      0.000997
    845      0.000058      0.000087     -7.463177     -7.463090      0.001013
    846      0.000056      0.000084     -7.463174     -7.463090      0.001030
    847      0.000054      0.000081     -7.463171     -7.463090      0.001047
    848      0.000052      0.000078     -7.463167     -7.463090      0.001064
    849      0.000050      0.000075     -7.463164     -7.463090      0.001081
    850      0.000048      0.000071     -7.463161     -7.463090      0.001098
    851      0.000046      0.000069     -7.463158     -7.463090      0.001113
    852      0.000044      0.000066     -7.463156     -7.463090      0.001128
    853      0.000042      0.000064     -7.463153     -7.463090      0.001140
    854      0.000041      0.000062     -7.463151     -7.463090      0.001151
    855      0.000040      0.000060     -7.463150     -7.463090      0.001160
    856      0.000039      0.000059     -7.463149     -7.463090      0.001166
    857      0.000039      0.000058     -7.463148     -7.463090      0.001170
    858      0.000039      0.000058     -7.463148     -7.463090      0.001172
    859      0.000039      0.000059     -7.463148     -7.463090      0.001170
    860      0.000040      0.000060     -7.463149     -7.463090      0.001166
    861      0.000041      0.000061     -7.463151     -7.463090      0.001159
    862      0.000042      0.000063     -7.463153     -7.463090      0.001149
    863      0.000044      0.000065     -7.463155     -7.463090      0.001137
    864      0.000045      0.000068     -7.463158     -7.463090      0.001123
    865      0.000047      0.000071     -7.463161     -7.463090      0.001107
    866      0.000050      0.000075     -7.463164     -7.463090      0.001089
    867      0.000052      0.000078     -7.463168     -7.463090      0.001070
    868      0.000055      0.000082     -7.463172     -7.463090      0.001049
    869      0.000058      0.000086     -7.463176     -7.463090      0.001028
    870      0.000060      0.000091     -7.463180     -7.463090      0.001007
    871      0.000063      0.000095     -7.463184     -7.463090      0.000985
    872      0.000066      0.000099     -7.463188     -7.463090      0.000965
    873      0.000068      0.000102     -7.463192     -7.463090      0.000945
    874      0.000071      0.000106     -7.463196     -7.463090      0.000926
    875      0.000073      0.000109     -7.463199     -7.463090      0.000909
    876      0.000075      0.000112     -7.463202     -7.463090      0.000894
    877      0.000076      0.000114     -7.463204     -7.463090      0.000881
    878      0.000077      0.000116     -7.463206     -7.463090      0.000871
    879      0.000078      0.000118     -7.463207     -7.463090      0.000863
    880      0.000079      0.000119     -7.463208     -7.463090      0.000859
    881      0.000079      0.000119     -7.463209     -7.463090      0.000856
    882      0.000079      0.000119     -7.463208     -7.463090      0.000857
    883      0.000079      0.000118     -7.463208     -7.463090      0.000861
    884      0.000078      0.000117     -7.463206     -7.463090      0.000867
    885      0.000077      0.000115     -7.463205     -7.463090      0.000877
    886      0.000075      0.000113     -7.463202     -7.463090      0.000888
    887      0.000073      0.000110     -7.463200     -7.463090      0.000902
    888      0.000071      0.000107     -7.463196     -7.463090      0.000918
    889      0.000069      0.000103     -7.463193     -7.463090      0.000935
    890      0.000067      0.000100     -7.463189     -7.463090      0.000954
    891      0.000064      0.000096     -7.463186     -7.463090      0.000974
    892      0.000061      0.000092     -7.463182     -7.463090      0.000994
    893      0.000059      0.000088     -7.463178     -7.463090      0.001015
    894      0.000056      0.000084     -7.463174     -7.463090      0.001036
    895      0.000054      0.000080     -7.463170     -7.463090      0.001056
    896      0.000051      0.000077     -7.463166     -7.463090      0.001075
    897      0.000049      0.000073     -7.463163     -7.463090      0.001093
    898      0.000047      0.000070     -7.463160     -7.463090      0.001109
    899      0.000045      0.000067     -7.463157     -7.463090      0.001124
    900      0.000043      0.000065     -7.463155     -7.463090      0.001137
    901      0.000042      0.000063     -7.463153     -7.463090      0.001147
    902      0.000041      0.000061     -7.463151     -7.463090      0.001156
    903      0.000040      0.000060     -7.463150     -7.463090      0.001161
    904      0.000040      0.000060     -7.463149     -7.463090      0.001165
    905      0.000040      0.000059     -7.463149     -7.463090      0.001166
    906      0.000040      0.000060     -7.463149     -7.463090      0.001164
    907      0.000040      0.000060     -7.463150     -7.463090      0.001160
    908      0.000041      0.000062     -7.463151     -7.463090      0.001154
    909      0.000042      0.000063     -7.463153     -7.463090      0.001146
    910      0.000043      0.000065     -7.463155     -7.463090      0.001136
    911      0.000045      0.000067     -7.463157     -7.463090      0.001125
    912      0.000046      0.000070     -7.463159     -7.463090      0.001112
    913      0.000048      0.000072     -7.463162     -7.463090      0.001098
    914      0.000050      0.000075     -7.463165     -7.463090      0.001084
    915      0.000052      0.000078     -7.463167     -7.463090      0.001068
    916      0.000054      0.000081     -7.463170     -7.463090      0.001053
    917      0.000056      0.000084     -7.463173     -7.463090      0.001038
    918      0.000058      0.000086     -7.463176     -7.463090      0.001023
    919      0.000059      0.000089     -7.463179     -7.463090      0.001009
    920      0.000061      0.000092     -7.463181     -7.463090      0.000996
    921      0.000063      0.000094     -7.463183     -7.463090      0.000984
    922      0.000064      0.000096     -7.463186     -7.463090      0.000973
    923      0.000065      0.000098     -7.463187     -7.463090      0.000964
    924      0.000066      0.000099     -7.463189     -7.463090      0.000956
    925      0.000067      0.000100     -7.463190     -7.463090      0.000950
    926      0.000067      0.000101     -7.463191     -7.463090      0.000946
    927      0.000068      0.000102     -7.463191     -7.463090      0.000943
    928      0.000068      0.000102     -7.463191     -7.463090      0.000942
    929      0.000068      0.000102     -7.463191     -7.463090      0.000943
    930      0.000068      0.000101     -7.463191     -7.463090      0.000945
    931      0.000067      0.000101     -7.463190     -7.463090      0.000949
    932      0.000066      0.000100     -7.463189     -7.463090      0.000954
    933      0.000066      0.000099     -7.463188     -7.463090      0.000960
    934      0.000065      0.000097     -7.463187     -7.463090      0.000966
    935      0.000064      0.000096     -7.463186     -7.463090      0.000974
    936      0.000063      0.000094     -7.463184     -7.463090      0.000982
    937      0.000062      0.000093     -7.463182     -7.463090      0.000991
    938      0.000061      0.000091     -7.463181     -7.463090      0.001000
    939      0.000060      0.000089     -7.463179     -7.463090      0.001008
    940      0.000059      0.000088     -7.463178     -7.463090      0.001017
    941      0.000058      0.000086     -7.463176     -7.463090      0.001025
    942      0.000057      0.000085     -7.463175     -7.463090      0.001033
    943      0.000056      0.000084     -7.463173     -7.463090      0.001040
    944      0.000055      0.000082     -7.463172     -7.463090      0.001046
    945      0.000054      0.000081     -7.463171     -7.463090      0.001052
    946      0.000054      0.000080     -7.463170     -7.463090      0.001056
    947      0.000053      0.000080     -7.463169     -7.463090      0.001060
    948      0.000053      0.000079     -7.463169     -7.463090      0.001062
    949      0.000053      0.000079     -7.463169     -7.463090      0.001064
    950      0.000053      0.000079     -7.463168     -7.463090      0.001065
    951      0.000053      0.000079     -7.463168     -7.463090      0.001065
    952      0.000053      0.000079     -7.463169     -7.463090      0.001064
    953      0.000053      0.000079     -7.463169     -7.463090      0.001062
    954      0.000053      0.000080     -7.463169     -7.463090      0.001060
    955      0.000053      0.000080     -7.463170     -7.463090      0.001057
    956      0.000054      0.000081     -7.463171     -7.463090      0.001054
    957      0.000054      0.000082     -7.463171     -7.463090      0.001050
    958      0.000055      0.000082     -7.463172     -7.463090      0.001046
    959      0.000055      0.000083     -7.463173     -7.463090      0.001042
    960      0.000056      0.000084     -7.463173     -7.463090      0.001038
    961      0.000056      0.000085     -7.463174     -7.463090      0.001034
    962      0.000057      0.000085     -7.463175     -7.463090      0.001030
    963      0.000057      0.000086     -7.463176     -7.463090      0.001026
    964      0.000058      0.000087     -7.463176     -7.463090      0.001022
    965      0.000058      0.000087     -7.463177     -7.463090      0.001019
    966      0.000059      0.000088     -7.463178     -7.463090      0.001016
    967      0.000059      0.000088     -7.463178     -7.463090      0.001014
    968      0.000059      0.000089     -7.463179     -7.463090      0.001011
    969      0.000060      0.000089     -7.463179     -7.463090      0.001010
    970      0.000060      0.000090     -7.463179     -7.463090      0.001008
    971      0.000060      0.000090     -7.463179     -7.463090      0.001007
    972      0.000060      0.000090     -7.463180     -7.463090      0.001006
    973      0.000060      0.000090     -7.463180     -7.463090      0.001006
    974      0.000060      0.000090     -7.463180     -7.463090      0.001006
    975      0.000060      0.000090     -7.463180     -7.463090      0.001006
    976      0.000060      0.000090     -7.463180     -7.463090      0.001006
    977      0.000060      0.000090     -7.463180     -7.463090      0.001006
    978      0.000060      0.000090     -7.463180     -7.463090      0.001007
    979      0.000060      0.000090     -7.463180     -7.463090      0.001007
    980      0.000060      0.000090     -7.463180     -7.463090      0.001008
    981      0.000060      0.000090     -7.463180     -7.463090      0.001008
    982      0.000060      0.000090     -7.463180     -7.463090      0.001008
    983      0.000060      0.000090     -7.463179     -7.463090      0.001009
    984      0.000060      0.000090     -7.463179     -7.463090      0.001009
    985      0.000060      0.000090     -7.463179     -7.463090      0.001010
    986      0.000060      0.000089     -7.463179     -7.463090      0.001010
    987      0.000060      0.000089     -7.463179     -7.463090      0.001011
    988      0.000059      0.000089     -7.463179     -7.463090      0.001011
    989      0.000059      0.000089     -7.463179     -7.463090      0.001012
    990      0.000059      0.000089     -7.463178     -7.463090      0.001013
    991      0.000059      0.000089     -7.463178     -7.463090      0.001014
    992      0.000059      0.000088     -7.463178     -7.463090      0.001015
    993      0.000059      0.000088     -7.463178     -7.463090      0.001016
    994      0.000058      0.000088     -7.463177     -7.463090      0.001018
    995      0.000058      0.000087     -7.463177     -7.463090      0.001019
    996      0.000058      0.000087     -7.463176     -7.463090      0.001022
    997      0.000057      0.000086     -7.463176     -7.463090      0.001024
    998      0.000057      0.000085     -7.463175     -7.463090      0.001027
    999      0.000057      0.000085     -7.463174     -7.463090      0.001030
   1000      0.000056      0.000084     -7.463174     -7.463090      0.001034
#
# Means      0.000057      0.000086     -7.463176     -7.463090      0.001025
