#
# MD1: a minimal molecular dynamics program
#
# # comentario
#  Input sample: 5x5.coord
#                                (only positions read from file)
# Output sample: 5x5.calc
# Number of steps:    1000, time step: 0.0030, total time:      3.0000
# Number of atoms:   500
# Box size:    7.748000    7.748000    7.748000, Volume:        465.124
# Density:    1.074982 (unchanged)
# Free evolution run.
#
#  Step   Temperature     Kinetic      Potential   Total Energy    Pressure
# -----  ------------  ------------  ------------  ------------  ------------
      1      0.000000      0.000000     -7.463089     -7.463089      0.001467
      2      0.000001      0.000002     -7.463091     -7.463089      0.001460
      3      0.000003      0.000004     -7.463093     -7.463089      0.001446
      4      0.000006      0.000008     -7.463097     -7.463089      0.001425
      5      0.000009      0.000014     -7.463103     -7.463089      0.001398
      6      0.000013      0.000020     -7.463109     -7.463089      0.001365
      7      0.000018      0.000027     -7.463116     -7.463089      0.001327
      8      0.000024      0.000036     -7.463125     -7.463089      0.001284
      9      0.000030      0.000045     -7.463134     -7.463089      0.001237
     10      0.000036      0.000054     -7.463143     -7.463089      0.001188
     11      0.000043      0.000064     -7.463153     -7.463089      0.001137
     12      0.000049      0.000074     -7.463163     -7.463089      0.001084
     13      0.000056      0.000084     -7.463174     -7.463089      0.001032
     14      0.000063      0.000094     -7.463184     -7.463089      0.000980
     15      0.000069      0.000104     -7.463193     -7.463089      0.000930
     16      0.000075      0.000113     -7.463202     -7.463089      0.000883
     17      0.000081      0.000122     -7.463211     -7.463089      0.000839
     18      0.000086      0.000130     -7.463219     -7.463089      0.000799
     19      0.000091      0.000136     -7.463226     -7.463089      0.000764
     20      0.000095      0.000142     -7.463232     -7.463089      0.000734
     21      0.000098      0.000147     -7.463236     -7.463089      0.000710
     22      0.000101      0.000151     -7.463240     -7.463089      0.000692
     23      0.000102      0.000153     -7.463243     -7.463089      0.000681
     24      0.000103      0.000154     -7.463244     -7.463089      0.000675
     25      0.000103      0.000154     -7.463244     -7.463089      0.000676
     26      0.000102      0.000153     -7.463243     -7.463089      0.000683
     27      0.000101      0.000151     -7.463240     -7.463089      0.000696
     28      0.000099      0.000148     -7.463237     -7.463089      0.000714
     29      0.000096      0.000144     -7.463233     -7.463089      0.000737
     30      0.000092      0.000139     -7.463228     -7.463089      0.000764
     31      0.000089      0.000133     -7.463222     -7.463089      0.000795
     32      0.000084      0.000127     -7.463216     -7.463089      0.000828
     33      0.000080      0.000120     -7.463209     -7.463089      0.000864
     34      0.000075      0.000113     -7.463202     -7.463089      0.000901
     35      0.000070      0.000106     -7.463195     -7.463089      0.000939
     36      0.000066      0.000098     -7.463188     -7.463089      0.000977
     37      0.000061      0.000091     -7.463181     -7.463089      0.001013
     38      0.000056      0.000085     -7.463174     -7.463089      0.001048
     39      0.000052      0.000078     -7.463168     -7.463089      0.001081
     40      0.000048      0.000073     -7.463162     -7.463089      0.001111
     41      0.000045      0.000067     -7.463157     -7.463089      0.001137
     42      0.000042      0.000063     -7.463152     -7.463089      0.001160
     43      0.000040      0.000059     -7.463148     -7.463089      0.001178
     44      0.000038      0.000056     -7.463146     -7.463089      0.001192
     45      0.000036      0.000054     -7.463144     -7.463089      0.001202
     46      0.000036      0.000053     -7.463142     -7.463089      0.001207
     47      0.000035      0.000053     -7.463142     -7.463089      0.001207
     48      0.000036      0.000053     -7.463143     -7.463089      0.001204
     49      0.000036      0.000055     -7.463144     -7.463089      0.001196
     50      0.000038      0.000057     -7.463146     -7.463089      0.001185
     51      0.000039      0.000059     -7.463148     -7.463089      0.001170
     52      0.000041      0.000062     -7.463151     -7.463089      0.001153
     53      0.000044      0.000066     -7.463155     -7.463089      0.001133
     54      0.000046      0.000069     -7.463159     -7.463089      0.001112
     55      0.000049      0.000073     -7.463163     -7.463089      0.001090
     56      0.000052      0.000077     -7.463167     -7.463089      0.001068
     57      0.000054      0.000082     -7.463171     -7.463089      0.001045
     58      0.000057      0.000086     -7.463175     -7.463089      0.001024
     59      0.000059      0.000089     -7.463178     -7.463089      0.001004
     60      0.000062      0.000093     -7.463182     -7.463089      0.000985
     61      0.000064      0.000096     -7.463185     -7.463089      0.000969
     62      0.000065      0.000098     -7.463187     -7.463089      0.000956
     63      0.000067      0.000100     -7.463189     -7.463089      0.000945
     64      0.000068      0.000102     -7.463191     -7.463089      0.000937
     65      0.000068      0.000102     -7.463192     -7.463089      0.000933
     66      0.000068      0.000103     -7.463192     -7.463089      0.000932
     67      0.000068      0.000102     -7.463191     -7.463089      0.000934
     68      0.000067      0.000101     -7.463190     -7.463089      0.000940
     69      0.000066      0.000100     -7.463189     -7.463089      0.000948
     70      0.000065      0.000098     -7.463187     -7.463089      0.000959
     71      0.000064      0.000095     -7.463185     -7.463089      0.000972
     72      0.000062      0.000093     -7.463182     -7.463089      0.000987
     73      0.000060      0.000090     -7.463179     -7.463089      0.001004
     74      0.000058      0.000086     -7.463176     -7.463089      0.001022
     75      0.000055      0.000083     -7.463172     -7.463089      0.001040
     76      0.000053      0.000080     -7.463169     -7.463089      0.001059
     77      0.000051      0.000076     -7.463166     -7.463089      0.001076
     78      0.000049      0.000073     -7.463163     -7.463089      0.001093
     79      0.000047      0.000071     -7.463160     -7.463089      0.001109
     80      0.000045      0.000068     -7.463157     -7.463089      0.001122
     81      0.000044      0.000066     -7.463155     -7.463089      0.001134
     82      0.000043      0.000065     -7.463154     -7.463089      0.001143
     83      0.000042      0.000064     -7.463153     -7.463089      0.001149
     84      0.000042      0.000063     -7.463152     -7.463089      0.001152
     85      0.000042      0.000063     -7.463152     -7.463089      0.001152
     86      0.000043      0.000064     -7.463153     -7.463089      0.001148
     87      0.000044      0.000065     -7.463154     -7.463089      0.001142
     88      0.000045      0.000067     -7.463156     -7.463089      0.001133
     89      0.000046      0.000069     -7.463159     -7.463089      0.001121
     90      0.000048      0.000072     -7.463161     -7.463089      0.001107
     91      0.000050      0.000075     -7.463165     -7.463089      0.001090
     92      0.000053      0.000079     -7.463168     -7.463089      0.001071
     93      0.000055      0.000083     -7.463172     -7.463089      0.001051
     94      0.000058      0.000087     -7.463176     -7.463089      0.001031
     95      0.000060      0.000091     -7.463180     -7.463089      0.001009
     96      0.000063      0.000095     -7.463184     -7.463089      0.000988
     97      0.000066      0.000099     -7.463188     -7.463089      0.000967
     98      0.000068      0.000102     -7.463192     -7.463089      0.000947
     99      0.000070      0.000106     -7.463195     -7.463089      0.000929
    100      0.000073      0.000109     -7.463198     -7.463089      0.000912
    101      0.000074      0.000111     -7.463201     -7.463089      0.000898
    102      0.000076      0.000114     -7.463203     -7.463089      0.000886
    103      0.000077      0.000115     -7.463204     -7.463089      0.000878
    104      0.000077      0.000116     -7.463205     -7.463089      0.000872
    105      0.000078      0.000117     -7.463206     -7.463089      0.000869
    106      0.000078      0.000116     -7.463206     -7.463089      0.000870
    107      0.000077      0.000116     -7.463205     -7.463089      0.000874
    108      0.000076      0.000114     -7.463203     -7.463089      0.000881
    109      0.000075      0.000112     -7.463201     -7.463089      0.000891
    110      0.000073      0.000110     -7.463199     -7.463089      0.000904
    111      0.000071      0.000107     -7.463196     -7.463089      0.000920
    112      0.000069      0.000103     -7.463192     -7.463089      0.000938
    113      0.000066      0.000099     -7.463189     -7.463089      0.000957
    114      0.000064      0.000095     -7.463185     -7.463089      0.000978
    115      0.000061      0.000091     -7.463180     -7.463089      0.001000
    116      0.000058      0.000087     -7.463176     -7.463089      0.001023
    117      0.000055      0.000083     -7.463172     -7.463089      0.001045
    118      0.000052      0.000078     -7.463168     -7.463089      0.001067
    119      0.000050      0.000074     -7.463164     -7.463089      0.001088
    120      0.000047      0.000071     -7.463160     -7.463089      0.001108
    121      0.000045      0.000067     -7.463157     -7.463089      0.001125
    122      0.000043      0.000064     -7.463154     -7.463089      0.001141
    123      0.000041      0.000062     -7.463151     -7.463089      0.001154
    124      0.000040      0.000060     -7.463149     -7.463089      0.001164
    125      0.000039      0.000059     -7.463148     -7.463089      0.001172
    126      0.000039      0.000058     -7.463147     -7.463089      0.001176
    127      0.000038      0.000058     -7.463147     -7.463089      0.001177
    128      0.000039      0.000058     -7.463147     -7.463089      0.001175
    129      0.000039      0.000059     -7.463148     -7.463089      0.001170
    130      0.000040      0.000060     -7.463150     -7.463089      0.001163
    131      0.000042      0.000062     -7.463152     -7.463089      0.001152
    132      0.000043      0.000065     -7.463154     -7.463089      0.001139
    133      0.000045      0.000068     -7.463157     -7.463089      0.001124
    134      0.000047      0.000071     -7.463160     -7.463089      0.001107
    135      0.000050      0.000075     -7.463164     -7.463089      0.001088
    136      0.000052      0.000078     -7.463168     -7.463089      0.001069
    137      0.000055      0.000082     -7.463171     -7.463089      0.001049
    138      0.000057      0.000086     -7.463175     -7.463089      0.001029
    139      0.000060      0.000090     -7.463179     -7.463089      0.001009
    140      0.000062      0.000093     -7.463183     -7.463089      0.000990
    141      0.000065      0.000097     -7.463186     -7.463089      0.000972
    142      0.000067      0.000100     -7.463189     -7.463089      0.000956
    143      0.000068      0.000103     -7.463192     -7.463089      0.000941
    144      0.000070      0.000105     -7.463194     -7.463089      0.000929
    145      0.000071      0.000107     -7.463196     -7.463089      0.000919
    146      0.000072      0.000108     -7.463198     -7.463089      0.000911
    147      0.000073      0.000109     -7.463199     -7.463089      0.000907
    148      0.000073      0.000110     -7.463199     -7.463089      0.000905
    149      0.000073      0.000110     -7.463199     -7.463089      0.000905
    150      0.000073      0.000109     -7.463198     -7.463089      0.000909
    151      0.000072      0.000108     -7.463197     -7.463089      0.000915
    152      0.000071      0.000106     -7.463196     -7.463089      0.000923
    153      0.000070      0.000104     -7.463194     -7.463089      0.000933
    154      0.000068      0.000102     -7.463191     -7.463089      0.000945
    155      0.000066      0.000099     -7.463189     -7.463089      0.000959
    156      0.000064      0.000097     -7.463186     -7.463089      0.000974
    157      0.000062      0.000094     -7.463183     -7.463089      0.000990
    158      0.000060      0.000091     -7.463180     -7.463089      0.001006
    159      0.000058      0.000087     -7.463177     -7.463089      0.001023
    160      0.000056      0.000084     -7.463174     -7.463089      0.001039
    161      0.000054      0.000081     -7.463171     -7.463089      0.001054
    162      0.000052      0.000079     -7.463168     -7.463089      0.001069
    163      0.000051      0.000076     -7.463165     -7.463089      0.001082
    164      0.000049      0.000074     -7.463163     -7.463089      0.001094
    165      0.000048      0.000072     -7.463161     -7.463089      0.001104
    166      0.000047      0.000071     -7.463160     -7.463089      0.001111
    167      0.000046      0.000069     -7.463159     -7.463089      0.001117
    168      0.000046      0.000069     -7.463158     -7.463089      0.001121
    169      0.000046      0.000069     -7.463158     -7.463089      0.001122
    170      0.000046      0.000069     -7.463158     -7.463089      0.001121
    171      0.000046      0.000069     -7.463159     -7.463089      0.001117
    172      0.000047      0.000070     -7.463159     -7.463089      0.001112
    173      0.000048      0.000072     -7.463161     -7.463089      0.001105
    174      0.000049      0.000073     -7.463162     -7.463089      0.001096
    175      0.000050      0.000075     -7.463164     -7.463089      0.001086
    176      0.000052      0.000077     -7.463167     -7.463089      0.001074
    177      0.000053      0.000080     -7.463169     -7.463089      0.001062
    178      0.000055      0.000082     -7.463171     -7.463089      0.001049
    179      0.000056      0.000085     -7.463174     -7.463089      0.001036
    180      0.000058      0.000087     -7.463176     -7.463089      0.001023
    181      0.000060      0.000089     -7.463179     -7.463089      0.001011
    182      0.000061      0.000092     -7.463181     -7.463089      0.000999
    183      0.000062      0.000094     -7.463183     -7.463089      0.000988
    184      0.000064      0.000095     -7.463185     -7.463089      0.000978
    185      0.000065      0.000097     -7.463186     -7.463089      0.000970
    186      0.000065      0.000098     -7.463187     -7.463089      0.000963
    187      0.000066      0.000099     -7.463188     -7.463089      0.000959
    188      0.000066      0.000100     -7.463189     -7.463089      0.000956
    189      0.000067      0.000100     -7.463189     -7.463089      0.000955
    190      0.000066      0.000100     -7.463189     -7.463089      0.000956
    191      0.000066      0.000099     -7.463188     -7.463089      0.000958
    192      0.000066      0.000098     -7.463188     -7.463089      0.000963
    193      0.000065      0.000097     -7.463186     -7.463089      0.000969
    194      0.000064      0.000096     -7.463185     -7.463089      0.000976
    195      0.000063      0.000094     -7.463183     -7.463089      0.000985
    196      0.000062      0.000092     -7.463181     -7.463089      0.000995
    197      0.000060      0.000090     -7.463179     -7.463089      0.001006
    198      0.000059      0.000088     -7.463177     -7.463089      0.001017
    199      0.000057      0.000086     -7.463175     -7.463089      0.001028
    200      0.000056      0.000084     -7.463173     -7.463089      0.001040
    201      0.000055      0.000082     -7.463171     -7.463089      0.001050
    202      0.000053      0.000080     -7.463169     -7.463089      0.001061
    203      0.000052      0.000078     -7.463167     -7.463089      0.001070
    204      0.000051      0.000077     -7.463166     -7.463089      0.001078
    205      0.000050      0.000075     -7.463165     -7.463089      0.001085
    206      0.000050      0.000074     -7.463163     -7.463089      0.001091
    207      0.000049      0.000074     -7.463163     -7.463089      0.001095
    208      0.000049      0.000073     -7.463162     -7.463089      0.001097
    209      0.000049      0.000073     -7.463162     -7.463089      0.001097
    210      0.000049      0.000073     -7.463163     -7.463089      0.001096
    211      0.000049      0.000074     -7.463163     -7.463089      0.001093
    212      0.000050      0.000075     -7.463164     -7.463089      0.001088
    213      0.000051      0.000076     -7.463165     -7.463089      0.001082
    214      0.000052      0.000078     -7.463167     -7.463089      0.001074
    215      0.000053      0.000079     -7.463169     -7.463089      0.001065
    216      0.000054      0.000081     -7.463170     -7.463089      0.001055
    217      0.000056      0.000083     -7.463173     -7.463089      0.001044
    218      0.000057      0.000086     -7.463175     -7.463089      0.001032
    219      0.000058      0.000088     -7.463177     -7.463089      0.001021
    220      0.000060      0.000090     -7.463179     -7.463089      0.001009
    221      0.000061      0.000092     -7.463181     -7.463089      0.000997
    222      0.000063      0.000094     -7.463183     -7.463089      0.000986
    223      0.000064      0.000096     -7.463185     -7.463089      0.000976
    224      0.000065      0.000098     -7.463187     -7.463089      0.000967
    225      0.000066      0.000099     -7.463189     -7.463089      0.000959
    226      0.000067      0.000101     -7.463190     -7.463089      0.000952
    227      0.000068      0.000102     -7.463191     -7.463089      0.000947
    228      0.000068      0.000102     -7.463191     -7.463089      0.000944
    229      0.000068      0.000103     -7.463192     -7.463089      0.000942
    230      0.000068      0.000102     -7.463192     -7.463089      0.000942
    231      0.000068      0.000102     -7.463191     -7.463089      0.000944
    232      0.000068      0.000101     -7.463191     -7.463089      0.000948
    233      0.000067      0.000100     -7.463190     -7.463089      0.000953
    234      0.000066      0.000099     -7.463188     -7.463089      0.000960
    235      0.000065      0.000097     -7.463187     -7.463089      0.000968
    236      0.000064      0.000096     -7.463185     -7.463089      0.000978
    237      0.000062      0.000094     -7.463183     -7.463089      0.000988
    238      0.000061      0.000091     -7.463181     -7.463089      0.000999
    239      0.000059      0.000089     -7.463178     -7.463089      0.001011
    240      0.000058      0.000087     -7.463176     -7.463089      0.001024
    241      0.000056      0.000084     -7.463174     -7.463089      0.001036
    242      0.000055      0.000082     -7.463171     -7.463089      0.001048
    243      0.000053      0.000080     -7.463169     -7.463089      0.001060
    244      0.000052      0.000078     -7.463167     -7.463089      0.001071
    245      0.000050      0.000076     -7.463165     -7.463089      0.001081
    246      0.000049      0.000074     -7.463163     -7.463089      0.001090
    247      0.000048      0.000073     -7.463162     -7.463089      0.001098
    248      0.000048      0.000071     -7.463160     -7.463089      0.001105
    249      0.000047      0.000070     -7.463160     -7.463089      0.001109
    250      0.000046      0.000070     -7.463159     -7.463089      0.001113
    251      0.000046      0.000069     -7.463159     -7.463089      0.001114
    252      0.000046      0.000069     -7.463159     -7.463089      0.001114
    253      0.000047      0.000070     -7.463159     -7.463089      0.001113
    254      0.000047      0.000070     -7.463160     -7.463089      0.001109
    255      0.000048      0.000071     -7.463161     -7.463089      0.001105
    256      0.000048      0.000073     -7.463162     -7.463089      0.001098
    257      0.000049      0.000074     -7.463163     -7.463089      0.001091
    258      0.000050      0.000076     -7.463165     -7.463089      0.001083
    259      0.000052      0.000077     -7.463167     -7.463089      0.001073
    260      0.000053      0.000079     -7.463169     -7.463089      0.001063
    261      0.000054      0.000081     -7.463171     -7.463089      0.001053
    262      0.000056      0.000083     -7.463173     -7.463089      0.001042
    263      0.000057      0.000086     -7.463175     -7.463089      0.001031
    264      0.000058      0.000088     -7.463177     -7.463089      0.001020
    265      0.000060      0.000090     -7.463179     -7.463089      0.001010
    266      0.000061      0.000092     -7.463181     -7.463089      0.001000
    267      0.000062      0.000093     -7.463183     -7.463089      0.000992
    268      0.000063      0.000095     -7.463184     -7.463089      0.000984
    269      0.000064      0.000096     -7.463185     -7.463089      0.000977
    270      0.000065      0.000097     -7.463187     -7.463089      0.000971
    271      0.000066      0.000098     -7.463188     -7.463089      0.000966
    272      0.000066      0.000099     -7.463188     -7.463089      0.000963
    273      0.000066      0.000099     -7.463189     -7.463089      0.000961
    274      0.000066      0.000100     -7.463189     -7.463089      0.000961
    275      0.000066      0.000099     -7.463189     -7.463089      0.000961
    276      0.000066      0.000099     -7.463188     -7.463089      0.000963
    277      0.000066      0.000099     -7.463188     -7.463089      0.000966
    278      0.000065      0.000098     -7.463187     -7.463089      0.000970
    279      0.000065      0.000097     -7.463186     -7.463089      0.000975
    280      0.000064      0.000096     -7.463185     -7.463089      0.000981
    281      0.000063      0.000095     -7.463184     -7.463089      0.000987
    282      0.000062      0.000093     -7.463183     -7.463089      0.000994
    283      0.000061      0.000092     -7.463181     -7.463089      0.001001
    284      0.000060      0.000091     -7.463180     -7.463089      0.001008
    285      0.000060      0.000089     -7.463179     -7.463089      0.001014
    286      0.000059      0.000088     -7.463177     -7.463089      0.001021
    287      0.000058      0.000087     -7.463176     -7.463089      0.001027
    288      0.000057      0.000086     -7.463175     -7.463089      0.001033
    289      0.000056      0.000085     -7.463174     -7.463089      0.001038
    290      0.000056      0.000084     -7.463173     -7.463089      0.001043
    291      0.000055      0.000083     -7.463172     -7.463089      0.001047
    292      0.000055      0.000082     -7.463172     -7.463089      0.001049
    293      0.000055      0.000082     -7.463171     -7.463089      0.001051
    294      0.000054      0.000082     -7.463171     -7.463089      0.001052
    295      0.000054      0.000082     -7.463171     -7.463089      0.001053
    296      0.000054      0.000082     -7.463171     -7.463089      0.001052
    297      0.000054      0.000082     -7.463171     -7.463089      0.001051
    298      0.000055      0.000082     -7.463171     -7.463089      0.001049
    299      0.000055      0.000082     -7.463172     -7.463089      0.001046
    300      0.000055      0.000083     -7.463172     -7.463089      0.001043
    301      0.000056      0.000084     -7.463173     -7.463089      0.001039
    302      0.000056      0.000084     -7.463173     -7.463089      0.001036
    303      0.000057      0.000085     -7.463174     -7.463089      0.001032
    304      0.000057      0.000085     -7.463175     -7.463089      0.001028
    305      0.000057      0.000086     -7.463175     -7.463089      0.001025
    306      0.000058      0.000087     -7.463176     -7.463089      0.001022
    307      0.000058      0.000087     -7.463176     -7.463089      0.001019
    308      0.000058      0.000087     -7.463177     -7.463089      0.001017
    309      0.000058      0.000088     -7.463177     -7.463089      0.001016
    310      0.000059      0.000088     -7.463177     -7.463089      0.001015
    311      0.000059      0.000088     -7.463177     -7.463089      0.001015
    312      0.000058      0.000088     -7.463177     -7.463089      0.001015
    313      0.000058      0.000087     -7.463177     -7.463089      0.001017
    314      0.000058      0.000087     -7.463176     -7.463089      0.001019
    315      0.000058      0.000086     -7.463176     -7.463089      0.001022
    316      0.000057      0.000086     -7.463175     -7.463089      0.001026
    317      0.000057      0.000085     -7.463174     -7.463089      0.001030
    318      0.000056      0.000084     -7.463173     -7.463089      0.001035
    319      0.000055      0.000083     -7.463172     -7.463089      0.001040
    320      0.000055      0.000082     -7.463171     -7.463089      0.001045
    321      0.000054      0.000081     -7.463170     -7.463089      0.001051
    322      0.000053      0.000080     -7.463169     -7.463089      0.001056
    323      0.000053      0.000079     -7.463168     -7.463089      0.001062
    324      0.000052      0.000078     -7.463168     -7.463089      0.001067
    325      0.000052      0.000077     -7.463167     -7.463089      0.001071
    326      0.000051      0.000077     -7.463166     -7.463089      0.001075
    327      0.000051      0.000076     -7.463165     -7.463089      0.001079
    328      0.000051      0.000076     -7.463165     -7.463089      0.001081
    329      0.000050      0.000076     -7.463165     -7.463089      0.001083
    330      0.000050      0.000075     -7.463165     -7.463089      0.001084
    331      0.000050      0.000076     -7.463165     -7.463089      0.001083
    332      0.000051      0.000076     -7.463165     -7.463089      0.001082
    333      0.000051      0.000077     -7.463166     -7.463089      0.001079
    334      0.000052      0.000077     -7.463167     -7.463089      0.001075
    335      0.000052      0.000078     -7.463168     -7.463089      0.001070
    336      0.000053      0.000079     -7.463169     -7.463089      0.001064
    337      0.000054      0.000081     -7.463170     -7.463089      0.001057
    338      0.000055      0.000082     -7.463172     -7.463089      0.001050
    339      0.000056      0.000084     -7.463173     -7.463089      0.001041
    340      0.000057      0.000086     -7.463175     -7.463089      0.001032
    341      0.000058      0.000088     -7.463177     -7.463089      0.001023
    342      0.000060      0.000090     -7.463179     -7.463089      0.001013
    343      0.000061      0.000091     -7.463181     -7.463089      0.001003
    344      0.000062      0.000093     -7.463183     -7.463089      0.000993
    345      0.000063      0.000095     -7.463184     -7.463089      0.000984
    346      0.000065      0.000097     -7.463186     -7.463089      0.000975
    347      0.000066      0.000099     -7.463188     -7.463089      0.000966
    348      0.000067      0.000100     -7.463189     -7.463089      0.000959
    349      0.000068      0.000101     -7.463191     -7.463089      0.000952
    350      0.000068      0.000102     -7.463192     -7.463089      0.000946
    351      0.000069      0.000103     -7.463193     -7.463089      0.000942
    352      0.000069      0.000104     -7.463193     -7.463089      0.000939
    353      0.000070      0.000104     -7.463194     -7.463089      0.000937
    354      0.000070      0.000104     -7.463194     -7.463089      0.000937
    355      0.000069      0.000104     -7.463193     -7.463089      0.000938
    356      0.000069      0.000104     -7.463193     -7.463089      0.000940
    357      0.000069      0.000103     -7.463192     -7.463089      0.000944
    358      0.000068      0.000102     -7.463191     -7.463089      0.000949
    359      0.000067      0.000101     -7.463190     -7.463089      0.000956
    360      0.000066      0.000099     -7.463189     -7.463089      0.000963
    361      0.000065      0.000098     -7.463187     -7.463089      0.000972
    362      0.000064      0.000096     -7.463185     -7.463089      0.000981
    363      0.000063      0.000094     -7.463183     -7.463089      0.000991
    364      0.000061      0.000092     -7.463181     -7.463089      0.001002
    365      0.000060      0.000090     -7.463179     -7.463089      0.001012
    366      0.000058      0.000088     -7.463177     -7.463089      0.001023
    367      0.000057      0.000085     -7.463175     -7.463089      0.001034
    368      0.000056      0.000083     -7.463173     -7.463089      0.001045
    369      0.000054      0.000081     -7.463171     -7.463089      0.001055
    370      0.000053      0.000079     -7.463169     -7.463089      0.001064
    371      0.000052      0.000078     -7.463167     -7.463089      0.001073
    372      0.000051      0.000076     -7.463165     -7.463089      0.001081
    373      0.000050      0.000075     -7.463164     -7.463089      0.001088
    374      0.000049      0.000074     -7.463163     -7.463089      0.001093
    375      0.000049      0.000073     -7.463162     -7.463089      0.001097
    376      0.000048      0.000072     -7.463161     -7.463089      0.001100
    377      0.000048      0.000072     -7.463161     -7.463089      0.001102
    378      0.000048      0.000072     -7.463161     -7.463089      0.001102
    379      0.000048      0.000072     -7.463161     -7.463089      0.001101
    380      0.000048      0.000072     -7.463161     -7.463089      0.001098
    381      0.000049      0.000073     -7.463162     -7.463089      0.001094
    382      0.000049      0.000074     -7.463163     -7.463089      0.001090
    383      0.000050      0.000075     -7.463164     -7.463089      0.001084
    384      0.000051      0.000076     -7.463165     -7.463089      0.001077
    385      0.000051      0.000077     -7.463166     -7.463089      0.001070
    386      0.000052      0.000079     -7.463168     -7.463089      0.001062
    387      0.000053      0.000080     -7.463169     -7.463089      0.001054
    388      0.000054      0.000082     -7.463171     -7.463089      0.001046
    389      0.000055      0.000083     -7.463172     -7.463089      0.001037
    390      0.000057      0.000085     -7.463174     -7.463089      0.001029
    391      0.000058      0.000086     -7.463176     -7.463089      0.001022
    392      0.000058      0.000088     -7.463177     -7.463089      0.001015
    393      0.000059      0.000089     -7.463178     -7.463089      0.001008
    394      0.000060      0.000090     -7.463179     -7.463089      0.001002
    395      0.000061      0.000091     -7.463180     -7.463089      0.000998
    396      0.000061      0.000092     -7.463181     -7.463089      0.000994
    397      0.000062      0.000092     -7.463182     -7.463089      0.000991
    398      0.000062      0.000093     -7.463182     -7.463089      0.000990
    399      0.000062      0.000093     -7.463182     -7.463089      0.000989
    400      0.000062      0.000093     -7.463182     -7.463089      0.000990
    401      0.000062      0.000093     -7.463182     -7.463089      0.000992
    402      0.000062      0.000092     -7.463182     -7.463089      0.000994
    403      0.000061      0.000092     -7.463181     -7.463089      0.000998
    404      0.000061      0.000091     -7.463180     -7.463089      0.001002
    405      0.000060      0.000090     -7.463179     -7.463089      0.001008
    406      0.000059      0.000089     -7.463178     -7.463089      0.001013
    407      0.000059      0.000088     -7.463177     -7.463089      0.001019
    408      0.000058      0.000087     -7.463176     -7.463089      0.001025
    409      0.000057      0.000086     -7.463175     -7.463089      0.001032
    410      0.000057      0.000085     -7.463174     -7.463089      0.001038
    411      0.000056      0.000084     -7.463173     -7.463089      0.001044
    412      0.000055      0.000083     -7.463172     -7.463089      0.001049
    413      0.000055      0.000082     -7.463171     -7.463089      0.001054
    414      0.000054      0.000081     -7.463171     -7.463089      0.001058
    415      0.000054      0.000081     -7.463170     -7.463089      0.001061
    416      0.000054      0.000081     -7.463170     -7.463089      0.001063
    417      0.000054      0.000080     -7.463170     -7.463089      0.001064
    418      0.000054      0.000080     -7.463170     -7.463089      0.001064
    419      0.000054      0.000081     -7.463170     -7.463089      0.001063
    420      0.000054      0.000081     -7.463170     -7.463089      0.001061
    421      0.000054      0.000082     -7.463171     -7.463089      0.001057
    422      0.000055      0.000082     -7.463172     -7.463089      0.001053
    423      0.000056      0.000083     -7.463172     -7.463089      0.001048
    424      0.000056      0.000084     -7.463174     -7.463089      0.001042
    425      0.000057      0.000086     -7.463175     -7.463089      0.001035
    426      0.000058      0.000087     -7.463176     -7.463089      0.001028
    427      0.000059      0.000088     -7.463177     -7.463089      0.001020
    428      0.000060      0.000090     -7.463179     -7.463089      0.001012
    429      0.000061      0.000091     -7.463180     -7.463089      0.001004
    430      0.000062      0.000092     -7.463182     -7.463089      0.000997
    431      0.000062      0.000094     -7.463183     -7.463089      0.000990
    432      0.000063      0.000095     -7.463184     -7.463089      0.000983
    433      0.000064      0.000096     -7.463185     -7.463089      0.000977
    434      0.000065      0.000097     -7.463186     -7.463089      0.000972
    435      0.000065      0.000097     -7.463187     -7.463089      0.000968
    436      0.000065      0.000098     -7.463187     -7.463089      0.000965
    437      0.000065      0.000098     -7.463187     -7.463089      0.000964
    438      0.000065      0.000098     -7.463187     -7.463089      0.000964
    439      0.000065      0.000098     -7.463187     -7.463089      0.000965
    440      0.000065      0.000097     -7.463187     -7.463089      0.000967
    441      0.000064      0.000097     -7.463186     -7.463089      0.000971
    442      0.000064      0.000095     -7.463185     -7.463089      0.000977
    443      0.000063      0.000094     -7.463183     -7.463089      0.000983
    444      0.000062      0.000093     -7.463182     -7.463089      0.000991
    445      0.000061      0.000091     -7.463180     -7.463089      0.001000
    446      0.000059      0.000089     -7.463178     -7.463089      0.001009
    447      0.000058      0.000087     -7.463177     -7.463089      0.001020
    448      0.000057      0.000085     -7.463174     -7.463089      0.001030
    449      0.000055      0.000083     -7.463172     -7.463089      0.001041
    450      0.000054      0.000081     -7.463170     -7.463089      0.001052
    451      0.000053      0.000079     -7.463168     -7.463089      0.001063
    452      0.000051      0.000077     -7.463166     -7.463089      0.001074
    453      0.000050      0.000075     -7.463165     -7.463089      0.001083
    454      0.000049      0.000074     -7.463163     -7.463089      0.001092
    455      0.000048      0.000072     -7.463162     -7.463089      0.001100
    456      0.000047      0.000071     -7.463160     -7.463089      0.001106
    457      0.000047      0.000070     -7.463159     -7.463089      0.001111
    458      0.000046      0.000070     -7.463159     -7.463089      0.001114
    459      0.000046      0.000069     -7.463159     -7.463089      0.001116
    460      0.000046      0.000069     -7.463159     -7.463089      0.001116
    461      0.000046      0.000070     -7.463159     -7.463089      0.001114
    462      0.000047      0.000070     -7.463160     -7.463089      0.001111
    463      0.000048      0.000071     -7.463161     -7.463089      0.001106
    464      0.000048      0.000073     -7.463162     -7.463089      0.001099
    465      0.000050      0.000074     -7.463164     -7.463089      0.001090
    466      0.000051      0.000076     -7.463165     -7.463089      0.001081
    467      0.000052      0.000078     -7.463167     -7.463089      0.001070
    468      0.000054      0.000081     -7.463170     -7.463089      0.001058
    469      0.000055      0.000083     -7.463172     -7.463089      0.001045
    470      0.000057      0.000085     -7.463175     -7.463089      0.001032
    471      0.000059      0.000088     -7.463177     -7.463089      0.001018
    472      0.000060      0.000091     -7.463180     -7.463089      0.001005
    473      0.000062      0.000093     -7.463182     -7.463089      0.000992
    474      0.000064      0.000095     -7.463185     -7.463089      0.000979
    475      0.000065      0.000098     -7.463187     -7.463089      0.000967
    476      0.000066      0.000100     -7.463189     -7.463089      0.000957
    477      0.000068      0.000102     -7.463191     -7.463089      0.000947
    478      0.000069      0.000103     -7.463192     -7.463089      0.000939
    479      0.000069      0.000104     -7.463193     -7.463089      0.000933
    480      0.000070      0.000105     -7.463194     -7.463089      0.000929
    481      0.000070      0.000106     -7.463195     -7.463089      0.000926
    482      0.000070      0.000106     -7.463195     -7.463089      0.000925
    483      0.000070      0.000105     -7.463195     -7.463089      0.000927
    484      0.000070      0.000105     -7.463194     -7.463089      0.000930
    485      0.000069      0.000104     -7.463193     -7.463089      0.000935
    486      0.000068      0.000103     -7.463192     -7.463089      0.000942
    487      0.000067      0.000101     -7.463190     -7.463089      0.000951
    488      0.000066      0.000099     -7.463188     -7.463089      0.000961
    489      0.000065      0.000097     -7.463186     -7.463089      0.000972
    490      0.000063      0.000095     -7.463184     -7.463089      0.000985
    491      0.000061      0.000092     -7.463181     -7.463089      0.000998
    492      0.000060      0.000089     -7.463179     -7.463089      0.001012
    493      0.000058      0.000087     -7.463176     -7.463089      0.001026
    494      0.000056      0.000084     -7.463173     -7.463089      0.001039
    495      0.000054      0.000082     -7.463171     -7.463089      0.001053
    496      0.000053      0.000079     -7.463168     -7.463089      0.001066
    497      0.000051      0.000077     -7.463166     -7.463089      0.001078
    498      0.000050      0.000075     -7.463164     -7.463089      0.001088
    499      0.000049      0.000073     -7.463162     -7.463089      0.001098
    500      0.000048      0.000072     -7.463161     -7.463089      0.001106
    501      0.000047      0.000070     -7.463160     -7.463089      0.001112
    502      0.000046      0.000070     -7.463159     -7.463089      0.001116
    503      0.000046      0.000069     -7.463158     -7.463089      0.001118
    504      0.000046      0.000069     -7.463158     -7.463089      0.001118
    505      0.000046      0.000069     -7.463159     -7.463089      0.001117
    506      0.000047      0.000070     -7.463159     -7.463089      0.001113
    507      0.000047      0.000071     -7.463160     -7.463089      0.001107
    508      0.000048      0.000072     -7.463162     -7.463089      0.001100
    509      0.000049      0.000074     -7.463163     -7.463089      0.001091
    510      0.000051      0.000076     -7.463165     -7.463089      0.001081
    511      0.000052      0.000078     -7.463167     -7.463089      0.001070
    512      0.000054      0.000080     -7.463170     -7.463089      0.001058
    513      0.000055      0.000083     -7.463172     -7.463089      0.001045
    514      0.000057      0.000085     -7.463174     -7.463089      0.001032
    515      0.000058      0.000088     -7.463177     -7.463089      0.001019
    516      0.000060      0.000090     -7.463179     -7.463089      0.001006
    517      0.000061      0.000092     -7.463181     -7.463089      0.000994
    518      0.000063      0.000094     -7.463184     -7.463089      0.000983
    519      0.000064      0.000096     -7.463186     -7.463089      0.000972
    520      0.000065      0.000098     -7.463187     -7.463089      0.000964
    521      0.000066      0.000099     -7.463189     -7.463089      0.000956
    522      0.000067      0.000100     -7.463190     -7.463089      0.000951
    523      0.000067      0.000101     -7.463190     -7.463089      0.000947
    524      0.000068      0.000101     -7.463191     -7.463089      0.000945
    525      0.000068      0.000101     -7.463191     -7.463089      0.000945
    526      0.000067      0.000101     -7.463190     -7.463089      0.000947
    527      0.000067      0.000100     -7.463190     -7.463089      0.000951
    528      0.000066      0.000099     -7.463189     -7.463089      0.000957
    529      0.000065      0.000098     -7.463187     -7.463089      0.000965
    530      0.000064      0.000096     -7.463185     -7.463089      0.000974
    531      0.000063      0.000094     -7.463184     -7.463089      0.000985
    532      0.000061      0.000092     -7.463181     -7.463089      0.000996
    533      0.000060      0.000090     -7.463179     -7.463089      0.001008
    534      0.000058      0.000088     -7.463177     -7.463089      0.001021
    535      0.000057      0.000085     -7.463174     -7.463089      0.001034
    536      0.000055      0.000083     -7.463172     -7.463089      0.001047
    537      0.000054      0.000080     -7.463170     -7.463089      0.001060
    538      0.000052      0.000078     -7.463167     -7.463089      0.001072
    539      0.000051      0.000076     -7.463165     -7.463089      0.001083
    540      0.000050      0.000074     -7.463164     -7.463089      0.001092
    541      0.000049      0.000073     -7.463162     -7.463089      0.001101
    542      0.000048      0.000072     -7.463161     -7.463089      0.001107
    543      0.000047      0.000071     -7.463160     -7.463089      0.001112
    544      0.000047      0.000070     -7.463159     -7.463089      0.001115
    545      0.000047      0.000070     -7.463159     -7.463089      0.001115
    546      0.000047      0.000070     -7.463160     -7.463089      0.001114
    547      0.000047      0.000071     -7.463160     -7.463089      0.001111
    548      0.000048      0.000072     -7.463161     -7.463089      0.001105
    549      0.000049      0.000073     -7.463163     -7.463089      0.001098
    550      0.000050      0.000075     -7.463164     -7.463089      0.001089
    551      0.000051      0.000077     -7.463166     -7.463089      0.001078
    552      0.000053      0.000079     -7.463168     -7.463089      0.001066
    553      0.000054      0.000082     -7.463171     -7.463089      0.001053
    554      0.000056      0.000084     -7.463174     -7.463089      0.001039
    555      0.000058      0.000087     -7.463176     -7.463089      0.001025
    556      0.000060      0.000090     -7.463179     -7.463089      0.001010
    557      0.000062      0.000092     -7.463182     -7.463089      0.000996
    558      0.000063      0.000095     -7.463184     -7.463089      0.000982
    559      0.000065      0.000097     -7.463186     -7.463089      0.000969
    560      0.000066      0.000099     -7.463189     -7.463089      0.000957
    561      0.000068      0.000101     -7.463191     -7.463089      0.000946
    562      0.000069      0.000103     -7.463192     -7.463089      0.000938
    563      0.000070      0.000104     -7.463193     -7.463089      0.000931
    564      0.000070      0.000105     -7.463194     -7.463089      0.000926
    565      0.000070      0.000106     -7.463195     -7.463089      0.000923
    566      0.000070      0.000106     -7.463195     -7.463089      0.000922
    567      0.000070      0.000105     -7.463195     -7.463089      0.000924
    568      0.000070      0.000105     -7.463194     -7.463089      0.000928
    569      0.000069      0.000103     -7.463193     -7.463089      0.000934
    570      0.000068      0.000102     -7.463191     -7.463089      0.000943
    571      0.000067      0.000100     -7.463189     -7.463089      0.000953
    572      0.000065      0.000098     -7.463187     -7.463089      0.000965
    573      0.000063      0.000095     -7.463184     -7.463089      0.000979
    574      0.000061      0.000092     -7.463181     -7.463089      0.000993
    575      0.000060      0.000089     -7.463179     -7.463089      0.001009
    576      0.000058      0.000086     -7.463175     -7.463089      0.001025
    577      0.000055      0.000083     -7.463172     -7.463089      0.001042
    578      0.000053      0.000080     -7.463169     -7.463089      0.001058
    579      0.000051      0.000077     -7.463166     -7.463089      0.001074
    580      0.000050      0.000074     -7.463164     -7.463089      0.001089
    581      0.000048      0.000072     -7.463161     -7.463089      0.001103
    582      0.000046      0.000070     -7.463159     -7.463089      0.001115
    583      0.000045      0.000068     -7.463157     -7.463089      0.001126
    584      0.000044      0.000066     -7.463155     -7.463089      0.001135
    585      0.000043      0.000065     -7.463154     -7.463089      0.001141
    586      0.000043      0.000064     -7.463153     -7.463089      0.001146
    587      0.000042      0.000064     -7.463153     -7.463089      0.001147
    588      0.000043      0.000064     -7.463153     -7.463089      0.001147
    589      0.000043      0.000065     -7.463154     -7.463089      0.001144
    590      0.000044      0.000066     -7.463155     -7.463089      0.001138
    591      0.000045      0.000067     -7.463156     -7.463089      0.001130
    592      0.000046      0.000069     -7.463158     -7.463089      0.001120
    593      0.000048      0.000071     -7.463161     -7.463089      0.001108
    594      0.000049      0.000074     -7.463163     -7.463089      0.001094
    595      0.000051      0.000077     -7.463166     -7.463089      0.001079
    596      0.000053      0.000080     -7.463169     -7.463089      0.001062
    597      0.000056      0.000083     -7.463173     -7.463089      0.001045
    598      0.000058      0.000087     -7.463176     -7.463089      0.001027
    599      0.000060      0.000090     -7.463179     -7.463089      0.001009
    600      0.000062      0.000093     -7.463183     -7.463089      0.000992
    601      0.000064      0.000097     -7.463186     -7.463089      0.000975
    602      0.000066      0.000100     -7.463189     -7.463089      0.000959
    603      0.000068      0.000102     -7.463191     -7.463089      0.000944
    604      0.000070      0.000105     -7.463194     -7.463089      0.000932
    605      0.000071      0.000107     -7.463196     -7.463089      0.000921
    606      0.000072      0.000108     -7.463198     -7.463089      0.000912
    607      0.000073      0.000110     -7.463199     -7.463089      0.000905
    608      0.000074      0.000110     -7.463200     -7.463089      0.000901
    609      0.000074      0.000111     -7.463200     -7.463089      0.000900
    610      0.000074      0.000110     -7.463200     -7.463089      0.000901
    611      0.000073      0.000110     -7.463199     -7.463089      0.000904
    612      0.000072      0.000108     -7.463198     -7.463089      0.000911
    613      0.000071      0.000107     -7.463196     -7.463089      0.000919
    614      0.000070      0.000105     -7.463194     -7.463089      0.000930
    615      0.000068      0.000102     -7.463192     -7.463089      0.000942
    616      0.000066      0.000100     -7.463189     -7.463089      0.000956
    617      0.000064      0.000097     -7.463186     -7.463089      0.000972
    618      0.000062      0.000094     -7.463183     -7.463089      0.000989
    619      0.000060      0.000090     -7.463179     -7.463089      0.001006
    620      0.000058      0.000087     -7.463176     -7.463089      0.001024
    621      0.000056      0.000083     -7.463173     -7.463089      0.001042
    622      0.000053      0.000080     -7.463169     -7.463089      0.001059
    623      0.000051      0.000077     -7.463166     -7.463089      0.001076
    624      0.000049      0.000074     -7.463163     -7.463089      0.001092
    625      0.000048      0.000071     -7.463161     -7.463089      0.001106
    626      0.000046      0.000069     -7.463158     -7.463089      0.001119
    627      0.000045      0.000067     -7.463156     -7.463089      0.001129
    628      0.000044      0.000065     -7.463154     -7.463089      0.001138
    629      0.000043      0.000064     -7.463153     -7.463089      0.001144
    630      0.000042      0.000063     -7.463153     -7.463089      0.001148
    631      0.000042      0.000063     -7.463152     -7.463089      0.001150
    632      0.000042      0.000063     -7.463152     -7.463089      0.001149
    633      0.000043      0.000064     -7.463153     -7.463089      0.001145
    634      0.000043      0.000065     -7.463154     -7.463089      0.001140
    635      0.000044      0.000066     -7.463156     -7.463089      0.001132
    636      0.000046      0.000068     -7.463157     -7.463089      0.001122
    637      0.000047      0.000070     -7.463160     -7.463089      0.001110
    638      0.000049      0.000073     -7.463162     -7.463089      0.001097
    639      0.000050      0.000076     -7.463165     -7.463089      0.001083
    640      0.000052      0.000079     -7.463168     -7.463089      0.001068
    641      0.000054      0.000082     -7.463171     -7.463089      0.001052
    642      0.000056      0.000085     -7.463174     -7.463089      0.001036
    643      0.000058      0.000088     -7.463177     -7.463089      0.001019
    644      0.000060      0.000091     -7.463180     -7.463089      0.001004
    645      0.000062      0.000093     -7.463183     -7.463089      0.000989
    646      0.000064      0.000096     -7.463185     -7.463089      0.000975
    647      0.000066      0.000098     -7.463188     -7.463089      0.000962
    648      0.000067      0.000100     -7.463190     -7.463089      0.000951
    649      0.000068      0.000102     -7.463191     -7.463089      0.000942
    650      0.000069      0.000104     -7.463193     -7.463089      0.000934
    651      0.000070      0.000105     -7.463194     -7.463089      0.000929
    652      0.000070      0.000105     -7.463195     -7.463089      0.000926
    653      0.000070      0.000106     -7.463195     -7.463089      0.000925
    654      0.000070      0.000105     -7.463195     -7.463089      0.000926
    655      0.000070      0.000105     -7.463194     -7.463089      0.000928
    656      0.000069      0.000104     -7.463193     -7.463089      0.000933
    657      0.000069      0.000103     -7.463192     -7.463089      0.000940
    658      0.000068      0.000101     -7.463190     -7.463089      0.000948
    659      0.000066      0.000099     -7.463189     -7.463089      0.000958
    660      0.000065      0.000097     -7.463187     -7.463089      0.000969
    661      0.000064      0.000095     -7.463184     -7.463089      0.000981
    662      0.000062      0.000093     -7.463182     -7.463089      0.000993
    663      0.000060      0.000091     -7.463180     -7.463089      0.001006
    664      0.000059      0.000088     -7.463177     -7.463089      0.001019
    665      0.000057      0.000086     -7.463175     -7.463089      0.001031
    666      0.000056      0.000084     -7.463173     -7.463089      0.001043
    667      0.000054      0.000082     -7.463171     -7.463089      0.001055
    668      0.000053      0.000080     -7.463169     -7.463089      0.001065
    669      0.000052      0.000078     -7.463167     -7.463089      0.001074
    670      0.000051      0.000077     -7.463166     -7.463089      0.001082
    671      0.000050      0.000075     -7.463165     -7.463089      0.001088
    672      0.000050      0.000075     -7.463164     -7.463089      0.001092
    673      0.000049      0.000074     -7.463163     -7.463089      0.001095
    674      0.000049      0.000074     -7.463163     -7.463089      0.001096
    675      0.000049      0.000074     -7.463163     -7.463089      0.001096
    676      0.000050      0.000074     -7.463163     -7.463089      0.001094
    677      0.000050      0.000075     -7.463164     -7.463089      0.001090
    678      0.000051      0.000076     -7.463165     -7.463089      0.001085
    679      0.000051      0.000077     -7.463166     -7.463089      0.001079
    680      0.000052      0.000078     -7.463168     -7.463089      0.001071
    681      0.000053      0.000080     -7.463169     -7.463089      0.001063
    682      0.000054      0.000082     -7.463171     -7.463089      0.001054
    683      0.000056      0.000083     -7.463172     -7.463089      0.001045
    684      0.000057      0.000085     -7.463174     -7.463089      0.001035
    685      0.000058      0.000087     -7.463176     -7.463089      0.001026
    686      0.000059      0.000088     -7.463178     -7.463089      0.001017
    687      0.000060      0.000090     -7.463179     -7.463089      0.001008
    688      0.000061      0.000091     -7.463181     -7.463089      0.001000
    689      0.000062      0.000093     -7.463182     -7.463089      0.000994
    690      0.000062      0.000094     -7.463183     -7.463089      0.000988
    691      0.000063      0.000095     -7.463184     -7.463089      0.000983
    692      0.000063      0.000095     -7.463184     -7.463089      0.000980
    693      0.000064      0.000095     -7.463185     -7.463089      0.000978
    694      0.000064      0.000096     -7.463185     -7.463089      0.000977
    695      0.000064      0.000095     -7.463185     -7.463089      0.000978
    696      0.000063      0.000095     -7.463184     -7.463089      0.000980
    697      0.000063      0.000094     -7.463184     -7.463089      0.000984
    698      0.000062      0.000093     -7.463183     -7.463089      0.000988
    699      0.000062      0.000092     -7.463182     -7.463089      0.000994
    700      0.000061      0.000091     -7.463180     -7.463089      0.001001
    701      0.000060      0.000090     -7.463179     -7.463089      0.001008
    702      0.000059      0.000088     -7.463177     -7.463089      0.001016
    703      0.000058      0.000087     -7.463176     -7.463089      0.001024
    704      0.000057      0.000085     -7.463174     -7.463089      0.001032
    705      0.000056      0.000084     -7.463173     -7.463089      0.001041
    706      0.000055      0.000082     -7.463171     -7.463089      0.001048
    707      0.000054      0.000081     -7.463170     -7.463089      0.001056
    708      0.000053      0.000079     -7.463169     -7.463089      0.001063
    709      0.000052      0.000078     -7.463168     -7.463089      0.001069
    710      0.000052      0.000077     -7.463167     -7.463089      0.001074
    711      0.000051      0.000077     -7.463166     -7.463089      0.001077
    712      0.000051      0.000076     -7.463165     -7.463089      0.001080
    713      0.000051      0.000076     -7.463165     -7.463089      0.001081
    714      0.000051      0.000076     -7.463165     -7.463089      0.001082
    715      0.000051      0.000076     -7.463166     -7.463089      0.001080
    716      0.000051      0.000077     -7.463166     -7.463089      0.001078
    717      0.000052      0.000077     -7.463167     -7.463089      0.001074
    718      0.000052      0.000078     -7.463168     -7.463089      0.001069
    719      0.000053      0.000080     -7.463169     -7.463089      0.001064
    720      0.000054      0.000081     -7.463170     -7.463089      0.001057
    721      0.000055      0.000082     -7.463171     -7.463089      0.001050
    722      0.000056      0.000084     -7.463173     -7.463089      0.001042
    723      0.000057      0.000085     -7.463174     -7.463089      0.001033
    724      0.000058      0.000087     -7.463176     -7.463089      0.001025
    725      0.000059      0.000088     -7.463178     -7.463089      0.001017
    726      0.000060      0.000090     -7.463179     -7.463089      0.001009
    727      0.000061      0.000091     -7.463180     -7.463089      0.001001
    728      0.000062      0.000093     -7.463182     -7.463089      0.000994
    729      0.000062      0.000094     -7.463183     -7.463089      0.000987
    730      0.000063      0.000095     -7.463184     -7.463089      0.000982
    731      0.000064      0.000096     -7.463185     -7.463089      0.000978
    732      0.000064      0.000096     -7.463185     -7.463089      0.000974
    733      0.000064      0.000096     -7.463186     -7.463089      0.000972
    734      0.000064      0.000097     -7.463186     -7.463089      0.000971
    735      0.000064      0.000097     -7.463186     -7.463089      0.000972
    736      0.000064      0.000096     -7.463185     -7.463089      0.000973
    737      0.000064      0.000096     -7.463185     -7.463089      0.000976
    738      0.000063      0.000095     -7.463184     -7.463089      0.000980
    739      0.000063      0.000094     -7.463183     -7.463089      0.000985
    740      0.000062      0.000093     -7.463182     -7.463089      0.000991
    741      0.000061      0.000092     -7.463181     -7.463089      0.000997
    742      0.000060      0.000090     -7.463180     -7.463089      0.001004
    743      0.000059      0.000089     -7.463178     -7.463089      0.001012
    744      0.000058      0.000087     -7.463177     -7.463089      0.001020
    745      0.000057      0.000086     -7.463175     -7.463089      0.001028
    746      0.000056      0.000085     -7.463174     -7.463089      0.001035
    747      0.000055      0.000083     -7.463172     -7.463089      0.001043
    748      0.000055      0.000082     -7.463171     -7.463089      0.001049
    749      0.000054      0.000081     -7.463170     -7.463089      0.001056
    750      0.000053      0.000080     -7.463169     -7.463089      0.001061
    751      0.000053      0.000079     -7.463168     -7.463089      0.001066
    752      0.000052      0.000078     -7.463168     -7.463089      0.001069
    753      0.000052      0.000078     -7.463167     -7.463089      0.001072
    754      0.000052      0.000078     -7.463167     -7.463089      0.001073
    755      0.000052      0.000078     -7.463167     -7.463089      0.001073
    756      0.000052      0.000078     -7.463167     -7.463089      0.001072
    757      0.000052      0.000078     -7.463168     -7.463089      0.001070
    758      0.000053      0.000079     -7.463168     -7.463089      0.001067
    759      0.000053      0.000080     -7.463169     -7.463089      0.001063
    760      0.000054      0.000081     -7.463170     -7.463089      0.001058
    761      0.000055      0.000082     -7.463171     -7.463089      0.001052
    762      0.000055      0.000083     -7.463172     -7.463089      0.001045
    763      0.000056      0.000084     -7.463174     -7.463089      0.001039
    764      0.000057      0.000086     -7.463175     -7.463089      0.001032
    765      0.000058      0.000087     -7.463176     -7.463089      0.001024
    766      0.000059      0.000088     -7.463178     -7.463089      0.001017
    767      0.000060      0.000090     -7.463179     -7.463089      0.001011
    768      0.000061      0.000091     -7.463180     -7.463089      0.001004
    769      0.000061      0.000092     -7.463181     -7.463089      0.000998
    770      0.000062      0.000093     -7.463182     -7.463089      0.000993
    771      0.000062      0.000094     -7.463183     -7.463089      0.000989
    772      0.000063      0.000094     -7.463184     -7.463089      0.000986
    773      0.000063      0.000095     -7.463184     -7.463089      0.000983
    774      0.000063      0.000095     -7.463184     -7.463089      0.000982
    775      0.000063      0.000095     -7.463184     -7.463089      0.000982
    776      0.000063      0.000095     -7.463184     -7.463089      0.000983
    777      0.000063      0.000094     -7.463183     -7.463089      0.000985
    778      0.000062      0.000094     -7.463183     -7.463089      0.000989
    779      0.000062      0.000093     -7.463182     -7.463089      0.000993
    780      0.000061      0.000092     -7.463181     -7.463089      0.000998
    781      0.000060      0.000091     -7.463180     -7.463089      0.001004
    782      0.000060      0.000089     -7.463179     -7.463089      0.001010
    783      0.000059      0.000088     -7.463177     -7.463089      0.001017
    784      0.000058      0.000087     -7.463176     -7.463089      0.001024
    785      0.000057      0.000085     -7.463175     -7.463089      0.001032
    786      0.000056      0.000084     -7.463173     -7.463089      0.001039
    787      0.000055      0.000083     -7.463172     -7.463089      0.001046
    788      0.000054      0.000081     -7.463170     -7.463089      0.001053
    789      0.000053      0.000080     -7.463169     -7.463089      0.001059
    790      0.000053      0.000079     -7.463168     -7.463089      0.001065
    791      0.000052      0.000078     -7.463167     -7.463089      0.001070
    792      0.000052      0.000077     -7.463167     -7.463089      0.001073
    793      0.000051      0.000077     -7.463166     -7.463089      0.001076
    794      0.000051      0.000077     -7.463166     -7.463089      0.001078
    795      0.000051      0.000076     -7.463166     -7.463089      0.001079
    796      0.000051      0.000076     -7.463166     -7.463089      0.001078
    797      0.000051      0.000077     -7.463166     -7.463089      0.001077
    798      0.000052      0.000077     -7.463167     -7.463089      0.001074
    799      0.000052      0.000078     -7.463167     -7.463089      0.001070
    800      0.000053      0.000079     -7.463168     -7.463089      0.001065
    801      0.000053      0.000080     -7.463169     -7.463089      0.001060
    802      0.000054      0.000081     -7.463170     -7.463089      0.001053
    803      0.000055      0.000083     -7.463172     -7.463089      0.001047
    804      0.000056      0.000084     -7.463173     -7.463089      0.001039
    805      0.000057      0.000085     -7.463175     -7.463089      0.001031
    806      0.000058      0.000087     -7.463176     -7.463089      0.001024
    807      0.000059      0.000088     -7.463178     -7.463089      0.001016
    808      0.000060      0.000090     -7.463179     -7.463089      0.001008
    809      0.000061      0.000091     -7.463181     -7.463089      0.001001
    810      0.000062      0.000093     -7.463182     -7.463089      0.000994
    811      0.000062      0.000094     -7.463183     -7.463089      0.000988
    812      0.000063      0.000095     -7.463184     -7.463089      0.000983
    813      0.000064      0.000096     -7.463185     -7.463089      0.000979
    814      0.000064      0.000096     -7.463185     -7.463089      0.000976
    815      0.000064      0.000097     -7.463186     -7.463089      0.000973
    816      0.000065      0.000097     -7.463186     -7.463089      0.000972
    817      0.000065      0.000097     -7.463186     -7.463089      0.000972
    818      0.000064      0.000097     -7.463186     -7.463089      0.000973
    819      0.000064      0.000096     -7.463185     -7.463089      0.000975
    820      0.000064      0.000096     -7.463185     -7.463089      0.000979
    821      0.000063      0.000095     -7.463184     -7.463089      0.000983
    822      0.000063      0.000094     -7.463183     -7.463089      0.000988
    823      0.000062      0.000093     -7.463182     -7.463089      0.000993
    824      0.000061      0.000092     -7.463181     -7.463089      0.001000
    825      0.000060      0.000090     -7.463179     -7.463089      0.001007
    826      0.000059      0.000089     -7.463178     -7.463089      0.001014
    827      0.000058      0.000087     -7.463177     -7.463089      0.001021
    828      0.000057      0.000086     -7.463175     -7.463089      0.001028
    829      0.000056      0.000085     -7.463174     -7.463089      0.001036
    830      0.000056      0.000083     -7.463173     -7.463089      0.001042
    831      0.000055      0.000082     -7.463171     -7.463089      0.001049
    832      0.000054      0.000081     -7.463170     -7.463089      0.001055
    833      0.000053      0.000080     -7.463169     -7.463089      0.001060
    834      0.000053      0.000079     -7.463168     -7.463089      0.001064
    835      0.000052      0.000079     -7.463168     -7.463089      0.001068
    836      0.000052      0.000078     -7.463167     -7.463089      0.001071
    837      0.000052      0.000078     -7.463167     -7.463089      0.001072
    838      0.000052      0.000078     -7.463167     -7.463089      0.001073
    839      0.000052      0.000078     -7.463167     -7.463089      0.001073
    840      0.000052      0.000078     -7.463167     -7.463089      0.001072
    841      0.000052      0.000078     -7.463167     -7.463089      0.001070
    842      0.000053      0.000079     -7.463168     -7.463089      0.001067
    843      0.000053      0.000080     -7.463169     -7.463089      0.001063
    844      0.000054      0.000080     -7.463170     -7.463089      0.001059
    845      0.000054      0.000081     -7.463171     -7.463089      0.001054
    846      0.000055      0.000082     -7.463172     -7.463089      0.001049
    847      0.000056      0.000083     -7.463173     -7.463089      0.001043
    848      0.000056      0.000085     -7.463174     -7.463089      0.001037
    849      0.000057      0.000086     -7.463175     -7.463089      0.001031
    850      0.000058      0.000087     -7.463176     -7.463089      0.001025
    851      0.000059      0.000088     -7.463177     -7.463089      0.001020
    852      0.000059      0.000089     -7.463178     -7.463089      0.001014
    853      0.000060      0.000090     -7.463179     -7.463089      0.001010
    854      0.000060      0.000091     -7.463180     -7.463089      0.001005
    855      0.000061      0.000091     -7.463181     -7.463089      0.001002
    856      0.000061      0.000092     -7.463181     -7.463089      0.000998
    857      0.000062      0.000092     -7.463182     -7.463089      0.000996
    858      0.000062      0.000093     -7.463182     -7.463089      0.000995
    859      0.000062      0.000093     -7.463182     -7.463089      0.000994
    860      0.000062      0.000093     -7.463182     -7.463089      0.000994
    861      0.000062      0.000093     -7.463182     -7.463089      0.000994
    862      0.000062      0.000093     -7.463182     -7.463089      0.000995
    863      0.000061      0.000092     -7.463181     -7.463089      0.000997
    864      0.000061      0.000092     -7.463181     -7.463089      0.001000
    865      0.000061      0.000091     -7.463180     -7.463089      0.001003
    866      0.000060      0.000091     -7.463180     -7.463089      0.001006
    867      0.000060      0.000090     -7.463179     -7.463089      0.001010
    868      0.000059      0.000089     -7.463178     -7.463089      0.001014
    869      0.000059      0.000088     -7.463178     -7.463089      0.001018
    870      0.000058      0.000088     -7.463177     -7.463089      0.001022
    871      0.000058      0.000087     -7.463176     -7.463089      0.001026
    872      0.000057      0.000086     -7.463175     -7.463089      0.001029
    873      0.000057      0.000085     -7.463175     -7.463089      0.001033
    874      0.000057      0.000085     -7.463174     -7.463089      0.001036
    875      0.000056      0.000084     -7.463173     -7.463089      0.001038
    876      0.000056      0.000084     -7.463173     -7.463089      0.001040
    877      0.000056      0.000083     -7.463173     -7.463089      0.001042
    878      0.000055      0.000083     -7.463172     -7.463089      0.001043
    879      0.000055      0.000083     -7.463172     -7.463089      0.001044
    880      0.000055      0.000083     -7.463172     -7.463089      0.001044
    881      0.000055      0.000083     -7.463172     -7.463089      0.001044
    882      0.000055      0.000083     -7.463172     -7.463089      0.001043
    883      0.000056      0.000083     -7.463173     -7.463089      0.001042
    884      0.000056      0.000084     -7.463173     -7.463089      0.001040
    885      0.000056      0.000084     -7.463173     -7.463089      0.001039
    886      0.000056      0.000084     -7.463173     -7.463089      0.001037
    887      0.000056      0.000085     -7.463174     -7.463089      0.001035
    888      0.000057      0.000085     -7.463174     -7.463089      0.001033
    889      0.000057      0.000085     -7.463174     -7.463089      0.001031
    890      0.000057      0.000086     -7.463175     -7.463089      0.001029
    891      0.000057      0.000086     -7.463175     -7.463089      0.001028
    892      0.000057      0.000086     -7.463175     -7.463089      0.001027
    893      0.000057      0.000086     -7.463175     -7.463089      0.001026
    894      0.000058      0.000086     -7.463176     -7.463089      0.001025
    895      0.000058      0.000086     -7.463176     -7.463089      0.001025
    896      0.000057      0.000086     -7.463175     -7.463089      0.001026
    897      0.000057      0.000086     -7.463175     -7.463089      0.001027
    898      0.000057      0.000086     -7.463175     -7.463089      0.001028
    899      0.000057      0.000086     -7.463175     -7.463089      0.001030
    900      0.000057      0.000085     -7.463174     -7.463089      0.001032
    901      0.000056      0.000085     -7.463174     -7.463089      0.001035
    902      0.000056      0.000084     -7.463173     -7.463089      0.001037
    903      0.000056      0.000084     -7.463173     -7.463089      0.001040
    904      0.000055      0.000083     -7.463172     -7.463089      0.001043
    905      0.000055      0.000083     -7.463172     -7.463089      0.001046
    906      0.000055      0.000082     -7.463171     -7.463089      0.001049
    907      0.000055      0.000082     -7.463171     -7.463089      0.001051
    908      0.000054      0.000081     -7.463171     -7.463089      0.001053
    909      0.000054      0.000081     -7.463170     -7.463089      0.001055
    910      0.000054      0.000081     -7.463170     -7.463089      0.001056
    911      0.000054      0.000081     -7.463170     -7.463089      0.001057
    912      0.000054      0.000081     -7.463170     -7.463089      0.001057
    913      0.000054      0.000081     -7.463170     -7.463089      0.001056
    914      0.000054      0.000081     -7.463171     -7.463089      0.001055
    915      0.000055      0.000082     -7.463171     -7.463089      0.001052
    916      0.000055      0.000082     -7.463172     -7.463089      0.001049
    917      0.000055      0.000083     -7.463172     -7.463089      0.001045
    918      0.000056      0.000084     -7.463173     -7.463089      0.001041
    919      0.000057      0.000085     -7.463174     -7.463089      0.001035
    920      0.000058      0.000086     -7.463176     -7.463089      0.001029
    921      0.000058      0.000088     -7.463177     -7.463089      0.001022
    922      0.000059      0.000089     -7.463178     -7.463089      0.001015
    923      0.000060      0.000090     -7.463180     -7.463089      0.001008
    924      0.000061      0.000092     -7.463181     -7.463089      0.001001
    925      0.000062      0.000093     -7.463182     -7.463089      0.000993
    926      0.000063      0.000095     -7.463184     -7.463089      0.000986
    927      0.000064      0.000096     -7.463185     -7.463089      0.000978
    928      0.000065      0.000097     -7.463186     -7.463089      0.000972
    929      0.000066      0.000098     -7.463188     -7.463089      0.000966
    930      0.000066      0.000099     -7.463189     -7.463089      0.000960
    931      0.000067      0.000100     -7.463189     -7.463089      0.000956
    932      0.000067      0.000101     -7.463190     -7.463089      0.000953
    933      0.000068      0.000101     -7.463190     -7.463089      0.000950
    934      0.000068      0.000101     -7.463191     -7.463089      0.000949
    935      0.000068      0.000101     -7.463191     -7.463089      0.000949
    936      0.000067      0.000101     -7.463190     -7.463089      0.000951
    937      0.000067      0.000101     -7.463190     -7.463089      0.000954
    938      0.000066      0.000100     -7.463189     -7.463089      0.000958
    939      0.000066      0.000099     -7.463188     -7.463089      0.000964
    940      0.000065      0.000097     -7.463187     -7.463089      0.000970
    941      0.000064      0.000096     -7.463185     -7.463089      0.000978
    942      0.000063      0.000094     -7.463183     -7.463089      0.000988
    943      0.000061      0.000092     -7.463181     -7.463089      0.000998
    944      0.000060      0.000090     -7.463179     -7.463089      0.001009
    945      0.000058      0.000088     -7.463177     -7.463089      0.001020
    946      0.000057      0.000085     -7.463175     -7.463089      0.001032
    947      0.000055      0.000083     -7.463172     -7.463089      0.001044
    948      0.000054      0.000081     -7.463170     -7.463089      0.001056
    949      0.000052      0.000078     -7.463168     -7.463089      0.001068
    950      0.000051      0.000076     -7.463165     -7.463089      0.001080
    951      0.000049      0.000074     -7.463163     -7.463089      0.001091
    952      0.000048      0.000072     -7.463161     -7.463089      0.001101
    953      0.000047      0.000070     -7.463159     -7.463089      0.001111
    954      0.000046      0.000069     -7.463158     -7.463089      0.001119
    955      0.000045      0.000067     -7.463157     -7.463089      0.001125
    956      0.000044      0.000066     -7.463156     -7.463089      0.001131
    957      0.000044      0.000066     -7.463155     -7.463089      0.001134
    958      0.000043      0.000065     -7.463154     -7.463089      0.001137
    959      0.000043      0.000065     -7.463154     -7.463089      0.001137
    960      0.000044      0.000065     -7.463155     -7.463089      0.001135
    961      0.000044      0.000066     -7.463155     -7.463089      0.001132
    962      0.000045      0.000067     -7.463156     -7.463089      0.001128
    963      0.000045      0.000068     -7.463157     -7.463089      0.001121
    964      0.000046      0.000069     -7.463159     -7.463089      0.001113
    965      0.000047      0.000071     -7.463160     -7.463089      0.001104
    966      0.000049      0.000073     -7.463162     -7.463089      0.001093
    967      0.000050      0.000075     -7.463165     -7.463089      0.001082
    968      0.000052      0.000078     -7.463167     -7.463089      0.001069
    969      0.000054      0.000080     -7.463170     -7.463089      0.001056
    970      0.000055      0.000083     -7.463172     -7.463089      0.001043
    971      0.000057      0.000086     -7.463175     -7.463089      0.001029
    972      0.000059      0.000088     -7.463177     -7.463089      0.001016
    973      0.000060      0.000091     -7.463180     -7.463089      0.001002
    974      0.000062      0.000093     -7.463182     -7.463089      0.000989
    975      0.000064      0.000096     -7.463185     -7.463089      0.000977
    976      0.000065      0.000098     -7.463187     -7.463089      0.000966
    977      0.000066      0.000100     -7.463189     -7.463089      0.000956
    978      0.000068      0.000101     -7.463191     -7.463089      0.000947
    979      0.000069      0.000103     -7.463192     -7.463089      0.000940
    980      0.000069      0.000104     -7.463193     -7.463089      0.000934
    981      0.000070      0.000105     -7.463194     -7.463089      0.000929
    982      0.000070      0.000106     -7.463195     -7.463089      0.000927
    983      0.000071      0.000106     -7.463195     -7.463089      0.000926
    984      0.000071      0.000106     -7.463195     -7.463089      0.000926
    985      0.000070      0.000105     -7.463195     -7.463089      0.000928
    986      0.000070      0.000105     -7.463194     -7.463089      0.000932
    987      0.000069      0.000104     -7.463193     -7.463089      0.000938
    988      0.000068      0.000103     -7.463192     -7.463089      0.000944
    989      0.000067      0.000101     -7.463190     -7.463089      0.000952
    990      0.000066      0.000100     -7.463189     -7.463089      0.000961
    991      0.000065      0.000098     -7.463187     -7.463089      0.000970
    992      0.000064      0.000096     -7.463185     -7.463089      0.000980
    993      0.000063      0.000094     -7.463183     -7.463089      0.000991
    994      0.000061      0.000092     -7.463181     -7.463089      0.001002
    995      0.000060      0.000090     -7.463179     -7.463089      0.001013
    996      0.000058      0.000088     -7.463177     -7.463089      0.001023
    997      0.000057      0.000086     -7.463175     -7.463089      0.001034
    998      0.000056      0.000084     -7.463173     -7.463089      0.001043
    999      0.000055      0.000082     -7.463171     -7.463089      0.001052
   1000      0.000054      0.000081     -7.463170     -7.463089      0.001060
#
# Means      0.000058      0.000086     -7.463176     -7.463089      0.001026
