#
# MD1: a minimal molecular dynamics program
#
# # comentario
#  Input sample: 6x6.coord
#                                (only positions read from file)
# Output sample: 6x6.calc
# Number of steps:    1000, time step: 0.0030, total time:      3.0000
# Number of atoms:   864
# Box size:    9.297600    9.297600    9.297600, Volume:        803.734
# Density:    1.074982 (unchanged)
# Free evolution run.
#
#  Step   Temperature     Kinetic      Potential   Total Energy    Pressure
# -----  ------------  ------------  ------------  ------------  ------------
      1      0.000000      0.000000     -7.463089     -7.463089      0.001468
      2      0.000001      0.000002     -7.463091     -7.463089      0.001460
      3      0.000003      0.000004     -7.463093     -7.463089      0.001446
      4      0.000006      0.000008     -7.463097     -7.463089      0.001425
      5      0.000009      0.000014     -7.463103     -7.463089      0.001398
      6      0.000013      0.000020     -7.463109     -7.463089      0.001365
      7      0.000018      0.000027     -7.463117     -7.463089      0.001326
      8      0.000024      0.000036     -7.463125     -7.463089      0.001284
      9      0.000030      0.000045     -7.463134     -7.463089      0.001237
     10      0.000036      0.000054     -7.463143     -7.463089      0.001187
     11      0.000043      0.000064     -7.463153     -7.463089      0.001136
     12      0.000050      0.000074     -7.463164     -7.463089      0.001083
     13      0.000056      0.000085     -7.463174     -7.463089      0.001030
     14      0.000063      0.000095     -7.463184     -7.463089      0.000978
     15      0.000070      0.000104     -7.463194     -7.463089      0.000928
     16      0.000076      0.000114     -7.463203     -7.463089      0.000881
     17      0.000082      0.000122     -7.463212     -7.463089      0.000836
     18      0.000087      0.000130     -7.463219     -7.463089      0.000796
     19      0.000091      0.000137     -7.463226     -7.463089      0.000761
     20      0.000095      0.000143     -7.463232     -7.463089      0.000731
     21      0.000099      0.000148     -7.463237     -7.463089      0.000707
     22      0.000101      0.000151     -7.463241     -7.463089      0.000689
     23      0.000103      0.000154     -7.463243     -7.463089      0.000677
     24      0.000103      0.000155     -7.463245     -7.463089      0.000671
     25      0.000103      0.000155     -7.463245     -7.463089      0.000672
     26      0.000103      0.000154     -7.463243     -7.463089      0.000679
     27      0.000101      0.000152     -7.463241     -7.463089      0.000692
     28      0.000099      0.000149     -7.463238     -7.463089      0.000710
     29      0.000096      0.000144     -7.463234     -7.463089      0.000733
     30      0.000093      0.000139     -7.463228     -7.463089      0.000761
     31      0.000089      0.000133     -7.463223     -7.463089      0.000792
     32      0.000085      0.000127     -7.463216     -7.463089      0.000826
     33      0.000080      0.000120     -7.463209     -7.463089      0.000863
     34      0.000075      0.000113     -7.463202     -7.463089      0.000901
     35      0.000070      0.000105     -7.463195     -7.463089      0.000939
     36      0.000065      0.000098     -7.463187     -7.463089      0.000978
     37      0.000061      0.000091     -7.463180     -7.463089      0.001015
     38      0.000056      0.000084     -7.463173     -7.463089      0.001052
     39      0.000052      0.000077     -7.463167     -7.463089      0.001085
     40      0.000048      0.000071     -7.463161     -7.463089      0.001116
     41      0.000044      0.000066     -7.463155     -7.463089      0.001144
     42      0.000041      0.000061     -7.463151     -7.463089      0.001167
     43      0.000038      0.000058     -7.463147     -7.463089      0.001187
     44      0.000036      0.000055     -7.463144     -7.463089      0.001202
     45      0.000035      0.000052     -7.463142     -7.463089      0.001212
     46      0.000034      0.000051     -7.463140     -7.463089      0.001218
     47      0.000034      0.000051     -7.463140     -7.463089      0.001219
     48      0.000034      0.000051     -7.463140     -7.463089      0.001216
     49      0.000035      0.000052     -7.463141     -7.463089      0.001209
     50      0.000036      0.000054     -7.463143     -7.463089      0.001197
     51      0.000038      0.000057     -7.463146     -7.463089      0.001183
     52      0.000040      0.000060     -7.463149     -7.463089      0.001165
     53      0.000042      0.000063     -7.463153     -7.463089      0.001145
     54      0.000045      0.000067     -7.463157     -7.463089      0.001123
     55      0.000048      0.000071     -7.463161     -7.463089      0.001100
     56      0.000051      0.000076     -7.463165     -7.463089      0.001077
     57      0.000053      0.000080     -7.463169     -7.463089      0.001053
     58      0.000056      0.000084     -7.463174     -7.463089      0.001030
     59      0.000059      0.000088     -7.463178     -7.463089      0.001008
     60      0.000061      0.000092     -7.463181     -7.463089      0.000988
     61      0.000064      0.000096     -7.463185     -7.463089      0.000970
     62      0.000066      0.000098     -7.463188     -7.463089      0.000954
     63      0.000067      0.000101     -7.463190     -7.463089      0.000941
     64      0.000068      0.000103     -7.463192     -7.463089      0.000932
     65      0.000069      0.000104     -7.463193     -7.463089      0.000925
     66      0.000070      0.000105     -7.463194     -7.463089      0.000922
     67      0.000070      0.000105     -7.463194     -7.463089      0.000922
     68      0.000069      0.000104     -7.463193     -7.463089      0.000926
     69      0.000069      0.000103     -7.463192     -7.463089      0.000933
     70      0.000067      0.000101     -7.463190     -7.463089      0.000942
     71      0.000066      0.000099     -7.463188     -7.463089      0.000954
     72      0.000064      0.000096     -7.463186     -7.463089      0.000968
     73      0.000062      0.000093     -7.463183     -7.463089      0.000984
     74      0.000060      0.000090     -7.463180     -7.463089      0.001002
     75      0.000058      0.000087     -7.463176     -7.463089      0.001020
     76      0.000056      0.000084     -7.463173     -7.463089      0.001038
     77      0.000054      0.000080     -7.463170     -7.463089      0.001057
     78      0.000051      0.000077     -7.463166     -7.463089      0.001075
     79      0.000049      0.000074     -7.463163     -7.463089      0.001091
     80      0.000048      0.000071     -7.463161     -7.463089      0.001106
     81      0.000046      0.000069     -7.463158     -7.463089      0.001119
     82      0.000045      0.000067     -7.463156     -7.463089      0.001130
     83      0.000044      0.000066     -7.463155     -7.463089      0.001138
     84      0.000043      0.000065     -7.463154     -7.463089      0.001144
     85      0.000043      0.000064     -7.463153     -7.463089      0.001147
     86      0.000043      0.000064     -7.463154     -7.463089      0.001146
     87      0.000043      0.000065     -7.463154     -7.463089      0.001143
     88      0.000044      0.000066     -7.463156     -7.463089      0.001136
     89      0.000045      0.000068     -7.463157     -7.463089      0.001127
     90      0.000047      0.000070     -7.463160     -7.463089      0.001115
     91      0.000049      0.000073     -7.463162     -7.463089      0.001101
     92      0.000051      0.000076     -7.463165     -7.463089      0.001085
     93      0.000053      0.000079     -7.463169     -7.463089      0.001067
     94      0.000055      0.000083     -7.463172     -7.463089      0.001048
     95      0.000058      0.000087     -7.463176     -7.463089      0.001029
     96      0.000060      0.000090     -7.463180     -7.463089      0.001009
     97      0.000063      0.000094     -7.463183     -7.463089      0.000989
     98      0.000065      0.000098     -7.463187     -7.463089      0.000970
     99      0.000067      0.000101     -7.463190     -7.463089      0.000952
    100      0.000069      0.000104     -7.463193     -7.463089      0.000936
    101      0.000071      0.000107     -7.463196     -7.463089      0.000921
    102      0.000073      0.000109     -7.463198     -7.463089      0.000909
    103      0.000074      0.000111     -7.463200     -7.463089      0.000899
    104      0.000075      0.000112     -7.463201     -7.463089      0.000892
    105      0.000075      0.000113     -7.463202     -7.463089      0.000888
    106      0.000075      0.000113     -7.463202     -7.463089      0.000887
    107      0.000075      0.000113     -7.463202     -7.463089      0.000889
    108      0.000074      0.000112     -7.463201     -7.463089      0.000894
    109      0.000073      0.000110     -7.463199     -7.463089      0.000902
    110      0.000072      0.000108     -7.463197     -7.463089      0.000912
    111      0.000070      0.000105     -7.463195     -7.463089      0.000925
    112      0.000068      0.000103     -7.463192     -7.463089      0.000941
    113      0.000066      0.000099     -7.463189     -7.463089      0.000958
    114      0.000064      0.000096     -7.463185     -7.463089      0.000976
    115      0.000061      0.000092     -7.463181     -7.463089      0.000996
    116      0.000059      0.000088     -7.463177     -7.463089      0.001016
    117      0.000056      0.000084     -7.463174     -7.463089      0.001036
    118      0.000054      0.000081     -7.463170     -7.463089      0.001057
    119      0.000051      0.000077     -7.463166     -7.463089      0.001076
    120      0.000049      0.000073     -7.463163     -7.463089      0.001094
    121      0.000047      0.000070     -7.463159     -7.463089      0.001111
    122      0.000045      0.000067     -7.463157     -7.463089      0.001126
    123      0.000043      0.000065     -7.463154     -7.463089      0.001138
    124      0.000042      0.000063     -7.463152     -7.463089      0.001148
    125      0.000041      0.000062     -7.463151     -7.463089      0.001156
    126      0.000041      0.000061     -7.463150     -7.463089      0.001160
    127      0.000040      0.000061     -7.463150     -7.463089      0.001162
    128      0.000041      0.000061     -7.463150     -7.463089      0.001160
    129      0.000041      0.000062     -7.463151     -7.463089      0.001156
    130      0.000042      0.000063     -7.463152     -7.463089      0.001149
    131      0.000043      0.000065     -7.463154     -7.463089      0.001140
    132      0.000045      0.000067     -7.463156     -7.463089      0.001128
    133      0.000047      0.000070     -7.463159     -7.463089      0.001114
    134      0.000049      0.000073     -7.463162     -7.463089      0.001098
    135      0.000051      0.000076     -7.463165     -7.463089      0.001081
    136      0.000053      0.000080     -7.463169     -7.463089      0.001062
    137      0.000055      0.000083     -7.463172     -7.463089      0.001044
    138      0.000058      0.000087     -7.463176     -7.463089      0.001025
    139      0.000060      0.000090     -7.463180     -7.463089      0.001006
    140      0.000063      0.000094     -7.463183     -7.463089      0.000988
    141      0.000065      0.000097     -7.463186     -7.463089      0.000971
    142      0.000067      0.000100     -7.463189     -7.463089      0.000955
    143      0.000068      0.000103     -7.463192     -7.463089      0.000941
    144      0.000070      0.000105     -7.463194     -7.463089      0.000929
    145      0.000071      0.000107     -7.463196     -7.463089      0.000920
    146      0.000072      0.000108     -7.463197     -7.463089      0.000912
    147      0.000073      0.000109     -7.463198     -7.463089      0.000908
    148      0.000073      0.000109     -7.463199     -7.463089      0.000906
    149      0.000073      0.000109     -7.463199     -7.463089      0.000906
    150      0.000072      0.000109     -7.463198     -7.463089      0.000909
    151      0.000072      0.000108     -7.463197     -7.463089      0.000915
    152      0.000071      0.000106     -7.463195     -7.463089      0.000923
    153      0.000069      0.000104     -7.463193     -7.463089      0.000933
    154      0.000068      0.000102     -7.463191     -7.463089      0.000946
    155      0.000066      0.000099     -7.463189     -7.463089      0.000959
    156      0.000064      0.000096     -7.463186     -7.463089      0.000974
    157      0.000062      0.000093     -7.463183     -7.463089      0.000990
    158      0.000060      0.000090     -7.463180     -7.463089      0.001007
    159      0.000058      0.000087     -7.463176     -7.463089      0.001023
    160      0.000056      0.000084     -7.463173     -7.463089      0.001040
    161      0.000054      0.000081     -7.463170     -7.463089      0.001056
    162      0.000052      0.000078     -7.463167     -7.463089      0.001071
    163      0.000050      0.000075     -7.463165     -7.463089      0.001085
    164      0.000049      0.000073     -7.463162     -7.463089      0.001097
    165      0.000047      0.000071     -7.463160     -7.463089      0.001108
    166      0.000046      0.000069     -7.463159     -7.463089      0.001117
    167      0.000045      0.000068     -7.463157     -7.463089      0.001123
    168      0.000045      0.000067     -7.463156     -7.463089      0.001128
    169      0.000045      0.000067     -7.463156     -7.463089      0.001130
    170      0.000045      0.000067     -7.463156     -7.463089      0.001130
    171      0.000045      0.000067     -7.463156     -7.463089      0.001128
    172      0.000045      0.000068     -7.463157     -7.463089      0.001123
    173      0.000046      0.000069     -7.463158     -7.463089      0.001117
    174      0.000047      0.000071     -7.463160     -7.463089      0.001109
    175      0.000048      0.000073     -7.463162     -7.463089      0.001099
    176      0.000050      0.000075     -7.463164     -7.463089      0.001088
    177      0.000051      0.000077     -7.463166     -7.463089      0.001075
    178      0.000053      0.000079     -7.463169     -7.463089      0.001062
    179      0.000055      0.000082     -7.463171     -7.463089      0.001049
    180      0.000056      0.000084     -7.463174     -7.463089      0.001035
    181      0.000058      0.000087     -7.463176     -7.463089      0.001022
    182      0.000060      0.000089     -7.463179     -7.463089      0.001009
    183      0.000061      0.000092     -7.463181     -7.463089      0.000997
    184      0.000063      0.000094     -7.463183     -7.463089      0.000986
    185      0.000064      0.000096     -7.463185     -7.463089      0.000976
    186      0.000065      0.000097     -7.463187     -7.463089      0.000967
    187      0.000066      0.000099     -7.463188     -7.463089      0.000960
    188      0.000066      0.000100     -7.463189     -7.463089      0.000955
    189      0.000067      0.000100     -7.463190     -7.463089      0.000952
    190      0.000067      0.000101     -7.463190     -7.463089      0.000950
    191      0.000067      0.000101     -7.463190     -7.463089      0.000951
    192      0.000067      0.000100     -7.463190     -7.463089      0.000953
    193      0.000066      0.000100     -7.463189     -7.463089      0.000957
    194      0.000066      0.000099     -7.463188     -7.463089      0.000962
    195      0.000065      0.000097     -7.463187     -7.463089      0.000969
    196      0.000064      0.000096     -7.463185     -7.463089      0.000977
    197      0.000063      0.000094     -7.463183     -7.463089      0.000986
    198      0.000061      0.000092     -7.463181     -7.463089      0.000996
    199      0.000060      0.000090     -7.463180     -7.463089      0.001006
    200      0.000059      0.000088     -7.463178     -7.463089      0.001017
    201      0.000058      0.000086     -7.463176     -7.463089      0.001028
    202      0.000056      0.000084     -7.463174     -7.463089      0.001038
    203      0.000055      0.000083     -7.463172     -7.463089      0.001048
    204      0.000054      0.000081     -7.463170     -7.463089      0.001057
    205      0.000053      0.000079     -7.463169     -7.463089      0.001065
    206      0.000052      0.000078     -7.463167     -7.463089      0.001072
    207      0.000051      0.000077     -7.463166     -7.463089      0.001078
    208      0.000051      0.000076     -7.463165     -7.463089      0.001082
    209      0.000050      0.000076     -7.463165     -7.463089      0.001085
    210      0.000050      0.000075     -7.463165     -7.463089      0.001087
    211      0.000050      0.000075     -7.463165     -7.463089      0.001087
    212      0.000050      0.000076     -7.463165     -7.463089      0.001085
    213      0.000051      0.000076     -7.463166     -7.463089      0.001082
    214      0.000051      0.000077     -7.463166     -7.463089      0.001077
    215      0.000052      0.000078     -7.463167     -7.463089      0.001072
    216      0.000053      0.000079     -7.463169     -7.463089      0.001065
    217      0.000054      0.000081     -7.463170     -7.463089      0.001057
    218      0.000055      0.000082     -7.463172     -7.463089      0.001049
    219      0.000056      0.000084     -7.463173     -7.463089      0.001040
    220      0.000057      0.000086     -7.463175     -7.463089      0.001031
    221      0.000058      0.000088     -7.463177     -7.463089      0.001022
    222      0.000060      0.000089     -7.463179     -7.463089      0.001013
    223      0.000061      0.000091     -7.463180     -7.463089      0.001004
    224      0.000062      0.000092     -7.463182     -7.463089      0.000996
    225      0.000062      0.000094     -7.463183     -7.463089      0.000989
    226      0.000063      0.000095     -7.463184     -7.463089      0.000983
    227      0.000064      0.000096     -7.463185     -7.463089      0.000977
    228      0.000064      0.000097     -7.463186     -7.463089      0.000973
    229      0.000065      0.000097     -7.463186     -7.463089      0.000971
    230      0.000065      0.000097     -7.463187     -7.463089      0.000969
    231      0.000065      0.000097     -7.463187     -7.463089      0.000969
    232      0.000065      0.000097     -7.463186     -7.463089      0.000970
    233      0.000064      0.000097     -7.463186     -7.463089      0.000973
    234      0.000064      0.000096     -7.463185     -7.463089      0.000976
    235      0.000063      0.000095     -7.463184     -7.463089      0.000981
    236      0.000063      0.000094     -7.463183     -7.463089      0.000987
    237      0.000062      0.000093     -7.463182     -7.463089      0.000993
    238      0.000061      0.000091     -7.463180     -7.463089      0.001001
    239      0.000060      0.000090     -7.463179     -7.463089      0.001009
    240      0.000059      0.000088     -7.463177     -7.463089      0.001017
    241      0.000058      0.000087     -7.463176     -7.463089      0.001025
    242      0.000057      0.000085     -7.463174     -7.463089      0.001033
    243      0.000056      0.000083     -7.463173     -7.463089      0.001041
    244      0.000055      0.000082     -7.463171     -7.463089      0.001049
    245      0.000054      0.000081     -7.463170     -7.463089      0.001056
    246      0.000053      0.000079     -7.463169     -7.463089      0.001062
    247      0.000052      0.000078     -7.463168     -7.463089      0.001068
    248      0.000052      0.000077     -7.463167     -7.463089      0.001072
    249      0.000051      0.000077     -7.463166     -7.463089      0.001076
    250      0.000051      0.000076     -7.463166     -7.463089      0.001078
    251      0.000051      0.000076     -7.463165     -7.463089      0.001079
    252      0.000051      0.000076     -7.463165     -7.463089      0.001079
    253      0.000051      0.000076     -7.463166     -7.463089      0.001078
    254      0.000051      0.000077     -7.463166     -7.463089      0.001076
    255      0.000052      0.000077     -7.463167     -7.463089      0.001073
    256      0.000052      0.000078     -7.463167     -7.463089      0.001069
    257      0.000053      0.000079     -7.463168     -7.463089      0.001064
    258      0.000054      0.000080     -7.463169     -7.463089      0.001058
    259      0.000054      0.000081     -7.463171     -7.463089      0.001052
    260      0.000055      0.000083     -7.463172     -7.463089      0.001046
    261      0.000056      0.000084     -7.463173     -7.463089      0.001039
    262      0.000057      0.000085     -7.463175     -7.463089      0.001032
    263      0.000058      0.000087     -7.463176     -7.463089      0.001025
    264      0.000059      0.000088     -7.463177     -7.463089      0.001018
    265      0.000059      0.000089     -7.463178     -7.463089      0.001012
    266      0.000060      0.000090     -7.463179     -7.463089      0.001007
    267      0.000061      0.000091     -7.463180     -7.463089      0.001002
    268      0.000061      0.000092     -7.463181     -7.463089      0.000997
    269      0.000062      0.000093     -7.463182     -7.463089      0.000994
    270      0.000062      0.000093     -7.463183     -7.463089      0.000991
    271      0.000062      0.000094     -7.463183     -7.463089      0.000989
    272      0.000063      0.000094     -7.463183     -7.463089      0.000988
    273      0.000063      0.000094     -7.463183     -7.463089      0.000988
    274      0.000062      0.000094     -7.463183     -7.463089      0.000989
    275      0.000062      0.000093     -7.463183     -7.463089      0.000991
    276      0.000062      0.000093     -7.463182     -7.463089      0.000994
    277      0.000061      0.000092     -7.463181     -7.463089      0.000997
    278      0.000061      0.000091     -7.463181     -7.463089      0.001001
    279      0.000060      0.000091     -7.463180     -7.463089      0.001005
    280      0.000060      0.000090     -7.463179     -7.463089      0.001010
    281      0.000059      0.000089     -7.463178     -7.463089      0.001015
    282      0.000059      0.000088     -7.463177     -7.463089      0.001020
    283      0.000058      0.000087     -7.463176     -7.463089      0.001025
    284      0.000057      0.000086     -7.463175     -7.463089      0.001030
    285      0.000057      0.000085     -7.463174     -7.463089      0.001035
    286      0.000056      0.000084     -7.463173     -7.463089      0.001039
    287      0.000055      0.000083     -7.463172     -7.463089      0.001043
    288      0.000055      0.000083     -7.463172     -7.463089      0.001047
    289      0.000055      0.000082     -7.463171     -7.463089      0.001050
    290      0.000054      0.000082     -7.463171     -7.463089      0.001052
    291      0.000054      0.000081     -7.463170     -7.463089      0.001054
    292      0.000054      0.000081     -7.463170     -7.463089      0.001055
    293      0.000054      0.000081     -7.463170     -7.463089      0.001055
    294      0.000054      0.000081     -7.463170     -7.463089      0.001054
    295      0.000054      0.000081     -7.463170     -7.463089      0.001053
    296      0.000054      0.000081     -7.463171     -7.463089      0.001052
    297      0.000055      0.000082     -7.463171     -7.463089      0.001050
    298      0.000055      0.000082     -7.463172     -7.463089      0.001047
    299      0.000055      0.000083     -7.463172     -7.463089      0.001044
    300      0.000056      0.000084     -7.463173     -7.463089      0.001041
    301      0.000056      0.000084     -7.463173     -7.463089      0.001038
    302      0.000057      0.000085     -7.463174     -7.463089      0.001034
    303      0.000057      0.000086     -7.463175     -7.463089      0.001031
    304      0.000057      0.000086     -7.463175     -7.463089      0.001027
    305      0.000058      0.000087     -7.463176     -7.463089      0.001024
    306      0.000058      0.000087     -7.463177     -7.463089      0.001021
    307      0.000059      0.000088     -7.463177     -7.463089      0.001018
    308      0.000059      0.000088     -7.463178     -7.463089      0.001016
    309      0.000059      0.000089     -7.463178     -7.463089      0.001014
    310      0.000059      0.000089     -7.463178     -7.463089      0.001013
    311      0.000060      0.000089     -7.463179     -7.463089      0.001012
    312      0.000060      0.000089     -7.463179     -7.463089      0.001011
    313      0.000060      0.000090     -7.463179     -7.463089      0.001011
    314      0.000060      0.000089     -7.463179     -7.463089      0.001011
    315      0.000060      0.000089     -7.463179     -7.463089      0.001012
    316      0.000059      0.000089     -7.463178     -7.463089      0.001013
    317      0.000059      0.000089     -7.463178     -7.463089      0.001015
    318      0.000059      0.000089     -7.463178     -7.463089      0.001017
    319      0.000059      0.000088     -7.463178     -7.463089      0.001018
    320      0.000059      0.000088     -7.463177     -7.463089      0.001020
    321      0.000058      0.000088     -7.463177     -7.463089      0.001022
    322      0.000058      0.000087     -7.463176     -7.463089      0.001024
    323      0.000058      0.000087     -7.463176     -7.463089      0.001026
    324      0.000058      0.000087     -7.463176     -7.463089      0.001028
    325      0.000058      0.000086     -7.463176     -7.463089      0.001029
    326      0.000057      0.000086     -7.463175     -7.463089      0.001030
    327      0.000057      0.000086     -7.463175     -7.463089      0.001031
    328      0.000057      0.000086     -7.463175     -7.463089      0.001031
    329      0.000057      0.000086     -7.463175     -7.463089      0.001031
    330      0.000057      0.000086     -7.463175     -7.463089      0.001031
    331      0.000057      0.000086     -7.463175     -7.463089      0.001030
    332      0.000057      0.000086     -7.463175     -7.463089      0.001029
    333      0.000058      0.000086     -7.463176     -7.463089      0.001028
    334      0.000058      0.000087     -7.463176     -7.463089      0.001026
    335      0.000058      0.000087     -7.463176     -7.463089      0.001024
    336      0.000058      0.000087     -7.463177     -7.463089      0.001022
    337      0.000059      0.000088     -7.463177     -7.463089      0.001019
    338      0.000059      0.000088     -7.463178     -7.463089      0.001017
    339      0.000059      0.000089     -7.463178     -7.463089      0.001015
    340      0.000059      0.000089     -7.463178     -7.463089      0.001013
    341      0.000060      0.000089     -7.463179     -7.463089      0.001011
    342      0.000060      0.000090     -7.463179     -7.463089      0.001009
    343      0.000060      0.000090     -7.463179     -7.463089      0.001008
    344      0.000060      0.000090     -7.463179     -7.463089      0.001007
    345      0.000060      0.000090     -7.463179     -7.463089      0.001006
    346      0.000060      0.000090     -7.463179     -7.463089      0.001006
    347      0.000060      0.000090     -7.463179     -7.463089      0.001007
    348      0.000060      0.000090     -7.463179     -7.463089      0.001008
    349      0.000060      0.000089     -7.463179     -7.463089      0.001010
    350      0.000059      0.000089     -7.463178     -7.463089      0.001012
    351      0.000059      0.000088     -7.463178     -7.463089      0.001015
    352      0.000059      0.000088     -7.463177     -7.463089      0.001018
    353      0.000058      0.000087     -7.463176     -7.463089      0.001022
    354      0.000058      0.000086     -7.463176     -7.463089      0.001026
    355      0.000057      0.000085     -7.463175     -7.463089      0.001031
    356      0.000056      0.000085     -7.463174     -7.463089      0.001035
    357      0.000056      0.000084     -7.463173     -7.463089      0.001040
    358      0.000055      0.000083     -7.463172     -7.463089      0.001045
    359      0.000055      0.000082     -7.463171     -7.463089      0.001050
    360      0.000054      0.000081     -7.463170     -7.463089      0.001054
    361      0.000053      0.000080     -7.463169     -7.463089      0.001059
    362      0.000053      0.000079     -7.463169     -7.463089      0.001062
    363      0.000052      0.000079     -7.463168     -7.463089      0.001066
    364      0.000052      0.000078     -7.463167     -7.463089      0.001069
    365      0.000052      0.000078     -7.463167     -7.463089      0.001071
    366      0.000052      0.000077     -7.463167     -7.463089      0.001073
    367      0.000051      0.000077     -7.463166     -7.463089      0.001073
    368      0.000051      0.000077     -7.463166     -7.463089      0.001073
    369      0.000052      0.000077     -7.463167     -7.463089      0.001072
    370      0.000052      0.000078     -7.463167     -7.463089      0.001071
    371      0.000052      0.000078     -7.463167     -7.463089      0.001068
    372      0.000053      0.000079     -7.463168     -7.463089      0.001065
    373      0.000053      0.000080     -7.463169     -7.463089      0.001061
    374      0.000054      0.000080     -7.463170     -7.463089      0.001056
    375      0.000054      0.000082     -7.463171     -7.463089      0.001051
    376      0.000055      0.000083     -7.463172     -7.463089      0.001045
    377      0.000056      0.000084     -7.463173     -7.463089      0.001039
    378      0.000057      0.000085     -7.463174     -7.463089      0.001032
    379      0.000058      0.000086     -7.463176     -7.463089      0.001026
    380      0.000058      0.000088     -7.463177     -7.463089      0.001019
    381      0.000059      0.000089     -7.463178     -7.463089      0.001012
    382      0.000060      0.000090     -7.463180     -7.463089      0.001005
    383      0.000061      0.000092     -7.463181     -7.463089      0.000999
    384      0.000062      0.000093     -7.463182     -7.463089      0.000993
    385      0.000062      0.000094     -7.463183     -7.463089      0.000988
    386      0.000063      0.000095     -7.463184     -7.463089      0.000984
    387      0.000064      0.000095     -7.463185     -7.463089      0.000980
    388      0.000064      0.000096     -7.463185     -7.463089      0.000977
    389      0.000064      0.000096     -7.463186     -7.463089      0.000974
    390      0.000064      0.000097     -7.463186     -7.463089      0.000973
    391      0.000065      0.000097     -7.463186     -7.463089      0.000973
    392      0.000065      0.000097     -7.463186     -7.463089      0.000974
    393      0.000064      0.000097     -7.463186     -7.463089      0.000975
    394      0.000064      0.000096     -7.463185     -7.463089      0.000978
    395      0.000064      0.000096     -7.463185     -7.463089      0.000981
    396      0.000063      0.000095     -7.463184     -7.463089      0.000985
    397      0.000063      0.000094     -7.463183     -7.463089      0.000990
    398      0.000062      0.000093     -7.463182     -7.463089      0.000995
    399      0.000061      0.000092     -7.463181     -7.463089      0.001001
    400      0.000060      0.000091     -7.463180     -7.463089      0.001007
    401      0.000060      0.000089     -7.463179     -7.463089      0.001014
    402      0.000059      0.000088     -7.463177     -7.463089      0.001021
    403      0.000058      0.000087     -7.463176     -7.463089      0.001027
    404      0.000057      0.000086     -7.463175     -7.463089      0.001034
    405      0.000056      0.000084     -7.463174     -7.463089      0.001040
    406      0.000056      0.000083     -7.463173     -7.463089      0.001046
    407      0.000055      0.000082     -7.463172     -7.463089      0.001051
    408      0.000054      0.000081     -7.463171     -7.463089      0.001056
    409      0.000054      0.000081     -7.463170     -7.463089      0.001060
    410      0.000053      0.000080     -7.463169     -7.463089      0.001063
    411      0.000053      0.000079     -7.463169     -7.463089      0.001065
    412      0.000053      0.000079     -7.463168     -7.463089      0.001067
    413      0.000053      0.000079     -7.463168     -7.463089      0.001068
    414      0.000053      0.000079     -7.463168     -7.463089      0.001067
    415      0.000053      0.000079     -7.463168     -7.463089      0.001066
    416      0.000053      0.000080     -7.463169     -7.463089      0.001064
    417      0.000053      0.000080     -7.463169     -7.463089      0.001061
    418      0.000054      0.000081     -7.463170     -7.463089      0.001057
    419      0.000054      0.000081     -7.463171     -7.463089      0.001053
    420      0.000055      0.000082     -7.463171     -7.463089      0.001048
    421      0.000055      0.000083     -7.463172     -7.463089      0.001043
    422      0.000056      0.000084     -7.463173     -7.463089      0.001037
    423      0.000057      0.000085     -7.463174     -7.463089      0.001032
    424      0.000058      0.000086     -7.463176     -7.463089      0.001026
    425      0.000058      0.000087     -7.463177     -7.463089      0.001020
    426      0.000059      0.000088     -7.463178     -7.463089      0.001015
    427      0.000060      0.000089     -7.463179     -7.463089      0.001010
    428      0.000060      0.000090     -7.463179     -7.463089      0.001005
    429      0.000061      0.000091     -7.463180     -7.463089      0.001001
    430      0.000061      0.000091     -7.463181     -7.463089      0.000997
    431      0.000061      0.000092     -7.463181     -7.463089      0.000995
    432      0.000062      0.000092     -7.463182     -7.463089      0.000993
    433      0.000062      0.000092     -7.463182     -7.463089      0.000992
    434      0.000062      0.000092     -7.463182     -7.463089      0.000992
    435      0.000061      0.000092     -7.463181     -7.463089      0.000993
    436      0.000061      0.000092     -7.463181     -7.463089      0.000995
    437      0.000061      0.000091     -7.463181     -7.463089      0.000998
    438      0.000060      0.000091     -7.463180     -7.463089      0.001002
    439      0.000060      0.000090     -7.463179     -7.463089      0.001006
    440      0.000059      0.000089     -7.463178     -7.463089      0.001011
    441      0.000059      0.000088     -7.463177     -7.463089      0.001017
    442      0.000058      0.000087     -7.463176     -7.463089      0.001024
    443      0.000057      0.000085     -7.463175     -7.463089      0.001030
    444      0.000056      0.000084     -7.463173     -7.463089      0.001037
    445      0.000055      0.000083     -7.463172     -7.463089      0.001044
    446      0.000054      0.000082     -7.463171     -7.463089      0.001051
    447      0.000054      0.000080     -7.463170     -7.463089      0.001057
    448      0.000053      0.000079     -7.463168     -7.463089      0.001063
    449      0.000052      0.000078     -7.463167     -7.463089      0.001069
    450      0.000052      0.000077     -7.463166     -7.463089      0.001074
    451      0.000051      0.000077     -7.463166     -7.463089      0.001078
    452      0.000051      0.000076     -7.463165     -7.463089      0.001081
    453      0.000050      0.000076     -7.463165     -7.463089      0.001084
    454      0.000050      0.000075     -7.463165     -7.463089      0.001085
    455      0.000050      0.000075     -7.463165     -7.463089      0.001085
    456      0.000050      0.000076     -7.463165     -7.463089      0.001084
    457      0.000051      0.000076     -7.463165     -7.463089      0.001081
    458      0.000051      0.000077     -7.463166     -7.463089      0.001078
    459      0.000052      0.000078     -7.463167     -7.463089      0.001073
    460      0.000053      0.000079     -7.463168     -7.463089      0.001068
    461      0.000053      0.000080     -7.463169     -7.463089      0.001061
    462      0.000054      0.000082     -7.463171     -7.463089      0.001053
    463      0.000056      0.000083     -7.463172     -7.463089      0.001045
    464      0.000057      0.000085     -7.463174     -7.463089      0.001036
    465      0.000058      0.000087     -7.463176     -7.463089      0.001026
    466      0.000059      0.000089     -7.463178     -7.463089      0.001016
    467      0.000060      0.000091     -7.463180     -7.463089      0.001007
    468      0.000062      0.000093     -7.463182     -7.463089      0.000997
    469      0.000063      0.000094     -7.463184     -7.463089      0.000987
    470      0.000064      0.000096     -7.463185     -7.463089      0.000978
    471      0.000065      0.000098     -7.463187     -7.463089      0.000969
    472      0.000066      0.000099     -7.463189     -7.463089      0.000961
    473      0.000067      0.000101     -7.463190     -7.463089      0.000954
    474      0.000068      0.000102     -7.463191     -7.463089      0.000948
    475      0.000068      0.000103     -7.463192     -7.463089      0.000943
    476      0.000069      0.000103     -7.463193     -7.463089      0.000940
    477      0.000069      0.000104     -7.463193     -7.463089      0.000938
    478      0.000069      0.000104     -7.463193     -7.463089      0.000937
    479      0.000069      0.000104     -7.463193     -7.463089      0.000938
    480      0.000069      0.000103     -7.463193     -7.463089      0.000940
    481      0.000068      0.000103     -7.463192     -7.463089      0.000944
    482      0.000068      0.000102     -7.463191     -7.463089      0.000949
    483      0.000067      0.000100     -7.463189     -7.463089      0.000956
    484      0.000066      0.000099     -7.463188     -7.463089      0.000963
    485      0.000065      0.000097     -7.463186     -7.463089      0.000972
    486      0.000063      0.000095     -7.463184     -7.463089      0.000982
    487      0.000062      0.000093     -7.463182     -7.463089      0.000993
    488      0.000060      0.000091     -7.463180     -7.463089      0.001005
    489      0.000059      0.000088     -7.463178     -7.463089      0.001017
    490      0.000057      0.000086     -7.463175     -7.463089      0.001029
    491      0.000056      0.000084     -7.463173     -7.463089      0.001041
    492      0.000054      0.000081     -7.463171     -7.463089      0.001053
    493      0.000053      0.000079     -7.463168     -7.463089      0.001065
    494      0.000051      0.000077     -7.463166     -7.463089      0.001076
    495      0.000050      0.000075     -7.463164     -7.463089      0.001087
    496      0.000049      0.000073     -7.463162     -7.463089      0.001097
    497      0.000048      0.000071     -7.463161     -7.463089      0.001105
    498      0.000047      0.000070     -7.463159     -7.463089      0.001112
    499      0.000046      0.000069     -7.463158     -7.463089      0.001118
    500      0.000045      0.000068     -7.463157     -7.463089      0.001123
    501      0.000045      0.000067     -7.463156     -7.463089      0.001126
    502      0.000045      0.000067     -7.463156     -7.463089      0.001127
    503      0.000045      0.000067     -7.463156     -7.463089      0.001127
    504      0.000045      0.000067     -7.463157     -7.463089      0.001125
    505      0.000045      0.000068     -7.463157     -7.463089      0.001122
    506      0.000046      0.000069     -7.463158     -7.463089      0.001117
    507      0.000047      0.000070     -7.463159     -7.463089      0.001110
    508      0.000048      0.000072     -7.463161     -7.463089      0.001103
    509      0.000049      0.000073     -7.463162     -7.463089      0.001094
    510      0.000050      0.000075     -7.463164     -7.463089      0.001084
    511      0.000051      0.000077     -7.463166     -7.463089      0.001073
    512      0.000053      0.000079     -7.463169     -7.463089      0.001062
    513      0.000054      0.000081     -7.463171     -7.463089      0.001050
    514      0.000056      0.000084     -7.463173     -7.463089      0.001038
    515      0.000057      0.000086     -7.463175     -7.463089      0.001027
    516      0.000059      0.000088     -7.463178     -7.463089      0.001015
    517      0.000060      0.000090     -7.463180     -7.463089      0.001004
    518      0.000062      0.000093     -7.463182     -7.463089      0.000993
    519      0.000063      0.000094     -7.463184     -7.463089      0.000983
    520      0.000064      0.000096     -7.463185     -7.463089      0.000974
    521      0.000065      0.000098     -7.463187     -7.463089      0.000966
    522      0.000066      0.000099     -7.463188     -7.463089      0.000960
    523      0.000067      0.000100     -7.463189     -7.463089      0.000954
    524      0.000067      0.000101     -7.463190     -7.463089      0.000951
    525      0.000068      0.000101     -7.463191     -7.463089      0.000948
    526      0.000068      0.000101     -7.463191     -7.463089      0.000947
    527      0.000068      0.000101     -7.463191     -7.463089      0.000948
    528      0.000067      0.000101     -7.463190     -7.463089      0.000950
    529      0.000067      0.000100     -7.463190     -7.463089      0.000953
    530      0.000066      0.000100     -7.463189     -7.463089      0.000958
    531      0.000066      0.000098     -7.463188     -7.463089      0.000964
    532      0.000065      0.000097     -7.463186     -7.463089      0.000971
    533      0.000064      0.000096     -7.463185     -7.463089      0.000979
    534      0.000063      0.000094     -7.463183     -7.463089      0.000987
    535      0.000062      0.000092     -7.463182     -7.463089      0.000997
    536      0.000060      0.000091     -7.463180     -7.463089      0.001006
    537      0.000059      0.000089     -7.463178     -7.463089      0.001016
    538      0.000058      0.000087     -7.463176     -7.463089      0.001025
    539      0.000057      0.000085     -7.463174     -7.463089      0.001035
    540      0.000056      0.000083     -7.463173     -7.463089      0.001044
    541      0.000055      0.000082     -7.463171     -7.463089      0.001052
    542      0.000054      0.000080     -7.463170     -7.463089      0.001060
    543      0.000053      0.000079     -7.463168     -7.463089      0.001067
    544      0.000052      0.000078     -7.463167     -7.463089      0.001073
    545      0.000051      0.000077     -7.463166     -7.463089      0.001077
    546      0.000051      0.000076     -7.463166     -7.463089      0.001081
    547      0.000051      0.000076     -7.463165     -7.463089      0.001083
    548      0.000051      0.000076     -7.463165     -7.463089      0.001084
    549      0.000051      0.000076     -7.463165     -7.463089      0.001084
    550      0.000051      0.000076     -7.463165     -7.463089      0.001082
    551      0.000051      0.000077     -7.463166     -7.463089      0.001080
    552      0.000052      0.000077     -7.463166     -7.463089      0.001076
    553      0.000052      0.000078     -7.463167     -7.463089      0.001071
    554      0.000053      0.000079     -7.463168     -7.463089      0.001065
    555      0.000054      0.000080     -7.463170     -7.463089      0.001059
    556      0.000054      0.000082     -7.463171     -7.463089      0.001052
    557      0.000055      0.000083     -7.463172     -7.463089      0.001044
    558      0.000056      0.000085     -7.463174     -7.463089      0.001036
    559      0.000057      0.000086     -7.463175     -7.463089      0.001028
    560      0.000058      0.000088     -7.463177     -7.463089      0.001021
    561      0.000059      0.000089     -7.463178     -7.463089      0.001013
    562      0.000060      0.000090     -7.463180     -7.463089      0.001006
    563      0.000061      0.000092     -7.463181     -7.463089      0.000999
    564      0.000062      0.000093     -7.463182     -7.463089      0.000993
    565      0.000062      0.000094     -7.463183     -7.463089      0.000988
    566      0.000063      0.000094     -7.463184     -7.463089      0.000984
    567      0.000063      0.000095     -7.463184     -7.463089      0.000981
    568      0.000064      0.000095     -7.463185     -7.463089      0.000979
    569      0.000064      0.000096     -7.463185     -7.463089      0.000977
    570      0.000064      0.000096     -7.463185     -7.463089      0.000978
    571      0.000064      0.000095     -7.463185     -7.463089      0.000979
    572      0.000063      0.000095     -7.463184     -7.463089      0.000981
    573      0.000063      0.000094     -7.463184     -7.463089      0.000984
    574      0.000062      0.000094     -7.463183     -7.463089      0.000988
    575      0.000062      0.000093     -7.463182     -7.463089      0.000993
    576      0.000061      0.000092     -7.463181     -7.463089      0.000999
    577      0.000060      0.000090     -7.463180     -7.463089      0.001005
    578      0.000059      0.000089     -7.463178     -7.463089      0.001012
    579      0.000059      0.000088     -7.463177     -7.463089      0.001019
    580      0.000058      0.000086     -7.463176     -7.463089      0.001026
    581      0.000057      0.000085     -7.463174     -7.463089      0.001033
    582      0.000056      0.000084     -7.463173     -7.463089      0.001040
    583      0.000055      0.000083     -7.463172     -7.463089      0.001046
    584      0.000054      0.000082     -7.463171     -7.463089      0.001052
    585      0.000054      0.000081     -7.463170     -7.463089      0.001057
    586      0.000053      0.000080     -7.463169     -7.463089      0.001062
    587      0.000053      0.000079     -7.463168     -7.463089      0.001066
    588      0.000052      0.000079     -7.463168     -7.463089      0.001068
    589      0.000052      0.000078     -7.463168     -7.463089      0.001070
    590      0.000052      0.000078     -7.463167     -7.463089      0.001071
    591      0.000052      0.000078     -7.463167     -7.463089      0.001070
    592      0.000052      0.000079     -7.463168     -7.463089      0.001069
    593      0.000053      0.000079     -7.463168     -7.463089      0.001067
    594      0.000053      0.000080     -7.463169     -7.463089      0.001063
    595      0.000054      0.000080     -7.463170     -7.463089      0.001059
    596      0.000054      0.000081     -7.463170     -7.463089      0.001054
    597      0.000055      0.000082     -7.463172     -7.463089      0.001049
    598      0.000056      0.000083     -7.463173     -7.463089      0.001043
    599      0.000056      0.000085     -7.463174     -7.463089      0.001036
    600      0.000057      0.000086     -7.463175     -7.463089      0.001030
    601      0.000058      0.000087     -7.463176     -7.463089      0.001023
    602      0.000059      0.000088     -7.463178     -7.463089      0.001016
    603      0.000060      0.000089     -7.463179     -7.463089      0.001010
    604      0.000060      0.000091     -7.463180     -7.463089      0.001004
    605      0.000061      0.000091     -7.463181     -7.463089      0.000999
    606      0.000062      0.000092     -7.463182     -7.463089      0.000994
    607      0.000062      0.000093     -7.463182     -7.463089      0.000991
    608      0.000062      0.000094     -7.463183     -7.463089      0.000988
    609      0.000063      0.000094     -7.463183     -7.463089      0.000986
    610      0.000063      0.000094     -7.463183     -7.463089      0.000985
    611      0.000063      0.000094     -7.463183     -7.463089      0.000985
    612      0.000063      0.000094     -7.463183     -7.463089      0.000986
    613      0.000062      0.000093     -7.463183     -7.463089      0.000988
    614      0.000062      0.000093     -7.463182     -7.463089      0.000991
    615      0.000061      0.000092     -7.463181     -7.463089      0.000996
    616      0.000061      0.000091     -7.463180     -7.463089      0.001001
    617      0.000060      0.000090     -7.463179     -7.463089      0.001006
    618      0.000059      0.000089     -7.463178     -7.463089      0.001012
    619      0.000058      0.000088     -7.463177     -7.463089      0.001019
    620      0.000058      0.000086     -7.463176     -7.463089      0.001026
    621      0.000057      0.000085     -7.463174     -7.463089      0.001033
    622      0.000056      0.000084     -7.463173     -7.463089      0.001041
    623      0.000055      0.000082     -7.463172     -7.463089      0.001047
    624      0.000054      0.000081     -7.463170     -7.463089      0.001054
    625      0.000053      0.000080     -7.463169     -7.463089      0.001060
    626      0.000053      0.000079     -7.463168     -7.463089      0.001066
    627      0.000052      0.000078     -7.463168     -7.463089      0.001070
    628      0.000052      0.000078     -7.463167     -7.463089      0.001074
    629      0.000051      0.000077     -7.463166     -7.463089      0.001076
    630      0.000051      0.000077     -7.463166     -7.463089      0.001078
    631      0.000051      0.000077     -7.463166     -7.463089      0.001078
    632      0.000051      0.000077     -7.463166     -7.463089      0.001078
    633      0.000052      0.000077     -7.463167     -7.463089      0.001076
    634      0.000052      0.000078     -7.463167     -7.463089      0.001073
    635      0.000053      0.000079     -7.463168     -7.463089      0.001068
    636      0.000053      0.000080     -7.463169     -7.463089      0.001063
    637      0.000054      0.000081     -7.463170     -7.463089      0.001057
    638      0.000055      0.000082     -7.463172     -7.463089      0.001050
    639      0.000056      0.000084     -7.463173     -7.463089      0.001042
    640      0.000057      0.000085     -7.463175     -7.463089      0.001034
    641      0.000058      0.000087     -7.463176     -7.463089      0.001026
    642      0.000059      0.000089     -7.463178     -7.463089      0.001017
    643      0.000060      0.000090     -7.463180     -7.463089      0.001008
    644      0.000061      0.000092     -7.463181     -7.463089      0.001000
    645      0.000062      0.000093     -7.463183     -7.463089      0.000992
    646      0.000063      0.000095     -7.463184     -7.463089      0.000984
    647      0.000064      0.000096     -7.463185     -7.463089      0.000977
    648      0.000065      0.000097     -7.463186     -7.463089      0.000972
    649      0.000065      0.000098     -7.463187     -7.463089      0.000967
    650      0.000066      0.000099     -7.463188     -7.463089      0.000963
    651      0.000066      0.000099     -7.463188     -7.463089      0.000961
    652      0.000066      0.000099     -7.463188     -7.463089      0.000960
    653      0.000066      0.000099     -7.463188     -7.463089      0.000960
    654      0.000066      0.000099     -7.463188     -7.463089      0.000961
    655      0.000065      0.000098     -7.463187     -7.463089      0.000965
    656      0.000065      0.000097     -7.463186     -7.463089      0.000969
    657      0.000064      0.000096     -7.463185     -7.463089      0.000975
    658      0.000063      0.000095     -7.463184     -7.463089      0.000981
    659      0.000062      0.000093     -7.463182     -7.463089      0.000989
    660      0.000061      0.000091     -7.463181     -7.463089      0.000998
    661      0.000060      0.000090     -7.463179     -7.463089      0.001007
    662      0.000058      0.000088     -7.463177     -7.463089      0.001018
    663      0.000057      0.000086     -7.463175     -7.463089      0.001028
    664      0.000056      0.000084     -7.463173     -7.463089      0.001038
    665      0.000055      0.000082     -7.463171     -7.463089      0.001049
    666      0.000053      0.000080     -7.463169     -7.463089      0.001059
    667      0.000052      0.000078     -7.463167     -7.463089      0.001069
    668      0.000051      0.000076     -7.463166     -7.463089      0.001078
    669      0.000050      0.000075     -7.463164     -7.463089      0.001086
    670      0.000049      0.000073     -7.463163     -7.463089      0.001093
    671      0.000048      0.000072     -7.463162     -7.463089      0.001099
    672      0.000048      0.000072     -7.463161     -7.463089      0.001104
    673      0.000047      0.000071     -7.463160     -7.463089      0.001107
    674      0.000047      0.000071     -7.463160     -7.463089      0.001108
    675      0.000047      0.000071     -7.463160     -7.463089      0.001108
    676      0.000047      0.000071     -7.463160     -7.463089      0.001107
    677      0.000048      0.000072     -7.463161     -7.463089      0.001104
    678      0.000048      0.000073     -7.463162     -7.463089      0.001099
    679      0.000049      0.000074     -7.463163     -7.463089      0.001093
    680      0.000050      0.000075     -7.463164     -7.463089      0.001086
    681      0.000051      0.000077     -7.463166     -7.463089      0.001077
    682      0.000052      0.000079     -7.463168     -7.463089      0.001068
    683      0.000054      0.000081     -7.463170     -7.463089      0.001057
    684      0.000055      0.000083     -7.463172     -7.463089      0.001046
    685      0.000057      0.000085     -7.463174     -7.463089      0.001035
    686      0.000058      0.000087     -7.463177     -7.463089      0.001023
    687      0.000060      0.000090     -7.463179     -7.463089      0.001011
    688      0.000061      0.000092     -7.463181     -7.463089      0.001000
    689      0.000063      0.000094     -7.463183     -7.463089      0.000989
    690      0.000064      0.000096     -7.463185     -7.463089      0.000978
    691      0.000065      0.000098     -7.463187     -7.463089      0.000969
    692      0.000066      0.000099     -7.463189     -7.463089      0.000960
    693      0.000067      0.000101     -7.463190     -7.463089      0.000953
    694      0.000068      0.000102     -7.463191     -7.463089      0.000947
    695      0.000068      0.000103     -7.463192     -7.463089      0.000943
    696      0.000069      0.000103     -7.463192     -7.463089      0.000940
    697      0.000069      0.000103     -7.463193     -7.463089      0.000939
    698      0.000069      0.000103     -7.463192     -7.463089      0.000939
    699      0.000069      0.000103     -7.463192     -7.463089      0.000941
    700      0.000068      0.000102     -7.463191     -7.463089      0.000945
    701      0.000067      0.000101     -7.463190     -7.463089      0.000950
    702      0.000066      0.000100     -7.463189     -7.463089      0.000957
    703      0.000065      0.000098     -7.463187     -7.463089      0.000965
    704      0.000064      0.000096     -7.463186     -7.463089      0.000974
    705      0.000063      0.000095     -7.463184     -7.463089      0.000984
    706      0.000062      0.000092     -7.463182     -7.463089      0.000995
    707      0.000060      0.000090     -7.463179     -7.463089      0.001006
    708      0.000059      0.000088     -7.463177     -7.463089      0.001018
    709      0.000057      0.000086     -7.463175     -7.463089      0.001030
    710      0.000056      0.000083     -7.463173     -7.463089      0.001042
    711      0.000054      0.000081     -7.463170     -7.463089      0.001053
    712      0.000053      0.000079     -7.463168     -7.463089      0.001064
    713      0.000051      0.000077     -7.463166     -7.463089      0.001075
    714      0.000050      0.000075     -7.463165     -7.463089      0.001084
    715      0.000049      0.000074     -7.463163     -7.463089      0.001092
    716      0.000048      0.000073     -7.463162     -7.463089      0.001099
    717      0.000048      0.000071     -7.463161     -7.463089      0.001105
    718      0.000047      0.000071     -7.463160     -7.463089      0.001109
    719      0.000047      0.000070     -7.463159     -7.463089      0.001111
    720      0.000047      0.000070     -7.463159     -7.463089      0.001112
    721      0.000047      0.000070     -7.463159     -7.463089      0.001112
    722      0.000047      0.000071     -7.463160     -7.463089      0.001109
    723      0.000047      0.000071     -7.463160     -7.463089      0.001106
    724      0.000048      0.000072     -7.463161     -7.463089      0.001101
    725      0.000049      0.000073     -7.463163     -7.463089      0.001095
    726      0.000050      0.000075     -7.463164     -7.463089      0.001087
    727      0.000051      0.000076     -7.463166     -7.463089      0.001079
    728      0.000052      0.000078     -7.463167     -7.463089      0.001069
    729      0.000053      0.000080     -7.463169     -7.463089      0.001059
    730      0.000055      0.000082     -7.463171     -7.463089      0.001049
    731      0.000056      0.000084     -7.463173     -7.463089      0.001039
    732      0.000057      0.000086     -7.463175     -7.463089      0.001028
    733      0.000059      0.000088     -7.463177     -7.463089      0.001018
    734      0.000060      0.000090     -7.463179     -7.463089      0.001008
    735      0.000061      0.000092     -7.463181     -7.463089      0.000998
    736      0.000062      0.000093     -7.463183     -7.463089      0.000990
    737      0.000063      0.000095     -7.463184     -7.463089      0.000982
    738      0.000064      0.000096     -7.463185     -7.463089      0.000975
    739      0.000065      0.000097     -7.463187     -7.463089      0.000969
    740      0.000065      0.000098     -7.463187     -7.463089      0.000965
    741      0.000066      0.000099     -7.463188     -7.463089      0.000962
    742      0.000066      0.000099     -7.463188     -7.463089      0.000960
    743      0.000066      0.000099     -7.463188     -7.463089      0.000960
    744      0.000066      0.000099     -7.463188     -7.463089      0.000961
    745      0.000066      0.000099     -7.463188     -7.463089      0.000963
    746      0.000065      0.000098     -7.463187     -7.463089      0.000966
    747      0.000065      0.000097     -7.463186     -7.463089      0.000971
    748      0.000064      0.000096     -7.463185     -7.463089      0.000976
    749      0.000063      0.000095     -7.463184     -7.463089      0.000983
    750      0.000062      0.000094     -7.463183     -7.463089      0.000990
    751      0.000062      0.000092     -7.463182     -7.463089      0.000997
    752      0.000061      0.000091     -7.463180     -7.463089      0.001005
    753      0.000060      0.000089     -7.463179     -7.463089      0.001013
    754      0.000059      0.000088     -7.463177     -7.463089      0.001021
    755      0.000058      0.000086     -7.463176     -7.463089      0.001029
    756      0.000057      0.000085     -7.463174     -7.463089      0.001036
    757      0.000056      0.000084     -7.463173     -7.463089      0.001043
    758      0.000055      0.000082     -7.463172     -7.463089      0.001049
    759      0.000054      0.000081     -7.463170     -7.463089      0.001055
    760      0.000054      0.000080     -7.463170     -7.463089      0.001060
    761      0.000053      0.000080     -7.463169     -7.463089      0.001064
    762      0.000053      0.000079     -7.463168     -7.463089      0.001066
    763      0.000052      0.000079     -7.463168     -7.463089      0.001068
    764      0.000052      0.000079     -7.463168     -7.463089      0.001069
    765      0.000052      0.000079     -7.463168     -7.463089      0.001069
    766      0.000053      0.000079     -7.463168     -7.463089      0.001067
    767      0.000053      0.000079     -7.463168     -7.463089      0.001065
    768      0.000053      0.000080     -7.463169     -7.463089      0.001062
    769      0.000054      0.000081     -7.463170     -7.463089      0.001058
    770      0.000054      0.000081     -7.463171     -7.463089      0.001053
    771      0.000055      0.000082     -7.463172     -7.463089      0.001048
    772      0.000056      0.000083     -7.463173     -7.463089      0.001042
    773      0.000056      0.000084     -7.463174     -7.463089      0.001036
    774      0.000057      0.000086     -7.463175     -7.463089      0.001030
    775      0.000058      0.000087     -7.463176     -7.463089      0.001024
    776      0.000059      0.000088     -7.463177     -7.463089      0.001019
    777      0.000059      0.000089     -7.463178     -7.463089      0.001013
    778      0.000060      0.000090     -7.463179     -7.463089      0.001008
    779      0.000060      0.000091     -7.463180     -7.463089      0.001004
    780      0.000061      0.000091     -7.463181     -7.463089      0.001000
    781      0.000061      0.000092     -7.463181     -7.463089      0.000997
    782      0.000062      0.000092     -7.463182     -7.463089      0.000995
    783      0.000062      0.000093     -7.463182     -7.463089      0.000993
    784      0.000062      0.000093     -7.463182     -7.463089      0.000993
    785      0.000062      0.000093     -7.463182     -7.463089      0.000993
    786      0.000062      0.000092     -7.463182     -7.463089      0.000995
    787      0.000061      0.000092     -7.463181     -7.463089      0.000997
    788      0.000061      0.000091     -7.463181     -7.463089      0.001000
    789      0.000060      0.000091     -7.463180     -7.463089      0.001004
    790      0.000060      0.000090     -7.463179     -7.463089      0.001008
    791      0.000059      0.000089     -7.463178     -7.463089      0.001013
    792      0.000059      0.000088     -7.463177     -7.463089      0.001018
    793      0.000058      0.000087     -7.463176     -7.463089      0.001024
    794      0.000057      0.000086     -7.463175     -7.463089      0.001029
    795      0.000056      0.000085     -7.463174     -7.463089      0.001035
    796      0.000056      0.000084     -7.463173     -7.463089      0.001041
    797      0.000055      0.000083     -7.463172     -7.463089      0.001046
    798      0.000055      0.000082     -7.463171     -7.463089      0.001051
    799      0.000054      0.000081     -7.463170     -7.463089      0.001055
    800      0.000053      0.000080     -7.463169     -7.463089      0.001059
    801      0.000053      0.000080     -7.463169     -7.463089      0.001062
    802      0.000053      0.000079     -7.463168     -7.463089      0.001065
    803      0.000053      0.000079     -7.463168     -7.463089      0.001066
    804      0.000053      0.000079     -7.463168     -7.463089      0.001067
    805      0.000053      0.000079     -7.463168     -7.463089      0.001067
    806      0.000053      0.000079     -7.463168     -7.463089      0.001066
    807      0.000053      0.000079     -7.463169     -7.463089      0.001064
    808      0.000053      0.000080     -7.463169     -7.463089      0.001061
    809      0.000054      0.000081     -7.463170     -7.463089      0.001057
    810      0.000054      0.000082     -7.463171     -7.463089      0.001053
    811      0.000055      0.000082     -7.463172     -7.463089      0.001048
    812      0.000056      0.000083     -7.463173     -7.463089      0.001043
    813      0.000056      0.000084     -7.463174     -7.463089      0.001037
    814      0.000057      0.000086     -7.463175     -7.463089      0.001031
    815      0.000058      0.000087     -7.463176     -7.463089      0.001025
    816      0.000059      0.000088     -7.463177     -7.463089      0.001020
    817      0.000059      0.000089     -7.463178     -7.463089      0.001014
    818      0.000060      0.000090     -7.463179     -7.463089      0.001008
    819      0.000061      0.000091     -7.463180     -7.463089      0.001004
    820      0.000061      0.000092     -7.463181     -7.463089      0.000999
    821      0.000062      0.000092     -7.463182     -7.463089      0.000995
    822      0.000062      0.000093     -7.463182     -7.463089      0.000992
    823      0.000062      0.000093     -7.463183     -7.463089      0.000990
    824      0.000062      0.000094     -7.463183     -7.463089      0.000989
    825      0.000062      0.000094     -7.463183     -7.463089      0.000988
    826      0.000062      0.000094     -7.463183     -7.463089      0.000988
    827      0.000062      0.000093     -7.463183     -7.463089      0.000990
    828      0.000062      0.000093     -7.463182     -7.463089      0.000992
    829      0.000062      0.000092     -7.463182     -7.463089      0.000995
    830      0.000061      0.000092     -7.463181     -7.463089      0.000998
    831      0.000061      0.000091     -7.463180     -7.463089      0.001003
    832      0.000060      0.000090     -7.463179     -7.463089      0.001008
    833      0.000059      0.000089     -7.463178     -7.463089      0.001013
    834      0.000059      0.000088     -7.463177     -7.463089      0.001019
    835      0.000058      0.000087     -7.463176     -7.463089      0.001024
    836      0.000057      0.000086     -7.463175     -7.463089      0.001030
    837      0.000056      0.000085     -7.463174     -7.463089      0.001036
    838      0.000056      0.000083     -7.463173     -7.463089      0.001042
    839      0.000055      0.000082     -7.463172     -7.463089      0.001047
    840      0.000054      0.000082     -7.463171     -7.463089      0.001052
    841      0.000054      0.000081     -7.463170     -7.463089      0.001056
    842      0.000053      0.000080     -7.463169     -7.463089      0.001060
    843      0.000053      0.000080     -7.463169     -7.463089      0.001063
    844      0.000053      0.000079     -7.463168     -7.463089      0.001065
    845      0.000053      0.000079     -7.463168     -7.463089      0.001066
    846      0.000053      0.000079     -7.463168     -7.463089      0.001066
    847      0.000053      0.000079     -7.463168     -7.463089      0.001066
    848      0.000053      0.000079     -7.463169     -7.463089      0.001064
    849      0.000053      0.000080     -7.463169     -7.463089      0.001062
    850      0.000054      0.000080     -7.463170     -7.463089      0.001059
    851      0.000054      0.000081     -7.463170     -7.463089      0.001055
    852      0.000055      0.000082     -7.463171     -7.463089      0.001050
    853      0.000055      0.000083     -7.463172     -7.463089      0.001045
    854      0.000056      0.000084     -7.463173     -7.463089      0.001039
    855      0.000057      0.000085     -7.463174     -7.463089      0.001034
    856      0.000058      0.000086     -7.463176     -7.463089      0.001027
    857      0.000058      0.000088     -7.463177     -7.463089      0.001021
    858      0.000059      0.000089     -7.463178     -7.463089      0.001015
    859      0.000060      0.000090     -7.463179     -7.463089      0.001009
    860      0.000061      0.000091     -7.463180     -7.463089      0.001003
    861      0.000061      0.000092     -7.463181     -7.463089      0.000998
    862      0.000062      0.000093     -7.463182     -7.463089      0.000993
    863      0.000062      0.000094     -7.463183     -7.463089      0.000989
    864      0.000063      0.000094     -7.463184     -7.463089      0.000986
    865      0.000063      0.000095     -7.463184     -7.463089      0.000983
    866      0.000063      0.000095     -7.463184     -7.463089      0.000981
    867      0.000064      0.000095     -7.463185     -7.463089      0.000980
    868      0.000064      0.000095     -7.463185     -7.463089      0.000981
    869      0.000063      0.000095     -7.463184     -7.463089      0.000982
    870      0.000063      0.000095     -7.463184     -7.463089      0.000983
    871      0.000063      0.000094     -7.463183     -7.463089      0.000986
    872      0.000062      0.000093     -7.463183     -7.463089      0.000990
    873      0.000062      0.000093     -7.463182     -7.463089      0.000994
    874      0.000061      0.000092     -7.463181     -7.463089      0.000999
    875      0.000060      0.000091     -7.463180     -7.463089      0.001004
    876      0.000060      0.000089     -7.463179     -7.463089      0.001010
    877      0.000059      0.000088     -7.463178     -7.463089      0.001016
    878      0.000058      0.000087     -7.463176     -7.463089      0.001023
    879      0.000057      0.000086     -7.463175     -7.463089      0.001029
    880      0.000056      0.000085     -7.463174     -7.463089      0.001035
    881      0.000056      0.000083     -7.463173     -7.463089      0.001041
    882      0.000055      0.000082     -7.463172     -7.463089      0.001047
    883      0.000054      0.000081     -7.463171     -7.463089      0.001052
    884      0.000054      0.000080     -7.463170     -7.463089      0.001057
    885      0.000053      0.000080     -7.463169     -7.463089      0.001061
    886      0.000053      0.000079     -7.463168     -7.463089      0.001064
    887      0.000052      0.000078     -7.463168     -7.463089      0.001067
    888      0.000052      0.000078     -7.463167     -7.463089      0.001069
    889      0.000052      0.000078     -7.463167     -7.463089      0.001070
    890      0.000052      0.000078     -7.463167     -7.463089      0.001070
    891      0.000052      0.000078     -7.463167     -7.463089      0.001069
    892      0.000052      0.000078     -7.463168     -7.463089      0.001068
    893      0.000052      0.000079     -7.463168     -7.463089      0.001065
    894      0.000053      0.000079     -7.463169     -7.463089      0.001062
    895      0.000053      0.000080     -7.463169     -7.463089      0.001059
    896      0.000054      0.000081     -7.463170     -7.463089      0.001055
    897      0.000054      0.000082     -7.463171     -7.463089      0.001050
    898      0.000055      0.000083     -7.463172     -7.463089      0.001045
    899      0.000056      0.000084     -7.463173     -7.463089      0.001040
    900      0.000056      0.000085     -7.463174     -7.463089      0.001035
    901      0.000057      0.000086     -7.463175     -7.463089      0.001030
    902      0.000058      0.000087     -7.463176     -7.463089      0.001025
    903      0.000058      0.000088     -7.463177     -7.463089      0.001020
    904      0.000059      0.000089     -7.463178     -7.463089      0.001016
    905      0.000060      0.000089     -7.463179     -7.463089      0.001011
    906      0.000060      0.000090     -7.463179     -7.463089      0.001008
    907      0.000061      0.000091     -7.463180     -7.463089      0.001005
    908      0.000061      0.000091     -7.463181     -7.463089      0.001002
    909      0.000061      0.000092     -7.463181     -7.463089      0.001000
    910      0.000061      0.000092     -7.463181     -7.463089      0.000999
    911      0.000061      0.000092     -7.463181     -7.463089      0.000998
    912      0.000061      0.000092     -7.463181     -7.463089      0.000998
    913      0.000061      0.000092     -7.463181     -7.463089      0.000999
    914      0.000061      0.000092     -7.463181     -7.463089      0.001000
    915      0.000061      0.000092     -7.463181     -7.463089      0.001002
    916      0.000061      0.000091     -7.463180     -7.463089      0.001005
    917      0.000060      0.000091     -7.463180     -7.463089      0.001007
    918      0.000060      0.000090     -7.463179     -7.463089      0.001010
    919      0.000060      0.000089     -7.463179     -7.463089      0.001014
    920      0.000059      0.000089     -7.463178     -7.463089      0.001017
    921      0.000059      0.000088     -7.463177     -7.463089      0.001021
    922      0.000058      0.000087     -7.463176     -7.463089      0.001024
    923      0.000058      0.000087     -7.463176     -7.463089      0.001028
    924      0.000057      0.000086     -7.463175     -7.463089      0.001031
    925      0.000057      0.000085     -7.463175     -7.463089      0.001034
    926      0.000056      0.000085     -7.463174     -7.463089      0.001036
    927      0.000056      0.000084     -7.463173     -7.463089      0.001039
    928      0.000056      0.000084     -7.463173     -7.463089      0.001040
    929      0.000056      0.000084     -7.463173     -7.463089      0.001042
    930      0.000056      0.000083     -7.463173     -7.463089      0.001043
    931      0.000055      0.000083     -7.463172     -7.463089      0.001043
    932      0.000055      0.000083     -7.463172     -7.463089      0.001043
    933      0.000055      0.000083     -7.463172     -7.463089      0.001042
    934      0.000056      0.000083     -7.463173     -7.463089      0.001041
    935      0.000056      0.000084     -7.463173     -7.463089      0.001040
    936      0.000056      0.000084     -7.463173     -7.463089      0.001038
    937      0.000056      0.000084     -7.463173     -7.463089      0.001036
    938      0.000056      0.000085     -7.463174     -7.463089      0.001034
    939      0.000057      0.000085     -7.463174     -7.463089      0.001032
    940      0.000057      0.000085     -7.463175     -7.463089      0.001029
    941      0.000057      0.000086     -7.463175     -7.463089      0.001027
    942      0.000058      0.000086     -7.463176     -7.463089      0.001025
    943      0.000058      0.000087     -7.463176     -7.463089      0.001023
    944      0.000058      0.000087     -7.463176     -7.463089      0.001021
    945      0.000058      0.000087     -7.463177     -7.463089      0.001019
    946      0.000058      0.000088     -7.463177     -7.463089      0.001018
    947      0.000059      0.000088     -7.463177     -7.463089      0.001017
    948      0.000059      0.000088     -7.463177     -7.463089      0.001016
    949      0.000059      0.000088     -7.463177     -7.463089      0.001016
    950      0.000059      0.000088     -7.463177     -7.463089      0.001017
    951      0.000059      0.000088     -7.463177     -7.463089      0.001018
    952      0.000058      0.000088     -7.463177     -7.463089      0.001019
    953      0.000058      0.000087     -7.463177     -7.463089      0.001021
    954      0.000058      0.000087     -7.463176     -7.463089      0.001022
    955      0.000058      0.000087     -7.463176     -7.463089      0.001025
    956      0.000057      0.000086     -7.463175     -7.463089      0.001027
    957      0.000057      0.000086     -7.463175     -7.463089      0.001030
    958      0.000057      0.000085     -7.463175     -7.463089      0.001032
    959      0.000057      0.000085     -7.463174     -7.463089      0.001035
    960      0.000056      0.000084     -7.463174     -7.463089      0.001038
    961      0.000056      0.000084     -7.463173     -7.463089      0.001040
    962      0.000056      0.000084     -7.463173     -7.463089      0.001042
    963      0.000056      0.000083     -7.463173     -7.463089      0.001044
    964      0.000055      0.000083     -7.463172     -7.463089      0.001046
    965      0.000055      0.000083     -7.463172     -7.463089      0.001047
    966      0.000055      0.000083     -7.463172     -7.463089      0.001048
    967      0.000055      0.000083     -7.463172     -7.463089      0.001048
    968      0.000055      0.000083     -7.463172     -7.463089      0.001047
    969      0.000055      0.000083     -7.463172     -7.463089      0.001046
    970      0.000056      0.000083     -7.463173     -7.463089      0.001045
    971      0.000056      0.000084     -7.463173     -7.463089      0.001043
    972      0.000056      0.000084     -7.463174     -7.463089      0.001040
    973      0.000057      0.000085     -7.463174     -7.463089      0.001037
    974      0.000057      0.000086     -7.463175     -7.463089      0.001033
    975      0.000058      0.000086     -7.463176     -7.463089      0.001029
    976      0.000058      0.000087     -7.463176     -7.463089      0.001025
    977      0.000059      0.000088     -7.463177     -7.463089      0.001020
    978      0.000059      0.000089     -7.463178     -7.463089      0.001016
    979      0.000060      0.000090     -7.463179     -7.463089      0.001011
    980      0.000060      0.000091     -7.463180     -7.463089      0.001006
    981      0.000061      0.000091     -7.463181     -7.463089      0.001002
    982      0.000061      0.000092     -7.463181     -7.463089      0.000998
    983      0.000062      0.000093     -7.463182     -7.463089      0.000994
    984      0.000062      0.000094     -7.463183     -7.463089      0.000991
    985      0.000063      0.000094     -7.463183     -7.463089      0.000988
    986      0.000063      0.000094     -7.463184     -7.463089      0.000985
    987      0.000063      0.000095     -7.463184     -7.463089      0.000984
    988      0.000063      0.000095     -7.463184     -7.463089      0.000983
    989      0.000063      0.000095     -7.463184     -7.463089      0.000983
    990      0.000063      0.000095     -7.463184     -7.463089      0.000984
    991      0.000063      0.000094     -7.463184     -7.463089      0.000985
    992      0.000063      0.000094     -7.463183     -7.463089      0.000987
    993      0.000062      0.000093     -7.463183     -7.463089      0.000990
    994      0.000062      0.000093     -7.463182     -7.463089      0.000994
    995      0.000061      0.000092     -7.463181     -7.463089      0.000998
    996      0.000061      0.000091     -7.463180     -7.463089      0.001003
    997      0.000060      0.000090     -7.463179     -7.463089      0.001009
    998      0.000059      0.000089     -7.463178     -7.463089      0.001014
    999      0.000058      0.000087     -7.463177     -7.463089      0.001021
   1000      0.000057      0.000086     -7.463175     -7.463089      0.001027
#
# Means      0.000058      0.000086     -7.463176     -7.463089      0.001026
