#
# MD1: a minimal molecular dynamics program
#
# # comentario
#  Input sample: 7x7.coord
#                                (only positions read from file)
# Output sample: 7x7.calc
# Number of steps:    1000, time step: 0.0030, total time:      3.0000
# Number of atoms:  1372
# Box size:   10.847200   10.847200   10.847200, Volume:       1276.301
# Density:    1.074982 (unchanged)
# Free evolution run.
#
#  Step   Temperature     Kinetic      Potential   Total Energy    Pressure
# -----  ------------  ------------  ------------  ------------  ------------
      1      0.000000      0.000000     -7.463092     -7.463092      0.001454
      2      0.000001      0.000002     -7.463093     -7.463092      0.001447
      3      0.000003      0.000004     -7.463096     -7.463092      0.001433
      4      0.000005      0.000008     -7.463100     -7.463092      0.001413
      5      0.000009      0.000013     -7.463105     -7.463092      0.001386
      6      0.000013      0.000020     -7.463111     -7.463092      0.001353
      7      0.000018      0.000027     -7.463118     -7.463092      0.001316
      8      0.000023      0.000035     -7.463127     -7.463092      0.001273
      9      0.000029      0.000044     -7.463135     -7.463092      0.001228
     10      0.000035      0.000053     -7.463145     -7.463092      0.001179
     11      0.000042      0.000063     -7.463155     -7.463092      0.001128
     12      0.000049      0.000073     -7.463165     -7.463092      0.001076
     13      0.000055      0.000083     -7.463175     -7.463092      0.001025
     14      0.000062      0.000093     -7.463185     -7.463092      0.000973
     15      0.000068      0.000103     -7.463194     -7.463092      0.000924
     16      0.000074      0.000112     -7.463203     -7.463092      0.000877
     17      0.000080      0.000120     -7.463212     -7.463092      0.000833
     18      0.000085      0.000128     -7.463220     -7.463092      0.000794
     19      0.000090      0.000135     -7.463226     -7.463092      0.000759
     20      0.000094      0.000141     -7.463232     -7.463092      0.000729
     21      0.000097      0.000145     -7.463237     -7.463092      0.000705
     22      0.000099      0.000149     -7.463241     -7.463092      0.000687
     23      0.000101      0.000151     -7.463243     -7.463092      0.000675
     24      0.000102      0.000153     -7.463244     -7.463092      0.000670
     25      0.000102      0.000153     -7.463245     -7.463092      0.000670
     26      0.000101      0.000152     -7.463243     -7.463092      0.000676
     27      0.000100      0.000150     -7.463241     -7.463092      0.000689
     28      0.000098      0.000146     -7.463238     -7.463092      0.000706
     29      0.000095      0.000142     -7.463234     -7.463092      0.000729
     30      0.000091      0.000137     -7.463229     -7.463092      0.000756
     31      0.000088      0.000132     -7.463223     -7.463092      0.000786
     32      0.000084      0.000125     -7.463217     -7.463092      0.000820
     33      0.000079      0.000119     -7.463210     -7.463092      0.000856
     34      0.000074      0.000111     -7.463203     -7.463092      0.000893
     35      0.000070      0.000104     -7.463196     -7.463092      0.000931
     36      0.000065      0.000097     -7.463189     -7.463092      0.000969
     37      0.000060      0.000090     -7.463182     -7.463092      0.001006
     38      0.000055      0.000083     -7.463175     -7.463092      0.001041
     39      0.000051      0.000077     -7.463168     -7.463092      0.001075
     40      0.000047      0.000071     -7.463163     -7.463092      0.001105
     41      0.000044      0.000066     -7.463157     -7.463092      0.001133
     42      0.000041      0.000061     -7.463153     -7.463092      0.001156
     43      0.000038      0.000057     -7.463149     -7.463092      0.001176
     44      0.000036      0.000054     -7.463146     -7.463092      0.001191
     45      0.000035      0.000052     -7.463144     -7.463092      0.001201
     46      0.000034      0.000051     -7.463142     -7.463092      0.001207
     47      0.000033      0.000050     -7.463142     -7.463092      0.001209
     48      0.000034      0.000050     -7.463142     -7.463092      0.001206
     49      0.000034      0.000052     -7.463143     -7.463092      0.001199
     50      0.000036      0.000053     -7.463145     -7.463092      0.001188
     51      0.000037      0.000056     -7.463147     -7.463092      0.001174
     52      0.000039      0.000059     -7.463151     -7.463092      0.001157
     53      0.000042      0.000062     -7.463154     -7.463092      0.001138
     54      0.000044      0.000066     -7.463158     -7.463092      0.001116
     55      0.000047      0.000070     -7.463162     -7.463092      0.001094
     56      0.000050      0.000075     -7.463166     -7.463092      0.001070
     57      0.000053      0.000079     -7.463171     -7.463092      0.001047
     58      0.000055      0.000083     -7.463175     -7.463092      0.001024
     59      0.000058      0.000087     -7.463179     -7.463092      0.001002
     60      0.000061      0.000091     -7.463183     -7.463092      0.000982
     61      0.000063      0.000094     -7.463186     -7.463092      0.000963
     62      0.000065      0.000097     -7.463189     -7.463092      0.000948
     63      0.000067      0.000100     -7.463191     -7.463092      0.000934
     64      0.000068      0.000102     -7.463193     -7.463092      0.000924
     65      0.000069      0.000103     -7.463195     -7.463092      0.000917
     66      0.000069      0.000104     -7.463195     -7.463092      0.000913
     67      0.000069      0.000104     -7.463196     -7.463092      0.000913
     68      0.000069      0.000103     -7.463195     -7.463092      0.000916
     69      0.000068      0.000102     -7.463194     -7.463092      0.000922
     70      0.000067      0.000101     -7.463192     -7.463092      0.000930
     71      0.000066      0.000099     -7.463190     -7.463092      0.000942
     72      0.000064      0.000096     -7.463188     -7.463092      0.000955
     73      0.000062      0.000093     -7.463185     -7.463092      0.000971
     74      0.000060      0.000090     -7.463182     -7.463092      0.000988
     75      0.000058      0.000087     -7.463179     -7.463092      0.001005
     76      0.000056      0.000084     -7.463175     -7.463092      0.001024
     77      0.000054      0.000080     -7.463172     -7.463092      0.001042
     78      0.000051      0.000077     -7.463169     -7.463092      0.001060
     79      0.000049      0.000074     -7.463166     -7.463092      0.001076
     80      0.000047      0.000071     -7.463163     -7.463092      0.001092
     81      0.000046      0.000069     -7.463160     -7.463092      0.001105
     82      0.000044      0.000067     -7.463158     -7.463092      0.001117
     83      0.000043      0.000065     -7.463157     -7.463092      0.001126
     84      0.000043      0.000064     -7.463156     -7.463092      0.001132
     85      0.000042      0.000063     -7.463155     -7.463092      0.001136
     86      0.000042      0.000063     -7.463155     -7.463092      0.001137
     87      0.000043      0.000064     -7.463155     -7.463092      0.001135
     88      0.000043      0.000065     -7.463156     -7.463092      0.001129
     89      0.000044      0.000066     -7.463158     -7.463092      0.001122
     90      0.000046      0.000068     -7.463160     -7.463092      0.001111
     91      0.000047      0.000071     -7.463162     -7.463092      0.001099
     92      0.000049      0.000074     -7.463165     -7.463092      0.001084
     93      0.000051      0.000077     -7.463168     -7.463092      0.001067
     94      0.000053      0.000080     -7.463172     -7.463092      0.001050
     95      0.000056      0.000083     -7.463175     -7.463092      0.001031
     96      0.000058      0.000087     -7.463179     -7.463092      0.001012
     97      0.000060      0.000091     -7.463182     -7.463092      0.000994
     98      0.000063      0.000094     -7.463186     -7.463092      0.000975
     99      0.000065      0.000097     -7.463189     -7.463092      0.000958
    100      0.000067      0.000100     -7.463192     -7.463092      0.000942
    101      0.000069      0.000103     -7.463195     -7.463092      0.000927
    102      0.000070      0.000105     -7.463197     -7.463092      0.000915
    103      0.000071      0.000107     -7.463199     -7.463092      0.000904
    104      0.000072      0.000109     -7.463200     -7.463092      0.000897
    105      0.000073      0.000109     -7.463201     -7.463092      0.000892
    106      0.000073      0.000110     -7.463202     -7.463092      0.000890
    107      0.000073      0.000110     -7.463201     -7.463092      0.000891
    108      0.000073      0.000109     -7.463201     -7.463092      0.000895
    109      0.000072      0.000108     -7.463199     -7.463092      0.000901
    110      0.000071      0.000106     -7.463198     -7.463092      0.000910
    111      0.000069      0.000104     -7.463195     -7.463092      0.000921
    112      0.000067      0.000101     -7.463193     -7.463092      0.000935
    113      0.000065      0.000098     -7.463190     -7.463092      0.000950
    114      0.000063      0.000095     -7.463187     -7.463092      0.000967
    115      0.000061      0.000091     -7.463183     -7.463092      0.000985
    116      0.000059      0.000088     -7.463180     -7.463092      0.001004
    117      0.000056      0.000084     -7.463176     -7.463092      0.001023
    118      0.000054      0.000081     -7.463173     -7.463092      0.001041
    119      0.000052      0.000077     -7.463169     -7.463092      0.001059
    120      0.000049      0.000074     -7.463166     -7.463092      0.001076
    121      0.000047      0.000071     -7.463163     -7.463092      0.001092
    122      0.000046      0.000069     -7.463160     -7.463092      0.001106
    123      0.000044      0.000066     -7.463158     -7.463092      0.001118
    124      0.000043      0.000065     -7.463156     -7.463092      0.001128
    125      0.000042      0.000063     -7.463155     -7.463092      0.001135
    126      0.000042      0.000062     -7.463154     -7.463092      0.001139
    127      0.000041      0.000062     -7.463154     -7.463092      0.001141
    128      0.000041      0.000062     -7.463154     -7.463092      0.001140
    129      0.000042      0.000063     -7.463155     -7.463092      0.001137
    130      0.000043      0.000064     -7.463156     -7.463092      0.001130
    131      0.000044      0.000066     -7.463157     -7.463092      0.001122
    132      0.000045      0.000068     -7.463160     -7.463092      0.001111
    133      0.000047      0.000070     -7.463162     -7.463092      0.001098
    134      0.000049      0.000073     -7.463165     -7.463092      0.001084
    135      0.000051      0.000076     -7.463168     -7.463092      0.001068
    136      0.000053      0.000079     -7.463171     -7.463092      0.001051
    137      0.000055      0.000083     -7.463174     -7.463092      0.001034
    138      0.000057      0.000086     -7.463178     -7.463092      0.001016
    139      0.000059      0.000089     -7.463181     -7.463092      0.000999
    140      0.000062      0.000092     -7.463184     -7.463092      0.000982
    141      0.000064      0.000095     -7.463187     -7.463092      0.000967
    142      0.000065      0.000098     -7.463190     -7.463092      0.000952
    143      0.000067      0.000100     -7.463192     -7.463092      0.000939
    144      0.000068      0.000103     -7.463194     -7.463092      0.000928
    145      0.000069      0.000104     -7.463196     -7.463092      0.000920
    146      0.000070      0.000105     -7.463197     -7.463092      0.000913
    147      0.000071      0.000106     -7.463198     -7.463092      0.000909
    148      0.000071      0.000107     -7.463198     -7.463092      0.000907
    149      0.000071      0.000106     -7.463198     -7.463092      0.000908
    150      0.000071      0.000106     -7.463197     -7.463092      0.000911
    151      0.000070      0.000105     -7.463196     -7.463092      0.000917
    152      0.000069      0.000103     -7.463195     -7.463092      0.000925
    153      0.000068      0.000101     -7.463193     -7.463092      0.000935
    154      0.000066      0.000099     -7.463191     -7.463092      0.000946
    155      0.000064      0.000097     -7.463188     -7.463092      0.000959
    156      0.000063      0.000094     -7.463186     -7.463092      0.000974
    157      0.000061      0.000091     -7.463183     -7.463092      0.000989
    158      0.000059      0.000088     -7.463180     -7.463092      0.001004
    159      0.000057      0.000085     -7.463177     -7.463092      0.001020
    160      0.000055      0.000082     -7.463174     -7.463092      0.001036
    161      0.000053      0.000079     -7.463171     -7.463092      0.001051
    162      0.000051      0.000076     -7.463168     -7.463092      0.001065
    163      0.000049      0.000074     -7.463166     -7.463092      0.001078
    164      0.000048      0.000072     -7.463163     -7.463092      0.001089
    165      0.000047      0.000070     -7.463162     -7.463092      0.001099
    166      0.000046      0.000068     -7.463160     -7.463092      0.001107
    167      0.000045      0.000067     -7.463159     -7.463092      0.001113
    168      0.000044      0.000066     -7.463158     -7.463092      0.001117
    169      0.000044      0.000066     -7.463158     -7.463092      0.001119
    170      0.000044      0.000066     -7.463158     -7.463092      0.001118
    171      0.000044      0.000067     -7.463158     -7.463092      0.001116
    172      0.000045      0.000068     -7.463159     -7.463092      0.001111
    173      0.000046      0.000069     -7.463161     -7.463092      0.001104
    174      0.000047      0.000070     -7.463162     -7.463092      0.001096
    175      0.000048      0.000072     -7.463164     -7.463092      0.001086
    176      0.000050      0.000074     -7.463166     -7.463092      0.001075
    177      0.000051      0.000077     -7.463168     -7.463092      0.001063
    178      0.000053      0.000079     -7.463171     -7.463092      0.001051
    179      0.000054      0.000082     -7.463173     -7.463092      0.001037
    180      0.000056      0.000084     -7.463176     -7.463092      0.001024
    181      0.000058      0.000086     -7.463178     -7.463092      0.001011
    182      0.000059      0.000089     -7.463181     -7.463092      0.000999
    183      0.000061      0.000091     -7.463183     -7.463092      0.000987
    184      0.000062      0.000093     -7.463185     -7.463092      0.000977
    185      0.000063      0.000095     -7.463187     -7.463092      0.000967
    186      0.000064      0.000096     -7.463188     -7.463092      0.000959
    187      0.000065      0.000098     -7.463189     -7.463092      0.000953
    188      0.000066      0.000099     -7.463190     -7.463092      0.000948
    189      0.000066      0.000099     -7.463191     -7.463092      0.000945
    190      0.000066      0.000099     -7.463191     -7.463092      0.000944
    191      0.000066      0.000099     -7.463191     -7.463092      0.000945
    192      0.000066      0.000099     -7.463190     -7.463092      0.000948
    193      0.000065      0.000098     -7.463190     -7.463092      0.000952
    194      0.000065      0.000097     -7.463189     -7.463092      0.000957
    195      0.000064      0.000096     -7.463187     -7.463092      0.000964
    196      0.000063      0.000094     -7.463186     -7.463092      0.000973
    197      0.000062      0.000092     -7.463184     -7.463092      0.000982
    198      0.000060      0.000091     -7.463182     -7.463092      0.000991
    199      0.000059      0.000089     -7.463180     -7.463092      0.001002
    200      0.000058      0.000087     -7.463178     -7.463092      0.001012
    201      0.000057      0.000085     -7.463177     -7.463092      0.001022
    202      0.000055      0.000083     -7.463175     -7.463092      0.001032
    203      0.000054      0.000081     -7.463173     -7.463092      0.001042
    204      0.000053      0.000080     -7.463171     -7.463092      0.001050
    205      0.000052      0.000078     -7.463170     -7.463092      0.001058
    206      0.000051      0.000077     -7.463169     -7.463092      0.001064
    207      0.000051      0.000076     -7.463168     -7.463092      0.001070
    208      0.000050      0.000075     -7.463167     -7.463092      0.001073
    209      0.000050      0.000075     -7.463166     -7.463092      0.001076
    210      0.000050      0.000075     -7.463166     -7.463092      0.001077
    211      0.000050      0.000075     -7.463166     -7.463092      0.001076
    212      0.000050      0.000075     -7.463167     -7.463092      0.001074
    213      0.000051      0.000076     -7.463167     -7.463092      0.001070
    214      0.000051      0.000077     -7.463168     -7.463092      0.001065
    215      0.000052      0.000078     -7.463169     -7.463092      0.001059
    216      0.000053      0.000079     -7.463171     -7.463092      0.001052
    217      0.000054      0.000081     -7.463172     -7.463092      0.001044
    218      0.000055      0.000082     -7.463174     -7.463092      0.001036
    219      0.000056      0.000084     -7.463175     -7.463092      0.001027
    220      0.000057      0.000085     -7.463177     -7.463092      0.001018
    221      0.000058      0.000087     -7.463179     -7.463092      0.001009
    222      0.000059      0.000089     -7.463180     -7.463092      0.001001
    223      0.000060      0.000090     -7.463182     -7.463092      0.000993
    224      0.000061      0.000092     -7.463183     -7.463092      0.000985
    225      0.000062      0.000093     -7.463185     -7.463092      0.000979
    226      0.000063      0.000094     -7.463186     -7.463092      0.000973
    227      0.000063      0.000095     -7.463186     -7.463092      0.000969
    228      0.000064      0.000095     -7.463187     -7.463092      0.000966
    229      0.000064      0.000096     -7.463187     -7.463092      0.000964
    230      0.000064      0.000096     -7.463187     -7.463092      0.000963
    231      0.000064      0.000095     -7.463187     -7.463092      0.000965
    232      0.000063      0.000095     -7.463187     -7.463092      0.000967
    233      0.000063      0.000094     -7.463186     -7.463092      0.000971
    234      0.000062      0.000093     -7.463185     -7.463092      0.000976
    235      0.000061      0.000092     -7.463184     -7.463092      0.000982
    236      0.000061      0.000091     -7.463182     -7.463092      0.000989
    237      0.000060      0.000089     -7.463181     -7.463092      0.000997
    238      0.000058      0.000088     -7.463179     -7.463092      0.001005
    239      0.000057      0.000086     -7.463178     -7.463092      0.001014
    240      0.000056      0.000084     -7.463176     -7.463092      0.001023
    241      0.000055      0.000083     -7.463174     -7.463092      0.001032
    242      0.000054      0.000081     -7.463173     -7.463092      0.001041
    243      0.000053      0.000079     -7.463171     -7.463092      0.001049
    244      0.000052      0.000078     -7.463170     -7.463092      0.001057
    245      0.000051      0.000077     -7.463168     -7.463092      0.001064
    246      0.000050      0.000075     -7.463167     -7.463092      0.001070
    247      0.000050      0.000074     -7.463166     -7.463092      0.001075
    248      0.000049      0.000074     -7.463165     -7.463092      0.001079
    249      0.000049      0.000073     -7.463165     -7.463092      0.001081
    250      0.000049      0.000073     -7.463165     -7.463092      0.001082
    251      0.000049      0.000073     -7.463165     -7.463092      0.001082
    252      0.000049      0.000074     -7.463165     -7.463092      0.001080
    253      0.000049      0.000074     -7.463166     -7.463092      0.001077
    254      0.000050      0.000075     -7.463167     -7.463092      0.001073
    255      0.000051      0.000076     -7.463168     -7.463092      0.001068
    256      0.000051      0.000077     -7.463169     -7.463092      0.001061
    257      0.000052      0.000079     -7.463170     -7.463092      0.001054
    258      0.000053      0.000080     -7.463172     -7.463092      0.001046
    259      0.000055      0.000082     -7.463174     -7.463092      0.001037
    260      0.000056      0.000084     -7.463175     -7.463092      0.001028
    261      0.000057      0.000085     -7.463177     -7.463092      0.001018
    262      0.000058      0.000087     -7.463179     -7.463092      0.001009
    263      0.000059      0.000089     -7.463181     -7.463092      0.001000
    264      0.000060      0.000091     -7.463182     -7.463092      0.000991
    265      0.000062      0.000092     -7.463184     -7.463092      0.000983
    266      0.000062      0.000094     -7.463185     -7.463092      0.000975
    267      0.000063      0.000095     -7.463187     -7.463092      0.000969
    268      0.000064      0.000096     -7.463188     -7.463092      0.000963
    269      0.000065      0.000097     -7.463189     -7.463092      0.000959
    270      0.000065      0.000098     -7.463189     -7.463092      0.000956
    271      0.000065      0.000098     -7.463190     -7.463092      0.000954
    272      0.000065      0.000098     -7.463190     -7.463092      0.000953
    273      0.000065      0.000098     -7.463190     -7.463092      0.000954
    274      0.000065      0.000097     -7.463189     -7.463092      0.000956
    275      0.000065      0.000097     -7.463189     -7.463092      0.000959
    276      0.000064      0.000096     -7.463188     -7.463092      0.000963
    277      0.000063      0.000095     -7.463187     -7.463092      0.000968
    278      0.000063      0.000094     -7.463185     -7.463092      0.000975
    279      0.000062      0.000092     -7.463184     -7.463092      0.000982
    280      0.000061      0.000091     -7.463183     -7.463092      0.000990
    281      0.000060      0.000089     -7.463181     -7.463092      0.000998
    282      0.000058      0.000088     -7.463179     -7.463092      0.001006
    283      0.000057      0.000086     -7.463178     -7.463092      0.001015
    284      0.000056      0.000084     -7.463176     -7.463092      0.001024
    285      0.000055      0.000083     -7.463174     -7.463092      0.001032
    286      0.000054      0.000081     -7.463173     -7.463092      0.001040
    287      0.000053      0.000080     -7.463171     -7.463092      0.001048
    288      0.000052      0.000078     -7.463170     -7.463092      0.001055
    289      0.000051      0.000077     -7.463169     -7.463092      0.001061
    290      0.000051      0.000076     -7.463168     -7.463092      0.001066
    291      0.000050      0.000075     -7.463167     -7.463092      0.001071
    292      0.000050      0.000075     -7.463166     -7.463092      0.001074
    293      0.000049      0.000074     -7.463166     -7.463092      0.001076
    294      0.000049      0.000074     -7.463166     -7.463092      0.001078
    295      0.000049      0.000074     -7.463165     -7.463092      0.001078
    296      0.000049      0.000074     -7.463166     -7.463092      0.001077
    297      0.000050      0.000074     -7.463166     -7.463092      0.001075
    298      0.000050      0.000075     -7.463167     -7.463092      0.001072
    299      0.000050      0.000076     -7.463167     -7.463092      0.001068
    300      0.000051      0.000077     -7.463168     -7.463092      0.001063
    301      0.000052      0.000078     -7.463169     -7.463092      0.001058
    302      0.000052      0.000079     -7.463170     -7.463092      0.001052
    303      0.000053      0.000080     -7.463171     -7.463092      0.001046
    304      0.000054      0.000081     -7.463173     -7.463092      0.001040
    305      0.000055      0.000082     -7.463174     -7.463092      0.001033
    306      0.000056      0.000084     -7.463175     -7.463092      0.001026
    307      0.000057      0.000085     -7.463177     -7.463092      0.001020
    308      0.000057      0.000086     -7.463178     -7.463092      0.001014
    309      0.000058      0.000087     -7.463179     -7.463092      0.001008
    310      0.000059      0.000088     -7.463180     -7.463092      0.001002
    311      0.000060      0.000089     -7.463181     -7.463092      0.000997
    312      0.000060      0.000090     -7.463182     -7.463092      0.000993
    313      0.000061      0.000091     -7.463183     -7.463092      0.000989
    314      0.000061      0.000092     -7.463183     -7.463092      0.000986
    315      0.000061      0.000092     -7.463184     -7.463092      0.000984
    316      0.000062      0.000092     -7.463184     -7.463092      0.000982
    317      0.000062      0.000092     -7.463184     -7.463092      0.000981
    318      0.000062      0.000092     -7.463184     -7.463092      0.000981
    319      0.000062      0.000092     -7.463184     -7.463092      0.000982
    320      0.000061      0.000092     -7.463184     -7.463092      0.000983
    321      0.000061      0.000092     -7.463184     -7.463092      0.000985
    322      0.000061      0.000091     -7.463183     -7.463092      0.000987
    323      0.000061      0.000091     -7.463183     -7.463092      0.000990
    324      0.000060      0.000090     -7.463182     -7.463092      0.000993
    325      0.000060      0.000090     -7.463181     -7.463092      0.000997
    326      0.000059      0.000089     -7.463181     -7.463092      0.001000
    327      0.000059      0.000088     -7.463180     -7.463092      0.001004
    328      0.000058      0.000087     -7.463179     -7.463092      0.001008
    329      0.000058      0.000087     -7.463178     -7.463092      0.001012
    330      0.000057      0.000086     -7.463178     -7.463092      0.001015
    331      0.000057      0.000085     -7.463177     -7.463092      0.001019
    332      0.000056      0.000085     -7.463176     -7.463092      0.001022
    333      0.000056      0.000084     -7.463176     -7.463092      0.001025
    334      0.000056      0.000084     -7.463175     -7.463092      0.001027
    335      0.000055      0.000083     -7.463175     -7.463092      0.001030
    336      0.000055      0.000083     -7.463174     -7.463092      0.001032
    337      0.000055      0.000082     -7.463174     -7.463092      0.001033
    338      0.000055      0.000082     -7.463174     -7.463092      0.001034
    339      0.000055      0.000082     -7.463174     -7.463092      0.001035
    340      0.000055      0.000082     -7.463174     -7.463092      0.001036
    341      0.000055      0.000082     -7.463174     -7.463092      0.001036
    342      0.000055      0.000082     -7.463174     -7.463092      0.001036
    343      0.000055      0.000082     -7.463174     -7.463092      0.001035
    344      0.000055      0.000082     -7.463174     -7.463092      0.001035
    345      0.000055      0.000082     -7.463174     -7.463092      0.001034
    346      0.000055      0.000082     -7.463174     -7.463092      0.001033
    347      0.000055      0.000083     -7.463174     -7.463092      0.001032
    348      0.000055      0.000083     -7.463175     -7.463092      0.001031
    349      0.000055      0.000083     -7.463175     -7.463092      0.001030
    350      0.000056      0.000083     -7.463175     -7.463092      0.001029
    351      0.000056      0.000083     -7.463175     -7.463092      0.001028
    352      0.000056      0.000084     -7.463175     -7.463092      0.001027
    353      0.000056      0.000084     -7.463175     -7.463092      0.001026
    354      0.000056      0.000084     -7.463176     -7.463092      0.001025
    355      0.000056      0.000084     -7.463176     -7.463092      0.001025
    356      0.000056      0.000084     -7.463176     -7.463092      0.001024
    357      0.000056      0.000084     -7.463176     -7.463092      0.001024
    358      0.000056      0.000084     -7.463176     -7.463092      0.001024
    359      0.000056      0.000084     -7.463176     -7.463092      0.001024
    360      0.000056      0.000084     -7.463176     -7.463092      0.001023
    361      0.000056      0.000084     -7.463176     -7.463092      0.001023
    362      0.000056      0.000084     -7.463176     -7.463092      0.001023
    363      0.000056      0.000084     -7.463176     -7.463092      0.001023
    364      0.000056      0.000084     -7.463176     -7.463092      0.001023
    365      0.000056      0.000085     -7.463176     -7.463092      0.001023
    366      0.000056      0.000085     -7.463176     -7.463092      0.001023
    367      0.000056      0.000085     -7.463176     -7.463092      0.001022
    368      0.000057      0.000085     -7.463176     -7.463092      0.001022
    369      0.000057      0.000085     -7.463177     -7.463092      0.001021
    370      0.000057      0.000085     -7.463177     -7.463092      0.001020
    371      0.000057      0.000085     -7.463177     -7.463092      0.001019
    372      0.000057      0.000086     -7.463177     -7.463092      0.001018
    373      0.000057      0.000086     -7.463177     -7.463092      0.001017
    374      0.000057      0.000086     -7.463178     -7.463092      0.001015
    375      0.000058      0.000086     -7.463178     -7.463092      0.001014
    376      0.000058      0.000087     -7.463178     -7.463092      0.001012
    377      0.000058      0.000087     -7.463179     -7.463092      0.001010
    378      0.000058      0.000087     -7.463179     -7.463092      0.001008
    379      0.000059      0.000088     -7.463180     -7.463092      0.001006
    380      0.000059      0.000088     -7.463180     -7.463092      0.001004
    381      0.000059      0.000089     -7.463180     -7.463092      0.001002
    382      0.000059      0.000089     -7.463181     -7.463092      0.001000
    383      0.000060      0.000089     -7.463181     -7.463092      0.000999
    384      0.000060      0.000090     -7.463181     -7.463092      0.000997
    385      0.000060      0.000090     -7.463182     -7.463092      0.000996
    386      0.000060      0.000090     -7.463182     -7.463092      0.000995
    387      0.000060      0.000090     -7.463182     -7.463092      0.000994
    388      0.000060      0.000090     -7.463182     -7.463092      0.000994
    389      0.000060      0.000090     -7.463182     -7.463092      0.000994
    390      0.000060      0.000090     -7.463182     -7.463092      0.000994
    391      0.000060      0.000090     -7.463182     -7.463092      0.000995
    392      0.000060      0.000090     -7.463181     -7.463092      0.000996
    393      0.000060      0.000090     -7.463181     -7.463092      0.000997
    394      0.000059      0.000089     -7.463181     -7.463092      0.000999
    395      0.000059      0.000089     -7.463180     -7.463092      0.001001
    396      0.000059      0.000088     -7.463180     -7.463092      0.001004
    397      0.000058      0.000088     -7.463179     -7.463092      0.001007
    398      0.000058      0.000087     -7.463179     -7.463092      0.001010
    399      0.000057      0.000086     -7.463178     -7.463092      0.001014
    400      0.000057      0.000085     -7.463177     -7.463092      0.001018
    401      0.000056      0.000085     -7.463176     -7.463092      0.001022
    402      0.000056      0.000084     -7.463176     -7.463092      0.001026
    403      0.000055      0.000083     -7.463175     -7.463092      0.001030
    404      0.000055      0.000082     -7.463174     -7.463092      0.001034
    405      0.000054      0.000081     -7.463173     -7.463092      0.001038
    406      0.000054      0.000081     -7.463172     -7.463092      0.001042
    407      0.000053      0.000080     -7.463172     -7.463092      0.001045
    408      0.000053      0.000079     -7.463171     -7.463092      0.001049
    409      0.000052      0.000079     -7.463170     -7.463092      0.001052
    410      0.000052      0.000078     -7.463170     -7.463092      0.001055
    411      0.000052      0.000078     -7.463169     -7.463092      0.001057
    412      0.000051      0.000077     -7.463169     -7.463092      0.001059
    413      0.000051      0.000077     -7.463168     -7.463092      0.001061
    414      0.000051      0.000077     -7.463168     -7.463092      0.001062
    415      0.000051      0.000076     -7.463168     -7.463092      0.001062
    416      0.000051      0.000076     -7.463168     -7.463092      0.001062
    417      0.000051      0.000077     -7.463168     -7.463092      0.001062
    418      0.000051      0.000077     -7.463168     -7.463092      0.001061
    419      0.000051      0.000077     -7.463169     -7.463092      0.001059
    420      0.000052      0.000078     -7.463169     -7.463092      0.001057
    421      0.000052      0.000078     -7.463170     -7.463092      0.001054
    422      0.000052      0.000079     -7.463170     -7.463092      0.001051
    423      0.000053      0.000079     -7.463171     -7.463092      0.001048
    424      0.000053      0.000080     -7.463172     -7.463092      0.001044
    425      0.000054      0.000081     -7.463173     -7.463092      0.001040
    426      0.000055      0.000082     -7.463173     -7.463092      0.001035
    427      0.000055      0.000083     -7.463174     -7.463092      0.001031
    428      0.000056      0.000084     -7.463175     -7.463092      0.001026
    429      0.000056      0.000085     -7.463176     -7.463092      0.001021
    430      0.000057      0.000086     -7.463177     -7.463092      0.001016
    431      0.000058      0.000087     -7.463178     -7.463092      0.001012
    432      0.000058      0.000088     -7.463179     -7.463092      0.001007
    433      0.000059      0.000088     -7.463180     -7.463092      0.001002
    434      0.000060      0.000089     -7.463181     -7.463092      0.000998
    435      0.000060      0.000090     -7.463182     -7.463092      0.000994
    436      0.000061      0.000091     -7.463183     -7.463092      0.000990
    437      0.000061      0.000092     -7.463183     -7.463092      0.000987
    438      0.000061      0.000092     -7.463184     -7.463092      0.000984
    439      0.000062      0.000093     -7.463184     -7.463092      0.000981
    440      0.000062      0.000093     -7.463185     -7.463092      0.000979
    441      0.000062      0.000094     -7.463185     -7.463092      0.000978
    442      0.000062      0.000094     -7.463185     -7.463092      0.000977
    443      0.000063      0.000094     -7.463186     -7.463092      0.000977
    444      0.000063      0.000094     -7.463186     -7.463092      0.000977
    445      0.000063      0.000094     -7.463185     -7.463092      0.000977
    446      0.000062      0.000094     -7.463185     -7.463092      0.000978
    447      0.000062      0.000093     -7.463185     -7.463092      0.000980
    448      0.000062      0.000093     -7.463185     -7.463092      0.000982
    449      0.000062      0.000092     -7.463184     -7.463092      0.000984
    450      0.000061      0.000092     -7.463184     -7.463092      0.000987
    451      0.000061      0.000091     -7.463183     -7.463092      0.000990
    452      0.000060      0.000091     -7.463182     -7.463092      0.000994
    453      0.000060      0.000090     -7.463182     -7.463092      0.000997
    454      0.000059      0.000089     -7.463181     -7.463092      0.001001
    455      0.000059      0.000088     -7.463180     -7.463092      0.001005
    456      0.000058      0.000088     -7.463179     -7.463092      0.001009
    457      0.000058      0.000087     -7.463178     -7.463092      0.001013
    458      0.000057      0.000086     -7.463178     -7.463092      0.001017
    459      0.000057      0.000085     -7.463177     -7.463092      0.001020
    460      0.000056      0.000085     -7.463176     -7.463092      0.001024
    461      0.000056      0.000084     -7.463176     -7.463092      0.001027
    462      0.000055      0.000083     -7.463175     -7.463092      0.001030
    463      0.000055      0.000083     -7.463174     -7.463092      0.001033
    464      0.000055      0.000082     -7.463174     -7.463092      0.001036
    465      0.000054      0.000082     -7.463173     -7.463092      0.001038
    466      0.000054      0.000081     -7.463173     -7.463092      0.001039
    467      0.000054      0.000081     -7.463173     -7.463092      0.001041
    468      0.000054      0.000081     -7.463172     -7.463092      0.001042
    469      0.000054      0.000081     -7.463172     -7.463092      0.001042
    470      0.000054      0.000081     -7.463172     -7.463092      0.001042
    471      0.000054      0.000081     -7.463172     -7.463092      0.001042
    472      0.000054      0.000081     -7.463172     -7.463092      0.001041
    473      0.000054      0.000081     -7.463173     -7.463092      0.001040
    474      0.000054      0.000081     -7.463173     -7.463092      0.001039
    475      0.000054      0.000081     -7.463173     -7.463092      0.001037
    476      0.000054      0.000082     -7.463173     -7.463092      0.001036
    477      0.000055      0.000082     -7.463174     -7.463092      0.001034
    478      0.000055      0.000082     -7.463174     -7.463092      0.001032
    479      0.000055      0.000083     -7.463174     -7.463092      0.001030
    480      0.000055      0.000083     -7.463175     -7.463092      0.001028
    481      0.000056      0.000083     -7.463175     -7.463092      0.001026
    482      0.000056      0.000084     -7.463175     -7.463092      0.001024
    483      0.000056      0.000084     -7.463176     -7.463092      0.001023
    484      0.000056      0.000084     -7.463176     -7.463092      0.001021
    485      0.000056      0.000085     -7.463176     -7.463092      0.001020
    486      0.000057      0.000085     -7.463176     -7.463092      0.001019
    487      0.000057      0.000085     -7.463177     -7.463092      0.001019
    488      0.000057      0.000085     -7.463177     -7.463092      0.001019
    489      0.000057      0.000085     -7.463177     -7.463092      0.001019
    490      0.000057      0.000085     -7.463177     -7.463092      0.001019
    491      0.000057      0.000085     -7.463176     -7.463092      0.001020
    492      0.000056      0.000085     -7.463176     -7.463092      0.001021
    493      0.000056      0.000084     -7.463176     -7.463092      0.001022
    494      0.000056      0.000084     -7.463176     -7.463092      0.001024
    495      0.000056      0.000084     -7.463175     -7.463092      0.001026
    496      0.000056      0.000083     -7.463175     -7.463092      0.001028
    497      0.000055      0.000083     -7.463175     -7.463092      0.001030
    498      0.000055      0.000083     -7.463174     -7.463092      0.001032
    499      0.000055      0.000082     -7.463174     -7.463092      0.001034
    500      0.000055      0.000082     -7.463174     -7.463092      0.001036
    501      0.000054      0.000082     -7.463173     -7.463092      0.001038
    502      0.000054      0.000081     -7.463173     -7.463092      0.001040
    503      0.000054      0.000081     -7.463173     -7.463092      0.001041
    504      0.000054      0.000081     -7.463173     -7.463092      0.001042
    505      0.000054      0.000081     -7.463172     -7.463092      0.001043
    506      0.000054      0.000081     -7.463172     -7.463092      0.001043
    507      0.000054      0.000081     -7.463172     -7.463092      0.001043
    508      0.000054      0.000081     -7.463173     -7.463092      0.001043
    509      0.000054      0.000081     -7.463173     -7.463092      0.001041
    510      0.000054      0.000081     -7.463173     -7.463092      0.001040
    511      0.000055      0.000082     -7.463174     -7.463092      0.001038
    512      0.000055      0.000082     -7.463174     -7.463092      0.001035
    513      0.000055      0.000083     -7.463175     -7.463092      0.001032
    514      0.000056      0.000084     -7.463175     -7.463092      0.001028
    515      0.000056      0.000084     -7.463176     -7.463092      0.001024
    516      0.000057      0.000085     -7.463177     -7.463092      0.001020
    517      0.000057      0.000086     -7.463178     -7.463092      0.001015
    518      0.000058      0.000087     -7.463179     -7.463092      0.001010
    519      0.000059      0.000088     -7.463180     -7.463092      0.001005
    520      0.000059      0.000089     -7.463181     -7.463092      0.001000
    521      0.000060      0.000090     -7.463182     -7.463092      0.000995
    522      0.000061      0.000091     -7.463183     -7.463092      0.000990
    523      0.000061      0.000092     -7.463184     -7.463092      0.000985
    524      0.000062      0.000093     -7.463185     -7.463092      0.000980
    525      0.000062      0.000094     -7.463185     -7.463092      0.000976
    526      0.000063      0.000094     -7.463186     -7.463092      0.000973
    527      0.000063      0.000095     -7.463187     -7.463092      0.000969
    528      0.000064      0.000095     -7.463187     -7.463092      0.000967
    529      0.000064      0.000096     -7.463187     -7.463092      0.000965
    530      0.000064      0.000096     -7.463188     -7.463092      0.000964
    531      0.000064      0.000096     -7.463188     -7.463092      0.000964
    532      0.000064      0.000096     -7.463187     -7.463092      0.000965
    533      0.000064      0.000095     -7.463187     -7.463092      0.000966
    534      0.000063      0.000095     -7.463187     -7.463092      0.000969
    535      0.000063      0.000094     -7.463186     -7.463092      0.000972
    536      0.000062      0.000094     -7.463185     -7.463092      0.000976
    537      0.000062      0.000093     -7.463185     -7.463092      0.000980
    538      0.000061      0.000092     -7.463183     -7.463092      0.000985
    539      0.000060      0.000091     -7.463182     -7.463092      0.000991
    540      0.000060      0.000089     -7.463181     -7.463092      0.000998
    541      0.000059      0.000088     -7.463180     -7.463092      0.001005
    542      0.000058      0.000087     -7.463178     -7.463092      0.001012
    543      0.000057      0.000085     -7.463177     -7.463092      0.001019
    544      0.000056      0.000084     -7.463176     -7.463092      0.001026
    545      0.000055      0.000083     -7.463174     -7.463092      0.001034
    546      0.000054      0.000081     -7.463173     -7.463092      0.001041
    547      0.000053      0.000080     -7.463171     -7.463092      0.001048
    548      0.000052      0.000079     -7.463170     -7.463092      0.001054
    549      0.000052      0.000077     -7.463169     -7.463092      0.001060
    550      0.000051      0.000076     -7.463168     -7.463092      0.001066
    551      0.000050      0.000075     -7.463167     -7.463092      0.001070
    552      0.000050      0.000075     -7.463166     -7.463092      0.001074
    553      0.000049      0.000074     -7.463166     -7.463092      0.001077
    554      0.000049      0.000074     -7.463165     -7.463092      0.001079
    555      0.000049      0.000073     -7.463165     -7.463092      0.001081
    556      0.000049      0.000073     -7.463165     -7.463092      0.001081
    557      0.000049      0.000073     -7.463165     -7.463092      0.001080
    558      0.000049      0.000074     -7.463165     -7.463092      0.001079
    559      0.000049      0.000074     -7.463166     -7.463092      0.001076
    560      0.000050      0.000075     -7.463166     -7.463092      0.001073
    561      0.000050      0.000076     -7.463167     -7.463092      0.001068
    562      0.000051      0.000076     -7.463168     -7.463092      0.001063
    563      0.000052      0.000077     -7.463169     -7.463092      0.001058
    564      0.000052      0.000079     -7.463170     -7.463092      0.001052
    565      0.000053      0.000080     -7.463172     -7.463092      0.001045
    566      0.000054      0.000081     -7.463173     -7.463092      0.001038
    567      0.000055      0.000082     -7.463174     -7.463092      0.001031
    568      0.000056      0.000084     -7.463175     -7.463092      0.001024
    569      0.000057      0.000085     -7.463177     -7.463092      0.001017
    570      0.000058      0.000086     -7.463178     -7.463092      0.001011
    571      0.000058      0.000088     -7.463179     -7.463092      0.001004
    572      0.000059      0.000089     -7.463180     -7.463092      0.000998
    573      0.000060      0.000090     -7.463182     -7.463092      0.000993
    574      0.000061      0.000091     -7.463182     -7.463092      0.000988
    575      0.000061      0.000092     -7.463183     -7.463092      0.000984
    576      0.000062      0.000092     -7.463184     -7.463092      0.000980
    577      0.000062      0.000093     -7.463184     -7.463092      0.000978
    578      0.000062      0.000093     -7.463185     -7.463092      0.000976
    579      0.000062      0.000093     -7.463185     -7.463092      0.000975
    580      0.000062      0.000093     -7.463185     -7.463092      0.000976
    581      0.000062      0.000093     -7.463185     -7.463092      0.000977
    582      0.000062      0.000093     -7.463185     -7.463092      0.000978
    583      0.000062      0.000092     -7.463184     -7.463092      0.000981
    584      0.000061      0.000092     -7.463184     -7.463092      0.000984
    585      0.000061      0.000091     -7.463183     -7.463092      0.000988
    586      0.000060      0.000090     -7.463182     -7.463092      0.000993
    587      0.000060      0.000090     -7.463181     -7.463092      0.000997
    588      0.000059      0.000089     -7.463180     -7.463092      0.001003
    589      0.000058      0.000088     -7.463179     -7.463092      0.001008
    590      0.000058      0.000087     -7.463178     -7.463092      0.001014
    591      0.000057      0.000086     -7.463177     -7.463092      0.001019
    592      0.000056      0.000085     -7.463176     -7.463092      0.001024
    593      0.000056      0.000084     -7.463175     -7.463092      0.001029
    594      0.000055      0.000083     -7.463174     -7.463092      0.001034
    595      0.000055      0.000082     -7.463174     -7.463092      0.001039
    596      0.000054      0.000081     -7.463173     -7.463092      0.001042
    597      0.000054      0.000081     -7.463172     -7.463092      0.001045
    598      0.000053      0.000080     -7.463172     -7.463092      0.001048
    599      0.000053      0.000080     -7.463171     -7.463092      0.001050
    600      0.000053      0.000080     -7.463171     -7.463092      0.001051
    601      0.000053      0.000079     -7.463171     -7.463092      0.001051
    602      0.000053      0.000080     -7.463171     -7.463092      0.001051
    603      0.000053      0.000080     -7.463171     -7.463092      0.001049
    604      0.000053      0.000080     -7.463172     -7.463092      0.001048
    605      0.000054      0.000080     -7.463172     -7.463092      0.001045
    606      0.000054      0.000081     -7.463173     -7.463092      0.001042
    607      0.000054      0.000082     -7.463173     -7.463092      0.001038
    608      0.000055      0.000082     -7.463174     -7.463092      0.001034
    609      0.000055      0.000083     -7.463175     -7.463092      0.001030
    610      0.000056      0.000084     -7.463176     -7.463092      0.001025
    611      0.000057      0.000085     -7.463177     -7.463092      0.001020
    612      0.000057      0.000086     -7.463178     -7.463092      0.001015
    613      0.000058      0.000087     -7.463178     -7.463092      0.001011
    614      0.000058      0.000088     -7.463179     -7.463092      0.001006
    615      0.000059      0.000088     -7.463180     -7.463092      0.001002
    616      0.000059      0.000089     -7.463181     -7.463092      0.000998
    617      0.000060      0.000090     -7.463181     -7.463092      0.000994
    618      0.000060      0.000090     -7.463182     -7.463092      0.000991
    619      0.000060      0.000091     -7.463182     -7.463092      0.000989
    620      0.000061      0.000091     -7.463183     -7.463092      0.000987
    621      0.000061      0.000091     -7.463183     -7.463092      0.000986
    622      0.000061      0.000091     -7.463183     -7.463092      0.000985
    623      0.000061      0.000091     -7.463183     -7.463092      0.000986
    624      0.000061      0.000091     -7.463183     -7.463092      0.000987
    625      0.000061      0.000091     -7.463183     -7.463092      0.000988
    626      0.000060      0.000091     -7.463182     -7.463092      0.000990
    627      0.000060      0.000090     -7.463182     -7.463092      0.000993
    628      0.000060      0.000089     -7.463181     -7.463092      0.000997
    629      0.000059      0.000089     -7.463180     -7.463092      0.001000
    630      0.000059      0.000088     -7.463180     -7.463092      0.001004
    631      0.000058      0.000087     -7.463179     -7.463092      0.001009
    632      0.000058      0.000086     -7.463178     -7.463092      0.001013
    633      0.000057      0.000086     -7.463177     -7.463092      0.001018
    634      0.000056      0.000085     -7.463176     -7.463092      0.001023
    635      0.000056      0.000084     -7.463176     -7.463092      0.001027
    636      0.000055      0.000083     -7.463175     -7.463092      0.001031
    637      0.000055      0.000082     -7.463174     -7.463092      0.001035
    638      0.000054      0.000082     -7.463173     -7.463092      0.001039
    639      0.000054      0.000081     -7.463173     -7.463092      0.001042
    640      0.000054      0.000080     -7.463172     -7.463092      0.001045
    641      0.000053      0.000080     -7.463172     -7.463092      0.001047
    642      0.000053      0.000080     -7.463171     -7.463092      0.001049
    643      0.000053      0.000080     -7.463171     -7.463092      0.001050
    644      0.000053      0.000079     -7.463171     -7.463092      0.001050
    645      0.000053      0.000079     -7.463171     -7.463092      0.001050
    646      0.000053      0.000080     -7.463171     -7.463092      0.001050
    647      0.000053      0.000080     -7.463171     -7.463092      0.001048
    648      0.000053      0.000080     -7.463172     -7.463092      0.001046
    649      0.000054      0.000080     -7.463172     -7.463092      0.001044
    650      0.000054      0.000081     -7.463173     -7.463092      0.001041
    651      0.000054      0.000081     -7.463173     -7.463092      0.001038
    652      0.000055      0.000082     -7.463174     -7.463092      0.001035
    653      0.000055      0.000083     -7.463174     -7.463092      0.001031
    654      0.000056      0.000083     -7.463175     -7.463092      0.001028
    655      0.000056      0.000084     -7.463176     -7.463092      0.001024
    656      0.000056      0.000085     -7.463176     -7.463092      0.001021
    657      0.000057      0.000085     -7.463177     -7.463092      0.001017
    658      0.000057      0.000086     -7.463177     -7.463092      0.001014
    659      0.000057      0.000086     -7.463178     -7.463092      0.001011
    660      0.000058      0.000087     -7.463178     -7.463092      0.001009
    661      0.000058      0.000087     -7.463179     -7.463092      0.001007
    662      0.000058      0.000087     -7.463179     -7.463092      0.001005
    663      0.000058      0.000087     -7.463179     -7.463092      0.001004
    664      0.000058      0.000088     -7.463179     -7.463092      0.001004
    665      0.000058      0.000088     -7.463179     -7.463092      0.001004
    666      0.000058      0.000088     -7.463179     -7.463092      0.001004
    667      0.000058      0.000087     -7.463179     -7.463092      0.001005
    668      0.000058      0.000087     -7.463179     -7.463092      0.001006
    669      0.000058      0.000087     -7.463179     -7.463092      0.001008
    670      0.000058      0.000086     -7.463178     -7.463092      0.001010
    671      0.000057      0.000086     -7.463178     -7.463092      0.001013
    672      0.000057      0.000086     -7.463177     -7.463092      0.001015
    673      0.000057      0.000085     -7.463177     -7.463092      0.001018
    674      0.000056      0.000085     -7.463176     -7.463092      0.001021
    675      0.000056      0.000084     -7.463176     -7.463092      0.001024
    676      0.000056      0.000084     -7.463175     -7.463092      0.001027
    677      0.000055      0.000083     -7.463175     -7.463092      0.001029
    678      0.000055      0.000083     -7.463174     -7.463092      0.001032
    679      0.000055      0.000082     -7.463174     -7.463092      0.001034
    680      0.000055      0.000082     -7.463174     -7.463092      0.001035
    681      0.000055      0.000082     -7.463174     -7.463092      0.001037
    682      0.000055      0.000082     -7.463174     -7.463092      0.001037
    683      0.000055      0.000082     -7.463174     -7.463092      0.001038
    684      0.000055      0.000082     -7.463174     -7.463092      0.001037
    685      0.000055      0.000082     -7.463174     -7.463092      0.001036
    686      0.000055      0.000083     -7.463174     -7.463092      0.001035
    687      0.000055      0.000083     -7.463175     -7.463092      0.001033
    688      0.000056      0.000084     -7.463175     -7.463092      0.001030
    689      0.000056      0.000084     -7.463176     -7.463092      0.001027
    690      0.000057      0.000085     -7.463177     -7.463092      0.001023
    691      0.000057      0.000086     -7.463177     -7.463092      0.001020
    692      0.000058      0.000086     -7.463178     -7.463092      0.001015
    693      0.000058      0.000087     -7.463179     -7.463092      0.001011
    694      0.000059      0.000088     -7.463180     -7.463092      0.001007
    695      0.000059      0.000089     -7.463181     -7.463092      0.001002
    696      0.000060      0.000090     -7.463182     -7.463092      0.000998
    697      0.000060      0.000091     -7.463182     -7.463092      0.000993
    698      0.000061      0.000091     -7.463183     -7.463092      0.000989
    699      0.000061      0.000092     -7.463184     -7.463092      0.000985
    700      0.000062      0.000093     -7.463184     -7.463092      0.000982
    701      0.000062      0.000093     -7.463185     -7.463092      0.000979
    702      0.000062      0.000094     -7.463185     -7.463092      0.000977
    703      0.000063      0.000094     -7.463186     -7.463092      0.000975
    704      0.000063      0.000094     -7.463186     -7.463092      0.000975
    705      0.000063      0.000094     -7.463186     -7.463092      0.000974
    706      0.000063      0.000094     -7.463186     -7.463092      0.000975
    707      0.000062      0.000094     -7.463185     -7.463092      0.000976
    708      0.000062      0.000093     -7.463185     -7.463092      0.000978
    709      0.000062      0.000093     -7.463184     -7.463092      0.000981
    710      0.000061      0.000092     -7.463184     -7.463092      0.000985
    711      0.000061      0.000091     -7.463183     -7.463092      0.000989
    712      0.000060      0.000090     -7.463182     -7.463092      0.000994
    713      0.000059      0.000089     -7.463181     -7.463092      0.000999
    714      0.000059      0.000088     -7.463180     -7.463092      0.001005
    715      0.000058      0.000087     -7.463178     -7.463092      0.001011
    716      0.000057      0.000086     -7.463177     -7.463092      0.001017
    717      0.000056      0.000084     -7.463176     -7.463092      0.001023
    718      0.000055      0.000083     -7.463175     -7.463092      0.001030
    719      0.000055      0.000082     -7.463173     -7.463092      0.001036
    720      0.000054      0.000081     -7.463172     -7.463092      0.001042
    721      0.000053      0.000079     -7.463171     -7.463092      0.001048
    722      0.000052      0.000078     -7.463170     -7.463092      0.001054
    723      0.000052      0.000077     -7.463169     -7.463092      0.001059
    724      0.000051      0.000077     -7.463168     -7.463092      0.001063
    725      0.000051      0.000076     -7.463167     -7.463092      0.001067
    726      0.000050      0.000075     -7.463167     -7.463092      0.001070
    727      0.000050      0.000075     -7.463166     -7.463092      0.001072
    728      0.000050      0.000074     -7.463166     -7.463092      0.001074
    729      0.000050      0.000074     -7.463166     -7.463092      0.001075
    730      0.000050      0.000074     -7.463166     -7.463092      0.001075
    731      0.000050      0.000074     -7.463166     -7.463092      0.001074
    732      0.000050      0.000075     -7.463166     -7.463092      0.001072
    733      0.000050      0.000075     -7.463167     -7.463092      0.001070
    734      0.000050      0.000076     -7.463167     -7.463092      0.001067
    735      0.000051      0.000076     -7.463168     -7.463092      0.001063
    736      0.000052      0.000077     -7.463169     -7.463092      0.001059
    737      0.000052      0.000078     -7.463170     -7.463092      0.001054
    738      0.000053      0.000079     -7.463171     -7.463092      0.001049
    739      0.000053      0.000080     -7.463172     -7.463092      0.001043
    740      0.000054      0.000081     -7.463173     -7.463092      0.001037
    741      0.000055      0.000082     -7.463174     -7.463092      0.001032
    742      0.000056      0.000084     -7.463175     -7.463092      0.001026
    743      0.000056      0.000085     -7.463176     -7.463092      0.001020
    744      0.000057      0.000086     -7.463177     -7.463092      0.001014
    745      0.000058      0.000087     -7.463178     -7.463092      0.001009
    746      0.000058      0.000088     -7.463179     -7.463092      0.001004
    747      0.000059      0.000089     -7.463180     -7.463092      0.001000
    748      0.000060      0.000089     -7.463181     -7.463092      0.000996
    749      0.000060      0.000090     -7.463182     -7.463092      0.000992
    750      0.000060      0.000091     -7.463182     -7.463092      0.000990
    751      0.000061      0.000091     -7.463183     -7.463092      0.000987
    752      0.000061      0.000091     -7.463183     -7.463092      0.000986
    753      0.000061      0.000092     -7.463183     -7.463092      0.000985
    754      0.000061      0.000092     -7.463184     -7.463092      0.000985
    755      0.000061      0.000092     -7.463184     -7.463092      0.000985
    756      0.000061      0.000092     -7.463183     -7.463092      0.000986
    757      0.000061      0.000092     -7.463183     -7.463092      0.000987
    758      0.000061      0.000091     -7.463183     -7.463092      0.000989
    759      0.000061      0.000091     -7.463182     -7.463092      0.000991
    760      0.000060      0.000090     -7.463182     -7.463092      0.000994
    761      0.000060      0.000090     -7.463182     -7.463092      0.000997
    762      0.000060      0.000089     -7.463181     -7.463092      0.001000
    763      0.000059      0.000089     -7.463180     -7.463092      0.001003
    764      0.000059      0.000088     -7.463180     -7.463092      0.001007
    765      0.000058      0.000087     -7.463179     -7.463092      0.001010
    766      0.000058      0.000087     -7.463179     -7.463092      0.001013
    767      0.000058      0.000086     -7.463178     -7.463092      0.001016
    768      0.000057      0.000086     -7.463177     -7.463092      0.001019
    769      0.000057      0.000085     -7.463177     -7.463092      0.001021
    770      0.000057      0.000085     -7.463177     -7.463092      0.001024
    771      0.000056      0.000085     -7.463176     -7.463092      0.001025
    772      0.000056      0.000084     -7.463176     -7.463092      0.001027
    773      0.000056      0.000084     -7.463176     -7.463092      0.001028
    774      0.000056      0.000084     -7.463176     -7.463092      0.001028
    775      0.000056      0.000084     -7.463175     -7.463092      0.001029
    776      0.000056      0.000084     -7.463175     -7.463092      0.001028
    777      0.000056      0.000084     -7.463176     -7.463092      0.001028
    778      0.000056      0.000084     -7.463176     -7.463092      0.001027
    779      0.000056      0.000084     -7.463176     -7.463092      0.001026
    780      0.000056      0.000084     -7.463176     -7.463092      0.001024
    781      0.000056      0.000085     -7.463176     -7.463092      0.001023
    782      0.000057      0.000085     -7.463177     -7.463092      0.001021
    783      0.000057      0.000085     -7.463177     -7.463092      0.001019
    784      0.000057      0.000086     -7.463177     -7.463092      0.001017
    785      0.000057      0.000086     -7.463178     -7.463092      0.001015
    786      0.000057      0.000086     -7.463178     -7.463092      0.001014
    787      0.000058      0.000086     -7.463178     -7.463092      0.001012
    788      0.000058      0.000087     -7.463178     -7.463092      0.001011
    789      0.000058      0.000087     -7.463178     -7.463092      0.001010
    790      0.000058      0.000087     -7.463179     -7.463092      0.001009
    791      0.000058      0.000087     -7.463179     -7.463092      0.001008
    792      0.000058      0.000087     -7.463179     -7.463092      0.001008
    793      0.000058      0.000087     -7.463179     -7.463092      0.001008
    794      0.000058      0.000087     -7.463179     -7.463092      0.001009
    795      0.000058      0.000087     -7.463178     -7.463092      0.001010
    796      0.000058      0.000086     -7.463178     -7.463092      0.001011
    797      0.000057      0.000086     -7.463178     -7.463092      0.001013
    798      0.000057      0.000086     -7.463178     -7.463092      0.001014
    799      0.000057      0.000085     -7.463177     -7.463092      0.001016
    800      0.000057      0.000085     -7.463177     -7.463092      0.001019
    801      0.000056      0.000085     -7.463176     -7.463092      0.001021
    802      0.000056      0.000084     -7.463176     -7.463092      0.001024
    803      0.000056      0.000084     -7.463175     -7.463092      0.001026
    804      0.000056      0.000083     -7.463175     -7.463092      0.001029
    805      0.000055      0.000083     -7.463174     -7.463092      0.001031
    806      0.000055      0.000082     -7.463174     -7.463092      0.001034
    807      0.000055      0.000082     -7.463174     -7.463092      0.001036
    808      0.000054      0.000082     -7.463173     -7.463092      0.001038
    809      0.000054      0.000081     -7.463173     -7.463092      0.001040
    810      0.000054      0.000081     -7.463173     -7.463092      0.001041
    811      0.000054      0.000081     -7.463173     -7.463092      0.001042
    812      0.000054      0.000081     -7.463173     -7.463092      0.001042
    813      0.000054      0.000081     -7.463172     -7.463092      0.001043
    814      0.000054      0.000081     -7.463173     -7.463092      0.001042
    815      0.000054      0.000081     -7.463173     -7.463092      0.001042
    816      0.000054      0.000081     -7.463173     -7.463092      0.001041
    817      0.000054      0.000081     -7.463173     -7.463092      0.001039
    818      0.000054      0.000082     -7.463173     -7.463092      0.001038
    819      0.000055      0.000082     -7.463174     -7.463092      0.001036
    820      0.000055      0.000082     -7.463174     -7.463092      0.001033
    821      0.000055      0.000083     -7.463175     -7.463092      0.001031
    822      0.000056      0.000083     -7.463175     -7.463092      0.001028
    823      0.000056      0.000084     -7.463176     -7.463092      0.001025
    824      0.000056      0.000084     -7.463176     -7.463092      0.001022
    825      0.000057      0.000085     -7.463177     -7.463092      0.001019
    826      0.000057      0.000085     -7.463177     -7.463092      0.001016
    827      0.000057      0.000086     -7.463178     -7.463092      0.001014
    828      0.000058      0.000086     -7.463178     -7.463092      0.001011
    829      0.000058      0.000087     -7.463179     -7.463092      0.001009
    830      0.000058      0.000087     -7.463179     -7.463092      0.001007
    831      0.000058      0.000088     -7.463179     -7.463092      0.001005
    832      0.000059      0.000088     -7.463179     -7.463092      0.001004
    833      0.000059      0.000088     -7.463180     -7.463092      0.001003
    834      0.000059      0.000088     -7.463180     -7.463092      0.001002
    835      0.000059      0.000088     -7.463180     -7.463092      0.001002
    836      0.000059      0.000088     -7.463180     -7.463092      0.001002
    837      0.000059      0.000088     -7.463180     -7.463092      0.001003
    838      0.000059      0.000088     -7.463180     -7.463092      0.001004
    839      0.000058      0.000088     -7.463179     -7.463092      0.001005
    840      0.000058      0.000087     -7.463179     -7.463092      0.001006
    841      0.000058      0.000087     -7.463179     -7.463092      0.001008
    842      0.000058      0.000087     -7.463178     -7.463092      0.001010
    843      0.000058      0.000086     -7.463178     -7.463092      0.001012
    844      0.000057      0.000086     -7.463178     -7.463092      0.001015
    845      0.000057      0.000086     -7.463177     -7.463092      0.001017
    846      0.000057      0.000085     -7.463177     -7.463092      0.001019
    847      0.000057      0.000085     -7.463177     -7.463092      0.001022
    848      0.000056      0.000085     -7.463176     -7.463092      0.001024
    849      0.000056      0.000084     -7.463176     -7.463092      0.001026
    850      0.000056      0.000084     -7.463176     -7.463092      0.001028
    851      0.000056      0.000084     -7.463175     -7.463092      0.001029
    852      0.000056      0.000083     -7.463175     -7.463092      0.001031
    853      0.000056      0.000083     -7.463175     -7.463092      0.001032
    854      0.000055      0.000083     -7.463175     -7.463092      0.001032
    855      0.000055      0.000083     -7.463175     -7.463092      0.001032
    856      0.000056      0.000083     -7.463175     -7.463092      0.001032
    857      0.000056      0.000083     -7.463175     -7.463092      0.001032
    858      0.000056      0.000084     -7.463175     -7.463092      0.001031
    859      0.000056      0.000084     -7.463175     -7.463092      0.001030
    860      0.000056      0.000084     -7.463176     -7.463092      0.001028
    861      0.000056      0.000084     -7.463176     -7.463092      0.001026
    862      0.000056      0.000085     -7.463176     -7.463092      0.001024
    863      0.000057      0.000085     -7.463177     -7.463092      0.001022
    864      0.000057      0.000086     -7.463177     -7.463092      0.001020
    865      0.000057      0.000086     -7.463178     -7.463092      0.001017
    866      0.000058      0.000086     -7.463178     -7.463092      0.001015
    867      0.000058      0.000087     -7.463179     -7.463092      0.001012
    868      0.000058      0.000087     -7.463179     -7.463092      0.001009
    869      0.000058      0.000088     -7.463179     -7.463092      0.001007
    870      0.000059      0.000088     -7.463180     -7.463092      0.001005
    871      0.000059      0.000088     -7.463180     -7.463092      0.001003
    872      0.000059      0.000089     -7.463180     -7.463092      0.001001
    873      0.000059      0.000089     -7.463181     -7.463092      0.000999
    874      0.000059      0.000089     -7.463181     -7.463092      0.000998
    875      0.000060      0.000089     -7.463181     -7.463092      0.000997
    876      0.000060      0.000089     -7.463181     -7.463092      0.000996
    877      0.000060      0.000089     -7.463181     -7.463092      0.000996
    878      0.000060      0.000089     -7.463181     -7.463092      0.000996
    879      0.000059      0.000089     -7.463181     -7.463092      0.000997
    880      0.000059      0.000089     -7.463181     -7.463092      0.000997
    881      0.000059      0.000089     -7.463180     -7.463092      0.000999
    882      0.000059      0.000088     -7.463180     -7.463092      0.001000
    883      0.000059      0.000088     -7.463180     -7.463092      0.001002
    884      0.000058      0.000088     -7.463179     -7.463092      0.001004
    885      0.000058      0.000087     -7.463179     -7.463092      0.001006
    886      0.000058      0.000087     -7.463178     -7.463092      0.001008
    887      0.000058      0.000086     -7.463178     -7.463092      0.001011
    888      0.000057      0.000086     -7.463178     -7.463092      0.001014
    889      0.000057      0.000085     -7.463177     -7.463092      0.001017
    890      0.000057      0.000085     -7.463177     -7.463092      0.001019
    891      0.000056      0.000084     -7.463176     -7.463092      0.001022
    892      0.000056      0.000084     -7.463176     -7.463092      0.001025
    893      0.000056      0.000083     -7.463175     -7.463092      0.001027
    894      0.000055      0.000083     -7.463175     -7.463092      0.001030
    895      0.000055      0.000083     -7.463174     -7.463092      0.001032
    896      0.000055      0.000082     -7.463174     -7.463092      0.001035
    897      0.000055      0.000082     -7.463173     -7.463092      0.001037
    898      0.000054      0.000081     -7.463173     -7.463092      0.001038
    899      0.000054      0.000081     -7.463173     -7.463092      0.001040
    900      0.000054      0.000081     -7.463173     -7.463092      0.001041
    901      0.000054      0.000081     -7.463172     -7.463092      0.001043
    902      0.000054      0.000081     -7.463172     -7.463092      0.001043
    903      0.000054      0.000080     -7.463172     -7.463092      0.001044
    904      0.000054      0.000080     -7.463172     -7.463092      0.001045
    905      0.000054      0.000080     -7.463172     -7.463092      0.001045
    906      0.000054      0.000080     -7.463172     -7.463092      0.001045
    907      0.000054      0.000080     -7.463172     -7.463092      0.001045
    908      0.000054      0.000080     -7.463172     -7.463092      0.001045
    909      0.000054      0.000081     -7.463172     -7.463092      0.001044
    910      0.000054      0.000081     -7.463172     -7.463092      0.001043
    911      0.000054      0.000081     -7.463172     -7.463092      0.001043
    912      0.000054      0.000081     -7.463173     -7.463092      0.001042
    913      0.000054      0.000081     -7.463173     -7.463092      0.001040
    914      0.000054      0.000081     -7.463173     -7.463092      0.001039
    915      0.000054      0.000082     -7.463173     -7.463092      0.001038
    916      0.000055      0.000082     -7.463174     -7.463092      0.001036
    917      0.000055      0.000082     -7.463174     -7.463092      0.001035
    918      0.000055      0.000082     -7.463174     -7.463092      0.001033
    919      0.000055      0.000083     -7.463174     -7.463092      0.001031
    920      0.000055      0.000083     -7.463175     -7.463092      0.001029
    921      0.000056      0.000084     -7.463175     -7.463092      0.001027
    922      0.000056      0.000084     -7.463176     -7.463092      0.001025
    923      0.000056      0.000084     -7.463176     -7.463092      0.001023
    924      0.000057      0.000085     -7.463177     -7.463092      0.001020
    925      0.000057      0.000085     -7.463177     -7.463092      0.001018
    926      0.000057      0.000086     -7.463177     -7.463092      0.001015
    927      0.000058      0.000086     -7.463178     -7.463092      0.001013
    928      0.000058      0.000087     -7.463179     -7.463092      0.001010
    929      0.000058      0.000087     -7.463179     -7.463092      0.001007
    930      0.000059      0.000088     -7.463180     -7.463092      0.001005
    931      0.000059      0.000088     -7.463180     -7.463092      0.001002
    932      0.000059      0.000089     -7.463181     -7.463092      0.000999
    933      0.000060      0.000089     -7.463181     -7.463092      0.000997
    934      0.000060      0.000090     -7.463182     -7.463092      0.000994
    935      0.000060      0.000090     -7.463182     -7.463092      0.000992
    936      0.000061      0.000091     -7.463183     -7.463092      0.000990
    937      0.000061      0.000091     -7.463183     -7.463092      0.000988
    938      0.000061      0.000092     -7.463183     -7.463092      0.000987
    939      0.000061      0.000092     -7.463184     -7.463092      0.000985
    940      0.000061      0.000092     -7.463184     -7.463092      0.000984
    941      0.000061      0.000092     -7.463184     -7.463092      0.000984
    942      0.000061      0.000092     -7.463184     -7.463092      0.000984
    943      0.000061      0.000092     -7.463184     -7.463092      0.000984
    944      0.000061      0.000092     -7.463184     -7.463092      0.000985
    945      0.000061      0.000092     -7.463184     -7.463092      0.000986
    946      0.000061      0.000092     -7.463183     -7.463092      0.000988
    947      0.000061      0.000091     -7.463183     -7.463092      0.000990
    948      0.000060      0.000091     -7.463182     -7.463092      0.000993
    949      0.000060      0.000090     -7.463182     -7.463092      0.000996
    950      0.000060      0.000089     -7.463181     -7.463092      0.000999
    951      0.000059      0.000089     -7.463180     -7.463092      0.001003
    952      0.000059      0.000088     -7.463180     -7.463092      0.001007
    953      0.000058      0.000087     -7.463179     -7.463092      0.001012
    954      0.000057      0.000086     -7.463178     -7.463092      0.001016
    955      0.000057      0.000085     -7.463177     -7.463092      0.001021
    956      0.000056      0.000084     -7.463176     -7.463092      0.001026
    957      0.000055      0.000083     -7.463175     -7.463092      0.001031
    958      0.000055      0.000082     -7.463174     -7.463092      0.001036
    959      0.000054      0.000081     -7.463173     -7.463092      0.001040
    960      0.000054      0.000080     -7.463172     -7.463092      0.001045
    961      0.000053      0.000080     -7.463171     -7.463092      0.001049
    962      0.000053      0.000079     -7.463171     -7.463092      0.001052
    963      0.000052      0.000078     -7.463170     -7.463092      0.001056
    964      0.000052      0.000078     -7.463169     -7.463092      0.001058
    965      0.000051      0.000077     -7.463169     -7.463092      0.001061
    966      0.000051      0.000077     -7.463169     -7.463092      0.001062
    967      0.000051      0.000077     -7.463168     -7.463092      0.001063
    968      0.000051      0.000077     -7.463168     -7.463092      0.001063
    969      0.000051      0.000077     -7.463168     -7.463092      0.001063
    970      0.000051      0.000077     -7.463168     -7.463092      0.001062
    971      0.000051      0.000077     -7.463169     -7.463092      0.001060
    972      0.000052      0.000077     -7.463169     -7.463092      0.001057
    973      0.000052      0.000078     -7.463170     -7.463092      0.001054
    974      0.000052      0.000079     -7.463170     -7.463092      0.001051
    975      0.000053      0.000079     -7.463171     -7.463092      0.001047
    976      0.000053      0.000080     -7.463172     -7.463092      0.001043
    977      0.000054      0.000081     -7.463173     -7.463092      0.001038
    978      0.000055      0.000082     -7.463174     -7.463092      0.001033
    979      0.000055      0.000083     -7.463175     -7.463092      0.001028
    980      0.000056      0.000084     -7.463176     -7.463092      0.001023
    981      0.000057      0.000085     -7.463177     -7.463092      0.001017
    982      0.000057      0.000086     -7.463178     -7.463092      0.001013
    983      0.000058      0.000087     -7.463179     -7.463092      0.001008
    984      0.000059      0.000088     -7.463179     -7.463092      0.001003
    985      0.000059      0.000089     -7.463180     -7.463092      0.000999
    986      0.000060      0.000089     -7.463181     -7.463092      0.000996
    987      0.000060      0.000090     -7.463182     -7.463092      0.000993
    988      0.000060      0.000090     -7.463182     -7.463092      0.000990
    989      0.000061      0.000091     -7.463183     -7.463092      0.000989
    990      0.000061      0.000091     -7.463183     -7.463092      0.000987
    991      0.000061      0.000091     -7.463183     -7.463092      0.000987
    992      0.000061      0.000091     -7.463183     -7.463092      0.000987
    993      0.000061      0.000091     -7.463183     -7.463092      0.000988
    994      0.000061      0.000091     -7.463183     -7.463092      0.000989
    995      0.000060      0.000091     -7.463182     -7.463092      0.000991
    996      0.000060      0.000090     -7.463182     -7.463092      0.000994
    997      0.000060      0.000090     -7.463181     -7.463092      0.000997
    998      0.000059      0.000089     -7.463181     -7.463092      0.001000
    999      0.000059      0.000089     -7.463180     -7.463092      0.001003
   1000      0.000059      0.000088     -7.463180     -7.463092      0.001007
#
# Means      0.000057      0.000085     -7.463177     -7.463092      0.001019
